16-Aug-2018 16:52:23.052 INFO [main] org.apache.catalina.startup.VersionLoggerListener.log Server version:        Apache Tomcat/8.5.29
16-Aug-2018 16:52:23.054 INFO [main] org.apache.catalina.startup.VersionLoggerListener.log Server built:          Mar 5 2018 13:11:12 UTC
16-Aug-2018 16:52:23.054 INFO [main] org.apache.catalina.startup.VersionLoggerListener.log Server number:         8.5.29.0
16-Aug-2018 16:52:23.054 INFO [main] org.apache.catalina.startup.VersionLoggerListener.log OS Name:               Windows 10
16-Aug-2018 16:52:23.055 INFO [main] org.apache.catalina.startup.VersionLoggerListener.log OS Version:            10.0
16-Aug-2018 16:52:23.055 INFO [main] org.apache.catalina.startup.VersionLoggerListener.log Architecture:          amd64
16-Aug-2018 16:52:23.055 INFO [main] org.apache.catalina.startup.VersionLoggerListener.log Java Home:             C:\Program Files\Java\jdk1.8.0_121\jre
16-Aug-2018 16:52:23.055 INFO [main] org.apache.catalina.startup.VersionLoggerListener.log JVM Version:           1.8.0_121-b13
16-Aug-2018 16:52:23.055 INFO [main] org.apache.catalina.startup.VersionLoggerListener.log JVM Vendor:            Oracle Corporation
16-Aug-2018 16:52:23.055 INFO [main] org.apache.catalina.startup.VersionLoggerListener.log CATALINA_BASE:         D:\Program Files\apache-tomcat-8.5.29
16-Aug-2018 16:52:23.055 INFO [main] org.apache.catalina.startup.VersionLoggerListener.log CATALINA_HOME:         D:\Program Files\apache-tomcat-8.5.29
16-Aug-2018 16:52:23.055 INFO [main] org.apache.catalina.startup.VersionLoggerListener.log Command line argument: -Djava.util.logging.config.file=D:\Program Files\apache-tomcat-8.5.29\conf\logging.properties
16-Aug-2018 16:52:23.055 INFO [main] org.apache.catalina.startup.VersionLoggerListener.log Command line argument: -Djava.util.logging.manager=org.apache.juli.ClassLoaderLogManager
16-Aug-2018 16:52:23.055 INFO [main] org.apache.catalina.startup.VersionLoggerListener.log Command line argument: -Djdk.tls.ephemeralDHKeySize=2048
16-Aug-2018 16:52:23.055 INFO [main] org.apache.catalina.startup.VersionLoggerListener.log Command line argument: -Djava.protocol.handler.pkgs=org.apache.catalina.webresources
16-Aug-2018 16:52:23.055 INFO [main] org.apache.catalina.startup.VersionLoggerListener.log Command line argument: -Dignore.endorsed.dirs=
16-Aug-2018 16:52:23.055 INFO [main] org.apache.catalina.startup.VersionLoggerListener.log Command line argument: -Dcatalina.base=D:\Program Files\apache-tomcat-8.5.29
16-Aug-2018 16:52:23.055 INFO [main] org.apache.catalina.startup.VersionLoggerListener.log Command line argument: -Dcatalina.home=D:\Program Files\apache-tomcat-8.5.29
16-Aug-2018 16:52:23.055 INFO [main] org.apache.catalina.startup.VersionLoggerListener.log Command line argument: -Djava.io.tmpdir=D:\Program Files\apache-tomcat-8.5.29\temp
16-Aug-2018 16:52:23.055 INFO [main] org.apache.catalina.core.AprLifecycleListener.lifecycleEvent The APR based Apache Tomcat Native library which allows optimal performance in production environments was not found on the java.library.path: [C:\Program Files\Java\jdk1.8.0_121\bin;C:\WINDOWS\Sun\Java\bin;C:\WINDOWS\system32;C:\WINDOWS;C:\ProgramData\Oracle\Java\javapath;C:\WINDOWS\system32;C:\WINDOWS;C:\WINDOWS\System32\Wbem;C:\WINDOWS\System32\WindowsPowerShell\v1.0\;C:\Program Files\Java\jdk1.8.0_121\bin;C:\Program Files (x86)\GtkSharp\2.12\bin;C:\Program Files (x86)\NVIDIA Corporation\PhysX\Common;D:\Program Files\Microsoft SQL Server\Client SDK\ODBC\110\Tools\Binn\;D:\Program Files (x86)\Microsoft SQL Server\120\Tools\Binn\;D:\Program Files\Microsoft SQL Server\120\Tools\Binn\;D:\Program Files\Microsoft SQL Server\120\DTS\Binn\;D:\Program Files (x86)\Microsoft SQL Server\120\Tools\Binn\ManagementStudio\;D:\Program Files (x86)\Microsoft SQL Server\120\DTS\Binn\;C:\WINDOWS\system32;C:\WINDOWS;C:\WINDOWS\System32\Wbem;C:\WINDOWS\System32\WindowsPowerShell\v1.0\;C:\WINDOWS\System32\OpenSSH\;D:\Program Files\Git\cmd;C:\Program Files\Java\jdk1.8.0_121\bin;%USERPROFILE%\AppData\Local\Microsoft\WindowsApps;;.]
16-Aug-2018 16:52:23.130 INFO [main] org.apache.coyote.AbstractProtocol.init Initializing ProtocolHandler ["http-nio-8080"]
16-Aug-2018 16:52:23.209 INFO [main] org.apache.tomcat.util.net.NioSelectorPool.getSharedSelector Using a shared selector for servlet write/read
16-Aug-2018 16:52:23.214 INFO [main] org.apache.coyote.AbstractProtocol.init Initializing ProtocolHandler ["ajp-nio-8009"]
16-Aug-2018 16:52:23.218 INFO [main] org.apache.tomcat.util.net.NioSelectorPool.getSharedSelector Using a shared selector for servlet write/read
16-Aug-2018 16:52:23.218 INFO [main] org.apache.catalina.startup.Catalina.load Initialization processed in 401 ms
16-Aug-2018 16:52:23.236 INFO [main] org.apache.catalina.core.StandardService.startInternal Starting service [Catalina]
16-Aug-2018 16:52:23.236 INFO [main] org.apache.catalina.core.StandardEngine.startInternal Starting Servlet Engine: Apache Tomcat/8.5.29
16-Aug-2018 16:52:23.265 INFO [localhost-startStop-1] org.apache.catalina.startup.HostConfig.deployWAR Deploying web application archive [D:\Program Files\apache-tomcat-8.5.29\webapps\DDDFlightPub-security.war]
16-Aug-2018 16:52:24.708 INFO [localhost-startStop-1] org.apache.jasper.servlet.TldScanner.scanJars At least one JAR was scanned for TLDs yet contained no TLDs. Enable debug logging for this logger for a complete list of JARs that were scanned but no TLDs were found in them. Skipping unneeded JARs during scanning can improve startup time and JSP compilation time.
16-Aug-2018 16:52:24.746 INFO [localhost-startStop-1] org.springframework.web.context.ContextLoader.initWebApplicationContext Root WebApplicationContext: initialization started
16-Aug-2018 16:52:24.800 INFO [localhost-startStop-1] org.springframework.context.support.AbstractApplicationContext.prepareRefresh Refreshing Root WebApplicationContext: startup date [Thu Aug 16 16:52:24 AEST 2018]; root of context hierarchy
16-Aug-2018 16:52:24.846 INFO [localhost-startStop-1] org.springframework.beans.factory.xml.XmlBeanDefinitionReader.loadBeanDefinitions Loading XML bean definitions from ServletContext resource [/WEB-INF/SpringDispatcher-servlet.xml]
16-Aug-2018 16:52:25.432 WARNING [localhost-startStop-1] org.springframework.context.support.AbstractApplicationContext.refresh Exception encountered during context initialization - cancelling refresh attempt: org.springframework.beans.factory.BeanCreationException: Error creating bean with name 'entityManagerFactory' defined in ServletContext resource [/WEB-INF/SpringDispatcher-servlet.xml]: Invocation of init method failed; nested exception is java.lang.IllegalArgumentException: No persistence unit with name 'userPU' found
16-Aug-2018 16:52:25.435 SEVERE [localhost-startStop-1] org.springframework.web.context.ContextLoader.initWebApplicationContext Context initialization failed
 org.springframework.beans.factory.BeanCreationException: Error creating bean with name 'entityManagerFactory' defined in ServletContext resource [/WEB-INF/SpringDispatcher-servlet.xml]: Invocation of init method failed; nested exception is java.lang.IllegalArgumentException: No persistence unit with name 'userPU' found
	at org.springframework.beans.factory.support.AbstractAutowireCapableBeanFactory.initializeBean(AbstractAutowireCapableBeanFactory.java:1706)
	at org.springframework.beans.factory.support.AbstractAutowireCapableBeanFactory.doCreateBean(AbstractAutowireCapableBeanFactory.java:579)
	at org.springframework.beans.factory.support.AbstractAutowireCapableBeanFactory.createBean(AbstractAutowireCapableBeanFactory.java:501)
	at org.springframework.beans.factory.support.AbstractBeanFactory.lambda$doGetBean$0(AbstractBeanFactory.java:317)
	at org.springframework.beans.factory.support.DefaultSingletonBeanRegistry.getSingleton(DefaultSingletonBeanRegistry.java:228)
	at org.springframework.beans.factory.support.AbstractBeanFactory.doGetBean(AbstractBeanFactory.java:315)
	at org.springframework.beans.factory.support.AbstractBeanFactory.getBean(AbstractBeanFactory.java:199)
	at org.springframework.context.support.AbstractApplicationContext.getBean(AbstractApplicationContext.java:1089)
	at org.springframework.context.support.AbstractApplicationContext.finishBeanFactoryInitialization(AbstractApplicationContext.java:859)
	at org.springframework.context.support.AbstractApplicationContext.refresh(AbstractApplicationContext.java:550)
	at org.springframework.web.context.ContextLoader.configureAndRefreshWebApplicationContext(ContextLoader.java:409)
	at org.springframework.web.context.ContextLoader.initWebApplicationContext(ContextLoader.java:291)
	at org.springframework.web.context.ContextLoaderListener.contextInitialized(ContextLoaderListener.java:103)
	at org.apache.catalina.core.StandardContext.listenerStart(StandardContext.java:4753)
	at org.apache.catalina.core.StandardContext.startInternal(StandardContext.java:5215)
	at org.apache.catalina.util.LifecycleBase.start(LifecycleBase.java:150)
	at org.apache.catalina.core.ContainerBase.addChildInternal(ContainerBase.java:754)
	at org.apache.catalina.core.ContainerBase.addChild(ContainerBase.java:730)
	at org.apache.catalina.core.StandardHost.addChild(StandardHost.java:734)
	at org.apache.catalina.startup.HostConfig.deployWAR(HostConfig.java:986)
	at org.apache.catalina.startup.HostConfig$DeployWar.run(HostConfig.java:1857)
	at java.util.concurrent.Executors$RunnableAdapter.call(Executors.java:511)
	at java.util.concurrent.FutureTask.run(FutureTask.java:266)
	at java.util.concurrent.ThreadPoolExecutor.runWorker(ThreadPoolExecutor.java:1142)
	at java.util.concurrent.ThreadPoolExecutor$Worker.run(ThreadPoolExecutor.java:617)
	at java.lang.Thread.run(Thread.java:745)
Caused by: java.lang.IllegalArgumentException: No persistence unit with name 'userPU' found
	at org.springframework.orm.jpa.persistenceunit.DefaultPersistenceUnitManager.obtainPersistenceUnitInfo(DefaultPersistenceUnitManager.java:733)
	at org.springframework.orm.jpa.LocalContainerEntityManagerFactoryBean.determinePersistenceUnitInfo(LocalContainerEntityManagerFactoryBean.java:384)
	at org.springframework.orm.jpa.LocalContainerEntityManagerFactoryBean.afterPropertiesSet(LocalContainerEntityManagerFactoryBean.java:332)
	at org.springframework.beans.factory.support.AbstractAutowireCapableBeanFactory.invokeInitMethods(AbstractAutowireCapableBeanFactory.java:1765)
	at org.springframework.beans.factory.support.AbstractAutowireCapableBeanFactory.initializeBean(AbstractAutowireCapableBeanFactory.java:1702)
	... 25 more

16-Aug-2018 16:52:25.436 SEVERE [localhost-startStop-1] org.apache.catalina.core.StandardContext.startInternal One or more listeners failed to start. Full details will be found in the appropriate container log file
16-Aug-2018 16:52:25.437 SEVERE [localhost-startStop-1] org.apache.catalina.core.StandardContext.startInternal Context [/DDDFlightPub-security] startup failed due to previous errors
16-Aug-2018 16:52:25.449 INFO [localhost-startStop-1] org.apache.catalina.startup.HostConfig.deployWAR Deployment of web application archive [D:\Program Files\apache-tomcat-8.5.29\webapps\DDDFlightPub-security.war] has finished in [2,184] ms
16-Aug-2018 16:52:25.454 INFO [localhost-startStop-1] org.apache.catalina.startup.HostConfig.deployWAR Deploying web application archive [D:\Program Files\apache-tomcat-8.5.29\webapps\FlightPub-0.1.war]
16-Aug-2018 16:52:25.456 INFO [localhost-startStop-1] org.apache.catalina.startup.ExpandWar.expand An expanded directory [D:\Program Files\apache-tomcat-8.5.29\webapps\FlightPub-0.1] was found with a last modified time that did not match the associated WAR. It will be deleted.
16-Aug-2018 16:52:27.080 INFO [localhost-startStop-1] org.springframework.web.context.ContextLoader.initWebApplicationContext Root WebApplicationContext: initialization started
16-Aug-2018 16:52:27.128 INFO [localhost-startStop-1] org.springframework.context.support.AbstractApplicationContext.prepareRefresh Refreshing Root WebApplicationContext: startup date [Thu Aug 16 16:52:27 AEST 2018]; root of context hierarchy
16-Aug-2018 16:52:27.168 INFO [localhost-startStop-1] org.springframework.beans.factory.xml.XmlBeanDefinitionReader.loadBeanDefinitions Loading XML bean definitions from ServletContext resource [/WEB-INF/spring-security.xml]
16-Aug-2018 16:52:27.208 INFO [localhost-startStop-1] org.springframework.security.core.SpringSecurityCoreVersion.performVersionChecks You are running with Spring Security Core 5.0.4.RELEASE
16-Aug-2018 16:52:27.212 INFO [localhost-startStop-1] org.springframework.security.config.SecurityNamespaceHandler.<init> Spring Security 'config' module version is 5.0.4.RELEASE
16-Aug-2018 16:52:27.259 INFO [localhost-startStop-1] org.springframework.security.config.http.FilterInvocationSecurityMetadataSourceParser.parseInterceptUrlsForFilterInvocationRequestMap Creating access control expression attribute 'hasRole('ROLE_USER')' for /create-review
16-Aug-2018 16:52:27.260 INFO [localhost-startStop-1] org.springframework.security.config.http.FilterInvocationSecurityMetadataSourceParser.parseInterceptUrlsForFilterInvocationRequestMap Creating access control expression attribute 'hasRole('ROLE_USER')' for /payment
16-Aug-2018 16:52:27.261 INFO [localhost-startStop-1] org.springframework.security.config.http.FilterInvocationSecurityMetadataSourceParser.parseInterceptUrlsForFilterInvocationRequestMap Creating access control expression attribute 'hasRole('ROLE_USER')' for /purchase-history
16-Aug-2018 16:52:27.261 INFO [localhost-startStop-1] org.springframework.security.config.http.FilterInvocationSecurityMetadataSourceParser.parseInterceptUrlsForFilterInvocationRequestMap Creating access control expression attribute 'hasRole('ROLE_USER')' for /purchase-summary
16-Aug-2018 16:52:27.278 INFO [localhost-startStop-1] org.springframework.security.config.http.AuthenticationConfigBuilder.createLoginPageFilterIfNeeded No login page configured. The default internal one will be used. Use the 'login-page' attribute to set the URL of the login page.
16-Aug-2018 16:52:27.282 INFO [localhost-startStop-1] org.springframework.security.config.http.HttpSecurityBeanDefinitionParser.checkFilterChainOrder Checking sorted filter chain: [Root bean: class [org.springframework.security.web.context.SecurityContextPersistenceFilter]; scope=; abstract=false; lazyInit=false; autowireMode=0; dependencyCheck=0; autowireCandidate=true; primary=false; factoryBeanName=null; factoryMethodName=null; initMethodName=null; destroyMethodName=null, order = 200, Root bean: class [org.springframework.security.web.context.request.async.WebAsyncManagerIntegrationFilter]; scope=; abstract=false; lazyInit=false; autowireMode=0; dependencyCheck=0; autowireCandidate=true; primary=false; factoryBeanName=null; factoryMethodName=null; initMethodName=null; destroyMethodName=null, order = 400, Root bean: class [org.springframework.security.web.header.HeaderWriterFilter]; scope=; abstract=false; lazyInit=false; autowireMode=0; dependencyCheck=0; autowireCandidate=true; primary=false; factoryBeanName=null; factoryMethodName=null; initMethodName=null; destroyMethodName=null, order = 500, Root bean: class [org.springframework.security.web.csrf.CsrfFilter]; scope=; abstract=false; lazyInit=false; autowireMode=0; dependencyCheck=0; autowireCandidate=true; primary=false; factoryBeanName=null; factoryMethodName=null; initMethodName=null; destroyMethodName=null, order = 700, <org.springframework.security.web.authentication.UsernamePasswordAuthenticationFilter#0>, order = 1200, Root bean: class [org.springframework.security.web.authentication.ui.DefaultLoginPageGeneratingFilter]; scope=; abstract=false; lazyInit=false; autowireMode=0; dependencyCheck=0; autowireCandidate=true; primary=false; factoryBeanName=null; factoryMethodName=null; initMethodName=null; destroyMethodName=null, order = 1400, Root bean: class [org.springframework.security.web.savedrequest.RequestCacheAwareFilter]; scope=; abstract=false; lazyInit=false; autowireMode=0; dependencyCheck=0; autowireCandidate=true; primary=false; factoryBeanName=null; factoryMethodName=null; initMethodName=null; destroyMethodName=null, order = 1700, Root bean: class [null]; scope=; abstract=false; lazyInit=false; autowireMode=0; dependencyCheck=0; autowireCandidate=true; primary=false; factoryBeanName=org.springframework.security.config.http.HttpConfigurationBuilder$SecurityContextHolderAwareRequestFilterBeanFactory#0; factoryMethodName=getBean; initMethodName=null; destroyMethodName=null, order = 1800, Root bean: class [org.springframework.security.web.authentication.AnonymousAuthenticationFilter]; scope=; abstract=false; lazyInit=false; autowireMode=0; dependencyCheck=0; autowireCandidate=true; primary=false; factoryBeanName=null; factoryMethodName=null; initMethodName=null; destroyMethodName=null, order = 2100, Root bean: class [org.springframework.security.web.session.SessionManagementFilter]; scope=; abstract=false; lazyInit=false; autowireMode=0; dependencyCheck=0; autowireCandidate=true; primary=false; factoryBeanName=null; factoryMethodName=null; initMethodName=null; destroyMethodName=null, order = 2200, Root bean: class [org.springframework.security.web.access.ExceptionTranslationFilter]; scope=; abstract=false; lazyInit=false; autowireMode=0; dependencyCheck=0; autowireCandidate=true; primary=false; factoryBeanName=null; factoryMethodName=null; initMethodName=null; destroyMethodName=null, order = 2300, <org.springframework.security.web.access.intercept.FilterSecurityInterceptor#0>, order = 2400]
16-Aug-2018 16:52:27.554 INFO [localhost-startStop-1] org.springframework.security.web.DefaultSecurityFilterChain.<init> Creating filter chain: org.springframework.security.web.util.matcher.AnyRequestMatcher@1, [org.springframework.security.web.context.SecurityContextPersistenceFilter@640c46b2, org.springframework.security.web.context.request.async.WebAsyncManagerIntegrationFilter@53cd16a5, org.springframework.security.web.header.HeaderWriterFilter@73574fe5, org.springframework.security.web.csrf.CsrfFilter@3906db51, org.springframework.security.web.authentication.UsernamePasswordAuthenticationFilter@3f392315, org.springframework.security.web.authentication.ui.DefaultLoginPageGeneratingFilter@47a7269, org.springframework.security.web.savedrequest.RequestCacheAwareFilter@4d1b2d64, org.springframework.security.web.servletapi.SecurityContextHolderAwareRequestFilter@4248bbc5, org.springframework.security.web.authentication.AnonymousAuthenticationFilter@341f1912, org.springframework.security.web.session.SessionManagementFilter@63a1ccc2, org.springframework.security.web.access.ExceptionTranslationFilter@77c5bddf, org.springframework.security.web.access.intercept.FilterSecurityInterceptor@7054b671]
16-Aug-2018 16:52:27.565 INFO [localhost-startStop-1] org.springframework.security.config.http.DefaultFilterChainValidator.checkLoginPageIsntProtected Checking whether login URL '/login' is accessible with your configuration
16-Aug-2018 16:52:27.584 INFO [localhost-startStop-1] org.springframework.web.context.ContextLoader.initWebApplicationContext Root WebApplicationContext: initialization completed in 503 ms
16-Aug-2018 16:52:27.590 INFO [localhost-startStop-1] org.springframework.web.servlet.FrameworkServlet.initServletBean FrameworkServlet 'SpringDispatcher': initialization started
16-Aug-2018 16:52:27.593 INFO [localhost-startStop-1] org.springframework.context.support.AbstractApplicationContext.prepareRefresh Refreshing WebApplicationContext for namespace 'SpringDispatcher-servlet': startup date [Thu Aug 16 16:52:27 AEST 2018]; parent: Root WebApplicationContext
16-Aug-2018 16:52:27.593 INFO [localhost-startStop-1] org.springframework.beans.factory.xml.XmlBeanDefinitionReader.loadBeanDefinitions Loading XML bean definitions from ServletContext resource [/WEB-INF/SpringDispatcher-servlet.xml]
16-Aug-2018 16:52:27.945 INFO [localhost-startStop-1] org.springframework.orm.jpa.LocalContainerEntityManagerFactoryBean.createNativeEntityManagerFactory Building JPA container EntityManagerFactory for persistence unit 'spring_example_PU'
16-Aug-2018 16:52:27.965 INFO [localhost-startStop-1] org.hibernate.jpa.internal.util.LogHelper.logPersistenceUnitInformation HHH000204: Processing PersistenceUnitInfo [
	name: spring_example_PU
	...]
16-Aug-2018 16:52:28.046 INFO [localhost-startStop-1] org.hibernate.Version.logVersion HHH000412: Hibernate Core {5.2.17.Final}
16-Aug-2018 16:52:28.047 INFO [localhost-startStop-1] org.hibernate.cfg.Environment.<clinit> HHH000206: hibernate.properties not found
16-Aug-2018 16:52:28.087 INFO [localhost-startStop-1] org.hibernate.annotations.common.reflection.java.JavaReflectionManager.<clinit> HCANN000001: Hibernate Commons Annotations {5.0.1.Final}
16-Aug-2018 16:52:30.350 WARN [localhost-startStop-1] org.hibernate.engine.jdbc.env.internal.JdbcEnvironmentInitiator.initiateService HHH000342: Could not obtain connection to query metadata : Cannot create PoolableConnectionFactory (Communications link failure

The last packet sent successfully to the server was 0 milliseconds ago. The driver has not received any packets from the server.)
16-Aug-2018 16:52:30.365 INFO [localhost-startStop-1] org.hibernate.dialect.Dialect.<init> HHH000400: Using dialect: org.hibernate.dialect.MySQL57Dialect
16-Aug-2018 16:52:30.383 INFO [localhost-startStop-1] org.hibernate.engine.jdbc.env.internal.LobCreatorBuilderImpl.makeLobCreatorBuilder HHH000422: Disabling contextual LOB creation as connection was null
16-Aug-2018 16:52:32.846 WARN [localhost-startStop-1] org.hibernate.engine.jdbc.spi.SqlExceptionHelper.logExceptions SQL Error: 0, SQLState: null
16-Aug-2018 16:52:32.846 ERROR [localhost-startStop-1] org.hibernate.engine.jdbc.spi.SqlExceptionHelper.logExceptions Cannot create PoolableConnectionFactory (Communications link failure

The last packet sent successfully to the server was 0 milliseconds ago. The driver has not received any packets from the server.)
16-Aug-2018 16:52:32.853 WARNING [localhost-startStop-1] org.springframework.context.support.AbstractApplicationContext.refresh Exception encountered during context initialization - cancelling refresh attempt: org.springframework.beans.factory.BeanCreationException: Error creating bean with name 'entityManagerFactory' defined in ServletContext resource [/WEB-INF/SpringDispatcher-servlet.xml]: Invocation of init method failed; nested exception is javax.persistence.PersistenceException: [PersistenceUnit: spring_example_PU] Unable to build Hibernate SessionFactory; nested exception is org.hibernate.exception.GenericJDBCException: Unable to open JDBC Connection for DDL execution
16-Aug-2018 16:52:32.855 SEVERE [localhost-startStop-1] org.springframework.web.servlet.FrameworkServlet.initServletBean Context initialization failed
 org.springframework.beans.factory.BeanCreationException: Error creating bean with name 'entityManagerFactory' defined in ServletContext resource [/WEB-INF/SpringDispatcher-servlet.xml]: Invocation of init method failed; nested exception is javax.persistence.PersistenceException: [PersistenceUnit: spring_example_PU] Unable to build Hibernate SessionFactory; nested exception is org.hibernate.exception.GenericJDBCException: Unable to open JDBC Connection for DDL execution
	at org.springframework.beans.factory.support.AbstractAutowireCapableBeanFactory.initializeBean(AbstractAutowireCapableBeanFactory.java:1699)
	at org.springframework.beans.factory.support.AbstractAutowireCapableBeanFactory.doCreateBean(AbstractAutowireCapableBeanFactory.java:573)
	at org.springframework.beans.factory.support.AbstractAutowireCapableBeanFactory.createBean(AbstractAutowireCapableBeanFactory.java:495)
	at org.springframework.beans.factory.support.AbstractBeanFactory.lambda$doGetBean$0(AbstractBeanFactory.java:317)
	at org.springframework.beans.factory.support.DefaultSingletonBeanRegistry.getSingleton(DefaultSingletonBeanRegistry.java:222)
	at org.springframework.beans.factory.support.AbstractBeanFactory.doGetBean(AbstractBeanFactory.java:315)
	at org.springframework.beans.factory.support.AbstractBeanFactory.getBean(AbstractBeanFactory.java:199)
	at org.springframework.context.support.AbstractApplicationContext.getBean(AbstractApplicationContext.java:1089)
	at org.springframework.context.support.AbstractApplicationContext.finishBeanFactoryInitialization(AbstractApplicationContext.java:859)
	at org.springframework.context.support.AbstractApplicationContext.refresh(AbstractApplicationContext.java:550)
	at org.springframework.web.servlet.FrameworkServlet.configureAndRefreshWebApplicationContext(FrameworkServlet.java:676)
	at org.springframework.web.servlet.FrameworkServlet.createWebApplicationContext(FrameworkServlet.java:642)
	at org.springframework.web.servlet.FrameworkServlet.createWebApplicationContext(FrameworkServlet.java:690)
	at org.springframework.web.servlet.FrameworkServlet.initWebApplicationContext(FrameworkServlet.java:558)
	at org.springframework.web.servlet.FrameworkServlet.initServletBean(FrameworkServlet.java:499)
	at org.springframework.web.servlet.HttpServletBean.init(HttpServletBean.java:172)
	at javax.servlet.GenericServlet.init(GenericServlet.java:158)
	at org.apache.catalina.core.StandardWrapper.initServlet(StandardWrapper.java:1144)
	at org.apache.catalina.core.StandardWrapper.loadServlet(StandardWrapper.java:1091)
	at org.apache.catalina.core.StandardWrapper.load(StandardWrapper.java:983)
	at org.apache.catalina.core.StandardContext.loadOnStartup(StandardContext.java:4939)
	at org.apache.catalina.core.StandardContext.startInternal(StandardContext.java:5249)
	at org.apache.catalina.util.LifecycleBase.start(LifecycleBase.java:150)
	at org.apache.catalina.core.ContainerBase.addChildInternal(ContainerBase.java:754)
	at org.apache.catalina.core.ContainerBase.addChild(ContainerBase.java:730)
	at org.apache.catalina.core.StandardHost.addChild(StandardHost.java:734)
	at org.apache.catalina.startup.HostConfig.deployWAR(HostConfig.java:986)
	at org.apache.catalina.startup.HostConfig$DeployWar.run(HostConfig.java:1857)
	at java.util.concurrent.Executors$RunnableAdapter.call(Executors.java:511)
	at java.util.concurrent.FutureTask.run(FutureTask.java:266)
	at java.util.concurrent.ThreadPoolExecutor.runWorker(ThreadPoolExecutor.java:1142)
	at java.util.concurrent.ThreadPoolExecutor$Worker.run(ThreadPoolExecutor.java:617)
	at java.lang.Thread.run(Thread.java:745)
Caused by: javax.persistence.PersistenceException: [PersistenceUnit: spring_example_PU] Unable to build Hibernate SessionFactory; nested exception is org.hibernate.exception.GenericJDBCException: Unable to open JDBC Connection for DDL execution
	at org.springframework.orm.jpa.AbstractEntityManagerFactoryBean.buildNativeEntityManagerFactory(AbstractEntityManagerFactoryBean.java:402)
	at org.springframework.orm.jpa.AbstractEntityManagerFactoryBean.afterPropertiesSet(AbstractEntityManagerFactoryBean.java:377)
	at org.springframework.orm.jpa.LocalContainerEntityManagerFactoryBean.afterPropertiesSet(LocalContainerEntityManagerFactoryBean.java:341)
	at org.springframework.beans.factory.support.AbstractAutowireCapableBeanFactory.invokeInitMethods(AbstractAutowireCapableBeanFactory.java:1758)
	at org.springframework.beans.factory.support.AbstractAutowireCapableBeanFactory.initializeBean(AbstractAutowireCapableBeanFactory.java:1695)
	... 32 more
Caused by: org.hibernate.exception.GenericJDBCException: Unable to open JDBC Connection for DDL execution
	at org.hibernate.exception.internal.StandardSQLExceptionConverter.convert(StandardSQLExceptionConverter.java:47)
	at org.hibernate.engine.jdbc.spi.SqlExceptionHelper.convert(SqlExceptionHelper.java:111)
	at org.hibernate.engine.jdbc.spi.SqlExceptionHelper.convert(SqlExceptionHelper.java:97)
	at org.hibernate.resource.transaction.backend.jdbc.internal.DdlTransactionIsolatorNonJtaImpl.getIsolatedConnection(DdlTransactionIsolatorNonJtaImpl.java:69)
	at org.hibernate.tool.schema.internal.exec.ImprovedExtractionContextImpl.getJdbcConnection(ImprovedExtractionContextImpl.java:60)
	at org.hibernate.tool.schema.internal.exec.ImprovedExtractionContextImpl.getJdbcDatabaseMetaData(ImprovedExtractionContextImpl.java:67)
	at org.hibernate.tool.schema.extract.internal.InformationExtractorJdbcDatabaseMetaDataImpl.getTables(InformationExtractorJdbcDatabaseMetaDataImpl.java:329)
	at org.hibernate.tool.schema.extract.internal.DatabaseInformationImpl.getTablesInformation(DatabaseInformationImpl.java:120)
	at org.hibernate.tool.schema.internal.GroupedSchemaMigratorImpl.performTablesMigration(GroupedSchemaMigratorImpl.java:65)
	at org.hibernate.tool.schema.internal.AbstractSchemaMigrator.performMigration(AbstractSchemaMigrator.java:207)
	at org.hibernate.tool.schema.internal.AbstractSchemaMigrator.doMigration(AbstractSchemaMigrator.java:114)
	at org.hibernate.tool.schema.spi.SchemaManagementToolCoordinator.performDatabaseAction(SchemaManagementToolCoordinator.java:183)
	at org.hibernate.tool.schema.spi.SchemaManagementToolCoordinator.process(SchemaManagementToolCoordinator.java:72)
	at org.hibernate.internal.SessionFactoryImpl.<init>(SessionFactoryImpl.java:312)
	at org.hibernate.boot.internal.SessionFactoryBuilderImpl.build(SessionFactoryBuilderImpl.java:462)
	at org.hibernate.jpa.boot.internal.EntityManagerFactoryBuilderImpl.build(EntityManagerFactoryBuilderImpl.java:892)
	at org.springframework.orm.jpa.vendor.SpringHibernateJpaPersistenceProvider.createContainerEntityManagerFactory(SpringHibernateJpaPersistenceProvider.java:57)
	at org.springframework.orm.jpa.LocalContainerEntityManagerFactoryBean.createNativeEntityManagerFactory(LocalContainerEntityManagerFactoryBean.java:365)
	at org.springframework.orm.jpa.AbstractEntityManagerFactoryBean.buildNativeEntityManagerFactory(AbstractEntityManagerFactoryBean.java:390)
	... 36 more
Caused by: java.sql.SQLException: Cannot create PoolableConnectionFactory (Communications link failure

The last packet sent successfully to the server was 0 milliseconds ago. The driver has not received any packets from the server.)
	at org.apache.tomcat.dbcp.dbcp2.BasicDataSource.createPoolableConnectionFactory(BasicDataSource.java:2342)
	at org.apache.tomcat.dbcp.dbcp2.BasicDataSource.createDataSource(BasicDataSource.java:2067)
	at org.apache.tomcat.dbcp.dbcp2.BasicDataSource.getConnection(BasicDataSource.java:1543)
	at org.hibernate.engine.jdbc.connections.internal.DatasourceConnectionProviderImpl.getConnection(DatasourceConnectionProviderImpl.java:122)
	at org.hibernate.engine.jdbc.env.internal.JdbcEnvironmentInitiator$ConnectionProviderJdbcConnectionAccess.obtainConnection(JdbcEnvironmentInitiator.java:180)
	at org.hibernate.resource.transaction.backend.jdbc.internal.DdlTransactionIsolatorNonJtaImpl.getIsolatedConnection(DdlTransactionIsolatorNonJtaImpl.java:43)
	... 51 more
Caused by: com.mysql.cj.jdbc.exceptions.CommunicationsException: Communications link failure

The last packet sent successfully to the server was 0 milliseconds ago. The driver has not received any packets from the server.
	at com.mysql.cj.jdbc.exceptions.SQLError.createCommunicationsException(SQLError.java:174)
	at com.mysql.cj.jdbc.exceptions.SQLExceptionsMapping.translateException(SQLExceptionsMapping.java:64)
	at com.mysql.cj.jdbc.ConnectionImpl.createNewIO(ConnectionImpl.java:832)
	at com.mysql.cj.jdbc.ConnectionImpl.<init>(ConnectionImpl.java:456)
	at com.mysql.cj.jdbc.ConnectionImpl.getInstance(ConnectionImpl.java:240)
	at com.mysql.cj.jdbc.NonRegisteringDriver.connect(NonRegisteringDriver.java:207)
	at org.apache.tomcat.dbcp.dbcp2.DriverConnectionFactory.createConnection(DriverConnectionFactory.java:38)
	at org.apache.tomcat.dbcp.dbcp2.PoolableConnectionFactory.makeObject(PoolableConnectionFactory.java:262)
	at org.apache.tomcat.dbcp.dbcp2.BasicDataSource.validateConnectionFactory(BasicDataSource.java:2352)
	at org.apache.tomcat.dbcp.dbcp2.BasicDataSource.createPoolableConnectionFactory(BasicDataSource.java:2338)
	... 56 more
Caused by: com.mysql.cj.exceptions.CJCommunicationsException: Communications link failure

The last packet sent successfully to the server was 0 milliseconds ago. The driver has not received any packets from the server.
	at sun.reflect.NativeConstructorAccessorImpl.newInstance0(Native Method)
	at sun.reflect.NativeConstructorAccessorImpl.newInstance(NativeConstructorAccessorImpl.java:62)
	at sun.reflect.DelegatingConstructorAccessorImpl.newInstance(DelegatingConstructorAccessorImpl.java:45)
	at java.lang.reflect.Constructor.newInstance(Constructor.java:423)
	at com.mysql.cj.exceptions.ExceptionFactory.createException(ExceptionFactory.java:61)
	at com.mysql.cj.exceptions.ExceptionFactory.createException(ExceptionFactory.java:105)
	at com.mysql.cj.exceptions.ExceptionFactory.createException(ExceptionFactory.java:151)
	at com.mysql.cj.exceptions.ExceptionFactory.createCommunicationsException(ExceptionFactory.java:167)
	at com.mysql.cj.protocol.a.NativeSocketConnection.connect(NativeSocketConnection.java:91)
	at com.mysql.cj.NativeSession.connect(NativeSession.java:152)
	at com.mysql.cj.jdbc.ConnectionImpl.connectOneTryOnly(ConnectionImpl.java:952)
	at com.mysql.cj.jdbc.ConnectionImpl.createNewIO(ConnectionImpl.java:822)
	... 63 more
Caused by: java.net.ConnectException: Connection refused: connect
	at java.net.DualStackPlainSocketImpl.connect0(Native Method)
	at java.net.DualStackPlainSocketImpl.socketConnect(DualStackPlainSocketImpl.java:79)
	at java.net.AbstractPlainSocketImpl.doConnect(AbstractPlainSocketImpl.java:350)
	at java.net.AbstractPlainSocketImpl.connectToAddress(AbstractPlainSocketImpl.java:206)
	at java.net.AbstractPlainSocketImpl.connect(AbstractPlainSocketImpl.java:188)
	at java.net.PlainSocketImpl.connect(PlainSocketImpl.java:172)
	at java.net.SocksSocketImpl.connect(SocksSocketImpl.java:392)
	at java.net.Socket.connect(Socket.java:589)
	at com.mysql.cj.protocol.StandardSocketFactory.connect(StandardSocketFactory.java:173)
	at com.mysql.cj.protocol.a.NativeSocketConnection.connect(NativeSocketConnection.java:65)
	... 66 more

16-Aug-2018 16:52:32.865 INFO [localhost-startStop-1] org.apache.catalina.startup.HostConfig.deployWAR Deployment of web application archive [D:\Program Files\apache-tomcat-8.5.29\webapps\FlightPub-0.1.war] has finished in [7,411] ms
16-Aug-2018 16:52:32.866 INFO [localhost-startStop-1] org.apache.catalina.startup.HostConfig.deployWAR Deploying web application archive [D:\Program Files\apache-tomcat-8.5.29\webapps\FlightPub-test.war]
16-Aug-2018 16:52:33.669 INFO [localhost-startStop-1] org.springframework.web.context.ContextLoader.initWebApplicationContext Root WebApplicationContext: initialization started
16-Aug-2018 16:52:33.719 INFO [localhost-startStop-1] org.springframework.context.support.AbstractApplicationContext.prepareRefresh Refreshing Root WebApplicationContext: startup date [Thu Aug 16 16:52:33 AEST 2018]; root of context hierarchy
16-Aug-2018 16:52:33.760 INFO [localhost-startStop-1] org.springframework.beans.factory.xml.XmlBeanDefinitionReader.loadBeanDefinitions Loading XML bean definitions from ServletContext resource [/WEB-INF/spring-security.xml]
16-Aug-2018 16:52:33.791 INFO [localhost-startStop-1] org.springframework.security.core.SpringSecurityCoreVersion.performVersionChecks You are running with Spring Security Core 5.0.4.RELEASE
16-Aug-2018 16:52:33.795 INFO [localhost-startStop-1] org.springframework.security.config.SecurityNamespaceHandler.<init> Spring Security 'config' module version is 5.0.4.RELEASE
16-Aug-2018 16:52:33.840 INFO [localhost-startStop-1] org.springframework.security.config.http.FilterInvocationSecurityMetadataSourceParser.parseInterceptUrlsForFilterInvocationRequestMap Creating access control expression attribute 'hasRole('ROLE_USER')' for /create-review
16-Aug-2018 16:52:33.840 INFO [localhost-startStop-1] org.springframework.security.config.http.FilterInvocationSecurityMetadataSourceParser.parseInterceptUrlsForFilterInvocationRequestMap Creating access control expression attribute 'hasRole('ROLE_USER')' for /payment
16-Aug-2018 16:52:33.844 INFO [localhost-startStop-1] org.springframework.security.config.http.FilterInvocationSecurityMetadataSourceParser.parseInterceptUrlsForFilterInvocationRequestMap Creating access control expression attribute 'hasRole('ROLE_USER')' for /purchase-history
16-Aug-2018 16:52:33.844 INFO [localhost-startStop-1] org.springframework.security.config.http.FilterInvocationSecurityMetadataSourceParser.parseInterceptUrlsForFilterInvocationRequestMap Creating access control expression attribute 'hasRole('ROLE_USER')' for /purchase-summary
16-Aug-2018 16:52:33.861 INFO [localhost-startStop-1] org.springframework.security.config.http.AuthenticationConfigBuilder.createLoginPageFilterIfNeeded No login page configured. The default internal one will be used. Use the 'login-page' attribute to set the URL of the login page.
16-Aug-2018 16:52:33.865 INFO [localhost-startStop-1] org.springframework.security.config.http.HttpSecurityBeanDefinitionParser.checkFilterChainOrder Checking sorted filter chain: [Root bean: class [org.springframework.security.web.context.SecurityContextPersistenceFilter]; scope=; abstract=false; lazyInit=false; autowireMode=0; dependencyCheck=0; autowireCandidate=true; primary=false; factoryBeanName=null; factoryMethodName=null; initMethodName=null; destroyMethodName=null, order = 200, Root bean: class [org.springframework.security.web.context.request.async.WebAsyncManagerIntegrationFilter]; scope=; abstract=false; lazyInit=false; autowireMode=0; dependencyCheck=0; autowireCandidate=true; primary=false; factoryBeanName=null; factoryMethodName=null; initMethodName=null; destroyMethodName=null, order = 400, Root bean: class [org.springframework.security.web.header.HeaderWriterFilter]; scope=; abstract=false; lazyInit=false; autowireMode=0; dependencyCheck=0; autowireCandidate=true; primary=false; factoryBeanName=null; factoryMethodName=null; initMethodName=null; destroyMethodName=null, order = 500, Root bean: class [org.springframework.security.web.csrf.CsrfFilter]; scope=; abstract=false; lazyInit=false; autowireMode=0; dependencyCheck=0; autowireCandidate=true; primary=false; factoryBeanName=null; factoryMethodName=null; initMethodName=null; destroyMethodName=null, order = 700, <org.springframework.security.web.authentication.UsernamePasswordAuthenticationFilter#0>, order = 1200, Root bean: class [org.springframework.security.web.authentication.ui.DefaultLoginPageGeneratingFilter]; scope=; abstract=false; lazyInit=false; autowireMode=0; dependencyCheck=0; autowireCandidate=true; primary=false; factoryBeanName=null; factoryMethodName=null; initMethodName=null; destroyMethodName=null, order = 1400, Root bean: class [org.springframework.security.web.savedrequest.RequestCacheAwareFilter]; scope=; abstract=false; lazyInit=false; autowireMode=0; dependencyCheck=0; autowireCandidate=true; primary=false; factoryBeanName=null; factoryMethodName=null; initMethodName=null; destroyMethodName=null, order = 1700, Root bean: class [null]; scope=; abstract=false; lazyInit=false; autowireMode=0; dependencyCheck=0; autowireCandidate=true; primary=false; factoryBeanName=org.springframework.security.config.http.HttpConfigurationBuilder$SecurityContextHolderAwareRequestFilterBeanFactory#0; factoryMethodName=getBean; initMethodName=null; destroyMethodName=null, order = 1800, Root bean: class [org.springframework.security.web.authentication.AnonymousAuthenticationFilter]; scope=; abstract=false; lazyInit=false; autowireMode=0; dependencyCheck=0; autowireCandidate=true; primary=false; factoryBeanName=null; factoryMethodName=null; initMethodName=null; destroyMethodName=null, order = 2100, Root bean: class [org.springframework.security.web.session.SessionManagementFilter]; scope=; abstract=false; lazyInit=false; autowireMode=0; dependencyCheck=0; autowireCandidate=true; primary=false; factoryBeanName=null; factoryMethodName=null; initMethodName=null; destroyMethodName=null, order = 2200, Root bean: class [org.springframework.security.web.access.ExceptionTranslationFilter]; scope=; abstract=false; lazyInit=false; autowireMode=0; dependencyCheck=0; autowireCandidate=true; primary=false; factoryBeanName=null; factoryMethodName=null; initMethodName=null; destroyMethodName=null, order = 2300, <org.springframework.security.web.access.intercept.FilterSecurityInterceptor#0>, order = 2400]
16-Aug-2018 16:52:34.082 INFO [localhost-startStop-1] org.springframework.security.web.DefaultSecurityFilterChain.<init> Creating filter chain: org.springframework.security.web.util.matcher.AnyRequestMatcher@1, [org.springframework.security.web.context.SecurityContextPersistenceFilter@4acdcc64, org.springframework.security.web.context.request.async.WebAsyncManagerIntegrationFilter@425d629, org.springframework.security.web.header.HeaderWriterFilter@70d60c3a, org.springframework.security.web.csrf.CsrfFilter@272adea6, org.springframework.security.web.authentication.UsernamePasswordAuthenticationFilter@32088cb, org.springframework.security.web.authentication.ui.DefaultLoginPageGeneratingFilter@299e8218, org.springframework.security.web.savedrequest.RequestCacheAwareFilter@6969eccd, org.springframework.security.web.servletapi.SecurityContextHolderAwareRequestFilter@1847d0a8, org.springframework.security.web.authentication.AnonymousAuthenticationFilter@1f2675bb, org.springframework.security.web.session.SessionManagementFilter@4275aa05, org.springframework.security.web.access.ExceptionTranslationFilter@645c2902, org.springframework.security.web.access.intercept.FilterSecurityInterceptor@423877b1]
16-Aug-2018 16:52:34.093 INFO [localhost-startStop-1] org.springframework.security.config.http.DefaultFilterChainValidator.checkLoginPageIsntProtected Checking whether login URL '/login' is accessible with your configuration
16-Aug-2018 16:52:34.109 INFO [localhost-startStop-1] org.springframework.web.context.ContextLoader.initWebApplicationContext Root WebApplicationContext: initialization completed in 439 ms
16-Aug-2018 16:52:34.114 INFO [localhost-startStop-1] org.springframework.web.servlet.FrameworkServlet.initServletBean FrameworkServlet 'SpringDispatcher': initialization started
16-Aug-2018 16:52:34.117 INFO [localhost-startStop-1] org.springframework.context.support.AbstractApplicationContext.prepareRefresh Refreshing WebApplicationContext for namespace 'SpringDispatcher-servlet': startup date [Thu Aug 16 16:52:34 AEST 2018]; parent: Root WebApplicationContext
16-Aug-2018 16:52:34.117 INFO [localhost-startStop-1] org.springframework.beans.factory.xml.XmlBeanDefinitionReader.loadBeanDefinitions Loading XML bean definitions from ServletContext resource [/WEB-INF/SpringDispatcher-servlet.xml]
16-Aug-2018 16:52:34.498 INFO [localhost-startStop-1] org.springframework.web.servlet.handler.AbstractHandlerMethodMapping$MappingRegistry.register Mapped "{[/bookings],methods=[GET]}" onto public org.springframework.web.servlet.ModelAndView seng3150.group3.controllers.BookingsController.bookings()
16-Aug-2018 16:52:34.499 INFO [localhost-startStop-1] org.springframework.web.servlet.handler.AbstractHandlerMethodMapping$MappingRegistry.register Mapped "{[/book-ticket],methods=[GET]}" onto public org.springframework.web.servlet.ModelAndView seng3150.group3.controllers.BookTicketController.bookTicket()
16-Aug-2018 16:52:34.500 INFO [localhost-startStop-1] org.springframework.web.servlet.handler.AbstractHandlerMethodMapping$MappingRegistry.register Mapped "{[/create-review],methods=[GET]}" onto public org.springframework.web.servlet.ModelAndView seng3150.group3.controllers.CreateReviewController.createReview()
16-Aug-2018 16:52:34.503 INFO [localhost-startStop-1] org.springframework.web.servlet.handler.AbstractHandlerMethodMapping$MappingRegistry.register Mapped "{[/flight-details],methods=[GET]}" onto public org.springframework.web.servlet.ModelAndView seng3150.group3.controllers.FlightDetailsController.flightDetails()
16-Aug-2018 16:52:34.503 INFO [localhost-startStop-1] org.springframework.web.servlet.handler.AbstractHandlerMethodMapping$MappingRegistry.register Mapped "{[/],methods=[GET]}" onto public java.lang.String seng3150.group3.controllers.IndexController.index()
16-Aug-2018 16:52:34.505 INFO [localhost-startStop-1] org.springframework.web.servlet.handler.AbstractHandlerMethodMapping$MappingRegistry.register Mapped "{[/login],methods=[GET]}" onto public org.springframework.web.servlet.ModelAndView seng3150.group3.controllers.LoginController.login()
16-Aug-2018 16:52:34.506 INFO [localhost-startStop-1] org.springframework.web.servlet.handler.AbstractHandlerMethodMapping$MappingRegistry.register Mapped "{[/login],methods=[POST]}" onto public org.springframework.web.servlet.ModelAndView seng3150.group3.controllers.LoginController.loginPost(java.lang.String,java.lang.String)
16-Aug-2018 16:52:34.507 INFO [localhost-startStop-1] org.springframework.web.servlet.handler.AbstractHandlerMethodMapping$MappingRegistry.register Mapped "{[/normal-results],methods=[GET]}" onto public org.springframework.web.servlet.ModelAndView seng3150.group3.controllers.NormalResultsController.normalResults()
16-Aug-2018 16:52:34.507 INFO [localhost-startStop-1] org.springframework.web.servlet.handler.AbstractHandlerMethodMapping$MappingRegistry.register Mapped "{[/payment],methods=[GET]}" onto public org.springframework.web.servlet.ModelAndView seng3150.group3.controllers.PaymentController.payment()
16-Aug-2018 16:52:34.508 INFO [localhost-startStop-1] org.springframework.web.servlet.handler.AbstractHandlerMethodMapping$MappingRegistry.register Mapped "{[/purchase-history],methods=[GET]}" onto public org.springframework.web.servlet.ModelAndView seng3150.group3.controllers.PurchaseHistoryController.purchaseHistory()
16-Aug-2018 16:52:34.510 INFO [localhost-startStop-1] org.springframework.web.servlet.handler.AbstractHandlerMethodMapping$MappingRegistry.register Mapped "{[/purchase-summary],methods=[GET]}" onto public org.springframework.web.servlet.ModelAndView seng3150.group3.controllers.PurchaseSummaryController.purchaseSummary()
16-Aug-2018 16:52:34.511 INFO [localhost-startStop-1] org.springframework.web.servlet.handler.AbstractHandlerMethodMapping$MappingRegistry.register Mapped "{[/recommendations],methods=[GET]}" onto public org.springframework.web.servlet.ModelAndView seng3150.group3.controllers.RecommendationsController.recommendations()
16-Aug-2018 16:52:34.512 INFO [localhost-startStop-1] org.springframework.web.servlet.handler.AbstractHandlerMethodMapping$MappingRegistry.register Mapped "{[/register],methods=[GET]}" onto public org.springframework.web.servlet.ModelAndView seng3150.group3.controllers.RegisterController.register()
16-Aug-2018 16:52:34.513 INFO [localhost-startStop-1] org.springframework.web.servlet.handler.AbstractHandlerMethodMapping$MappingRegistry.register Mapped "{[/results],methods=[GET]}" onto public org.springframework.web.servlet.ModelAndView seng3150.group3.controllers.ResultsController.results()
16-Aug-2018 16:52:34.513 INFO [localhost-startStop-1] org.springframework.web.servlet.handler.AbstractHandlerMethodMapping$MappingRegistry.register Mapped "{[/search],methods=[GET]}" onto public org.springframework.web.servlet.ModelAndView seng3150.group3.controllers.SearchController.search()
16-Aug-2018 16:52:34.514 INFO [localhost-startStop-1] org.springframework.web.servlet.handler.AbstractHandlerMethodMapping$MappingRegistry.register Mapped "{[/view-reviews-admin],methods=[GET]}" onto public org.springframework.web.servlet.ModelAndView seng3150.group3.controllers.ViewReviewsAdminController.viewReviewsAdmin()
16-Aug-2018 16:52:34.516 INFO [localhost-startStop-1] org.springframework.web.servlet.handler.AbstractHandlerMethodMapping$MappingRegistry.register Mapped "{[/view-reviews],methods=[GET]}" onto public org.springframework.web.servlet.ModelAndView seng3150.group3.controllers.ViewReviewsController.viewReviews()
16-Aug-2018 16:52:34.563 INFO [localhost-startStop-1] org.springframework.web.servlet.mvc.method.annotation.RequestMappingHandlerAdapter.initControllerAdviceCache Looking for @ControllerAdvice: WebApplicationContext for namespace 'SpringDispatcher-servlet': startup date [Thu Aug 16 16:52:34 AEST 2018]; parent: Root WebApplicationContext
16-Aug-2018 16:52:34.594 INFO [localhost-startStop-1] org.springframework.web.servlet.mvc.method.annotation.RequestMappingHandlerAdapter.initControllerAdviceCache Looking for @ControllerAdvice: WebApplicationContext for namespace 'SpringDispatcher-servlet': startup date [Thu Aug 16 16:52:34 AEST 2018]; parent: Root WebApplicationContext
16-Aug-2018 16:52:34.643 INFO [localhost-startStop-1] org.springframework.web.servlet.handler.AbstractUrlHandlerMapping.registerHandler Mapped URL path [/js/**] onto handler 'org.springframework.web.servlet.resource.ResourceHttpRequestHandler#0'
16-Aug-2018 16:52:34.645 INFO [localhost-startStop-1] org.springframework.web.servlet.handler.AbstractUrlHandlerMapping.registerHandler Mapped URL path [/css/**] onto handler 'org.springframework.web.servlet.resource.ResourceHttpRequestHandler#1'
16-Aug-2018 16:52:34.646 INFO [localhost-startStop-1] org.springframework.web.servlet.handler.AbstractUrlHandlerMapping.registerHandler Mapped URL path [/img/**] onto handler 'org.springframework.web.servlet.resource.ResourceHttpRequestHandler#2'
16-Aug-2018 16:52:34.719 INFO [localhost-startStop-1] org.springframework.web.servlet.FrameworkServlet.initServletBean FrameworkServlet 'SpringDispatcher': initialization completed in 605 ms
16-Aug-2018 16:52:34.720 INFO [localhost-startStop-1] org.apache.catalina.startup.HostConfig.deployWAR Deployment of web application archive [D:\Program Files\apache-tomcat-8.5.29\webapps\FlightPub-test.war] has finished in [1,854] ms
16-Aug-2018 16:52:34.721 INFO [localhost-startStop-1] org.apache.catalina.startup.HostConfig.deployDirectory Deploying web application directory [D:\Program Files\apache-tomcat-8.5.29\webapps\a3]
16-Aug-2018 16:52:35.037 WARNING [localhost-startStop-1] org.apache.tomcat.dbcp.dbcp2.BasicDataSourceFactory.getObjectInstance Name = it_services Property maxActive is not used in DBCP2, use maxTotal instead. maxTotal default value is 8. You have set value of "100" for "maxActive" property, which is being ignored.
16-Aug-2018 16:52:35.037 WARNING [localhost-startStop-1] org.apache.tomcat.dbcp.dbcp2.BasicDataSourceFactory.getObjectInstance Name = it_services Property maxWait is not used in DBCP2 , use maxWaitMillis instead. maxWaitMillis default value is -1. You have set value of "10000" for "maxWait" property, which is being ignored.
16-Aug-2018 16:52:35.056 INFO [localhost-startStop-1] org.apache.catalina.startup.HostConfig.deployDirectory Deployment of web application directory [D:\Program Files\apache-tomcat-8.5.29\webapps\a3] has finished in [335] ms
16-Aug-2018 16:52:35.056 INFO [localhost-startStop-1] org.apache.catalina.startup.HostConfig.deployDirectory Deploying web application directory [D:\Program Files\apache-tomcat-8.5.29\webapps\Asn1]
16-Aug-2018 16:52:35.080 INFO [localhost-startStop-1] org.apache.catalina.startup.HostConfig.deployDirectory Deployment of web application directory [D:\Program Files\apache-tomcat-8.5.29\webapps\Asn1] has finished in [24] ms
16-Aug-2018 16:52:35.080 INFO [localhost-startStop-1] org.apache.catalina.startup.HostConfig.deployDirectory Deploying web application directory [D:\Program Files\apache-tomcat-8.5.29\webapps\c3256747_assignment1]
16-Aug-2018 16:52:35.119 INFO [localhost-startStop-1] org.apache.catalina.startup.HostConfig.deployDirectory Deployment of web application directory [D:\Program Files\apache-tomcat-8.5.29\webapps\c3256747_assignment1] has finished in [39] ms
16-Aug-2018 16:52:35.119 INFO [localhost-startStop-1] org.apache.catalina.startup.HostConfig.deployDirectory Deploying web application directory [D:\Program Files\apache-tomcat-8.5.29\webapps\c3256747_assignment2]
16-Aug-2018 16:52:35.150 INFO [localhost-startStop-1] org.apache.catalina.startup.HostConfig.deployDirectory Deployment of web application directory [D:\Program Files\apache-tomcat-8.5.29\webapps\c3256747_assignment2] has finished in [31] ms
16-Aug-2018 16:52:35.150 INFO [localhost-startStop-1] org.apache.catalina.startup.HostConfig.deployDirectory Deploying web application directory [D:\Program Files\apache-tomcat-8.5.29\webapps\DDDFlightPub-test]
16-Aug-2018 16:52:35.601 INFO [localhost-startStop-1] org.springframework.web.context.ContextLoader.initWebApplicationContext Root WebApplicationContext: initialization started
16-Aug-2018 16:52:35.640 INFO [localhost-startStop-1] org.springframework.context.support.AbstractApplicationContext.prepareRefresh Refreshing Root WebApplicationContext: startup date [Thu Aug 16 16:52:35 AEST 2018]; root of context hierarchy
16-Aug-2018 16:52:35.676 INFO [localhost-startStop-1] org.springframework.beans.factory.xml.XmlBeanDefinitionReader.loadBeanDefinitions Loading XML bean definitions from ServletContext resource [/WEB-INF/SpringDispatcher-servlet.xml]
16-Aug-2018 16:52:36.017 INFO [localhost-startStop-1] org.springframework.web.servlet.handler.AbstractHandlerMethodMapping$MappingRegistry.register Mapped "{[/],methods=[GET]}" onto public org.springframework.web.servlet.ModelAndView seng3150.group3.IndexController.index(java.lang.String)
16-Aug-2018 16:52:36.198 INFO [localhost-startStop-1] org.springframework.web.servlet.mvc.method.annotation.RequestMappingHandlerAdapter.initControllerAdviceCache Looking for @ControllerAdvice: Root WebApplicationContext: startup date [Thu Aug 16 16:52:35 AEST 2018]; root of context hierarchy
16-Aug-2018 16:52:36.230 INFO [localhost-startStop-1] org.springframework.web.servlet.mvc.method.annotation.RequestMappingHandlerAdapter.initControllerAdviceCache Looking for @ControllerAdvice: Root WebApplicationContext: startup date [Thu Aug 16 16:52:35 AEST 2018]; root of context hierarchy
16-Aug-2018 16:52:36.288 INFO [localhost-startStop-1] org.springframework.web.servlet.handler.AbstractUrlHandlerMapping.registerHandler Default mapping to handler 'org.springframework.web.servlet.resource.ResourceHttpRequestHandler#0'
16-Aug-2018 16:52:36.290 INFO [localhost-startStop-1] org.springframework.web.servlet.handler.AbstractUrlHandlerMapping.registerHandler Mapped URL path [/js/**] onto handler 'org.springframework.web.servlet.resource.ResourceHttpRequestHandler#1'
16-Aug-2018 16:52:36.293 INFO [localhost-startStop-1] org.springframework.web.servlet.handler.AbstractUrlHandlerMapping.registerHandler Mapped URL path [/css/**] onto handler 'org.springframework.web.servlet.resource.ResourceHttpRequestHandler#2'
16-Aug-2018 16:52:36.295 INFO [localhost-startStop-1] org.springframework.web.servlet.handler.AbstractUrlHandlerMapping.registerHandler Mapped URL path [/img/**] onto handler 'org.springframework.web.servlet.resource.ResourceHttpRequestHandler#3'
16-Aug-2018 16:52:36.328 INFO [localhost-startStop-1] org.springframework.web.context.ContextLoader.initWebApplicationContext Root WebApplicationContext: initialization completed in 726 ms
16-Aug-2018 16:52:36.332 INFO [localhost-startStop-1] org.springframework.web.servlet.FrameworkServlet.initServletBean FrameworkServlet 'SpringDispatcher': initialization started
16-Aug-2018 16:52:36.334 INFO [localhost-startStop-1] org.springframework.context.support.AbstractApplicationContext.prepareRefresh Refreshing WebApplicationContext for namespace 'SpringDispatcher-servlet': startup date [Thu Aug 16 16:52:36 AEST 2018]; parent: Root WebApplicationContext
16-Aug-2018 16:52:36.334 INFO [localhost-startStop-1] org.springframework.beans.factory.xml.XmlBeanDefinitionReader.loadBeanDefinitions Loading XML bean definitions from ServletContext resource [/WEB-INF/SpringDispatcher-servlet.xml]
16-Aug-2018 16:52:36.382 INFO [localhost-startStop-1] org.springframework.web.servlet.handler.AbstractHandlerMethodMapping$MappingRegistry.register Mapped "{[/],methods=[GET]}" onto public org.springframework.web.servlet.ModelAndView seng3150.group3.IndexController.index(java.lang.String)
16-Aug-2018 16:52:36.392 INFO [localhost-startStop-1] org.springframework.web.servlet.mvc.method.annotation.RequestMappingHandlerAdapter.initControllerAdviceCache Looking for @ControllerAdvice: WebApplicationContext for namespace 'SpringDispatcher-servlet': startup date [Thu Aug 16 16:52:36 AEST 2018]; parent: Root WebApplicationContext
16-Aug-2018 16:52:36.398 INFO [localhost-startStop-1] org.springframework.web.servlet.mvc.method.annotation.RequestMappingHandlerAdapter.initControllerAdviceCache Looking for @ControllerAdvice: WebApplicationContext for namespace 'SpringDispatcher-servlet': startup date [Thu Aug 16 16:52:36 AEST 2018]; parent: Root WebApplicationContext
16-Aug-2018 16:52:36.419 INFO [localhost-startStop-1] org.springframework.web.servlet.handler.AbstractUrlHandlerMapping.registerHandler Default mapping to handler 'org.springframework.web.servlet.resource.ResourceHttpRequestHandler#0'
16-Aug-2018 16:52:36.421 INFO [localhost-startStop-1] org.springframework.web.servlet.handler.AbstractUrlHandlerMapping.registerHandler Mapped URL path [/js/**] onto handler 'org.springframework.web.servlet.resource.ResourceHttpRequestHandler#1'
16-Aug-2018 16:52:36.423 INFO [localhost-startStop-1] org.springframework.web.servlet.handler.AbstractUrlHandlerMapping.registerHandler Mapped URL path [/css/**] onto handler 'org.springframework.web.servlet.resource.ResourceHttpRequestHandler#2'
16-Aug-2018 16:52:36.426 INFO [localhost-startStop-1] org.springframework.web.servlet.handler.AbstractUrlHandlerMapping.registerHandler Mapped URL path [/img/**] onto handler 'org.springframework.web.servlet.resource.ResourceHttpRequestHandler#3'
16-Aug-2018 16:52:36.457 INFO [localhost-startStop-1] org.springframework.web.servlet.FrameworkServlet.initServletBean FrameworkServlet 'SpringDispatcher': initialization completed in 125 ms
16-Aug-2018 16:52:36.460 INFO [localhost-startStop-1] org.apache.catalina.startup.HostConfig.deployDirectory Deployment of web application directory [D:\Program Files\apache-tomcat-8.5.29\webapps\DDDFlightPub-test] has finished in [1,309] ms
16-Aug-2018 16:52:36.460 INFO [localhost-startStop-1] org.apache.catalina.startup.HostConfig.deployDirectory Deploying web application directory [D:\Program Files\apache-tomcat-8.5.29\webapps\docs]
16-Aug-2018 16:52:36.476 INFO [localhost-startStop-1] org.apache.catalina.startup.HostConfig.deployDirectory Deployment of web application directory [D:\Program Files\apache-tomcat-8.5.29\webapps\docs] has finished in [16] ms
16-Aug-2018 16:52:36.476 INFO [localhost-startStop-1] org.apache.catalina.startup.HostConfig.deployDirectory Deploying web application directory [D:\Program Files\apache-tomcat-8.5.29\webapps\examples]
16-Aug-2018 16:52:37.231 INFO [localhost-startStop-1] org.apache.catalina.startup.HostConfig.deployDirectory Deployment of web application directory [D:\Program Files\apache-tomcat-8.5.29\webapps\examples] has finished in [755] ms
16-Aug-2018 16:52:37.232 INFO [localhost-startStop-1] org.apache.catalina.startup.HostConfig.deployDirectory Deploying web application directory [D:\Program Files\apache-tomcat-8.5.29\webapps\host-manager]
16-Aug-2018 16:52:37.254 INFO [localhost-startStop-1] org.apache.catalina.startup.HostConfig.deployDirectory Deployment of web application directory [D:\Program Files\apache-tomcat-8.5.29\webapps\host-manager] has finished in [23] ms
16-Aug-2018 16:52:37.254 INFO [localhost-startStop-1] org.apache.catalina.startup.HostConfig.deployDirectory Deploying web application directory [D:\Program Files\apache-tomcat-8.5.29\webapps\Lab0405]
16-Aug-2018 16:52:37.286 INFO [localhost-startStop-1] org.apache.catalina.startup.HostConfig.deployDirectory Deployment of web application directory [D:\Program Files\apache-tomcat-8.5.29\webapps\Lab0405] has finished in [32] ms
16-Aug-2018 16:52:37.287 INFO [localhost-startStop-1] org.apache.catalina.startup.HostConfig.deployDirectory Deploying web application directory [D:\Program Files\apache-tomcat-8.5.29\webapps\manager]
16-Aug-2018 16:52:37.306 INFO [localhost-startStop-1] org.apache.catalina.startup.HostConfig.deployDirectory Deployment of web application directory [D:\Program Files\apache-tomcat-8.5.29\webapps\manager] has finished in [20] ms
16-Aug-2018 16:52:37.306 INFO [localhost-startStop-1] org.apache.catalina.startup.HostConfig.deployDirectory Deploying web application directory [D:\Program Files\apache-tomcat-8.5.29\webapps\ROOT]
16-Aug-2018 16:52:37.319 INFO [localhost-startStop-1] org.apache.catalina.startup.HostConfig.deployDirectory Deployment of web application directory [D:\Program Files\apache-tomcat-8.5.29\webapps\ROOT] has finished in [13] ms
16-Aug-2018 16:52:37.319 INFO [localhost-startStop-1] org.apache.catalina.startup.HostConfig.deployDirectory Deploying web application directory [D:\Program Files\apache-tomcat-8.5.29\webapps\seng3150-group-3]
16-Aug-2018 16:52:37.328 INFO [localhost-startStop-1] org.apache.catalina.startup.HostConfig.deployDirectory Deployment of web application directory [D:\Program Files\apache-tomcat-8.5.29\webapps\seng3150-group-3] has finished in [9] ms
16-Aug-2018 16:52:37.331 INFO [main] org.apache.coyote.AbstractProtocol.start Starting ProtocolHandler ["http-nio-8080"]
16-Aug-2018 16:52:37.345 INFO [main] org.apache.coyote.AbstractProtocol.start Starting ProtocolHandler ["ajp-nio-8009"]
16-Aug-2018 16:52:37.353 INFO [main] org.apache.catalina.startup.Catalina.start Server startup in 14134 ms
16-Aug-2018 16:53:34.048 INFO [http-nio-8080-exec-3] org.springframework.web.servlet.FrameworkServlet.initServletBean FrameworkServlet 'SpringDispatcher': initialization started
16-Aug-2018 16:53:34.050 INFO [http-nio-8080-exec-3] org.springframework.context.support.AbstractApplicationContext.prepareRefresh Refreshing WebApplicationContext for namespace 'SpringDispatcher-servlet': startup date [Thu Aug 16 16:53:34 AEST 2018]; parent: Root WebApplicationContext
16-Aug-2018 16:53:34.051 INFO [http-nio-8080-exec-3] org.springframework.beans.factory.xml.XmlBeanDefinitionReader.loadBeanDefinitions Loading XML bean definitions from ServletContext resource [/WEB-INF/SpringDispatcher-servlet.xml]
16-Aug-2018 16:53:34.110 INFO [http-nio-8080-exec-3] org.springframework.orm.jpa.LocalContainerEntityManagerFactoryBean.createNativeEntityManagerFactory Building JPA container EntityManagerFactory for persistence unit 'spring_example_PU'
16-Aug-2018 16:53:34.111 INFO [http-nio-8080-exec-3] org.hibernate.jpa.internal.util.LogHelper.logPersistenceUnitInformation HHH000204: Processing PersistenceUnitInfo [
	name: spring_example_PU
	...]
16-Aug-2018 16:53:36.130 WARN [http-nio-8080-exec-3] org.hibernate.engine.jdbc.env.internal.JdbcEnvironmentInitiator.initiateService HHH000342: Could not obtain connection to query metadata : Cannot create PoolableConnectionFactory (Communications link failure

The last packet sent successfully to the server was 0 milliseconds ago. The driver has not received any packets from the server.)
16-Aug-2018 16:53:36.130 INFO [http-nio-8080-exec-3] org.hibernate.dialect.Dialect.<init> HHH000400: Using dialect: org.hibernate.dialect.MySQL57Dialect
16-Aug-2018 16:53:36.132 INFO [http-nio-8080-exec-3] org.hibernate.engine.jdbc.env.internal.LobCreatorBuilderImpl.makeLobCreatorBuilder HHH000422: Disabling contextual LOB creation as connection was null
16-Aug-2018 16:53:38.150 WARN [http-nio-8080-exec-3] org.hibernate.engine.jdbc.spi.SqlExceptionHelper.logExceptions SQL Error: 0, SQLState: null
16-Aug-2018 16:53:38.150 ERROR [http-nio-8080-exec-3] org.hibernate.engine.jdbc.spi.SqlExceptionHelper.logExceptions Cannot create PoolableConnectionFactory (Communications link failure

The last packet sent successfully to the server was 0 milliseconds ago. The driver has not received any packets from the server.)
16-Aug-2018 16:53:38.151 WARNING [http-nio-8080-exec-3] org.springframework.context.support.AbstractApplicationContext.refresh Exception encountered during context initialization - cancelling refresh attempt: org.springframework.beans.factory.BeanCreationException: Error creating bean with name 'entityManagerFactory' defined in ServletContext resource [/WEB-INF/SpringDispatcher-servlet.xml]: Invocation of init method failed; nested exception is javax.persistence.PersistenceException: [PersistenceUnit: spring_example_PU] Unable to build Hibernate SessionFactory; nested exception is org.hibernate.exception.GenericJDBCException: Unable to open JDBC Connection for DDL execution
16-Aug-2018 16:53:38.151 SEVERE [http-nio-8080-exec-3] org.springframework.web.servlet.FrameworkServlet.initServletBean Context initialization failed
 org.springframework.beans.factory.BeanCreationException: Error creating bean with name 'entityManagerFactory' defined in ServletContext resource [/WEB-INF/SpringDispatcher-servlet.xml]: Invocation of init method failed; nested exception is javax.persistence.PersistenceException: [PersistenceUnit: spring_example_PU] Unable to build Hibernate SessionFactory; nested exception is org.hibernate.exception.GenericJDBCException: Unable to open JDBC Connection for DDL execution
	at org.springframework.beans.factory.support.AbstractAutowireCapableBeanFactory.initializeBean(AbstractAutowireCapableBeanFactory.java:1699)
	at org.springframework.beans.factory.support.AbstractAutowireCapableBeanFactory.doCreateBean(AbstractAutowireCapableBeanFactory.java:573)
	at org.springframework.beans.factory.support.AbstractAutowireCapableBeanFactory.createBean(AbstractAutowireCapableBeanFactory.java:495)
	at org.springframework.beans.factory.support.AbstractBeanFactory.lambda$doGetBean$0(AbstractBeanFactory.java:317)
	at org.springframework.beans.factory.support.DefaultSingletonBeanRegistry.getSingleton(DefaultSingletonBeanRegistry.java:222)
	at org.springframework.beans.factory.support.AbstractBeanFactory.doGetBean(AbstractBeanFactory.java:315)
	at org.springframework.beans.factory.support.AbstractBeanFactory.getBean(AbstractBeanFactory.java:199)
	at org.springframework.context.support.AbstractApplicationContext.getBean(AbstractApplicationContext.java:1089)
	at org.springframework.context.support.AbstractApplicationContext.finishBeanFactoryInitialization(AbstractApplicationContext.java:859)
	at org.springframework.context.support.AbstractApplicationContext.refresh(AbstractApplicationContext.java:550)
	at org.springframework.web.servlet.FrameworkServlet.configureAndRefreshWebApplicationContext(FrameworkServlet.java:676)
	at org.springframework.web.servlet.FrameworkServlet.createWebApplicationContext(FrameworkServlet.java:642)
	at org.springframework.web.servlet.FrameworkServlet.createWebApplicationContext(FrameworkServlet.java:690)
	at org.springframework.web.servlet.FrameworkServlet.initWebApplicationContext(FrameworkServlet.java:558)
	at org.springframework.web.servlet.FrameworkServlet.initServletBean(FrameworkServlet.java:499)
	at org.springframework.web.servlet.HttpServletBean.init(HttpServletBean.java:172)
	at javax.servlet.GenericServlet.init(GenericServlet.java:158)
	at org.apache.catalina.core.StandardWrapper.initServlet(StandardWrapper.java:1144)
	at org.apache.catalina.core.StandardWrapper.loadServlet(StandardWrapper.java:1091)
	at org.apache.catalina.core.StandardWrapper.allocate(StandardWrapper.java:773)
	at org.apache.catalina.core.StandardWrapperValve.invoke(StandardWrapperValve.java:133)
	at org.apache.catalina.core.StandardContextValve.invoke(StandardContextValve.java:96)
	at org.apache.catalina.authenticator.AuthenticatorBase.invoke(AuthenticatorBase.java:496)
	at org.apache.catalina.core.StandardHostValve.invoke(StandardHostValve.java:140)
	at org.apache.catalina.valves.ErrorReportValve.invoke(ErrorReportValve.java:81)
	at org.apache.catalina.valves.AbstractAccessLogValve.invoke(AbstractAccessLogValve.java:650)
	at org.apache.catalina.core.StandardEngineValve.invoke(StandardEngineValve.java:87)
	at org.apache.catalina.connector.CoyoteAdapter.service(CoyoteAdapter.java:342)
	at org.apache.coyote.http11.Http11Processor.service(Http11Processor.java:803)
	at org.apache.coyote.AbstractProcessorLight.process(AbstractProcessorLight.java:66)
	at org.apache.coyote.AbstractProtocol$ConnectionHandler.process(AbstractProtocol.java:790)
	at org.apache.tomcat.util.net.NioEndpoint$SocketProcessor.doRun(NioEndpoint.java:1459)
	at org.apache.tomcat.util.net.SocketProcessorBase.run(SocketProcessorBase.java:49)
	at java.util.concurrent.ThreadPoolExecutor.runWorker(ThreadPoolExecutor.java:1142)
	at java.util.concurrent.ThreadPoolExecutor$Worker.run(ThreadPoolExecutor.java:617)
	at org.apache.tomcat.util.threads.TaskThread$WrappingRunnable.run(TaskThread.java:61)
	at java.lang.Thread.run(Thread.java:745)
Caused by: javax.persistence.PersistenceException: [PersistenceUnit: spring_example_PU] Unable to build Hibernate SessionFactory; nested exception is org.hibernate.exception.GenericJDBCException: Unable to open JDBC Connection for DDL execution
	at org.springframework.orm.jpa.AbstractEntityManagerFactoryBean.buildNativeEntityManagerFactory(AbstractEntityManagerFactoryBean.java:402)
	at org.springframework.orm.jpa.AbstractEntityManagerFactoryBean.afterPropertiesSet(AbstractEntityManagerFactoryBean.java:377)
	at org.springframework.orm.jpa.LocalContainerEntityManagerFactoryBean.afterPropertiesSet(LocalContainerEntityManagerFactoryBean.java:341)
	at org.springframework.beans.factory.support.AbstractAutowireCapableBeanFactory.invokeInitMethods(AbstractAutowireCapableBeanFactory.java:1758)
	at org.springframework.beans.factory.support.AbstractAutowireCapableBeanFactory.initializeBean(AbstractAutowireCapableBeanFactory.java:1695)
	... 36 more
Caused by: org.hibernate.exception.GenericJDBCException: Unable to open JDBC Connection for DDL execution
	at org.hibernate.exception.internal.StandardSQLExceptionConverter.convert(StandardSQLExceptionConverter.java:47)
	at org.hibernate.engine.jdbc.spi.SqlExceptionHelper.convert(SqlExceptionHelper.java:111)
	at org.hibernate.engine.jdbc.spi.SqlExceptionHelper.convert(SqlExceptionHelper.java:97)
	at org.hibernate.resource.transaction.backend.jdbc.internal.DdlTransactionIsolatorNonJtaImpl.getIsolatedConnection(DdlTransactionIsolatorNonJtaImpl.java:69)
	at org.hibernate.tool.schema.internal.exec.ImprovedExtractionContextImpl.getJdbcConnection(ImprovedExtractionContextImpl.java:60)
	at org.hibernate.tool.schema.internal.exec.ImprovedExtractionContextImpl.getJdbcDatabaseMetaData(ImprovedExtractionContextImpl.java:67)
	at org.hibernate.tool.schema.extract.internal.InformationExtractorJdbcDatabaseMetaDataImpl.getTables(InformationExtractorJdbcDatabaseMetaDataImpl.java:329)
	at org.hibernate.tool.schema.extract.internal.DatabaseInformationImpl.getTablesInformation(DatabaseInformationImpl.java:120)
	at org.hibernate.tool.schema.internal.GroupedSchemaMigratorImpl.performTablesMigration(GroupedSchemaMigratorImpl.java:65)
	at org.hibernate.tool.schema.internal.AbstractSchemaMigrator.performMigration(AbstractSchemaMigrator.java:207)
	at org.hibernate.tool.schema.internal.AbstractSchemaMigrator.doMigration(AbstractSchemaMigrator.java:114)
	at org.hibernate.tool.schema.spi.SchemaManagementToolCoordinator.performDatabaseAction(SchemaManagementToolCoordinator.java:183)
	at org.hibernate.tool.schema.spi.SchemaManagementToolCoordinator.process(SchemaManagementToolCoordinator.java:72)
	at org.hibernate.internal.SessionFactoryImpl.<init>(SessionFactoryImpl.java:312)
	at org.hibernate.boot.internal.SessionFactoryBuilderImpl.build(SessionFactoryBuilderImpl.java:462)
	at org.hibernate.jpa.boot.internal.EntityManagerFactoryBuilderImpl.build(EntityManagerFactoryBuilderImpl.java:892)
	at org.springframework.orm.jpa.vendor.SpringHibernateJpaPersistenceProvider.createContainerEntityManagerFactory(SpringHibernateJpaPersistenceProvider.java:57)
	at org.springframework.orm.jpa.LocalContainerEntityManagerFactoryBean.createNativeEntityManagerFactory(LocalContainerEntityManagerFactoryBean.java:365)
	at org.springframework.orm.jpa.AbstractEntityManagerFactoryBean.buildNativeEntityManagerFactory(AbstractEntityManagerFactoryBean.java:390)
	... 40 more
Caused by: java.sql.SQLException: Cannot create PoolableConnectionFactory (Communications link failure

The last packet sent successfully to the server was 0 milliseconds ago. The driver has not received any packets from the server.)
	at org.apache.tomcat.dbcp.dbcp2.BasicDataSource.createPoolableConnectionFactory(BasicDataSource.java:2342)
	at org.apache.tomcat.dbcp.dbcp2.BasicDataSource.createDataSource(BasicDataSource.java:2067)
	at org.apache.tomcat.dbcp.dbcp2.BasicDataSource.getConnection(BasicDataSource.java:1543)
	at org.hibernate.engine.jdbc.connections.internal.DatasourceConnectionProviderImpl.getConnection(DatasourceConnectionProviderImpl.java:122)
	at org.hibernate.engine.jdbc.env.internal.JdbcEnvironmentInitiator$ConnectionProviderJdbcConnectionAccess.obtainConnection(JdbcEnvironmentInitiator.java:180)
	at org.hibernate.resource.transaction.backend.jdbc.internal.DdlTransactionIsolatorNonJtaImpl.getIsolatedConnection(DdlTransactionIsolatorNonJtaImpl.java:43)
	... 55 more
Caused by: com.mysql.cj.jdbc.exceptions.CommunicationsException: Communications link failure

The last packet sent successfully to the server was 0 milliseconds ago. The driver has not received any packets from the server.
	at com.mysql.cj.jdbc.exceptions.SQLError.createCommunicationsException(SQLError.java:174)
	at com.mysql.cj.jdbc.exceptions.SQLExceptionsMapping.translateException(SQLExceptionsMapping.java:64)
	at com.mysql.cj.jdbc.ConnectionImpl.createNewIO(ConnectionImpl.java:832)
	at com.mysql.cj.jdbc.ConnectionImpl.<init>(ConnectionImpl.java:456)
	at com.mysql.cj.jdbc.ConnectionImpl.getInstance(ConnectionImpl.java:240)
	at com.mysql.cj.jdbc.NonRegisteringDriver.connect(NonRegisteringDriver.java:207)
	at org.apache.tomcat.dbcp.dbcp2.DriverConnectionFactory.createConnection(DriverConnectionFactory.java:38)
	at org.apache.tomcat.dbcp.dbcp2.PoolableConnectionFactory.makeObject(PoolableConnectionFactory.java:262)
	at org.apache.tomcat.dbcp.dbcp2.BasicDataSource.validateConnectionFactory(BasicDataSource.java:2352)
	at org.apache.tomcat.dbcp.dbcp2.BasicDataSource.createPoolableConnectionFactory(BasicDataSource.java:2338)
	... 60 more
Caused by: com.mysql.cj.exceptions.CJCommunicationsException: Communications link failure

The last packet sent successfully to the server was 0 milliseconds ago. The driver has not received any packets from the server.
	at sun.reflect.NativeConstructorAccessorImpl.newInstance0(Native Method)
	at sun.reflect.NativeConstructorAccessorImpl.newInstance(NativeConstructorAccessorImpl.java:62)
	at sun.reflect.DelegatingConstructorAccessorImpl.newInstance(DelegatingConstructorAccessorImpl.java:45)
	at java.lang.reflect.Constructor.newInstance(Constructor.java:423)
	at com.mysql.cj.exceptions.ExceptionFactory.createException(ExceptionFactory.java:61)
	at com.mysql.cj.exceptions.ExceptionFactory.createException(ExceptionFactory.java:105)
	at com.mysql.cj.exceptions.ExceptionFactory.createException(ExceptionFactory.java:151)
	at com.mysql.cj.exceptions.ExceptionFactory.createCommunicationsException(ExceptionFactory.java:167)
	at com.mysql.cj.protocol.a.NativeSocketConnection.connect(NativeSocketConnection.java:91)
	at com.mysql.cj.NativeSession.connect(NativeSession.java:152)
	at com.mysql.cj.jdbc.ConnectionImpl.connectOneTryOnly(ConnectionImpl.java:952)
	at com.mysql.cj.jdbc.ConnectionImpl.createNewIO(ConnectionImpl.java:822)
	... 67 more
Caused by: java.net.ConnectException: Connection refused: connect
	at java.net.DualStackPlainSocketImpl.connect0(Native Method)
	at java.net.DualStackPlainSocketImpl.socketConnect(DualStackPlainSocketImpl.java:79)
	at java.net.AbstractPlainSocketImpl.doConnect(AbstractPlainSocketImpl.java:350)
	at java.net.AbstractPlainSocketImpl.connectToAddress(AbstractPlainSocketImpl.java:206)
	at java.net.AbstractPlainSocketImpl.connect(AbstractPlainSocketImpl.java:188)
	at java.net.PlainSocketImpl.connect(PlainSocketImpl.java:172)
	at java.net.SocksSocketImpl.connect(SocksSocketImpl.java:392)
	at java.net.Socket.connect(Socket.java:589)
	at com.mysql.cj.protocol.StandardSocketFactory.connect(StandardSocketFactory.java:173)
	at com.mysql.cj.protocol.a.NativeSocketConnection.connect(NativeSocketConnection.java:65)
	... 70 more

