05-Aug-2018 09:41:14.432 INFO [main] org.apache.catalina.startup.VersionLoggerListener.log Server version:        Apache Tomcat/8.5.29
05-Aug-2018 09:41:14.440 INFO [main] org.apache.catalina.startup.VersionLoggerListener.log Server built:          Mar 5 2018 13:11:12 UTC
05-Aug-2018 09:41:14.441 INFO [main] org.apache.catalina.startup.VersionLoggerListener.log Server number:         8.5.29.0
05-Aug-2018 09:41:14.441 INFO [main] org.apache.catalina.startup.VersionLoggerListener.log OS Name:               Windows 10
05-Aug-2018 09:41:14.441 INFO [main] org.apache.catalina.startup.VersionLoggerListener.log OS Version:            10.0
05-Aug-2018 09:41:14.441 INFO [main] org.apache.catalina.startup.VersionLoggerListener.log Architecture:          amd64
05-Aug-2018 09:41:14.441 INFO [main] org.apache.catalina.startup.VersionLoggerListener.log Java Home:             C:\Program Files\Java\jdk1.8.0_121\jre
05-Aug-2018 09:41:14.441 INFO [main] org.apache.catalina.startup.VersionLoggerListener.log JVM Version:           1.8.0_121-b13
05-Aug-2018 09:41:14.441 INFO [main] org.apache.catalina.startup.VersionLoggerListener.log JVM Vendor:            Oracle Corporation
05-Aug-2018 09:41:14.441 INFO [main] org.apache.catalina.startup.VersionLoggerListener.log CATALINA_BASE:         D:\Program Files\apache-tomcat-8.5.29
05-Aug-2018 09:41:14.441 INFO [main] org.apache.catalina.startup.VersionLoggerListener.log CATALINA_HOME:         D:\Program Files\apache-tomcat-8.5.29
05-Aug-2018 09:41:14.442 INFO [main] org.apache.catalina.startup.VersionLoggerListener.log Command line argument: -Djava.util.logging.config.file=D:\Program Files\apache-tomcat-8.5.29\conf\logging.properties
05-Aug-2018 09:41:14.442 INFO [main] org.apache.catalina.startup.VersionLoggerListener.log Command line argument: -Djava.util.logging.manager=org.apache.juli.ClassLoaderLogManager
05-Aug-2018 09:41:14.442 INFO [main] org.apache.catalina.startup.VersionLoggerListener.log Command line argument: -Djdk.tls.ephemeralDHKeySize=2048
05-Aug-2018 09:41:14.442 INFO [main] org.apache.catalina.startup.VersionLoggerListener.log Command line argument: -Djava.protocol.handler.pkgs=org.apache.catalina.webresources
05-Aug-2018 09:41:14.442 INFO [main] org.apache.catalina.startup.VersionLoggerListener.log Command line argument: -Dignore.endorsed.dirs=
05-Aug-2018 09:41:14.442 INFO [main] org.apache.catalina.startup.VersionLoggerListener.log Command line argument: -Dcatalina.base=D:\Program Files\apache-tomcat-8.5.29
05-Aug-2018 09:41:14.443 INFO [main] org.apache.catalina.startup.VersionLoggerListener.log Command line argument: -Dcatalina.home=D:\Program Files\apache-tomcat-8.5.29
05-Aug-2018 09:41:14.443 INFO [main] org.apache.catalina.startup.VersionLoggerListener.log Command line argument: -Djava.io.tmpdir=D:\Program Files\apache-tomcat-8.5.29\temp
05-Aug-2018 09:41:14.443 INFO [main] org.apache.catalina.core.AprLifecycleListener.lifecycleEvent The APR based Apache Tomcat Native library which allows optimal performance in production environments was not found on the java.library.path: [C:\Program Files\Java\jdk1.8.0_121\bin;C:\WINDOWS\Sun\Java\bin;C:\WINDOWS\system32;C:\WINDOWS;C:\ProgramData\Oracle\Java\javapath;C:\WINDOWS\system32;C:\WINDOWS;C:\WINDOWS\System32\Wbem;C:\WINDOWS\System32\WindowsPowerShell\v1.0\;C:\Program Files\Java\jdk1.8.0_121\bin;C:\Program Files (x86)\GtkSharp\2.12\bin;C:\Program Files (x86)\NVIDIA Corporation\PhysX\Common;D:\Program Files\Microsoft SQL Server\Client SDK\ODBC\110\Tools\Binn\;D:\Program Files (x86)\Microsoft SQL Server\120\Tools\Binn\;D:\Program Files\Microsoft SQL Server\120\Tools\Binn\;D:\Program Files\Microsoft SQL Server\120\DTS\Binn\;D:\Program Files (x86)\Microsoft SQL Server\120\Tools\Binn\ManagementStudio\;D:\Program Files (x86)\Microsoft SQL Server\120\DTS\Binn\;C:\WINDOWS\system32;C:\WINDOWS;C:\WINDOWS\System32\Wbem;C:\WINDOWS\System32\WindowsPowerShell\v1.0\;C:\WINDOWS\System32\OpenSSH\;D:\Program Files\Git\cmd;C:\Program Files\Java\jdk1.8.0_121\bin;%USERPROFILE%\AppData\Local\Microsoft\WindowsApps;;.]
05-Aug-2018 09:41:14.674 INFO [main] org.apache.coyote.AbstractProtocol.init Initializing ProtocolHandler ["http-nio-8080"]
05-Aug-2018 09:41:14.747 INFO [main] org.apache.tomcat.util.net.NioSelectorPool.getSharedSelector Using a shared selector for servlet write/read
05-Aug-2018 09:41:14.752 INFO [main] org.apache.coyote.AbstractProtocol.init Initializing ProtocolHandler ["ajp-nio-8009"]
05-Aug-2018 09:41:14.753 INFO [main] org.apache.tomcat.util.net.NioSelectorPool.getSharedSelector Using a shared selector for servlet write/read
05-Aug-2018 09:41:14.754 INFO [main] org.apache.catalina.startup.Catalina.load Initialization processed in 598 ms
05-Aug-2018 09:41:14.788 INFO [main] org.apache.catalina.core.StandardService.startInternal Starting service [Catalina]
05-Aug-2018 09:41:14.788 INFO [main] org.apache.catalina.core.StandardEngine.startInternal Starting Servlet Engine: Apache Tomcat/8.5.29
05-Aug-2018 09:41:14.804 INFO [localhost-startStop-1] org.apache.catalina.startup.HostConfig.deployWAR Deploying web application archive [D:\Program Files\apache-tomcat-8.5.29\webapps\DDDFlightPub-security.war]
05-Aug-2018 09:41:17.020 INFO [localhost-startStop-1] org.apache.jasper.servlet.TldScanner.scanJars At least one JAR was scanned for TLDs yet contained no TLDs. Enable debug logging for this logger for a complete list of JARs that were scanned but no TLDs were found in them. Skipping unneeded JARs during scanning can improve startup time and JSP compilation time.
05-Aug-2018 09:41:17.066 INFO [localhost-startStop-1] org.springframework.web.context.ContextLoader.initWebApplicationContext Root WebApplicationContext: initialization started
05-Aug-2018 09:41:17.115 INFO [localhost-startStop-1] org.springframework.context.support.AbstractApplicationContext.prepareRefresh Refreshing Root WebApplicationContext: startup date [Sun Aug 05 09:41:17 AEST 2018]; root of context hierarchy
05-Aug-2018 09:41:17.160 INFO [localhost-startStop-1] org.springframework.beans.factory.xml.XmlBeanDefinitionReader.loadBeanDefinitions Loading XML bean definitions from ServletContext resource [/WEB-INF/SpringDispatcher-servlet.xml]
05-Aug-2018 09:41:17.833 WARNING [localhost-startStop-1] org.springframework.context.support.AbstractApplicationContext.refresh Exception encountered during context initialization - cancelling refresh attempt: org.springframework.beans.factory.BeanCreationException: Error creating bean with name 'entityManagerFactory' defined in ServletContext resource [/WEB-INF/SpringDispatcher-servlet.xml]: Invocation of init method failed; nested exception is java.lang.IllegalArgumentException: No persistence unit with name 'userPU' found
05-Aug-2018 09:41:17.836 SEVERE [localhost-startStop-1] org.springframework.web.context.ContextLoader.initWebApplicationContext Context initialization failed
 org.springframework.beans.factory.BeanCreationException: Error creating bean with name 'entityManagerFactory' defined in ServletContext resource [/WEB-INF/SpringDispatcher-servlet.xml]: Invocation of init method failed; nested exception is java.lang.IllegalArgumentException: No persistence unit with name 'userPU' found
	at org.springframework.beans.factory.support.AbstractAutowireCapableBeanFactory.initializeBean(AbstractAutowireCapableBeanFactory.java:1706)
	at org.springframework.beans.factory.support.AbstractAutowireCapableBeanFactory.doCreateBean(AbstractAutowireCapableBeanFactory.java:579)
	at org.springframework.beans.factory.support.AbstractAutowireCapableBeanFactory.createBean(AbstractAutowireCapableBeanFactory.java:501)
	at org.springframework.beans.factory.support.AbstractBeanFactory.lambda$doGetBean$0(AbstractBeanFactory.java:317)
	at org.springframework.beans.factory.support.DefaultSingletonBeanRegistry.getSingleton(DefaultSingletonBeanRegistry.java:228)
	at org.springframework.beans.factory.support.AbstractBeanFactory.doGetBean(AbstractBeanFactory.java:315)
	at org.springframework.beans.factory.support.AbstractBeanFactory.getBean(AbstractBeanFactory.java:199)
	at org.springframework.context.support.AbstractApplicationContext.getBean(AbstractApplicationContext.java:1089)
	at org.springframework.context.support.AbstractApplicationContext.finishBeanFactoryInitialization(AbstractApplicationContext.java:859)
	at org.springframework.context.support.AbstractApplicationContext.refresh(AbstractApplicationContext.java:550)
	at org.springframework.web.context.ContextLoader.configureAndRefreshWebApplicationContext(ContextLoader.java:409)
	at org.springframework.web.context.ContextLoader.initWebApplicationContext(ContextLoader.java:291)
	at org.springframework.web.context.ContextLoaderListener.contextInitialized(ContextLoaderListener.java:103)
	at org.apache.catalina.core.StandardContext.listenerStart(StandardContext.java:4753)
	at org.apache.catalina.core.StandardContext.startInternal(StandardContext.java:5215)
	at org.apache.catalina.util.LifecycleBase.start(LifecycleBase.java:150)
	at org.apache.catalina.core.ContainerBase.addChildInternal(ContainerBase.java:754)
	at org.apache.catalina.core.ContainerBase.addChild(ContainerBase.java:730)
	at org.apache.catalina.core.StandardHost.addChild(StandardHost.java:734)
	at org.apache.catalina.startup.HostConfig.deployWAR(HostConfig.java:986)
	at org.apache.catalina.startup.HostConfig$DeployWar.run(HostConfig.java:1857)
	at java.util.concurrent.Executors$RunnableAdapter.call(Executors.java:511)
	at java.util.concurrent.FutureTask.run(FutureTask.java:266)
	at java.util.concurrent.ThreadPoolExecutor.runWorker(ThreadPoolExecutor.java:1142)
	at java.util.concurrent.ThreadPoolExecutor$Worker.run(ThreadPoolExecutor.java:617)
	at java.lang.Thread.run(Thread.java:745)
Caused by: java.lang.IllegalArgumentException: No persistence unit with name 'userPU' found
	at org.springframework.orm.jpa.persistenceunit.DefaultPersistenceUnitManager.obtainPersistenceUnitInfo(DefaultPersistenceUnitManager.java:733)
	at org.springframework.orm.jpa.LocalContainerEntityManagerFactoryBean.determinePersistenceUnitInfo(LocalContainerEntityManagerFactoryBean.java:384)
	at org.springframework.orm.jpa.LocalContainerEntityManagerFactoryBean.afterPropertiesSet(LocalContainerEntityManagerFactoryBean.java:332)
	at org.springframework.beans.factory.support.AbstractAutowireCapableBeanFactory.invokeInitMethods(AbstractAutowireCapableBeanFactory.java:1765)
	at org.springframework.beans.factory.support.AbstractAutowireCapableBeanFactory.initializeBean(AbstractAutowireCapableBeanFactory.java:1702)
	... 25 more

05-Aug-2018 09:41:17.837 SEVERE [localhost-startStop-1] org.apache.catalina.core.StandardContext.startInternal One or more listeners failed to start. Full details will be found in the appropriate container log file
05-Aug-2018 09:41:17.838 SEVERE [localhost-startStop-1] org.apache.catalina.core.StandardContext.startInternal Context [/DDDFlightPub-security] startup failed due to previous errors
05-Aug-2018 09:41:17.849 INFO [localhost-startStop-1] org.apache.catalina.startup.HostConfig.deployWAR Deployment of web application archive [D:\Program Files\apache-tomcat-8.5.29\webapps\DDDFlightPub-security.war] has finished in [3,045] ms
05-Aug-2018 09:41:17.853 INFO [localhost-startStop-1] org.apache.catalina.startup.HostConfig.deployWAR Deploying web application archive [D:\Program Files\apache-tomcat-8.5.29\webapps\FlightPub-test.war]
05-Aug-2018 09:41:19.130 INFO [localhost-startStop-1] org.springframework.web.context.ContextLoader.initWebApplicationContext Root WebApplicationContext: initialization started
05-Aug-2018 09:41:19.171 INFO [localhost-startStop-1] org.springframework.context.support.AbstractApplicationContext.prepareRefresh Refreshing Root WebApplicationContext: startup date [Sun Aug 05 09:41:19 AEST 2018]; root of context hierarchy
05-Aug-2018 09:41:19.202 INFO [localhost-startStop-1] org.springframework.beans.factory.xml.XmlBeanDefinitionReader.loadBeanDefinitions Loading XML bean definitions from ServletContext resource [/WEB-INF/spring-security.xml]
05-Aug-2018 09:41:19.250 INFO [localhost-startStop-1] org.springframework.security.core.SpringSecurityCoreVersion.performVersionChecks You are running with Spring Security Core 5.0.4.RELEASE
05-Aug-2018 09:41:19.253 INFO [localhost-startStop-1] org.springframework.security.config.SecurityNamespaceHandler.<init> Spring Security 'config' module version is 5.0.4.RELEASE
05-Aug-2018 09:41:19.305 INFO [localhost-startStop-1] org.springframework.security.config.http.FilterInvocationSecurityMetadataSourceParser.parseInterceptUrlsForFilterInvocationRequestMap Creating access control expression attribute 'hasRole('ROLE_USER')' for /create-review
05-Aug-2018 09:41:19.305 INFO [localhost-startStop-1] org.springframework.security.config.http.FilterInvocationSecurityMetadataSourceParser.parseInterceptUrlsForFilterInvocationRequestMap Creating access control expression attribute 'hasRole('ROLE_USER')' for /payment
05-Aug-2018 09:41:19.306 INFO [localhost-startStop-1] org.springframework.security.config.http.FilterInvocationSecurityMetadataSourceParser.parseInterceptUrlsForFilterInvocationRequestMap Creating access control expression attribute 'hasRole('ROLE_USER')' for /purchase-history
05-Aug-2018 09:41:19.307 INFO [localhost-startStop-1] org.springframework.security.config.http.FilterInvocationSecurityMetadataSourceParser.parseInterceptUrlsForFilterInvocationRequestMap Creating access control expression attribute 'hasRole('ROLE_USER')' for /purchase-summary
05-Aug-2018 09:41:19.323 INFO [localhost-startStop-1] org.springframework.security.config.http.AuthenticationConfigBuilder.createLoginPageFilterIfNeeded No login page configured. The default internal one will be used. Use the 'login-page' attribute to set the URL of the login page.
05-Aug-2018 09:41:19.328 INFO [localhost-startStop-1] org.springframework.security.config.http.HttpSecurityBeanDefinitionParser.checkFilterChainOrder Checking sorted filter chain: [Root bean: class [org.springframework.security.web.context.SecurityContextPersistenceFilter]; scope=; abstract=false; lazyInit=false; autowireMode=0; dependencyCheck=0; autowireCandidate=true; primary=false; factoryBeanName=null; factoryMethodName=null; initMethodName=null; destroyMethodName=null, order = 200, Root bean: class [org.springframework.security.web.context.request.async.WebAsyncManagerIntegrationFilter]; scope=; abstract=false; lazyInit=false; autowireMode=0; dependencyCheck=0; autowireCandidate=true; primary=false; factoryBeanName=null; factoryMethodName=null; initMethodName=null; destroyMethodName=null, order = 400, Root bean: class [org.springframework.security.web.header.HeaderWriterFilter]; scope=; abstract=false; lazyInit=false; autowireMode=0; dependencyCheck=0; autowireCandidate=true; primary=false; factoryBeanName=null; factoryMethodName=null; initMethodName=null; destroyMethodName=null, order = 500, Root bean: class [org.springframework.security.web.csrf.CsrfFilter]; scope=; abstract=false; lazyInit=false; autowireMode=0; dependencyCheck=0; autowireCandidate=true; primary=false; factoryBeanName=null; factoryMethodName=null; initMethodName=null; destroyMethodName=null, order = 700, <org.springframework.security.web.authentication.UsernamePasswordAuthenticationFilter#0>, order = 1200, Root bean: class [org.springframework.security.web.authentication.ui.DefaultLoginPageGeneratingFilter]; scope=; abstract=false; lazyInit=false; autowireMode=0; dependencyCheck=0; autowireCandidate=true; primary=false; factoryBeanName=null; factoryMethodName=null; initMethodName=null; destroyMethodName=null, order = 1400, Root bean: class [org.springframework.security.web.savedrequest.RequestCacheAwareFilter]; scope=; abstract=false; lazyInit=false; autowireMode=0; dependencyCheck=0; autowireCandidate=true; primary=false; factoryBeanName=null; factoryMethodName=null; initMethodName=null; destroyMethodName=null, order = 1700, Root bean: class [null]; scope=; abstract=false; lazyInit=false; autowireMode=0; dependencyCheck=0; autowireCandidate=true; primary=false; factoryBeanName=org.springframework.security.config.http.HttpConfigurationBuilder$SecurityContextHolderAwareRequestFilterBeanFactory#0; factoryMethodName=getBean; initMethodName=null; destroyMethodName=null, order = 1800, Root bean: class [org.springframework.security.web.authentication.AnonymousAuthenticationFilter]; scope=; abstract=false; lazyInit=false; autowireMode=0; dependencyCheck=0; autowireCandidate=true; primary=false; factoryBeanName=null; factoryMethodName=null; initMethodName=null; destroyMethodName=null, order = 2100, Root bean: class [org.springframework.security.web.session.SessionManagementFilter]; scope=; abstract=false; lazyInit=false; autowireMode=0; dependencyCheck=0; autowireCandidate=true; primary=false; factoryBeanName=null; factoryMethodName=null; initMethodName=null; destroyMethodName=null, order = 2200, Root bean: class [org.springframework.security.web.access.ExceptionTranslationFilter]; scope=; abstract=false; lazyInit=false; autowireMode=0; dependencyCheck=0; autowireCandidate=true; primary=false; factoryBeanName=null; factoryMethodName=null; initMethodName=null; destroyMethodName=null, order = 2300, <org.springframework.security.web.access.intercept.FilterSecurityInterceptor#0>, order = 2400]
05-Aug-2018 09:41:19.559 INFO [localhost-startStop-1] org.springframework.security.web.DefaultSecurityFilterChain.<init> Creating filter chain: org.springframework.security.web.util.matcher.AnyRequestMatcher@1, [org.springframework.security.web.context.SecurityContextPersistenceFilter@4a27aa63, org.springframework.security.web.context.request.async.WebAsyncManagerIntegrationFilter@3f647a34, org.springframework.security.web.header.HeaderWriterFilter@490e1a5, org.springframework.security.web.csrf.CsrfFilter@504651c0, org.springframework.security.web.authentication.UsernamePasswordAuthenticationFilter@27459d19, org.springframework.security.web.authentication.ui.DefaultLoginPageGeneratingFilter@3b6cf61f, org.springframework.security.web.savedrequest.RequestCacheAwareFilter@38f2b51e, org.springframework.security.web.servletapi.SecurityContextHolderAwareRequestFilter@5a583b91, org.springframework.security.web.authentication.AnonymousAuthenticationFilter@51fed896, org.springframework.security.web.session.SessionManagementFilter@dfe10b8, org.springframework.security.web.access.ExceptionTranslationFilter@20890e5c, org.springframework.security.web.access.intercept.FilterSecurityInterceptor@3b163d6f]
05-Aug-2018 09:41:19.569 INFO [localhost-startStop-1] org.springframework.security.config.http.DefaultFilterChainValidator.checkLoginPageIsntProtected Checking whether login URL '/login' is accessible with your configuration
05-Aug-2018 09:41:19.584 INFO [localhost-startStop-1] org.springframework.web.context.ContextLoader.initWebApplicationContext Root WebApplicationContext: initialization completed in 453 ms
05-Aug-2018 09:41:19.592 INFO [localhost-startStop-1] org.springframework.web.servlet.FrameworkServlet.initServletBean FrameworkServlet 'SpringDispatcher': initialization started
05-Aug-2018 09:41:19.595 INFO [localhost-startStop-1] org.springframework.context.support.AbstractApplicationContext.prepareRefresh Refreshing WebApplicationContext for namespace 'SpringDispatcher-servlet': startup date [Sun Aug 05 09:41:19 AEST 2018]; parent: Root WebApplicationContext
05-Aug-2018 09:41:19.595 INFO [localhost-startStop-1] org.springframework.beans.factory.xml.XmlBeanDefinitionReader.loadBeanDefinitions Loading XML bean definitions from ServletContext resource [/WEB-INF/SpringDispatcher-servlet.xml]
05-Aug-2018 09:41:20.009 INFO [localhost-startStop-1] org.springframework.web.servlet.handler.AbstractHandlerMethodMapping$MappingRegistry.register Mapped "{[/bookings],methods=[GET]}" onto public org.springframework.web.servlet.ModelAndView seng3150.group3.controllers.BookingsController.bookings()
05-Aug-2018 09:41:20.011 INFO [localhost-startStop-1] org.springframework.web.servlet.handler.AbstractHandlerMethodMapping$MappingRegistry.register Mapped "{[/book-ticket],methods=[GET]}" onto public org.springframework.web.servlet.ModelAndView seng3150.group3.controllers.BookTicketController.bookTicket()
05-Aug-2018 09:41:20.012 INFO [localhost-startStop-1] org.springframework.web.servlet.handler.AbstractHandlerMethodMapping$MappingRegistry.register Mapped "{[/create-review],methods=[GET]}" onto public org.springframework.web.servlet.ModelAndView seng3150.group3.controllers.CreateReviewController.createReview()
05-Aug-2018 09:41:20.012 INFO [localhost-startStop-1] org.springframework.web.servlet.handler.AbstractHandlerMethodMapping$MappingRegistry.register Mapped "{[/flight-details],methods=[GET]}" onto public org.springframework.web.servlet.ModelAndView seng3150.group3.controllers.FlightDetailsController.flightDetails()
05-Aug-2018 09:41:20.013 INFO [localhost-startStop-1] org.springframework.web.servlet.handler.AbstractHandlerMethodMapping$MappingRegistry.register Mapped "{[/],methods=[GET]}" onto public java.lang.String seng3150.group3.controllers.IndexController.index()
05-Aug-2018 09:41:20.016 INFO [localhost-startStop-1] org.springframework.web.servlet.handler.AbstractHandlerMethodMapping$MappingRegistry.register Mapped "{[/login],methods=[GET]}" onto public org.springframework.web.servlet.ModelAndView seng3150.group3.controllers.LoginController.login()
05-Aug-2018 09:41:20.016 INFO [localhost-startStop-1] org.springframework.web.servlet.handler.AbstractHandlerMethodMapping$MappingRegistry.register Mapped "{[/login],methods=[POST]}" onto public org.springframework.web.servlet.ModelAndView seng3150.group3.controllers.LoginController.loginPost(java.lang.String,java.lang.String)
05-Aug-2018 09:41:20.017 INFO [localhost-startStop-1] org.springframework.web.servlet.handler.AbstractHandlerMethodMapping$MappingRegistry.register Mapped "{[/normal-results],methods=[GET]}" onto public org.springframework.web.servlet.ModelAndView seng3150.group3.controllers.NormalResultsController.normalResults()
05-Aug-2018 09:41:20.018 INFO [localhost-startStop-1] org.springframework.web.servlet.handler.AbstractHandlerMethodMapping$MappingRegistry.register Mapped "{[/payment],methods=[GET]}" onto public org.springframework.web.servlet.ModelAndView seng3150.group3.controllers.PaymentController.payment()
05-Aug-2018 09:41:20.018 INFO [localhost-startStop-1] org.springframework.web.servlet.handler.AbstractHandlerMethodMapping$MappingRegistry.register Mapped "{[/purchase-history],methods=[GET]}" onto public org.springframework.web.servlet.ModelAndView seng3150.group3.controllers.PurchaseHistoryController.purchaseHistory()
05-Aug-2018 09:41:20.020 INFO [localhost-startStop-1] org.springframework.web.servlet.handler.AbstractHandlerMethodMapping$MappingRegistry.register Mapped "{[/purchase-summary],methods=[GET]}" onto public org.springframework.web.servlet.ModelAndView seng3150.group3.controllers.PurchaseSummaryController.purchaseSummary()
05-Aug-2018 09:41:20.021 INFO [localhost-startStop-1] org.springframework.web.servlet.handler.AbstractHandlerMethodMapping$MappingRegistry.register Mapped "{[/recommendations],methods=[GET]}" onto public org.springframework.web.servlet.ModelAndView seng3150.group3.controllers.RecommendationsController.recommendations()
05-Aug-2018 09:41:20.022 INFO [localhost-startStop-1] org.springframework.web.servlet.handler.AbstractHandlerMethodMapping$MappingRegistry.register Mapped "{[/register],methods=[GET]}" onto public org.springframework.web.servlet.ModelAndView seng3150.group3.controllers.RegisterController.register()
05-Aug-2018 09:41:20.023 INFO [localhost-startStop-1] org.springframework.web.servlet.handler.AbstractHandlerMethodMapping$MappingRegistry.register Mapped "{[/results],methods=[GET]}" onto public org.springframework.web.servlet.ModelAndView seng3150.group3.controllers.ResultsController.results()
05-Aug-2018 09:41:20.023 INFO [localhost-startStop-1] org.springframework.web.servlet.handler.AbstractHandlerMethodMapping$MappingRegistry.register Mapped "{[/search],methods=[GET]}" onto public org.springframework.web.servlet.ModelAndView seng3150.group3.controllers.SearchController.search()
05-Aug-2018 09:41:20.024 INFO [localhost-startStop-1] org.springframework.web.servlet.handler.AbstractHandlerMethodMapping$MappingRegistry.register Mapped "{[/view-reviews-admin],methods=[GET]}" onto public org.springframework.web.servlet.ModelAndView seng3150.group3.controllers.ViewReviewsAdminController.viewReviewsAdmin()
05-Aug-2018 09:41:20.027 INFO [localhost-startStop-1] org.springframework.web.servlet.handler.AbstractHandlerMethodMapping$MappingRegistry.register Mapped "{[/view-reviews],methods=[GET]}" onto public org.springframework.web.servlet.ModelAndView seng3150.group3.controllers.ViewReviewsController.viewReviews()
05-Aug-2018 09:41:20.081 INFO [localhost-startStop-1] org.springframework.web.servlet.mvc.method.annotation.RequestMappingHandlerAdapter.initControllerAdviceCache Looking for @ControllerAdvice: WebApplicationContext for namespace 'SpringDispatcher-servlet': startup date [Sun Aug 05 09:41:19 AEST 2018]; parent: Root WebApplicationContext
05-Aug-2018 09:41:20.136 INFO [localhost-startStop-1] org.springframework.web.servlet.mvc.method.annotation.RequestMappingHandlerAdapter.initControllerAdviceCache Looking for @ControllerAdvice: WebApplicationContext for namespace 'SpringDispatcher-servlet': startup date [Sun Aug 05 09:41:19 AEST 2018]; parent: Root WebApplicationContext
05-Aug-2018 09:41:20.180 INFO [localhost-startStop-1] org.springframework.web.servlet.handler.AbstractUrlHandlerMapping.registerHandler Mapped URL path [/js/**] onto handler 'org.springframework.web.servlet.resource.ResourceHttpRequestHandler#0'
05-Aug-2018 09:41:20.181 INFO [localhost-startStop-1] org.springframework.web.servlet.handler.AbstractUrlHandlerMapping.registerHandler Mapped URL path [/css/**] onto handler 'org.springframework.web.servlet.resource.ResourceHttpRequestHandler#1'
05-Aug-2018 09:41:20.183 INFO [localhost-startStop-1] org.springframework.web.servlet.handler.AbstractUrlHandlerMapping.registerHandler Mapped URL path [/img/**] onto handler 'org.springframework.web.servlet.resource.ResourceHttpRequestHandler#2'
05-Aug-2018 09:41:20.247 INFO [localhost-startStop-1] org.springframework.web.servlet.FrameworkServlet.initServletBean FrameworkServlet 'SpringDispatcher': initialization completed in 655 ms
05-Aug-2018 09:41:20.272 INFO [localhost-startStop-1] org.apache.catalina.startup.HostConfig.deployWAR Deployment of web application archive [D:\Program Files\apache-tomcat-8.5.29\webapps\FlightPub-test.war] has finished in [2,419] ms
05-Aug-2018 09:41:20.273 INFO [localhost-startStop-1] org.apache.catalina.startup.HostConfig.deployDirectory Deploying web application directory [D:\Program Files\apache-tomcat-8.5.29\webapps\a3]
05-Aug-2018 09:41:20.683 WARNING [localhost-startStop-1] org.apache.tomcat.dbcp.dbcp2.BasicDataSourceFactory.getObjectInstance Name = it_services Property maxActive is not used in DBCP2, use maxTotal instead. maxTotal default value is 8. You have set value of "100" for "maxActive" property, which is being ignored.
05-Aug-2018 09:41:20.683 WARNING [localhost-startStop-1] org.apache.tomcat.dbcp.dbcp2.BasicDataSourceFactory.getObjectInstance Name = it_services Property maxWait is not used in DBCP2 , use maxWaitMillis instead. maxWaitMillis default value is -1. You have set value of "10000" for "maxWait" property, which is being ignored.
05-Aug-2018 09:41:20.720 INFO [localhost-startStop-1] org.apache.catalina.startup.HostConfig.deployDirectory Deployment of web application directory [D:\Program Files\apache-tomcat-8.5.29\webapps\a3] has finished in [447] ms
05-Aug-2018 09:41:20.720 INFO [localhost-startStop-1] org.apache.catalina.startup.HostConfig.deployDirectory Deploying web application directory [D:\Program Files\apache-tomcat-8.5.29\webapps\Asn1]
05-Aug-2018 09:41:20.763 INFO [localhost-startStop-1] org.apache.catalina.startup.HostConfig.deployDirectory Deployment of web application directory [D:\Program Files\apache-tomcat-8.5.29\webapps\Asn1] has finished in [43] ms
05-Aug-2018 09:41:20.763 INFO [localhost-startStop-1] org.apache.catalina.startup.HostConfig.deployDirectory Deploying web application directory [D:\Program Files\apache-tomcat-8.5.29\webapps\c3256747_assignment1]
05-Aug-2018 09:41:20.861 INFO [localhost-startStop-1] org.apache.catalina.startup.HostConfig.deployDirectory Deployment of web application directory [D:\Program Files\apache-tomcat-8.5.29\webapps\c3256747_assignment1] has finished in [98] ms
05-Aug-2018 09:41:20.862 INFO [localhost-startStop-1] org.apache.catalina.startup.HostConfig.deployDirectory Deploying web application directory [D:\Program Files\apache-tomcat-8.5.29\webapps\c3256747_assignment2]
05-Aug-2018 09:41:20.977 INFO [localhost-startStop-1] org.apache.catalina.startup.HostConfig.deployDirectory Deployment of web application directory [D:\Program Files\apache-tomcat-8.5.29\webapps\c3256747_assignment2] has finished in [116] ms
05-Aug-2018 09:41:20.977 INFO [localhost-startStop-1] org.apache.catalina.startup.HostConfig.deployDirectory Deploying web application directory [D:\Program Files\apache-tomcat-8.5.29\webapps\DDDFlightPub-test]
05-Aug-2018 09:41:21.693 INFO [localhost-startStop-1] org.springframework.web.context.ContextLoader.initWebApplicationContext Root WebApplicationContext: initialization started
05-Aug-2018 09:41:21.806 INFO [localhost-startStop-1] org.springframework.context.support.AbstractApplicationContext.prepareRefresh Refreshing Root WebApplicationContext: startup date [Sun Aug 05 09:41:21 AEST 2018]; root of context hierarchy
05-Aug-2018 09:41:21.841 INFO [localhost-startStop-1] org.springframework.beans.factory.xml.XmlBeanDefinitionReader.loadBeanDefinitions Loading XML bean definitions from ServletContext resource [/WEB-INF/SpringDispatcher-servlet.xml]
05-Aug-2018 09:41:22.510 INFO [localhost-startStop-1] org.springframework.web.servlet.handler.AbstractHandlerMethodMapping$MappingRegistry.register Mapped "{[/],methods=[GET]}" onto public org.springframework.web.servlet.ModelAndView seng3150.group3.IndexController.index(java.lang.String)
05-Aug-2018 09:41:22.567 INFO [localhost-startStop-1] org.springframework.web.servlet.mvc.method.annotation.RequestMappingHandlerAdapter.initControllerAdviceCache Looking for @ControllerAdvice: Root WebApplicationContext: startup date [Sun Aug 05 09:41:21 AEST 2018]; root of context hierarchy
05-Aug-2018 09:41:22.628 INFO [localhost-startStop-1] org.springframework.web.servlet.mvc.method.annotation.RequestMappingHandlerAdapter.initControllerAdviceCache Looking for @ControllerAdvice: Root WebApplicationContext: startup date [Sun Aug 05 09:41:21 AEST 2018]; root of context hierarchy
05-Aug-2018 09:41:22.686 INFO [localhost-startStop-1] org.springframework.web.servlet.handler.AbstractUrlHandlerMapping.registerHandler Default mapping to handler 'org.springframework.web.servlet.resource.ResourceHttpRequestHandler#0'
05-Aug-2018 09:41:22.688 INFO [localhost-startStop-1] org.springframework.web.servlet.handler.AbstractUrlHandlerMapping.registerHandler Mapped URL path [/js/**] onto handler 'org.springframework.web.servlet.resource.ResourceHttpRequestHandler#1'
05-Aug-2018 09:41:22.690 INFO [localhost-startStop-1] org.springframework.web.servlet.handler.AbstractUrlHandlerMapping.registerHandler Mapped URL path [/css/**] onto handler 'org.springframework.web.servlet.resource.ResourceHttpRequestHandler#2'
05-Aug-2018 09:41:22.693 INFO [localhost-startStop-1] org.springframework.web.servlet.handler.AbstractUrlHandlerMapping.registerHandler Mapped URL path [/img/**] onto handler 'org.springframework.web.servlet.resource.ResourceHttpRequestHandler#3'
05-Aug-2018 09:41:22.738 INFO [localhost-startStop-1] org.springframework.web.context.ContextLoader.initWebApplicationContext Root WebApplicationContext: initialization completed in 1045 ms
05-Aug-2018 09:41:22.740 INFO [localhost-startStop-1] org.springframework.web.servlet.FrameworkServlet.initServletBean FrameworkServlet 'SpringDispatcher': initialization started
05-Aug-2018 09:41:22.742 INFO [localhost-startStop-1] org.springframework.context.support.AbstractApplicationContext.prepareRefresh Refreshing WebApplicationContext for namespace 'SpringDispatcher-servlet': startup date [Sun Aug 05 09:41:22 AEST 2018]; parent: Root WebApplicationContext
05-Aug-2018 09:41:22.742 INFO [localhost-startStop-1] org.springframework.beans.factory.xml.XmlBeanDefinitionReader.loadBeanDefinitions Loading XML bean definitions from ServletContext resource [/WEB-INF/SpringDispatcher-servlet.xml]
05-Aug-2018 09:41:22.793 INFO [localhost-startStop-1] org.springframework.web.servlet.handler.AbstractHandlerMethodMapping$MappingRegistry.register Mapped "{[/],methods=[GET]}" onto public org.springframework.web.servlet.ModelAndView seng3150.group3.IndexController.index(java.lang.String)
05-Aug-2018 09:41:22.812 INFO [localhost-startStop-1] org.springframework.web.servlet.mvc.method.annotation.RequestMappingHandlerAdapter.initControllerAdviceCache Looking for @ControllerAdvice: WebApplicationContext for namespace 'SpringDispatcher-servlet': startup date [Sun Aug 05 09:41:22 AEST 2018]; parent: Root WebApplicationContext
05-Aug-2018 09:41:22.821 INFO [localhost-startStop-1] org.springframework.web.servlet.mvc.method.annotation.RequestMappingHandlerAdapter.initControllerAdviceCache Looking for @ControllerAdvice: WebApplicationContext for namespace 'SpringDispatcher-servlet': startup date [Sun Aug 05 09:41:22 AEST 2018]; parent: Root WebApplicationContext
05-Aug-2018 09:41:22.844 INFO [localhost-startStop-1] org.springframework.web.servlet.handler.AbstractUrlHandlerMapping.registerHandler Default mapping to handler 'org.springframework.web.servlet.resource.ResourceHttpRequestHandler#0'
05-Aug-2018 09:41:22.846 INFO [localhost-startStop-1] org.springframework.web.servlet.handler.AbstractUrlHandlerMapping.registerHandler Mapped URL path [/js/**] onto handler 'org.springframework.web.servlet.resource.ResourceHttpRequestHandler#1'
05-Aug-2018 09:41:22.848 INFO [localhost-startStop-1] org.springframework.web.servlet.handler.AbstractUrlHandlerMapping.registerHandler Mapped URL path [/css/**] onto handler 'org.springframework.web.servlet.resource.ResourceHttpRequestHandler#2'
05-Aug-2018 09:41:22.850 INFO [localhost-startStop-1] org.springframework.web.servlet.handler.AbstractUrlHandlerMapping.registerHandler Mapped URL path [/img/**] onto handler 'org.springframework.web.servlet.resource.ResourceHttpRequestHandler#3'
05-Aug-2018 09:41:22.884 INFO [localhost-startStop-1] org.springframework.web.servlet.FrameworkServlet.initServletBean FrameworkServlet 'SpringDispatcher': initialization completed in 144 ms
05-Aug-2018 09:41:22.886 INFO [localhost-startStop-1] org.apache.catalina.startup.HostConfig.deployDirectory Deployment of web application directory [D:\Program Files\apache-tomcat-8.5.29\webapps\DDDFlightPub-test] has finished in [1,908] ms
05-Aug-2018 09:41:22.886 INFO [localhost-startStop-1] org.apache.catalina.startup.HostConfig.deployDirectory Deploying web application directory [D:\Program Files\apache-tomcat-8.5.29\webapps\docs]
05-Aug-2018 09:41:22.912 INFO [localhost-startStop-1] org.apache.catalina.startup.HostConfig.deployDirectory Deployment of web application directory [D:\Program Files\apache-tomcat-8.5.29\webapps\docs] has finished in [26] ms
05-Aug-2018 09:41:22.912 INFO [localhost-startStop-1] org.apache.catalina.startup.HostConfig.deployDirectory Deploying web application directory [D:\Program Files\apache-tomcat-8.5.29\webapps\examples]
05-Aug-2018 09:41:24.203 INFO [localhost-startStop-1] org.apache.catalina.startup.HostConfig.deployDirectory Deployment of web application directory [D:\Program Files\apache-tomcat-8.5.29\webapps\examples] has finished in [1,291] ms
05-Aug-2018 09:41:24.203 INFO [localhost-startStop-1] org.apache.catalina.startup.HostConfig.deployDirectory Deploying web application directory [D:\Program Files\apache-tomcat-8.5.29\webapps\host-manager]
05-Aug-2018 09:41:24.258 INFO [localhost-startStop-1] org.apache.catalina.startup.HostConfig.deployDirectory Deployment of web application directory [D:\Program Files\apache-tomcat-8.5.29\webapps\host-manager] has finished in [54] ms
05-Aug-2018 09:41:24.258 INFO [localhost-startStop-1] org.apache.catalina.startup.HostConfig.deployDirectory Deploying web application directory [D:\Program Files\apache-tomcat-8.5.29\webapps\Lab0405]
05-Aug-2018 09:41:24.337 INFO [localhost-startStop-1] org.apache.catalina.startup.HostConfig.deployDirectory Deployment of web application directory [D:\Program Files\apache-tomcat-8.5.29\webapps\Lab0405] has finished in [79] ms
05-Aug-2018 09:41:24.338 INFO [localhost-startStop-1] org.apache.catalina.startup.HostConfig.deployDirectory Deploying web application directory [D:\Program Files\apache-tomcat-8.5.29\webapps\manager]
05-Aug-2018 09:41:24.379 INFO [localhost-startStop-1] org.apache.catalina.startup.HostConfig.deployDirectory Deployment of web application directory [D:\Program Files\apache-tomcat-8.5.29\webapps\manager] has finished in [41] ms
05-Aug-2018 09:41:24.379 INFO [localhost-startStop-1] org.apache.catalina.startup.HostConfig.deployDirectory Deploying web application directory [D:\Program Files\apache-tomcat-8.5.29\webapps\ROOT]
05-Aug-2018 09:41:24.405 INFO [localhost-startStop-1] org.apache.catalina.startup.HostConfig.deployDirectory Deployment of web application directory [D:\Program Files\apache-tomcat-8.5.29\webapps\ROOT] has finished in [26] ms
05-Aug-2018 09:41:24.405 INFO [localhost-startStop-1] org.apache.catalina.startup.HostConfig.deployDirectory Deploying web application directory [D:\Program Files\apache-tomcat-8.5.29\webapps\seng3150-group-3]
05-Aug-2018 09:41:24.416 INFO [localhost-startStop-1] org.apache.catalina.startup.HostConfig.deployDirectory Deployment of web application directory [D:\Program Files\apache-tomcat-8.5.29\webapps\seng3150-group-3] has finished in [11] ms
05-Aug-2018 09:41:24.420 INFO [main] org.apache.coyote.AbstractProtocol.start Starting ProtocolHandler ["http-nio-8080"]
05-Aug-2018 09:41:24.427 INFO [main] org.apache.coyote.AbstractProtocol.start Starting ProtocolHandler ["ajp-nio-8009"]
05-Aug-2018 09:41:24.430 INFO [main] org.apache.catalina.startup.Catalina.start Server startup in 9676 ms
05-Aug-2018 12:48:00.682 WARNING [http-nio-8080-exec-10] org.springframework.web.servlet.DispatcherServlet.noHandlerFound No mapping found for HTTP request with URI [/FlightPub-test/l] in DispatcherServlet with name 'SpringDispatcher'
