04-Oct-2018 09:23:57.457 INFO [main] org.apache.catalina.startup.VersionLoggerListener.log Server version:        Apache Tomcat/8.5.29
04-Oct-2018 09:23:57.466 INFO [main] org.apache.catalina.startup.VersionLoggerListener.log Server built:          Mar 5 2018 13:11:12 UTC
04-Oct-2018 09:23:57.466 INFO [main] org.apache.catalina.startup.VersionLoggerListener.log Server number:         8.5.29.0
04-Oct-2018 09:23:57.466 INFO [main] org.apache.catalina.startup.VersionLoggerListener.log OS Name:               Windows 10
04-Oct-2018 09:23:57.466 INFO [main] org.apache.catalina.startup.VersionLoggerListener.log OS Version:            10.0
04-Oct-2018 09:23:57.466 INFO [main] org.apache.catalina.startup.VersionLoggerListener.log Architecture:          amd64
04-Oct-2018 09:23:57.466 INFO [main] org.apache.catalina.startup.VersionLoggerListener.log Java Home:             C:\Program Files\Java\jdk1.8.0_121\jre
04-Oct-2018 09:23:57.466 INFO [main] org.apache.catalina.startup.VersionLoggerListener.log JVM Version:           1.8.0_121-b13
04-Oct-2018 09:23:57.466 INFO [main] org.apache.catalina.startup.VersionLoggerListener.log JVM Vendor:            Oracle Corporation
04-Oct-2018 09:23:57.466 INFO [main] org.apache.catalina.startup.VersionLoggerListener.log CATALINA_BASE:         D:\Program Files\apache-tomcat-8.5.29
04-Oct-2018 09:23:57.466 INFO [main] org.apache.catalina.startup.VersionLoggerListener.log CATALINA_HOME:         D:\Program Files\apache-tomcat-8.5.29
04-Oct-2018 09:23:57.466 INFO [main] org.apache.catalina.startup.VersionLoggerListener.log Command line argument: -Djava.util.logging.config.file=D:\Program Files\apache-tomcat-8.5.29\conf\logging.properties
04-Oct-2018 09:23:57.467 INFO [main] org.apache.catalina.startup.VersionLoggerListener.log Command line argument: -Djava.util.logging.manager=org.apache.juli.ClassLoaderLogManager
04-Oct-2018 09:23:57.467 INFO [main] org.apache.catalina.startup.VersionLoggerListener.log Command line argument: -Djdk.tls.ephemeralDHKeySize=2048
04-Oct-2018 09:23:57.467 INFO [main] org.apache.catalina.startup.VersionLoggerListener.log Command line argument: -Djava.protocol.handler.pkgs=org.apache.catalina.webresources
04-Oct-2018 09:23:57.467 INFO [main] org.apache.catalina.startup.VersionLoggerListener.log Command line argument: -Dignore.endorsed.dirs=
04-Oct-2018 09:23:57.467 INFO [main] org.apache.catalina.startup.VersionLoggerListener.log Command line argument: -Dcatalina.base=D:\Program Files\apache-tomcat-8.5.29
04-Oct-2018 09:23:57.467 INFO [main] org.apache.catalina.startup.VersionLoggerListener.log Command line argument: -Dcatalina.home=D:\Program Files\apache-tomcat-8.5.29
04-Oct-2018 09:23:57.467 INFO [main] org.apache.catalina.startup.VersionLoggerListener.log Command line argument: -Djava.io.tmpdir=D:\Program Files\apache-tomcat-8.5.29\temp
04-Oct-2018 09:23:57.467 INFO [main] org.apache.catalina.core.AprLifecycleListener.lifecycleEvent The APR based Apache Tomcat Native library which allows optimal performance in production environments was not found on the java.library.path: [C:\Program Files\Java\jdk1.8.0_121\bin;C:\WINDOWS\Sun\Java\bin;C:\WINDOWS\system32;C:\WINDOWS;C:\ProgramData\Oracle\Java\javapath;C:\WINDOWS\system32;C:\WINDOWS;C:\WINDOWS\System32\Wbem;C:\WINDOWS\System32\WindowsPowerShell\v1.0\;C:\Program Files\Java\jdk1.8.0_121\bin;C:\Program Files (x86)\GtkSharp\2.12\bin;C:\Program Files (x86)\NVIDIA Corporation\PhysX\Common;D:\Program Files\Microsoft SQL Server\Client SDK\ODBC\110\Tools\Binn\;D:\Program Files (x86)\Microsoft SQL Server\120\Tools\Binn\;D:\Program Files\Microsoft SQL Server\120\Tools\Binn\;D:\Program Files\Microsoft SQL Server\120\DTS\Binn\;D:\Program Files (x86)\Microsoft SQL Server\120\Tools\Binn\ManagementStudio\;D:\Program Files (x86)\Microsoft SQL Server\120\DTS\Binn\;C:\WINDOWS\system32;C:\WINDOWS;C:\WINDOWS\System32\Wbem;C:\WINDOWS\System32\WindowsPowerShell\v1.0\;C:\WINDOWS\System32\OpenSSH\;D:\Program Files\Git\cmd;C:\Program Files (x86)\Windows Kits\10\Windows Performance Toolkit\;C:\Program Files\Java\jdk1.8.0_121\bin;%USERPROFILE%\AppData\Local\Microsoft\WindowsApps;;.]
04-Oct-2018 09:23:57.697 INFO [main] org.apache.coyote.AbstractProtocol.init Initializing ProtocolHandler ["http-nio-8080"]
04-Oct-2018 09:23:57.768 INFO [main] org.apache.tomcat.util.net.NioSelectorPool.getSharedSelector Using a shared selector for servlet write/read
04-Oct-2018 09:23:57.778 INFO [main] org.apache.coyote.AbstractProtocol.init Initializing ProtocolHandler ["ajp-nio-8009"]
04-Oct-2018 09:23:57.779 INFO [main] org.apache.tomcat.util.net.NioSelectorPool.getSharedSelector Using a shared selector for servlet write/read
04-Oct-2018 09:23:57.779 INFO [main] org.apache.catalina.startup.Catalina.load Initialization processed in 587 ms
04-Oct-2018 09:23:57.814 INFO [main] org.apache.catalina.core.StandardService.startInternal Starting service [Catalina]
04-Oct-2018 09:23:57.814 INFO [main] org.apache.catalina.core.StandardEngine.startInternal Starting Servlet Engine: Apache Tomcat/8.5.29
04-Oct-2018 09:23:57.891 INFO [localhost-startStop-1] org.apache.catalina.startup.HostConfig.deployWAR Deploying web application archive [D:\Program Files\apache-tomcat-8.5.29\webapps\FlightPub-0.2.war]
04-Oct-2018 09:24:01.676 INFO [localhost-startStop-1] org.apache.jasper.servlet.TldScanner.scanJars At least one JAR was scanned for TLDs yet contained no TLDs. Enable debug logging for this logger for a complete list of JARs that were scanned but no TLDs were found in them. Skipping unneeded JARs during scanning can improve startup time and JSP compilation time.
04-Oct-2018 09:24:01.801 INFO [localhost-startStop-1] org.springframework.web.context.ContextLoader.initWebApplicationContext Root WebApplicationContext: initialization started
04-Oct-2018 09:24:01.850 INFO [localhost-startStop-1] org.springframework.context.support.AbstractApplicationContext.prepareRefresh Refreshing Root WebApplicationContext: startup date [Thu Oct 04 09:24:01 AEST 2018]; root of context hierarchy
04-Oct-2018 09:24:01.916 INFO [localhost-startStop-1] org.springframework.web.context.support.AnnotationConfigWebApplicationContext.loadBeanDefinitions No annotated classes found for specified class/package [/WEB-INF/SpringDispatcher-servlet.xml]
04-Oct-2018 09:24:01.963 INFO [localhost-startStop-1] org.springframework.web.context.support.AnnotationConfigWebApplicationContext.loadBeanDefinitions Found 1 annotated classes in package [seng3150.group3.config]
04-Oct-2018 09:24:02.810 INFO [localhost-startStop-1] org.springframework.security.web.DefaultSecurityFilterChain.<init> Creating filter chain: org.springframework.security.web.util.matcher.AnyRequestMatcher@1, [org.springframework.security.web.context.request.async.WebAsyncManagerIntegrationFilter@27b31fb4, org.springframework.security.web.context.SecurityContextPersistenceFilter@3bcfd352, org.springframework.security.web.header.HeaderWriterFilter@80da632, org.springframework.security.web.authentication.logout.LogoutFilter@15f02cae, org.springframework.security.web.authentication.UsernamePasswordAuthenticationFilter@54528e1, org.springframework.security.web.savedrequest.RequestCacheAwareFilter@169802d6, org.springframework.security.web.servletapi.SecurityContextHolderAwareRequestFilter@237b5330, org.springframework.security.web.authentication.AnonymousAuthenticationFilter@5ef77e13, org.springframework.security.web.session.SessionManagementFilter@73812bd4, org.springframework.security.web.access.ExceptionTranslationFilter@5bc2f4b1, org.springframework.security.web.access.intercept.FilterSecurityInterceptor@293acbd7]
04-Oct-2018 09:24:02.850 INFO [localhost-startStop-1] org.springframework.web.context.ContextLoader.initWebApplicationContext Root WebApplicationContext: initialization completed in 1049 ms
04-Oct-2018 09:24:02.859 INFO [localhost-startStop-1] org.springframework.web.servlet.FrameworkServlet.initServletBean FrameworkServlet 'SpringDispatcher': initialization started
04-Oct-2018 09:24:02.861 INFO [localhost-startStop-1] org.springframework.context.support.AbstractApplicationContext.prepareRefresh Refreshing WebApplicationContext for namespace 'SpringDispatcher-servlet': startup date [Thu Oct 04 09:24:02 AEST 2018]; parent: Root WebApplicationContext
04-Oct-2018 09:24:02.871 INFO [localhost-startStop-1] org.springframework.beans.factory.xml.XmlBeanDefinitionReader.loadBeanDefinitions Loading XML bean definitions from ServletContext resource [/WEB-INF/SpringDispatcher-servlet.xml]
04-Oct-2018 09:24:03.368 INFO [localhost-startStop-1] org.springframework.orm.jpa.LocalContainerEntityManagerFactoryBean.createNativeEntityManagerFactory Building JPA container EntityManagerFactory for persistence unit 'spring_example_PU'
04-Oct-2018 09:24:03.390 INFO [localhost-startStop-1] org.hibernate.jpa.internal.util.LogHelper.logPersistenceUnitInformation HHH000204: Processing PersistenceUnitInfo [
	name: spring_example_PU
	...]
04-Oct-2018 09:24:03.492 INFO [localhost-startStop-1] org.hibernate.Version.logVersion HHH000412: Hibernate Core {5.2.17.Final}
04-Oct-2018 09:24:03.494 INFO [localhost-startStop-1] org.hibernate.cfg.Environment.<clinit> HHH000206: hibernate.properties not found
04-Oct-2018 09:24:03.547 INFO [localhost-startStop-1] org.hibernate.annotations.common.reflection.java.JavaReflectionManager.<clinit> HCANN000001: Hibernate Commons Annotations {5.0.1.Final}
04-Oct-2018 09:24:04.151 INFO [localhost-startStop-1] org.hibernate.dialect.Dialect.<init> HHH000400: Using dialect: org.hibernate.dialect.MySQL57Dialect
04-Oct-2018 09:24:04.451 WARN [localhost-startStop-1] org.hibernate.mapping.RootClass.checkCompositeIdentifier HHH000038: Composite-id class does not override equals(): seng3150.group3.beans.FlightPathPK
04-Oct-2018 09:24:04.451 WARN [localhost-startStop-1] org.hibernate.mapping.RootClass.checkCompositeIdentifier HHH000039: Composite-id class does not override hashCode(): seng3150.group3.beans.FlightPathPK
04-Oct-2018 09:24:04.992 INFO [localhost-startStop-1] org.springframework.orm.jpa.AbstractEntityManagerFactoryBean.buildNativeEntityManagerFactory Initialized JPA EntityManagerFactory for persistence unit 'spring_example_PU'
04-Oct-2018 09:24:05.056 WARNING [localhost-startStop-1] org.springframework.context.support.AbstractApplicationContext.refresh Exception encountered during context initialization - cancelling refresh attempt: org.springframework.beans.factory.UnsatisfiedDependencyException: Error creating bean with name 'registerController': Unsatisfied dependency expressed through field 'userService'; nested exception is org.springframework.beans.factory.NoSuchBeanDefinitionException: No qualifying bean of type 'seng3150.group3.service.UserService' available: expected at least 1 bean which qualifies as autowire candidate. Dependency annotations: {@org.springframework.beans.factory.annotation.Autowired(required=true)}
04-Oct-2018 09:24:05.057 INFO [localhost-startStop-1] org.springframework.orm.jpa.AbstractEntityManagerFactoryBean.destroy Closing JPA EntityManagerFactory for persistence unit 'spring_example_PU'
04-Oct-2018 09:24:05.058 SEVERE [localhost-startStop-1] org.springframework.web.servlet.FrameworkServlet.initServletBean Context initialization failed
 org.springframework.beans.factory.UnsatisfiedDependencyException: Error creating bean with name 'registerController': Unsatisfied dependency expressed through field 'userService'; nested exception is org.springframework.beans.factory.NoSuchBeanDefinitionException: No qualifying bean of type 'seng3150.group3.service.UserService' available: expected at least 1 bean which qualifies as autowire candidate. Dependency annotations: {@org.springframework.beans.factory.annotation.Autowired(required=true)}
	at org.springframework.beans.factory.annotation.AutowiredAnnotationBeanPostProcessor$AutowiredFieldElement.inject(AutowiredAnnotationBeanPostProcessor.java:586)
	at org.springframework.beans.factory.annotation.InjectionMetadata.inject(InjectionMetadata.java:91)
	at org.springframework.beans.factory.annotation.AutowiredAnnotationBeanPostProcessor.postProcessPropertyValues(AutowiredAnnotationBeanPostProcessor.java:372)
	at org.springframework.beans.factory.support.AbstractAutowireCapableBeanFactory.populateBean(AbstractAutowireCapableBeanFactory.java:1341)
	at org.springframework.beans.factory.support.AbstractAutowireCapableBeanFactory.doCreateBean(AbstractAutowireCapableBeanFactory.java:572)
	at org.springframework.beans.factory.support.AbstractAutowireCapableBeanFactory.createBean(AbstractAutowireCapableBeanFactory.java:495)
	at org.springframework.beans.factory.support.AbstractBeanFactory.lambda$doGetBean$0(AbstractBeanFactory.java:317)
	at org.springframework.beans.factory.support.DefaultSingletonBeanRegistry.getSingleton(DefaultSingletonBeanRegistry.java:222)
	at org.springframework.beans.factory.support.AbstractBeanFactory.doGetBean(AbstractBeanFactory.java:315)
	at org.springframework.beans.factory.support.AbstractBeanFactory.getBean(AbstractBeanFactory.java:199)
	at org.springframework.beans.factory.support.DefaultListableBeanFactory.preInstantiateSingletons(DefaultListableBeanFactory.java:759)
	at org.springframework.context.support.AbstractApplicationContext.finishBeanFactoryInitialization(AbstractApplicationContext.java:869)
	at org.springframework.context.support.AbstractApplicationContext.refresh(AbstractApplicationContext.java:550)
	at org.springframework.web.servlet.FrameworkServlet.configureAndRefreshWebApplicationContext(FrameworkServlet.java:676)
	at org.springframework.web.servlet.FrameworkServlet.createWebApplicationContext(FrameworkServlet.java:642)
	at org.springframework.web.servlet.FrameworkServlet.createWebApplicationContext(FrameworkServlet.java:690)
	at org.springframework.web.servlet.FrameworkServlet.initWebApplicationContext(FrameworkServlet.java:558)
	at org.springframework.web.servlet.FrameworkServlet.initServletBean(FrameworkServlet.java:499)
	at org.springframework.web.servlet.HttpServletBean.init(HttpServletBean.java:172)
	at javax.servlet.GenericServlet.init(GenericServlet.java:158)
	at org.apache.catalina.core.StandardWrapper.initServlet(StandardWrapper.java:1144)
	at org.apache.catalina.core.StandardWrapper.loadServlet(StandardWrapper.java:1091)
	at org.apache.catalina.core.StandardWrapper.load(StandardWrapper.java:983)
	at org.apache.catalina.core.StandardContext.loadOnStartup(StandardContext.java:4939)
	at org.apache.catalina.core.StandardContext.startInternal(StandardContext.java:5249)
	at org.apache.catalina.util.LifecycleBase.start(LifecycleBase.java:150)
	at org.apache.catalina.core.ContainerBase.addChildInternal(ContainerBase.java:754)
	at org.apache.catalina.core.ContainerBase.addChild(ContainerBase.java:730)
	at org.apache.catalina.core.StandardHost.addChild(StandardHost.java:734)
	at org.apache.catalina.startup.HostConfig.deployWAR(HostConfig.java:986)
	at org.apache.catalina.startup.HostConfig$DeployWar.run(HostConfig.java:1857)
	at java.util.concurrent.Executors$RunnableAdapter.call(Executors.java:511)
	at java.util.concurrent.FutureTask.run(FutureTask.java:266)
	at java.util.concurrent.ThreadPoolExecutor.runWorker(ThreadPoolExecutor.java:1142)
	at java.util.concurrent.ThreadPoolExecutor$Worker.run(ThreadPoolExecutor.java:617)
	at java.lang.Thread.run(Thread.java:745)
Caused by: org.springframework.beans.factory.NoSuchBeanDefinitionException: No qualifying bean of type 'seng3150.group3.service.UserService' available: expected at least 1 bean which qualifies as autowire candidate. Dependency annotations: {@org.springframework.beans.factory.annotation.Autowired(required=true)}
	at org.springframework.beans.factory.support.DefaultListableBeanFactory.raiseNoMatchingBeanFound(DefaultListableBeanFactory.java:1506)
	at org.springframework.beans.factory.support.DefaultListableBeanFactory.doResolveDependency(DefaultListableBeanFactory.java:1101)
	at org.springframework.beans.factory.support.DefaultListableBeanFactory.resolveDependency(DefaultListableBeanFactory.java:1062)
	at org.springframework.beans.factory.annotation.AutowiredAnnotationBeanPostProcessor$AutowiredFieldElement.inject(AutowiredAnnotationBeanPostProcessor.java:583)
	... 35 more

04-Oct-2018 09:24:05.077 INFO [localhost-startStop-1] org.apache.catalina.startup.HostConfig.deployWAR Deployment of web application archive [D:\Program Files\apache-tomcat-8.5.29\webapps\FlightPub-0.2.war] has finished in [7,185] ms
04-Oct-2018 09:24:05.078 INFO [localhost-startStop-1] org.apache.catalina.startup.HostConfig.deployDirectory Deploying web application directory [D:\Program Files\apache-tomcat-8.5.29\webapps\a3]
04-Oct-2018 09:24:05.419 WARNING [localhost-startStop-1] org.apache.tomcat.dbcp.dbcp2.BasicDataSourceFactory.getObjectInstance Name = it_services Property maxActive is not used in DBCP2, use maxTotal instead. maxTotal default value is 8. You have set value of "100" for "maxActive" property, which is being ignored.
04-Oct-2018 09:24:05.419 WARNING [localhost-startStop-1] org.apache.tomcat.dbcp.dbcp2.BasicDataSourceFactory.getObjectInstance Name = it_services Property maxWait is not used in DBCP2 , use maxWaitMillis instead. maxWaitMillis default value is -1. You have set value of "10000" for "maxWait" property, which is being ignored.
04-Oct-2018 09:24:05.438 INFO [localhost-startStop-1] org.apache.jasper.servlet.TldScanner.scanJars At least one JAR was scanned for TLDs yet contained no TLDs. Enable debug logging for this logger for a complete list of JARs that were scanned but no TLDs were found in them. Skipping unneeded JARs during scanning can improve startup time and JSP compilation time.
04-Oct-2018 09:24:05.444 INFO [localhost-startStop-1] org.apache.catalina.startup.HostConfig.deployDirectory Deployment of web application directory [D:\Program Files\apache-tomcat-8.5.29\webapps\a3] has finished in [366] ms
04-Oct-2018 09:24:05.444 INFO [localhost-startStop-1] org.apache.catalina.startup.HostConfig.deployDirectory Deploying web application directory [D:\Program Files\apache-tomcat-8.5.29\webapps\Asn1]
04-Oct-2018 09:24:05.480 INFO [localhost-startStop-1] org.apache.catalina.startup.HostConfig.deployDirectory Deployment of web application directory [D:\Program Files\apache-tomcat-8.5.29\webapps\Asn1] has finished in [36] ms
04-Oct-2018 09:24:05.480 INFO [localhost-startStop-1] org.apache.catalina.startup.HostConfig.deployDirectory Deploying web application directory [D:\Program Files\apache-tomcat-8.5.29\webapps\c3256747_assignment1]
04-Oct-2018 09:24:05.571 INFO [localhost-startStop-1] org.apache.catalina.startup.HostConfig.deployDirectory Deployment of web application directory [D:\Program Files\apache-tomcat-8.5.29\webapps\c3256747_assignment1] has finished in [91] ms
04-Oct-2018 09:24:05.571 INFO [localhost-startStop-1] org.apache.catalina.startup.HostConfig.deployDirectory Deploying web application directory [D:\Program Files\apache-tomcat-8.5.29\webapps\c3256747_assignment2]
04-Oct-2018 09:24:06.152 INFO [localhost-startStop-1] org.apache.catalina.startup.HostConfig.deployDirectory Deployment of web application directory [D:\Program Files\apache-tomcat-8.5.29\webapps\c3256747_assignment2] has finished in [581] ms
04-Oct-2018 09:24:06.153 INFO [localhost-startStop-1] org.apache.catalina.startup.HostConfig.deployDirectory Deploying web application directory [D:\Program Files\apache-tomcat-8.5.29\webapps\DDDFlightPub-test]
04-Oct-2018 09:24:07.504 INFO [localhost-startStop-1] org.apache.jasper.servlet.TldScanner.scanJars At least one JAR was scanned for TLDs yet contained no TLDs. Enable debug logging for this logger for a complete list of JARs that were scanned but no TLDs were found in them. Skipping unneeded JARs during scanning can improve startup time and JSP compilation time.
04-Oct-2018 09:24:07.518 INFO [localhost-startStop-1] org.springframework.web.context.ContextLoader.initWebApplicationContext Root WebApplicationContext: initialization started
04-Oct-2018 09:24:07.558 INFO [localhost-startStop-1] org.springframework.context.support.AbstractApplicationContext.prepareRefresh Refreshing Root WebApplicationContext: startup date [Thu Oct 04 09:24:07 AEST 2018]; root of context hierarchy
04-Oct-2018 09:24:07.595 INFO [localhost-startStop-1] org.springframework.beans.factory.xml.XmlBeanDefinitionReader.loadBeanDefinitions Loading XML bean definitions from ServletContext resource [/WEB-INF/SpringDispatcher-servlet.xml]
04-Oct-2018 09:24:08.033 INFO [localhost-startStop-1] org.springframework.web.servlet.handler.AbstractHandlerMethodMapping$MappingRegistry.register Mapped "{[/],methods=[GET]}" onto public org.springframework.web.servlet.ModelAndView seng3150.group3.IndexController.index(java.lang.String)
04-Oct-2018 09:24:08.085 INFO [localhost-startStop-1] org.springframework.web.servlet.mvc.method.annotation.RequestMappingHandlerAdapter.initControllerAdviceCache Looking for @ControllerAdvice: Root WebApplicationContext: startup date [Thu Oct 04 09:24:07 AEST 2018]; root of context hierarchy
04-Oct-2018 09:24:08.116 INFO [localhost-startStop-1] org.springframework.web.servlet.mvc.method.annotation.RequestMappingHandlerAdapter.initControllerAdviceCache Looking for @ControllerAdvice: Root WebApplicationContext: startup date [Thu Oct 04 09:24:07 AEST 2018]; root of context hierarchy
04-Oct-2018 09:24:08.166 INFO [localhost-startStop-1] org.springframework.web.servlet.handler.AbstractUrlHandlerMapping.registerHandler Default mapping to handler 'org.springframework.web.servlet.resource.ResourceHttpRequestHandler#0'
04-Oct-2018 09:24:08.168 INFO [localhost-startStop-1] org.springframework.web.servlet.handler.AbstractUrlHandlerMapping.registerHandler Mapped URL path [/js/**] onto handler 'org.springframework.web.servlet.resource.ResourceHttpRequestHandler#1'
04-Oct-2018 09:24:08.170 INFO [localhost-startStop-1] org.springframework.web.servlet.handler.AbstractUrlHandlerMapping.registerHandler Mapped URL path [/css/**] onto handler 'org.springframework.web.servlet.resource.ResourceHttpRequestHandler#2'
04-Oct-2018 09:24:08.172 INFO [localhost-startStop-1] org.springframework.web.servlet.handler.AbstractUrlHandlerMapping.registerHandler Mapped URL path [/img/**] onto handler 'org.springframework.web.servlet.resource.ResourceHttpRequestHandler#3'
04-Oct-2018 09:24:08.210 INFO [localhost-startStop-1] org.springframework.web.context.ContextLoader.initWebApplicationContext Root WebApplicationContext: initialization completed in 692 ms
04-Oct-2018 09:24:08.213 INFO [localhost-startStop-1] org.springframework.web.servlet.FrameworkServlet.initServletBean FrameworkServlet 'SpringDispatcher': initialization started
04-Oct-2018 09:24:08.215 INFO [localhost-startStop-1] org.springframework.context.support.AbstractApplicationContext.prepareRefresh Refreshing WebApplicationContext for namespace 'SpringDispatcher-servlet': startup date [Thu Oct 04 09:24:08 AEST 2018]; parent: Root WebApplicationContext
04-Oct-2018 09:24:08.216 INFO [localhost-startStop-1] org.springframework.beans.factory.xml.XmlBeanDefinitionReader.loadBeanDefinitions Loading XML bean definitions from ServletContext resource [/WEB-INF/SpringDispatcher-servlet.xml]
04-Oct-2018 09:24:08.274 INFO [localhost-startStop-1] org.springframework.web.servlet.handler.AbstractHandlerMethodMapping$MappingRegistry.register Mapped "{[/],methods=[GET]}" onto public org.springframework.web.servlet.ModelAndView seng3150.group3.IndexController.index(java.lang.String)
04-Oct-2018 09:24:08.290 INFO [localhost-startStop-1] org.springframework.web.servlet.mvc.method.annotation.RequestMappingHandlerAdapter.initControllerAdviceCache Looking for @ControllerAdvice: WebApplicationContext for namespace 'SpringDispatcher-servlet': startup date [Thu Oct 04 09:24:08 AEST 2018]; parent: Root WebApplicationContext
04-Oct-2018 09:24:08.297 INFO [localhost-startStop-1] org.springframework.web.servlet.mvc.method.annotation.RequestMappingHandlerAdapter.initControllerAdviceCache Looking for @ControllerAdvice: WebApplicationContext for namespace 'SpringDispatcher-servlet': startup date [Thu Oct 04 09:24:08 AEST 2018]; parent: Root WebApplicationContext
04-Oct-2018 09:24:08.320 INFO [localhost-startStop-1] org.springframework.web.servlet.handler.AbstractUrlHandlerMapping.registerHandler Default mapping to handler 'org.springframework.web.servlet.resource.ResourceHttpRequestHandler#0'
04-Oct-2018 09:24:08.322 INFO [localhost-startStop-1] org.springframework.web.servlet.handler.AbstractUrlHandlerMapping.registerHandler Mapped URL path [/js/**] onto handler 'org.springframework.web.servlet.resource.ResourceHttpRequestHandler#1'
04-Oct-2018 09:24:08.324 INFO [localhost-startStop-1] org.springframework.web.servlet.handler.AbstractUrlHandlerMapping.registerHandler Mapped URL path [/css/**] onto handler 'org.springframework.web.servlet.resource.ResourceHttpRequestHandler#2'
04-Oct-2018 09:24:08.327 INFO [localhost-startStop-1] org.springframework.web.servlet.handler.AbstractUrlHandlerMapping.registerHandler Mapped URL path [/img/**] onto handler 'org.springframework.web.servlet.resource.ResourceHttpRequestHandler#3'
04-Oct-2018 09:24:08.362 INFO [localhost-startStop-1] org.springframework.web.servlet.FrameworkServlet.initServletBean FrameworkServlet 'SpringDispatcher': initialization completed in 149 ms
04-Oct-2018 09:24:08.364 INFO [localhost-startStop-1] org.apache.catalina.startup.HostConfig.deployDirectory Deployment of web application directory [D:\Program Files\apache-tomcat-8.5.29\webapps\DDDFlightPub-test] has finished in [2,211] ms
04-Oct-2018 09:24:08.364 INFO [localhost-startStop-1] org.apache.catalina.startup.HostConfig.deployDirectory Deploying web application directory [D:\Program Files\apache-tomcat-8.5.29\webapps\docs]
04-Oct-2018 09:24:08.418 INFO [localhost-startStop-1] org.apache.catalina.startup.HostConfig.deployDirectory Deployment of web application directory [D:\Program Files\apache-tomcat-8.5.29\webapps\docs] has finished in [54] ms
04-Oct-2018 09:24:08.418 INFO [localhost-startStop-1] org.apache.catalina.startup.HostConfig.deployDirectory Deploying web application directory [D:\Program Files\apache-tomcat-8.5.29\webapps\examples]
04-Oct-2018 09:24:09.605 INFO [localhost-startStop-1] org.apache.catalina.startup.HostConfig.deployDirectory Deployment of web application directory [D:\Program Files\apache-tomcat-8.5.29\webapps\examples] has finished in [1,186] ms
04-Oct-2018 09:24:09.605 INFO [localhost-startStop-1] org.apache.catalina.startup.HostConfig.deployDirectory Deploying web application directory [D:\Program Files\apache-tomcat-8.5.29\webapps\FlightPub-test]
04-Oct-2018 09:24:11.187 INFO [localhost-startStop-1] org.apache.jasper.servlet.TldScanner.scanJars At least one JAR was scanned for TLDs yet contained no TLDs. Enable debug logging for this logger for a complete list of JARs that were scanned but no TLDs were found in them. Skipping unneeded JARs during scanning can improve startup time and JSP compilation time.
04-Oct-2018 09:24:11.209 INFO [localhost-startStop-1] org.springframework.web.context.ContextLoader.initWebApplicationContext Root WebApplicationContext: initialization started
04-Oct-2018 09:24:11.246 INFO [localhost-startStop-1] org.springframework.context.support.AbstractApplicationContext.prepareRefresh Refreshing Root WebApplicationContext: startup date [Thu Oct 04 09:24:11 AEST 2018]; root of context hierarchy
04-Oct-2018 09:24:11.276 INFO [localhost-startStop-1] org.springframework.beans.factory.xml.XmlBeanDefinitionReader.loadBeanDefinitions Loading XML bean definitions from ServletContext resource [/WEB-INF/spring-security.xml]
04-Oct-2018 09:24:11.333 INFO [localhost-startStop-1] org.springframework.security.core.SpringSecurityCoreVersion.performVersionChecks You are running with Spring Security Core 5.0.4.RELEASE
04-Oct-2018 09:24:11.336 INFO [localhost-startStop-1] org.springframework.security.config.SecurityNamespaceHandler.<init> Spring Security 'config' module version is 5.0.4.RELEASE
04-Oct-2018 09:24:11.373 INFO [localhost-startStop-1] org.springframework.security.config.http.FilterInvocationSecurityMetadataSourceParser.parseInterceptUrlsForFilterInvocationRequestMap Creating access control expression attribute 'hasRole('ROLE_USER')' for /create-review
04-Oct-2018 09:24:11.374 INFO [localhost-startStop-1] org.springframework.security.config.http.FilterInvocationSecurityMetadataSourceParser.parseInterceptUrlsForFilterInvocationRequestMap Creating access control expression attribute 'hasRole('ROLE_USER')' for /payment
04-Oct-2018 09:24:11.374 INFO [localhost-startStop-1] org.springframework.security.config.http.FilterInvocationSecurityMetadataSourceParser.parseInterceptUrlsForFilterInvocationRequestMap Creating access control expression attribute 'hasRole('ROLE_USER')' for /purchase-history
04-Oct-2018 09:24:11.375 INFO [localhost-startStop-1] org.springframework.security.config.http.FilterInvocationSecurityMetadataSourceParser.parseInterceptUrlsForFilterInvocationRequestMap Creating access control expression attribute 'hasRole('ROLE_USER')' for /purchase-summary
04-Oct-2018 09:24:11.388 INFO [localhost-startStop-1] org.springframework.security.config.http.AuthenticationConfigBuilder.createLoginPageFilterIfNeeded No login page configured. The default internal one will be used. Use the 'login-page' attribute to set the URL of the login page.
04-Oct-2018 09:24:11.393 INFO [localhost-startStop-1] org.springframework.security.config.http.HttpSecurityBeanDefinitionParser.checkFilterChainOrder Checking sorted filter chain: [Root bean: class [org.springframework.security.web.context.SecurityContextPersistenceFilter]; scope=; abstract=false; lazyInit=false; autowireMode=0; dependencyCheck=0; autowireCandidate=true; primary=false; factoryBeanName=null; factoryMethodName=null; initMethodName=null; destroyMethodName=null, order = 200, Root bean: class [org.springframework.security.web.context.request.async.WebAsyncManagerIntegrationFilter]; scope=; abstract=false; lazyInit=false; autowireMode=0; dependencyCheck=0; autowireCandidate=true; primary=false; factoryBeanName=null; factoryMethodName=null; initMethodName=null; destroyMethodName=null, order = 400, Root bean: class [org.springframework.security.web.header.HeaderWriterFilter]; scope=; abstract=false; lazyInit=false; autowireMode=0; dependencyCheck=0; autowireCandidate=true; primary=false; factoryBeanName=null; factoryMethodName=null; initMethodName=null; destroyMethodName=null, order = 500, Root bean: class [org.springframework.security.web.csrf.CsrfFilter]; scope=; abstract=false; lazyInit=false; autowireMode=0; dependencyCheck=0; autowireCandidate=true; primary=false; factoryBeanName=null; factoryMethodName=null; initMethodName=null; destroyMethodName=null, order = 700, <org.springframework.security.web.authentication.UsernamePasswordAuthenticationFilter#0>, order = 1200, Root bean: class [org.springframework.security.web.authentication.ui.DefaultLoginPageGeneratingFilter]; scope=; abstract=false; lazyInit=false; autowireMode=0; dependencyCheck=0; autowireCandidate=true; primary=false; factoryBeanName=null; factoryMethodName=null; initMethodName=null; destroyMethodName=null, order = 1400, Root bean: class [org.springframework.security.web.savedrequest.RequestCacheAwareFilter]; scope=; abstract=false; lazyInit=false; autowireMode=0; dependencyCheck=0; autowireCandidate=true; primary=false; factoryBeanName=null; factoryMethodName=null; initMethodName=null; destroyMethodName=null, order = 1700, Root bean: class [null]; scope=; abstract=false; lazyInit=false; autowireMode=0; dependencyCheck=0; autowireCandidate=true; primary=false; factoryBeanName=org.springframework.security.config.http.HttpConfigurationBuilder$SecurityContextHolderAwareRequestFilterBeanFactory#0; factoryMethodName=getBean; initMethodName=null; destroyMethodName=null, order = 1800, Root bean: class [org.springframework.security.web.authentication.AnonymousAuthenticationFilter]; scope=; abstract=false; lazyInit=false; autowireMode=0; dependencyCheck=0; autowireCandidate=true; primary=false; factoryBeanName=null; factoryMethodName=null; initMethodName=null; destroyMethodName=null, order = 2100, Root bean: class [org.springframework.security.web.session.SessionManagementFilter]; scope=; abstract=false; lazyInit=false; autowireMode=0; dependencyCheck=0; autowireCandidate=true; primary=false; factoryBeanName=null; factoryMethodName=null; initMethodName=null; destroyMethodName=null, order = 2200, Root bean: class [org.springframework.security.web.access.ExceptionTranslationFilter]; scope=; abstract=false; lazyInit=false; autowireMode=0; dependencyCheck=0; autowireCandidate=true; primary=false; factoryBeanName=null; factoryMethodName=null; initMethodName=null; destroyMethodName=null, order = 2300, <org.springframework.security.web.access.intercept.FilterSecurityInterceptor#0>, order = 2400]
04-Oct-2018 09:24:11.638 INFO [localhost-startStop-1] org.springframework.security.web.DefaultSecurityFilterChain.<init> Creating filter chain: org.springframework.security.web.util.matcher.AnyRequestMatcher@1, [org.springframework.security.web.context.SecurityContextPersistenceFilter@72975031, org.springframework.security.web.context.request.async.WebAsyncManagerIntegrationFilter@3f86ce1d, org.springframework.security.web.header.HeaderWriterFilter@6d776ee3, org.springframework.security.web.csrf.CsrfFilter@6168c2c2, org.springframework.security.web.authentication.UsernamePasswordAuthenticationFilter@29360006, org.springframework.security.web.authentication.ui.DefaultLoginPageGeneratingFilter@20c9d51b, org.springframework.security.web.savedrequest.RequestCacheAwareFilter@761fa797, org.springframework.security.web.servletapi.SecurityContextHolderAwareRequestFilter@51461544, org.springframework.security.web.authentication.AnonymousAuthenticationFilter@48e9095a, org.springframework.security.web.session.SessionManagementFilter@26e66c51, org.springframework.security.web.access.ExceptionTranslationFilter@2dce5405, org.springframework.security.web.access.intercept.FilterSecurityInterceptor@4cc388cd]
04-Oct-2018 09:24:11.649 INFO [localhost-startStop-1] org.springframework.security.config.http.DefaultFilterChainValidator.checkLoginPageIsntProtected Checking whether login URL '/login' is accessible with your configuration
04-Oct-2018 09:24:11.667 INFO [localhost-startStop-1] org.springframework.web.context.ContextLoader.initWebApplicationContext Root WebApplicationContext: initialization completed in 458 ms
04-Oct-2018 09:24:11.670 INFO [localhost-startStop-1] org.springframework.web.servlet.FrameworkServlet.initServletBean FrameworkServlet 'SpringDispatcher': initialization started
04-Oct-2018 09:24:11.674 INFO [localhost-startStop-1] org.springframework.context.support.AbstractApplicationContext.prepareRefresh Refreshing WebApplicationContext for namespace 'SpringDispatcher-servlet': startup date [Thu Oct 04 09:24:11 AEST 2018]; parent: Root WebApplicationContext
04-Oct-2018 09:24:11.674 INFO [localhost-startStop-1] org.springframework.beans.factory.xml.XmlBeanDefinitionReader.loadBeanDefinitions Loading XML bean definitions from ServletContext resource [/WEB-INF/SpringDispatcher-servlet.xml]
04-Oct-2018 09:24:12.105 INFO [localhost-startStop-1] org.springframework.web.servlet.handler.AbstractHandlerMethodMapping$MappingRegistry.register Mapped "{[/bookings],methods=[GET]}" onto public org.springframework.web.servlet.ModelAndView seng3150.group3.controllers.BookingsController.bookings()
04-Oct-2018 09:24:12.106 INFO [localhost-startStop-1] org.springframework.web.servlet.handler.AbstractHandlerMethodMapping$MappingRegistry.register Mapped "{[/book-ticket],methods=[GET]}" onto public org.springframework.web.servlet.ModelAndView seng3150.group3.controllers.BookTicketController.bookTicket()
04-Oct-2018 09:24:12.106 INFO [localhost-startStop-1] org.springframework.web.servlet.handler.AbstractHandlerMethodMapping$MappingRegistry.register Mapped "{[/create-review],methods=[GET]}" onto public org.springframework.web.servlet.ModelAndView seng3150.group3.controllers.CreateReviewController.createReview()
04-Oct-2018 09:24:12.107 INFO [localhost-startStop-1] org.springframework.web.servlet.handler.AbstractHandlerMethodMapping$MappingRegistry.register Mapped "{[/flight-details],methods=[GET]}" onto public org.springframework.web.servlet.ModelAndView seng3150.group3.controllers.FlightDetailsController.flightDetails()
04-Oct-2018 09:24:12.107 INFO [localhost-startStop-1] org.springframework.web.servlet.handler.AbstractHandlerMethodMapping$MappingRegistry.register Mapped "{[/],methods=[GET]}" onto public java.lang.String seng3150.group3.controllers.IndexController.index()
04-Oct-2018 09:24:12.109 INFO [localhost-startStop-1] org.springframework.web.servlet.handler.AbstractHandlerMethodMapping$MappingRegistry.register Mapped "{[/login],methods=[GET]}" onto public org.springframework.web.servlet.ModelAndView seng3150.group3.controllers.LoginController.login()
04-Oct-2018 09:24:12.110 INFO [localhost-startStop-1] org.springframework.web.servlet.handler.AbstractHandlerMethodMapping$MappingRegistry.register Mapped "{[/login],methods=[POST]}" onto public org.springframework.web.servlet.ModelAndView seng3150.group3.controllers.LoginController.loginPost(java.lang.String,java.lang.String)
04-Oct-2018 09:24:12.110 INFO [localhost-startStop-1] org.springframework.web.servlet.handler.AbstractHandlerMethodMapping$MappingRegistry.register Mapped "{[/normal-results],methods=[GET]}" onto public org.springframework.web.servlet.ModelAndView seng3150.group3.controllers.NormalResultsController.normalResults()
04-Oct-2018 09:24:12.111 INFO [localhost-startStop-1] org.springframework.web.servlet.handler.AbstractHandlerMethodMapping$MappingRegistry.register Mapped "{[/payment],methods=[GET]}" onto public org.springframework.web.servlet.ModelAndView seng3150.group3.controllers.PaymentController.payment()
04-Oct-2018 09:24:12.112 INFO [localhost-startStop-1] org.springframework.web.servlet.handler.AbstractHandlerMethodMapping$MappingRegistry.register Mapped "{[/purchase-history],methods=[GET]}" onto public org.springframework.web.servlet.ModelAndView seng3150.group3.controllers.PurchaseHistoryController.purchaseHistory()
04-Oct-2018 09:24:12.112 INFO [localhost-startStop-1] org.springframework.web.servlet.handler.AbstractHandlerMethodMapping$MappingRegistry.register Mapped "{[/purchase-summary],methods=[GET]}" onto public org.springframework.web.servlet.ModelAndView seng3150.group3.controllers.PurchaseSummaryController.purchaseSummary()
04-Oct-2018 09:24:12.113 INFO [localhost-startStop-1] org.springframework.web.servlet.handler.AbstractHandlerMethodMapping$MappingRegistry.register Mapped "{[/recommendations],methods=[GET]}" onto public org.springframework.web.servlet.ModelAndView seng3150.group3.controllers.RecommendationsController.recommendations()
04-Oct-2018 09:24:12.114 INFO [localhost-startStop-1] org.springframework.web.servlet.handler.AbstractHandlerMethodMapping$MappingRegistry.register Mapped "{[/register],methods=[GET]}" onto public org.springframework.web.servlet.ModelAndView seng3150.group3.controllers.RegisterController.register()
04-Oct-2018 09:24:12.116 INFO [localhost-startStop-1] org.springframework.web.servlet.handler.AbstractHandlerMethodMapping$MappingRegistry.register Mapped "{[/results],methods=[GET]}" onto public org.springframework.web.servlet.ModelAndView seng3150.group3.controllers.ResultsController.results()
04-Oct-2018 09:24:12.117 INFO [localhost-startStop-1] org.springframework.web.servlet.handler.AbstractHandlerMethodMapping$MappingRegistry.register Mapped "{[/search],methods=[GET]}" onto public org.springframework.web.servlet.ModelAndView seng3150.group3.controllers.SearchController.search()
04-Oct-2018 09:24:12.118 INFO [localhost-startStop-1] org.springframework.web.servlet.handler.AbstractHandlerMethodMapping$MappingRegistry.register Mapped "{[/view-reviews-admin],methods=[GET]}" onto public org.springframework.web.servlet.ModelAndView seng3150.group3.controllers.ViewReviewsAdminController.viewReviewsAdmin()
04-Oct-2018 09:24:12.120 INFO [localhost-startStop-1] org.springframework.web.servlet.handler.AbstractHandlerMethodMapping$MappingRegistry.register Mapped "{[/view-reviews],methods=[GET]}" onto public org.springframework.web.servlet.ModelAndView seng3150.group3.controllers.ViewReviewsController.viewReviews()
04-Oct-2018 09:24:12.292 INFO [localhost-startStop-1] org.springframework.web.servlet.mvc.method.annotation.RequestMappingHandlerAdapter.initControllerAdviceCache Looking for @ControllerAdvice: WebApplicationContext for namespace 'SpringDispatcher-servlet': startup date [Thu Oct 04 09:24:11 AEST 2018]; parent: Root WebApplicationContext
04-Oct-2018 09:24:12.320 INFO [localhost-startStop-1] org.springframework.web.servlet.mvc.method.annotation.RequestMappingHandlerAdapter.initControllerAdviceCache Looking for @ControllerAdvice: WebApplicationContext for namespace 'SpringDispatcher-servlet': startup date [Thu Oct 04 09:24:11 AEST 2018]; parent: Root WebApplicationContext
04-Oct-2018 09:24:12.359 INFO [localhost-startStop-1] org.springframework.web.servlet.handler.AbstractUrlHandlerMapping.registerHandler Mapped URL path [/js/**] onto handler 'org.springframework.web.servlet.resource.ResourceHttpRequestHandler#0'
04-Oct-2018 09:24:12.359 INFO [localhost-startStop-1] org.springframework.web.servlet.handler.AbstractUrlHandlerMapping.registerHandler Mapped URL path [/css/**] onto handler 'org.springframework.web.servlet.resource.ResourceHttpRequestHandler#1'
04-Oct-2018 09:24:12.361 INFO [localhost-startStop-1] org.springframework.web.servlet.handler.AbstractUrlHandlerMapping.registerHandler Mapped URL path [/img/**] onto handler 'org.springframework.web.servlet.resource.ResourceHttpRequestHandler#2'
04-Oct-2018 09:24:12.424 INFO [localhost-startStop-1] org.springframework.web.servlet.FrameworkServlet.initServletBean FrameworkServlet 'SpringDispatcher': initialization completed in 753 ms
04-Oct-2018 09:24:12.425 INFO [localhost-startStop-1] org.apache.catalina.startup.HostConfig.deployDirectory Deployment of web application directory [D:\Program Files\apache-tomcat-8.5.29\webapps\FlightPub-test] has finished in [2,820] ms
04-Oct-2018 09:24:12.425 INFO [localhost-startStop-1] org.apache.catalina.startup.HostConfig.deployDirectory Deploying web application directory [D:\Program Files\apache-tomcat-8.5.29\webapps\host-manager]
04-Oct-2018 09:24:12.466 INFO [localhost-startStop-1] org.apache.catalina.startup.HostConfig.deployDirectory Deployment of web application directory [D:\Program Files\apache-tomcat-8.5.29\webapps\host-manager] has finished in [41] ms
04-Oct-2018 09:24:12.466 INFO [localhost-startStop-1] org.apache.catalina.startup.HostConfig.deployDirectory Deploying web application directory [D:\Program Files\apache-tomcat-8.5.29\webapps\Lab0405]
04-Oct-2018 09:24:12.561 INFO [localhost-startStop-1] org.apache.catalina.startup.HostConfig.deployDirectory Deployment of web application directory [D:\Program Files\apache-tomcat-8.5.29\webapps\Lab0405] has finished in [95] ms
04-Oct-2018 09:24:12.561 INFO [localhost-startStop-1] org.apache.catalina.startup.HostConfig.deployDirectory Deploying web application directory [D:\Program Files\apache-tomcat-8.5.29\webapps\manager]
04-Oct-2018 09:24:12.602 INFO [localhost-startStop-1] org.apache.catalina.startup.HostConfig.deployDirectory Deployment of web application directory [D:\Program Files\apache-tomcat-8.5.29\webapps\manager] has finished in [41] ms
04-Oct-2018 09:24:12.602 INFO [localhost-startStop-1] org.apache.catalina.startup.HostConfig.deployDirectory Deploying web application directory [D:\Program Files\apache-tomcat-8.5.29\webapps\ROOT]
04-Oct-2018 09:24:12.629 INFO [localhost-startStop-1] org.apache.catalina.startup.HostConfig.deployDirectory Deployment of web application directory [D:\Program Files\apache-tomcat-8.5.29\webapps\ROOT] has finished in [27] ms
04-Oct-2018 09:24:12.629 INFO [localhost-startStop-1] org.apache.catalina.startup.HostConfig.deployDirectory Deploying web application directory [D:\Program Files\apache-tomcat-8.5.29\webapps\seng3150-group-3]
04-Oct-2018 09:24:12.636 INFO [localhost-startStop-1] org.apache.catalina.startup.HostConfig.deployDirectory Deployment of web application directory [D:\Program Files\apache-tomcat-8.5.29\webapps\seng3150-group-3] has finished in [7] ms
04-Oct-2018 09:24:12.640 INFO [main] org.apache.coyote.AbstractProtocol.start Starting ProtocolHandler ["http-nio-8080"]
04-Oct-2018 09:24:12.650 INFO [main] org.apache.coyote.AbstractProtocol.start Starting ProtocolHandler ["ajp-nio-8009"]
04-Oct-2018 09:24:12.652 INFO [main] org.apache.catalina.startup.Catalina.start Server startup in 14872 ms
04-Oct-2018 09:26:17.015 INFO [http-nio-8080-exec-2] org.springframework.web.servlet.FrameworkServlet.initServletBean FrameworkServlet 'SpringDispatcher': initialization started
04-Oct-2018 09:26:17.017 INFO [http-nio-8080-exec-2] org.springframework.context.support.AbstractApplicationContext.prepareRefresh Refreshing WebApplicationContext for namespace 'SpringDispatcher-servlet': startup date [Thu Oct 04 09:26:17 AEST 2018]; parent: Root WebApplicationContext
04-Oct-2018 09:26:17.017 INFO [http-nio-8080-exec-2] org.springframework.beans.factory.xml.XmlBeanDefinitionReader.loadBeanDefinitions Loading XML bean definitions from ServletContext resource [/WEB-INF/SpringDispatcher-servlet.xml]
04-Oct-2018 09:26:17.125 INFO [http-nio-8080-exec-2] org.springframework.orm.jpa.LocalContainerEntityManagerFactoryBean.createNativeEntityManagerFactory Building JPA container EntityManagerFactory for persistence unit 'spring_example_PU'
04-Oct-2018 09:26:17.125 INFO [http-nio-8080-exec-2] org.hibernate.jpa.internal.util.LogHelper.logPersistenceUnitInformation HHH000204: Processing PersistenceUnitInfo [
	name: spring_example_PU
	...]
04-Oct-2018 09:26:17.143 INFO [http-nio-8080-exec-2] org.hibernate.dialect.Dialect.<init> HHH000400: Using dialect: org.hibernate.dialect.MySQL57Dialect
04-Oct-2018 09:26:17.162 WARN [http-nio-8080-exec-2] org.hibernate.mapping.RootClass.checkCompositeIdentifier HHH000038: Composite-id class does not override equals(): seng3150.group3.beans.FlightPathPK
04-Oct-2018 09:26:17.162 WARN [http-nio-8080-exec-2] org.hibernate.mapping.RootClass.checkCompositeIdentifier HHH000039: Composite-id class does not override hashCode(): seng3150.group3.beans.FlightPathPK
04-Oct-2018 09:26:17.352 INFO [http-nio-8080-exec-2] org.springframework.orm.jpa.AbstractEntityManagerFactoryBean.buildNativeEntityManagerFactory Initialized JPA EntityManagerFactory for persistence unit 'spring_example_PU'
04-Oct-2018 09:26:17.372 WARNING [http-nio-8080-exec-2] org.springframework.context.support.AbstractApplicationContext.refresh Exception encountered during context initialization - cancelling refresh attempt: org.springframework.beans.factory.UnsatisfiedDependencyException: Error creating bean with name 'registerController': Unsatisfied dependency expressed through field 'userService'; nested exception is org.springframework.beans.factory.NoSuchBeanDefinitionException: No qualifying bean of type 'seng3150.group3.service.UserService' available: expected at least 1 bean which qualifies as autowire candidate. Dependency annotations: {@org.springframework.beans.factory.annotation.Autowired(required=true)}
04-Oct-2018 09:26:17.372 INFO [http-nio-8080-exec-2] org.springframework.orm.jpa.AbstractEntityManagerFactoryBean.destroy Closing JPA EntityManagerFactory for persistence unit 'spring_example_PU'
04-Oct-2018 09:26:17.373 SEVERE [http-nio-8080-exec-2] org.springframework.web.servlet.FrameworkServlet.initServletBean Context initialization failed
 org.springframework.beans.factory.UnsatisfiedDependencyException: Error creating bean with name 'registerController': Unsatisfied dependency expressed through field 'userService'; nested exception is org.springframework.beans.factory.NoSuchBeanDefinitionException: No qualifying bean of type 'seng3150.group3.service.UserService' available: expected at least 1 bean which qualifies as autowire candidate. Dependency annotations: {@org.springframework.beans.factory.annotation.Autowired(required=true)}
	at org.springframework.beans.factory.annotation.AutowiredAnnotationBeanPostProcessor$AutowiredFieldElement.inject(AutowiredAnnotationBeanPostProcessor.java:586)
	at org.springframework.beans.factory.annotation.InjectionMetadata.inject(InjectionMetadata.java:91)
	at org.springframework.beans.factory.annotation.AutowiredAnnotationBeanPostProcessor.postProcessPropertyValues(AutowiredAnnotationBeanPostProcessor.java:372)
	at org.springframework.beans.factory.support.AbstractAutowireCapableBeanFactory.populateBean(AbstractAutowireCapableBeanFactory.java:1341)
	at org.springframework.beans.factory.support.AbstractAutowireCapableBeanFactory.doCreateBean(AbstractAutowireCapableBeanFactory.java:572)
	at org.springframework.beans.factory.support.AbstractAutowireCapableBeanFactory.createBean(AbstractAutowireCapableBeanFactory.java:495)
	at org.springframework.beans.factory.support.AbstractBeanFactory.lambda$doGetBean$0(AbstractBeanFactory.java:317)
	at org.springframework.beans.factory.support.DefaultSingletonBeanRegistry.getSingleton(DefaultSingletonBeanRegistry.java:222)
	at org.springframework.beans.factory.support.AbstractBeanFactory.doGetBean(AbstractBeanFactory.java:315)
	at org.springframework.beans.factory.support.AbstractBeanFactory.getBean(AbstractBeanFactory.java:199)
	at org.springframework.beans.factory.support.DefaultListableBeanFactory.preInstantiateSingletons(DefaultListableBeanFactory.java:759)
	at org.springframework.context.support.AbstractApplicationContext.finishBeanFactoryInitialization(AbstractApplicationContext.java:869)
	at org.springframework.context.support.AbstractApplicationContext.refresh(AbstractApplicationContext.java:550)
	at org.springframework.web.servlet.FrameworkServlet.configureAndRefreshWebApplicationContext(FrameworkServlet.java:676)
	at org.springframework.web.servlet.FrameworkServlet.createWebApplicationContext(FrameworkServlet.java:642)
	at org.springframework.web.servlet.FrameworkServlet.createWebApplicationContext(FrameworkServlet.java:690)
	at org.springframework.web.servlet.FrameworkServlet.initWebApplicationContext(FrameworkServlet.java:558)
	at org.springframework.web.servlet.FrameworkServlet.initServletBean(FrameworkServlet.java:499)
	at org.springframework.web.servlet.HttpServletBean.init(HttpServletBean.java:172)
	at javax.servlet.GenericServlet.init(GenericServlet.java:158)
	at org.apache.catalina.core.StandardWrapper.initServlet(StandardWrapper.java:1144)
	at org.apache.catalina.core.StandardWrapper.loadServlet(StandardWrapper.java:1091)
	at org.apache.catalina.core.StandardWrapper.allocate(StandardWrapper.java:773)
	at org.apache.catalina.core.StandardWrapperValve.invoke(StandardWrapperValve.java:133)
	at org.apache.catalina.core.StandardContextValve.invoke(StandardContextValve.java:96)
	at org.apache.catalina.authenticator.AuthenticatorBase.invoke(AuthenticatorBase.java:496)
	at org.apache.catalina.core.StandardHostValve.invoke(StandardHostValve.java:140)
	at org.apache.catalina.valves.ErrorReportValve.invoke(ErrorReportValve.java:81)
	at org.apache.catalina.valves.AbstractAccessLogValve.invoke(AbstractAccessLogValve.java:650)
	at org.apache.catalina.core.StandardEngineValve.invoke(StandardEngineValve.java:87)
	at org.apache.catalina.connector.CoyoteAdapter.service(CoyoteAdapter.java:342)
	at org.apache.coyote.http11.Http11Processor.service(Http11Processor.java:803)
	at org.apache.coyote.AbstractProcessorLight.process(AbstractProcessorLight.java:66)
	at org.apache.coyote.AbstractProtocol$ConnectionHandler.process(AbstractProtocol.java:790)
	at org.apache.tomcat.util.net.NioEndpoint$SocketProcessor.doRun(NioEndpoint.java:1459)
	at org.apache.tomcat.util.net.SocketProcessorBase.run(SocketProcessorBase.java:49)
	at java.util.concurrent.ThreadPoolExecutor.runWorker(ThreadPoolExecutor.java:1142)
	at java.util.concurrent.ThreadPoolExecutor$Worker.run(ThreadPoolExecutor.java:617)
	at org.apache.tomcat.util.threads.TaskThread$WrappingRunnable.run(TaskThread.java:61)
	at java.lang.Thread.run(Thread.java:745)
Caused by: org.springframework.beans.factory.NoSuchBeanDefinitionException: No qualifying bean of type 'seng3150.group3.service.UserService' available: expected at least 1 bean which qualifies as autowire candidate. Dependency annotations: {@org.springframework.beans.factory.annotation.Autowired(required=true)}
	at org.springframework.beans.factory.support.DefaultListableBeanFactory.raiseNoMatchingBeanFound(DefaultListableBeanFactory.java:1506)
	at org.springframework.beans.factory.support.DefaultListableBeanFactory.doResolveDependency(DefaultListableBeanFactory.java:1101)
	at org.springframework.beans.factory.support.DefaultListableBeanFactory.resolveDependency(DefaultListableBeanFactory.java:1062)
	at org.springframework.beans.factory.annotation.AutowiredAnnotationBeanPostProcessor$AutowiredFieldElement.inject(AutowiredAnnotationBeanPostProcessor.java:583)
	... 39 more

04-Oct-2018 09:28:22.594 INFO [http-nio-8080-exec-5] org.springframework.web.servlet.FrameworkServlet.initServletBean FrameworkServlet 'SpringDispatcher': initialization started
04-Oct-2018 09:28:22.595 INFO [http-nio-8080-exec-5] org.springframework.context.support.AbstractApplicationContext.prepareRefresh Refreshing WebApplicationContext for namespace 'SpringDispatcher-servlet': startup date [Thu Oct 04 09:28:22 AEST 2018]; parent: Root WebApplicationContext
04-Oct-2018 09:28:22.595 INFO [http-nio-8080-exec-5] org.springframework.beans.factory.xml.XmlBeanDefinitionReader.loadBeanDefinitions Loading XML bean definitions from ServletContext resource [/WEB-INF/SpringDispatcher-servlet.xml]
04-Oct-2018 09:28:22.718 INFO [ContainerBackgroundProcessor[StandardEngine[Catalina]]] org.apache.catalina.startup.HostConfig.undeploy Undeploying context [/FlightPub-0.2]
04-Oct-2018 09:28:23.248 INFO [http-nio-8080-exec-5] org.springframework.orm.jpa.LocalContainerEntityManagerFactoryBean.createNativeEntityManagerFactory Building JPA container EntityManagerFactory for persistence unit 'spring_example_PU'
04-Oct-2018 09:28:23.248 INFO [http-nio-8080-exec-5] org.hibernate.jpa.internal.util.LogHelper.logPersistenceUnitInformation HHH000204: Processing PersistenceUnitInfo [
	name: spring_example_PU
	...]
04-Oct-2018 09:28:23.261 INFO [http-nio-8080-exec-5] org.hibernate.dialect.Dialect.<init> HHH000400: Using dialect: org.hibernate.dialect.MySQL57Dialect
04-Oct-2018 09:28:23.282 WARN [http-nio-8080-exec-5] org.hibernate.mapping.RootClass.checkCompositeIdentifier HHH000038: Composite-id class does not override equals(): seng3150.group3.beans.FlightPathPK
04-Oct-2018 09:28:23.282 WARN [http-nio-8080-exec-5] org.hibernate.mapping.RootClass.checkCompositeIdentifier HHH000039: Composite-id class does not override hashCode(): seng3150.group3.beans.FlightPathPK
04-Oct-2018 09:28:23.446 INFO [http-nio-8080-exec-5] org.springframework.orm.jpa.AbstractEntityManagerFactoryBean.buildNativeEntityManagerFactory Initialized JPA EntityManagerFactory for persistence unit 'spring_example_PU'
04-Oct-2018 09:28:23.462 WARNING [http-nio-8080-exec-5] org.springframework.context.support.AbstractApplicationContext.refresh Exception encountered during context initialization - cancelling refresh attempt: org.springframework.beans.factory.UnsatisfiedDependencyException: Error creating bean with name 'registerController': Unsatisfied dependency expressed through field 'userService'; nested exception is org.springframework.beans.factory.NoSuchBeanDefinitionException: No qualifying bean of type 'seng3150.group3.service.UserService' available: expected at least 1 bean which qualifies as autowire candidate. Dependency annotations: {@org.springframework.beans.factory.annotation.Autowired(required=true)}
04-Oct-2018 09:28:23.462 INFO [http-nio-8080-exec-5] org.springframework.orm.jpa.AbstractEntityManagerFactoryBean.destroy Closing JPA EntityManagerFactory for persistence unit 'spring_example_PU'
04-Oct-2018 09:28:23.463 SEVERE [http-nio-8080-exec-5] org.springframework.web.servlet.FrameworkServlet.initServletBean Context initialization failed
 org.springframework.beans.factory.UnsatisfiedDependencyException: Error creating bean with name 'registerController': Unsatisfied dependency expressed through field 'userService'; nested exception is org.springframework.beans.factory.NoSuchBeanDefinitionException: No qualifying bean of type 'seng3150.group3.service.UserService' available: expected at least 1 bean which qualifies as autowire candidate. Dependency annotations: {@org.springframework.beans.factory.annotation.Autowired(required=true)}
	at org.springframework.beans.factory.annotation.AutowiredAnnotationBeanPostProcessor$AutowiredFieldElement.inject(AutowiredAnnotationBeanPostProcessor.java:586)
	at org.springframework.beans.factory.annotation.InjectionMetadata.inject(InjectionMetadata.java:91)
	at org.springframework.beans.factory.annotation.AutowiredAnnotationBeanPostProcessor.postProcessPropertyValues(AutowiredAnnotationBeanPostProcessor.java:372)
	at org.springframework.beans.factory.support.AbstractAutowireCapableBeanFactory.populateBean(AbstractAutowireCapableBeanFactory.java:1341)
	at org.springframework.beans.factory.support.AbstractAutowireCapableBeanFactory.doCreateBean(AbstractAutowireCapableBeanFactory.java:572)
	at org.springframework.beans.factory.support.AbstractAutowireCapableBeanFactory.createBean(AbstractAutowireCapableBeanFactory.java:495)
	at org.springframework.beans.factory.support.AbstractBeanFactory.lambda$doGetBean$0(AbstractBeanFactory.java:317)
	at org.springframework.beans.factory.support.DefaultSingletonBeanRegistry.getSingleton(DefaultSingletonBeanRegistry.java:222)
	at org.springframework.beans.factory.support.AbstractBeanFactory.doGetBean(AbstractBeanFactory.java:315)
	at org.springframework.beans.factory.support.AbstractBeanFactory.getBean(AbstractBeanFactory.java:199)
	at org.springframework.beans.factory.support.DefaultListableBeanFactory.preInstantiateSingletons(DefaultListableBeanFactory.java:759)
	at org.springframework.context.support.AbstractApplicationContext.finishBeanFactoryInitialization(AbstractApplicationContext.java:869)
	at org.springframework.context.support.AbstractApplicationContext.refresh(AbstractApplicationContext.java:550)
	at org.springframework.web.servlet.FrameworkServlet.configureAndRefreshWebApplicationContext(FrameworkServlet.java:676)
	at org.springframework.web.servlet.FrameworkServlet.createWebApplicationContext(FrameworkServlet.java:642)
	at org.springframework.web.servlet.FrameworkServlet.createWebApplicationContext(FrameworkServlet.java:690)
	at org.springframework.web.servlet.FrameworkServlet.initWebApplicationContext(FrameworkServlet.java:558)
	at org.springframework.web.servlet.FrameworkServlet.initServletBean(FrameworkServlet.java:499)
	at org.springframework.web.servlet.HttpServletBean.init(HttpServletBean.java:172)
	at javax.servlet.GenericServlet.init(GenericServlet.java:158)
	at org.apache.catalina.core.StandardWrapper.initServlet(StandardWrapper.java:1144)
	at org.apache.catalina.core.StandardWrapper.loadServlet(StandardWrapper.java:1091)
	at org.apache.catalina.core.StandardWrapper.allocate(StandardWrapper.java:773)
	at org.apache.catalina.core.StandardWrapperValve.invoke(StandardWrapperValve.java:133)
	at org.apache.catalina.core.StandardContextValve.invoke(StandardContextValve.java:96)
	at org.apache.catalina.authenticator.AuthenticatorBase.invoke(AuthenticatorBase.java:496)
	at org.apache.catalina.core.StandardHostValve.invoke(StandardHostValve.java:140)
	at org.apache.catalina.valves.ErrorReportValve.invoke(ErrorReportValve.java:81)
	at org.apache.catalina.valves.AbstractAccessLogValve.invoke(AbstractAccessLogValve.java:650)
	at org.apache.catalina.core.StandardEngineValve.invoke(StandardEngineValve.java:87)
	at org.apache.catalina.connector.CoyoteAdapter.service(CoyoteAdapter.java:342)
	at org.apache.coyote.http11.Http11Processor.service(Http11Processor.java:803)
	at org.apache.coyote.AbstractProcessorLight.process(AbstractProcessorLight.java:66)
	at org.apache.coyote.AbstractProtocol$ConnectionHandler.process(AbstractProtocol.java:790)
	at org.apache.tomcat.util.net.NioEndpoint$SocketProcessor.doRun(NioEndpoint.java:1459)
	at org.apache.tomcat.util.net.SocketProcessorBase.run(SocketProcessorBase.java:49)
	at java.util.concurrent.ThreadPoolExecutor.runWorker(ThreadPoolExecutor.java:1142)
	at java.util.concurrent.ThreadPoolExecutor$Worker.run(ThreadPoolExecutor.java:617)
	at org.apache.tomcat.util.threads.TaskThread$WrappingRunnable.run(TaskThread.java:61)
	at java.lang.Thread.run(Thread.java:745)
Caused by: org.springframework.beans.factory.NoSuchBeanDefinitionException: No qualifying bean of type 'seng3150.group3.service.UserService' available: expected at least 1 bean which qualifies as autowire candidate. Dependency annotations: {@org.springframework.beans.factory.annotation.Autowired(required=true)}
	at org.springframework.beans.factory.support.DefaultListableBeanFactory.raiseNoMatchingBeanFound(DefaultListableBeanFactory.java:1506)
	at org.springframework.beans.factory.support.DefaultListableBeanFactory.doResolveDependency(DefaultListableBeanFactory.java:1101)
	at org.springframework.beans.factory.support.DefaultListableBeanFactory.resolveDependency(DefaultListableBeanFactory.java:1062)
	at org.springframework.beans.factory.annotation.AutowiredAnnotationBeanPostProcessor$AutowiredFieldElement.inject(AutowiredAnnotationBeanPostProcessor.java:583)
	... 39 more

04-Oct-2018 09:28:23.465 INFO [ContainerBackgroundProcessor[StandardEngine[Catalina]]] org.springframework.context.support.AbstractApplicationContext.doClose Closing Root WebApplicationContext: startup date [Thu Oct 04 09:24:01 AEST 2018]; root of context hierarchy
04-Oct-2018 09:28:23.473 WARNING [ContainerBackgroundProcessor[StandardEngine[Catalina]]] org.apache.catalina.loader.WebappClassLoaderBase.clearReferencesJdbc The web application [FlightPub-0.2] registered the JDBC driver [com.mysql.cj.jdbc.Driver] but failed to unregister it when the web application was stopped. To prevent a memory leak, the JDBC Driver has been forcibly unregistered.
04-Oct-2018 09:28:23.474 WARNING [ContainerBackgroundProcessor[StandardEngine[Catalina]]] org.apache.catalina.loader.WebappClassLoaderBase.clearReferencesThreads The web application [FlightPub-0.2] appears to have started a thread named [Abandoned connection cleanup thread] but has failed to stop it. This is very likely to create a memory leak. Stack trace of thread:
 java.lang.Object.wait(Native Method)
 java.lang.ref.ReferenceQueue.remove(ReferenceQueue.java:143)
 com.mysql.cj.jdbc.AbandonedConnectionCleanupThread.run(AbandonedConnectionCleanupThread.java:70)
 java.util.concurrent.ThreadPoolExecutor.runWorker(ThreadPoolExecutor.java:1142)
 java.util.concurrent.ThreadPoolExecutor$Worker.run(ThreadPoolExecutor.java:617)
 java.lang.Thread.run(Thread.java:745)
04-Oct-2018 09:28:23.681 INFO [localhost-startStop-2] org.apache.catalina.startup.HostConfig.deployWAR Deploying web application archive [D:\Program Files\apache-tomcat-8.5.29\webapps\FlightPub-0.2.war]
04-Oct-2018 09:28:25.305 INFO [localhost-startStop-2] org.springframework.web.context.ContextLoader.initWebApplicationContext Root WebApplicationContext: initialization started
04-Oct-2018 09:28:25.341 INFO [localhost-startStop-2] org.springframework.context.support.AbstractApplicationContext.prepareRefresh Refreshing Root WebApplicationContext: startup date [Thu Oct 04 09:28:25 AEST 2018]; root of context hierarchy
04-Oct-2018 09:28:25.387 INFO [localhost-startStop-2] org.springframework.web.context.support.AnnotationConfigWebApplicationContext.loadBeanDefinitions No annotated classes found for specified class/package [/WEB-INF/SpringDispatcher-servlet.xml]
04-Oct-2018 09:28:25.425 INFO [localhost-startStop-2] org.springframework.web.context.support.AnnotationConfigWebApplicationContext.loadBeanDefinitions Found 1 annotated classes in package [seng3150.group3.config]
04-Oct-2018 09:28:26.095 INFO [localhost-startStop-2] org.springframework.security.web.DefaultSecurityFilterChain.<init> Creating filter chain: org.springframework.security.web.util.matcher.AnyRequestMatcher@1, [org.springframework.security.web.context.request.async.WebAsyncManagerIntegrationFilter@44f6b349, org.springframework.security.web.context.SecurityContextPersistenceFilter@382ddddb, org.springframework.security.web.header.HeaderWriterFilter@31d49883, org.springframework.security.web.authentication.logout.LogoutFilter@6728d7ec, org.springframework.security.web.authentication.UsernamePasswordAuthenticationFilter@68071e6a, org.springframework.security.web.savedrequest.RequestCacheAwareFilter@1ad0b5a, org.springframework.security.web.servletapi.SecurityContextHolderAwareRequestFilter@7b360135, org.springframework.security.web.authentication.AnonymousAuthenticationFilter@2a873571, org.springframework.security.web.session.SessionManagementFilter@3c676d0b, org.springframework.security.web.access.ExceptionTranslationFilter@1a67efe6, org.springframework.security.web.access.intercept.FilterSecurityInterceptor@36065b2e]
04-Oct-2018 09:28:26.125 INFO [localhost-startStop-2] org.springframework.web.context.ContextLoader.initWebApplicationContext Root WebApplicationContext: initialization completed in 820 ms
04-Oct-2018 09:28:26.129 INFO [localhost-startStop-2] org.springframework.web.servlet.FrameworkServlet.initServletBean FrameworkServlet 'SpringDispatcher': initialization started
04-Oct-2018 09:28:26.131 INFO [localhost-startStop-2] org.springframework.context.support.AbstractApplicationContext.prepareRefresh Refreshing WebApplicationContext for namespace 'SpringDispatcher-servlet': startup date [Thu Oct 04 09:28:26 AEST 2018]; parent: Root WebApplicationContext
04-Oct-2018 09:28:26.139 INFO [localhost-startStop-2] org.springframework.beans.factory.xml.XmlBeanDefinitionReader.loadBeanDefinitions Loading XML bean definitions from ServletContext resource [/WEB-INF/SpringDispatcher-servlet.xml]
04-Oct-2018 09:28:26.377 INFO [localhost-startStop-2] org.springframework.orm.jpa.LocalContainerEntityManagerFactoryBean.createNativeEntityManagerFactory Building JPA container EntityManagerFactory for persistence unit 'spring_example_PU'
04-Oct-2018 09:28:26.393 INFO [localhost-startStop-2] org.hibernate.jpa.internal.util.LogHelper.logPersistenceUnitInformation HHH000204: Processing PersistenceUnitInfo [
	name: spring_example_PU
	...]
04-Oct-2018 09:28:26.471 INFO [localhost-startStop-2] org.hibernate.Version.logVersion HHH000412: Hibernate Core {5.2.17.Final}
04-Oct-2018 09:28:26.472 INFO [localhost-startStop-2] org.hibernate.cfg.Environment.<clinit> HHH000206: hibernate.properties not found
04-Oct-2018 09:28:26.515 INFO [localhost-startStop-2] org.hibernate.annotations.common.reflection.java.JavaReflectionManager.<clinit> HCANN000001: Hibernate Commons Annotations {5.0.1.Final}
04-Oct-2018 09:28:26.786 INFO [localhost-startStop-2] org.hibernate.dialect.Dialect.<init> HHH000400: Using dialect: org.hibernate.dialect.MySQL57Dialect
04-Oct-2018 09:28:27.043 WARN [localhost-startStop-2] org.hibernate.mapping.RootClass.checkCompositeIdentifier HHH000038: Composite-id class does not override equals(): seng3150.group3.beans.FlightPathPK
04-Oct-2018 09:28:27.043 WARN [localhost-startStop-2] org.hibernate.mapping.RootClass.checkCompositeIdentifier HHH000039: Composite-id class does not override hashCode(): seng3150.group3.beans.FlightPathPK
04-Oct-2018 09:28:27.327 INFO [Abandoned connection cleanup thread] org.apache.catalina.loader.WebappClassLoaderBase.checkStateForResourceLoading Illegal access: this web application instance has been stopped already. Could not load []. The following stack trace is thrown for debugging purposes as well as to attempt to terminate the thread which caused the illegal access.
 java.lang.IllegalStateException: Illegal access: this web application instance has been stopped already. Could not load []. The following stack trace is thrown for debugging purposes as well as to attempt to terminate the thread which caused the illegal access.
	at org.apache.catalina.loader.WebappClassLoaderBase.checkStateForResourceLoading(WebappClassLoaderBase.java:1311)
	at org.apache.catalina.loader.WebappClassLoaderBase.getResource(WebappClassLoaderBase.java:986)
	at com.mysql.cj.jdbc.AbandonedConnectionCleanupThread.checkContextClassLoaders(AbandonedConnectionCleanupThread.java:96)
	at com.mysql.cj.jdbc.AbandonedConnectionCleanupThread.run(AbandonedConnectionCleanupThread.java:69)
	at java.util.concurrent.ThreadPoolExecutor.runWorker(ThreadPoolExecutor.java:1142)
	at java.util.concurrent.ThreadPoolExecutor$Worker.run(ThreadPoolExecutor.java:617)
	at java.lang.Thread.run(Thread.java:745)

04-Oct-2018 09:28:27.490 INFO [localhost-startStop-2] org.springframework.orm.jpa.AbstractEntityManagerFactoryBean.buildNativeEntityManagerFactory Initialized JPA EntityManagerFactory for persistence unit 'spring_example_PU'
04-Oct-2018 09:28:27.618 INFO [localhost-startStop-2] org.springframework.web.servlet.handler.AbstractHandlerMethodMapping$MappingRegistry.register Mapped "{[/add-tags],methods=[GET]}" onto public org.springframework.web.servlet.ModelAndView seng3150.group3.controllers.AddTagController.addTag(int)
04-Oct-2018 09:28:27.619 INFO [localhost-startStop-2] org.springframework.web.servlet.handler.AbstractHandlerMethodMapping$MappingRegistry.register Mapped "{[/add-tags],methods=[POST]}" onto public java.lang.String seng3150.group3.controllers.AddTagController.submitTag(seng3150.group3.beans.Tag,org.springframework.validation.BindingResult,org.springframework.ui.ModelMap,org.springframework.web.servlet.mvc.support.RedirectAttributes)
04-Oct-2018 09:28:27.620 INFO [localhost-startStop-2] org.springframework.web.servlet.handler.AbstractHandlerMethodMapping$MappingRegistry.register Mapped "{[/bookings],methods=[GET]}" onto public org.springframework.web.servlet.ModelAndView seng3150.group3.controllers.BookingsController.bookings(java.lang.String,java.lang.String,java.lang.String,java.lang.String,java.lang.String)
04-Oct-2018 09:28:27.620 INFO [localhost-startStop-2] org.springframework.web.servlet.handler.AbstractHandlerMethodMapping$MappingRegistry.register Mapped "{[/bookings],methods=[POST]}" onto public org.springframework.web.servlet.ModelAndView seng3150.group3.controllers.BookingsController.bookings()
04-Oct-2018 09:28:27.621 INFO [localhost-startStop-2] org.springframework.web.servlet.handler.AbstractHandlerMethodMapping$MappingRegistry.register Mapped "{[/book-ticket],methods=[GET]}" onto public org.springframework.web.servlet.ModelAndView seng3150.group3.controllers.BookTicketController.bookTicket(java.lang.String)
04-Oct-2018 09:28:27.621 INFO [localhost-startStop-2] org.springframework.web.servlet.handler.AbstractHandlerMethodMapping$MappingRegistry.register Mapped "{[/create-review],methods=[POST]}" onto public java.lang.String seng3150.group3.controllers.CreateReviewController.submit(seng3150.group3.beans.Review,org.springframework.validation.BindingResult,org.springframework.ui.ModelMap,org.springframework.web.servlet.mvc.support.RedirectAttributes)
04-Oct-2018 09:28:27.621 INFO [localhost-startStop-2] org.springframework.web.servlet.handler.AbstractHandlerMethodMapping$MappingRegistry.register Mapped "{[/create-review],methods=[GET]}" onto public org.springframework.web.servlet.ModelAndView seng3150.group3.controllers.CreateReviewController.createReview(int)
04-Oct-2018 09:28:27.622 INFO [localhost-startStop-2] org.springframework.web.servlet.handler.AbstractHandlerMethodMapping$MappingRegistry.register Mapped "{[/flight-details],methods=[GET]}" onto public org.springframework.web.servlet.ModelAndView seng3150.group3.controllers.FlightDetailsController.flightDetails(java.lang.String)
04-Oct-2018 09:28:27.622 INFO [localhost-startStop-2] org.springframework.web.servlet.handler.AbstractHandlerMethodMapping$MappingRegistry.register Mapped "{[/],methods=[GET]}" onto public java.lang.String seng3150.group3.controllers.IndexController.index()
04-Oct-2018 09:28:27.623 INFO [localhost-startStop-2] org.springframework.web.servlet.handler.AbstractHandlerMethodMapping$MappingRegistry.register Mapped "{[/login],methods=[GET]}" onto public org.springframework.web.servlet.ModelAndView seng3150.group3.controllers.LoginController.login()
04-Oct-2018 09:28:27.623 INFO [localhost-startStop-2] org.springframework.web.servlet.handler.AbstractHandlerMethodMapping$MappingRegistry.register Mapped "{[/login],methods=[POST]}" onto public org.springframework.web.servlet.ModelAndView seng3150.group3.controllers.LoginController.loginPost()
04-Oct-2018 09:28:27.623 INFO [localhost-startStop-2] org.springframework.web.servlet.handler.AbstractHandlerMethodMapping$MappingRegistry.register Mapped "{[/logout],methods=[GET]}" onto public java.lang.String seng3150.group3.controllers.LogoutController.logoutPage(javax.servlet.http.HttpServletRequest,javax.servlet.http.HttpServletResponse)
04-Oct-2018 09:28:27.625 INFO [localhost-startStop-2] org.springframework.web.servlet.handler.AbstractHandlerMethodMapping$MappingRegistry.register Mapped "{[/normal-results],methods=[GET],params=[departureAirport && arrivalAirport && departureDate && returnDate && passengers && flightClass]}" onto public org.springframework.web.servlet.ModelAndView seng3150.group3.controllers.NormalResultsController.normalResults(seng3150.group3.beans.SearchInfo,org.springframework.validation.BindingResult,org.springframework.ui.ModelMap)
04-Oct-2018 09:28:27.625 INFO [localhost-startStop-2] org.springframework.web.servlet.handler.AbstractHandlerMethodMapping$MappingRegistry.register Mapped "{[/payment],methods=[GET]}" onto public org.springframework.web.servlet.ModelAndView seng3150.group3.controllers.PaymentController.payment(java.lang.String)
04-Oct-2018 09:28:27.626 INFO [localhost-startStop-2] org.springframework.web.servlet.handler.AbstractHandlerMethodMapping$MappingRegistry.register Mapped "{[/purchase-history],methods=[GET]}" onto public org.springframework.web.servlet.ModelAndView seng3150.group3.controllers.PurchaseHistoryController.purchaseHistory(java.lang.String)
04-Oct-2018 09:28:27.627 INFO [localhost-startStop-2] org.springframework.web.servlet.handler.AbstractHandlerMethodMapping$MappingRegistry.register Mapped "{[/purchase-summary],methods=[GET]}" onto public org.springframework.web.servlet.ModelAndView seng3150.group3.controllers.PurchaseSummaryController.purchaseSummary(java.lang.String)
04-Oct-2018 09:28:27.627 INFO [localhost-startStop-2] org.springframework.web.servlet.handler.AbstractHandlerMethodMapping$MappingRegistry.register Mapped "{[/recommendations],methods=[GET],params=[departureAirport && arrivalAirport && departureDate && returnDate && passengers && flightClass]}" onto public org.springframework.web.servlet.ModelAndView seng3150.group3.controllers.RecommendationsController.recommendations(seng3150.group3.beans.SearchInfo,org.springframework.validation.BindingResult,org.springframework.ui.ModelMap)
04-Oct-2018 09:28:27.627 INFO [localhost-startStop-2] org.springframework.web.servlet.handler.AbstractHandlerMethodMapping$MappingRegistry.register Mapped "{[/register],methods=[GET]}" onto public org.springframework.web.servlet.ModelAndView seng3150.group3.controllers.RegisterController.register()
04-Oct-2018 09:28:27.629 INFO [localhost-startStop-2] org.springframework.web.servlet.handler.AbstractHandlerMethodMapping$MappingRegistry.register Mapped "{[/register],methods=[POST]}" onto public org.springframework.web.servlet.ModelAndView seng3150.group3.controllers.RegisterController.registerSubmit(seng3150.group3.beans.User,java.util.Map<java.lang.String, java.lang.Object>)
04-Oct-2018 09:28:27.630 INFO [localhost-startStop-2] org.springframework.web.servlet.handler.AbstractHandlerMethodMapping$MappingRegistry.register Mapped "{[/results],methods=[GET]}" onto public org.springframework.web.servlet.ModelAndView seng3150.group3.controllers.ResultsController.searchResults()
04-Oct-2018 09:28:27.631 INFO [localhost-startStop-2] org.springframework.web.servlet.handler.AbstractHandlerMethodMapping$MappingRegistry.register Mapped "{[/search],methods=[GET]}" onto public org.springframework.web.servlet.ModelAndView seng3150.group3.controllers.SearchController.search()
04-Oct-2018 09:28:27.632 INFO [localhost-startStop-2] org.springframework.web.servlet.handler.AbstractHandlerMethodMapping$MappingRegistry.register Mapped "{[/deleteTag],methods=[GET]}" onto public java.lang.String seng3150.group3.controllers.TagController.deleteTag(java.lang.String)
04-Oct-2018 09:28:27.632 INFO [localhost-startStop-2] org.springframework.web.servlet.handler.AbstractHandlerMethodMapping$MappingRegistry.register Mapped "{[/view-reviews-admin],methods=[POST],params=[addTag]}" onto public java.lang.String seng3150.group3.controllers.ViewReviewsAdminController.addTag(seng3150.group3.beans.TagName,org.springframework.validation.BindingResult,org.springframework.ui.ModelMap)
04-Oct-2018 09:28:27.633 INFO [localhost-startStop-2] org.springframework.web.servlet.handler.AbstractHandlerMethodMapping$MappingRegistry.register Mapped "{[/view-reviews-admin],methods=[GET]}" onto public org.springframework.web.servlet.ModelAndView seng3150.group3.controllers.ViewReviewsAdminController.viewReviewsAdmin(int)
04-Oct-2018 09:28:27.633 INFO [localhost-startStop-2] org.springframework.web.servlet.handler.AbstractHandlerMethodMapping$MappingRegistry.register Mapped "{[/view-reviews-admin/deleteReview],methods=[GET],params=[targetReview]}" onto public java.lang.String seng3150.group3.controllers.ViewReviewsAdminController.deleteReview(int)
04-Oct-2018 09:28:27.633 INFO [localhost-startStop-2] org.springframework.web.servlet.handler.AbstractHandlerMethodMapping$MappingRegistry.register Mapped "{[/view-reviews],methods=[GET]}" onto public org.springframework.web.servlet.ModelAndView seng3150.group3.controllers.ViewReviewsController.viewReviews(int)
04-Oct-2018 09:28:27.673 INFO [localhost-startStop-2] org.springframework.web.servlet.mvc.method.annotation.RequestMappingHandlerAdapter.initControllerAdviceCache Looking for @ControllerAdvice: WebApplicationContext for namespace 'SpringDispatcher-servlet': startup date [Thu Oct 04 09:28:26 AEST 2018]; parent: Root WebApplicationContext
04-Oct-2018 09:28:27.703 INFO [localhost-startStop-2] org.springframework.web.servlet.mvc.method.annotation.RequestMappingHandlerAdapter.initControllerAdviceCache Looking for @ControllerAdvice: WebApplicationContext for namespace 'SpringDispatcher-servlet': startup date [Thu Oct 04 09:28:26 AEST 2018]; parent: Root WebApplicationContext
04-Oct-2018 09:28:27.750 INFO [localhost-startStop-2] org.springframework.web.servlet.handler.AbstractUrlHandlerMapping.registerHandler Mapped URL path [/login] onto handler of type [class org.springframework.web.servlet.mvc.ParameterizableViewController]
04-Oct-2018 09:28:27.758 INFO [localhost-startStop-2] org.springframework.web.servlet.handler.AbstractUrlHandlerMapping.registerHandler Mapped URL path [/js/**] onto handler 'org.springframework.web.servlet.resource.ResourceHttpRequestHandler#0'
04-Oct-2018 09:28:27.760 INFO [localhost-startStop-2] org.springframework.web.servlet.handler.AbstractUrlHandlerMapping.registerHandler Mapped URL path [/css/**] onto handler 'org.springframework.web.servlet.resource.ResourceHttpRequestHandler#1'
04-Oct-2018 09:28:27.761 INFO [localhost-startStop-2] org.springframework.web.servlet.handler.AbstractUrlHandlerMapping.registerHandler Mapped URL path [/img/**] onto handler 'org.springframework.web.servlet.resource.ResourceHttpRequestHandler#2'
04-Oct-2018 09:28:27.933 INFO [localhost-startStop-2] org.springframework.security.web.DefaultSecurityFilterChain.<init> Creating filter chain: org.springframework.security.web.util.matcher.AnyRequestMatcher@1, [org.springframework.security.web.context.request.async.WebAsyncManagerIntegrationFilter@1f9d2600, org.springframework.security.web.context.SecurityContextPersistenceFilter@66cb6cb8, org.springframework.security.web.header.HeaderWriterFilter@68682263, org.springframework.security.web.authentication.logout.LogoutFilter@706d1bb4, org.springframework.security.web.authentication.UsernamePasswordAuthenticationFilter@1b0247a5, org.springframework.security.web.savedrequest.RequestCacheAwareFilter@5b2023d2, org.springframework.security.web.servletapi.SecurityContextHolderAwareRequestFilter@72f269ef, org.springframework.security.web.authentication.AnonymousAuthenticationFilter@fe91225, org.springframework.security.web.session.SessionManagementFilter@101251f4, org.springframework.security.web.access.ExceptionTranslationFilter@60fbb5b6, org.springframework.security.web.access.intercept.FilterSecurityInterceptor@480c3abb]
04-Oct-2018 09:28:27.961 INFO [localhost-startStop-2] org.springframework.web.servlet.FrameworkServlet.initServletBean FrameworkServlet 'SpringDispatcher': initialization completed in 1832 ms
04-Oct-2018 09:28:27.963 INFO [localhost-startStop-2] org.apache.catalina.startup.HostConfig.deployWAR Deployment of web application archive [D:\Program Files\apache-tomcat-8.5.29\webapps\FlightPub-0.2.war] has finished in [4,282] ms
04-Oct-2018 09:28:28.447 INFO [http-nio-8080-exec-9] org.hibernate.hql.internal.QueryTranslatorFactoryInitiator.initiateService HHH000397: Using ASTQueryTranslatorFactory
04-Oct-2018 16:53:49.851 INFO [Thread-5] org.apache.coyote.AbstractProtocol.pause Pausing ProtocolHandler ["http-nio-8080"]
04-Oct-2018 16:53:49.928 INFO [Thread-5] org.apache.coyote.AbstractProtocol.pause Pausing ProtocolHandler ["ajp-nio-8009"]
04-Oct-2018 16:53:50.003 INFO [Thread-5] org.apache.catalina.core.StandardService.stopInternal Stopping service [Catalina]
04-Oct-2018 16:53:50.259 INFO [localhost-startStop-3] org.springframework.context.support.AbstractApplicationContext.doClose Closing WebApplicationContext for namespace 'SpringDispatcher-servlet': startup date [Thu Oct 04 09:28:26 AEST 2018]; parent: Root WebApplicationContext
04-Oct-2018 16:53:50.271 INFO [localhost-startStop-3] org.springframework.orm.jpa.AbstractEntityManagerFactoryBean.destroy Closing JPA EntityManagerFactory for persistence unit 'spring_example_PU'
04-Oct-2018 16:53:50.278 INFO [localhost-startStop-3] org.springframework.context.support.AbstractApplicationContext.doClose Closing Root WebApplicationContext: startup date [Thu Oct 04 09:28:25 AEST 2018]; root of context hierarchy
04-Oct-2018 16:53:50.287 WARNING [localhost-startStop-3] org.apache.catalina.loader.WebappClassLoaderBase.clearReferencesJdbc The web application [FlightPub-0.2] registered the JDBC driver [com.mysql.cj.jdbc.Driver] but failed to unregister it when the web application was stopped. To prevent a memory leak, the JDBC Driver has been forcibly unregistered.
04-Oct-2018 16:53:50.288 WARNING [localhost-startStop-3] org.apache.catalina.loader.WebappClassLoaderBase.clearReferencesThreads The web application [FlightPub-0.2] appears to have started a thread named [Abandoned connection cleanup thread] but has failed to stop it. This is very likely to create a memory leak. Stack trace of thread:
 java.lang.Object.wait(Native Method)
 java.lang.ref.ReferenceQueue.remove(ReferenceQueue.java:143)
 com.mysql.cj.jdbc.AbandonedConnectionCleanupThread.run(AbandonedConnectionCleanupThread.java:70)
 java.util.concurrent.ThreadPoolExecutor.runWorker(ThreadPoolExecutor.java:1142)
 java.util.concurrent.ThreadPoolExecutor$Worker.run(ThreadPoolExecutor.java:617)
 java.lang.Thread.run(Thread.java:745)
04-Oct-2018 16:53:50.294 INFO [localhost-startStop-3] org.springframework.context.support.AbstractApplicationContext.doClose Closing WebApplicationContext for namespace 'SpringDispatcher-servlet': startup date [Thu Oct 04 09:24:11 AEST 2018]; parent: Root WebApplicationContext
04-Oct-2018 16:53:50.303 INFO [localhost-startStop-3] org.springframework.context.support.AbstractApplicationContext.doClose Closing Root WebApplicationContext: startup date [Thu Oct 04 09:24:11 AEST 2018]; root of context hierarchy
04-Oct-2018 16:53:50.425 INFO [localhost-startStop-3] org.springframework.context.support.AbstractApplicationContext.doClose Closing WebApplicationContext for namespace 'SpringDispatcher-servlet': startup date [Thu Oct 04 09:24:08 AEST 2018]; parent: Root WebApplicationContext
04-Oct-2018 16:53:50.436 INFO [localhost-startStop-3] org.springframework.context.support.AbstractApplicationContext.doClose Closing Root WebApplicationContext: startup date [Thu Oct 04 09:24:07 AEST 2018]; root of context hierarchy
04-Oct-2018 16:53:50.542 INFO [Thread-5] org.apache.coyote.AbstractProtocol.stop Stopping ProtocolHandler ["http-nio-8080"]
04-Oct-2018 16:53:50.544 INFO [Thread-5] org.apache.coyote.AbstractProtocol.stop Stopping ProtocolHandler ["ajp-nio-8009"]
04-Oct-2018 16:53:50.601 INFO [Thread-5] org.apache.coyote.AbstractProtocol.destroy Destroying ProtocolHandler ["http-nio-8080"]
04-Oct-2018 16:53:50.602 INFO [Thread-5] org.apache.coyote.AbstractProtocol.destroy Destroying ProtocolHandler ["ajp-nio-8009"]
