08-Aug-2018 08:23:45.811 INFO [main] org.apache.catalina.startup.VersionLoggerListener.log Server version:        Apache Tomcat/8.5.29
08-Aug-2018 08:23:45.821 INFO [main] org.apache.catalina.startup.VersionLoggerListener.log Server built:          Mar 5 2018 13:11:12 UTC
08-Aug-2018 08:23:45.821 INFO [main] org.apache.catalina.startup.VersionLoggerListener.log Server number:         8.5.29.0
08-Aug-2018 08:23:45.821 INFO [main] org.apache.catalina.startup.VersionLoggerListener.log OS Name:               Windows 10
08-Aug-2018 08:23:45.821 INFO [main] org.apache.catalina.startup.VersionLoggerListener.log OS Version:            10.0
08-Aug-2018 08:23:45.821 INFO [main] org.apache.catalina.startup.VersionLoggerListener.log Architecture:          amd64
08-Aug-2018 08:23:45.821 INFO [main] org.apache.catalina.startup.VersionLoggerListener.log Java Home:             C:\Program Files\Java\jdk1.8.0_121\jre
08-Aug-2018 08:23:45.821 INFO [main] org.apache.catalina.startup.VersionLoggerListener.log JVM Version:           1.8.0_121-b13
08-Aug-2018 08:23:45.821 INFO [main] org.apache.catalina.startup.VersionLoggerListener.log JVM Vendor:            Oracle Corporation
08-Aug-2018 08:23:45.821 INFO [main] org.apache.catalina.startup.VersionLoggerListener.log CATALINA_BASE:         D:\Program Files\apache-tomcat-8.5.29
08-Aug-2018 08:23:45.821 INFO [main] org.apache.catalina.startup.VersionLoggerListener.log CATALINA_HOME:         D:\Program Files\apache-tomcat-8.5.29
08-Aug-2018 08:23:45.822 INFO [main] org.apache.catalina.startup.VersionLoggerListener.log Command line argument: -Djava.util.logging.config.file=D:\Program Files\apache-tomcat-8.5.29\conf\logging.properties
08-Aug-2018 08:23:45.822 INFO [main] org.apache.catalina.startup.VersionLoggerListener.log Command line argument: -Djava.util.logging.manager=org.apache.juli.ClassLoaderLogManager
08-Aug-2018 08:23:45.822 INFO [main] org.apache.catalina.startup.VersionLoggerListener.log Command line argument: -Djdk.tls.ephemeralDHKeySize=2048
08-Aug-2018 08:23:45.822 INFO [main] org.apache.catalina.startup.VersionLoggerListener.log Command line argument: -Djava.protocol.handler.pkgs=org.apache.catalina.webresources
08-Aug-2018 08:23:45.822 INFO [main] org.apache.catalina.startup.VersionLoggerListener.log Command line argument: -Dignore.endorsed.dirs=
08-Aug-2018 08:23:45.822 INFO [main] org.apache.catalina.startup.VersionLoggerListener.log Command line argument: -Dcatalina.base=D:\Program Files\apache-tomcat-8.5.29
08-Aug-2018 08:23:45.822 INFO [main] org.apache.catalina.startup.VersionLoggerListener.log Command line argument: -Dcatalina.home=D:\Program Files\apache-tomcat-8.5.29
08-Aug-2018 08:23:45.823 INFO [main] org.apache.catalina.startup.VersionLoggerListener.log Command line argument: -Djava.io.tmpdir=D:\Program Files\apache-tomcat-8.5.29\temp
08-Aug-2018 08:23:45.823 INFO [main] org.apache.catalina.core.AprLifecycleListener.lifecycleEvent The APR based Apache Tomcat Native library which allows optimal performance in production environments was not found on the java.library.path: [C:\Program Files\Java\jdk1.8.0_121\bin;C:\WINDOWS\Sun\Java\bin;C:\WINDOWS\system32;C:\WINDOWS;C:\ProgramData\Oracle\Java\javapath;C:\WINDOWS\system32;C:\WINDOWS;C:\WINDOWS\System32\Wbem;C:\WINDOWS\System32\WindowsPowerShell\v1.0\;C:\Program Files\Java\jdk1.8.0_121\bin;C:\Program Files (x86)\GtkSharp\2.12\bin;C:\Program Files (x86)\NVIDIA Corporation\PhysX\Common;D:\Program Files\Microsoft SQL Server\Client SDK\ODBC\110\Tools\Binn\;D:\Program Files (x86)\Microsoft SQL Server\120\Tools\Binn\;D:\Program Files\Microsoft SQL Server\120\Tools\Binn\;D:\Program Files\Microsoft SQL Server\120\DTS\Binn\;D:\Program Files (x86)\Microsoft SQL Server\120\Tools\Binn\ManagementStudio\;D:\Program Files (x86)\Microsoft SQL Server\120\DTS\Binn\;C:\WINDOWS\system32;C:\WINDOWS;C:\WINDOWS\System32\Wbem;C:\WINDOWS\System32\WindowsPowerShell\v1.0\;C:\WINDOWS\System32\OpenSSH\;D:\Program Files\Git\cmd;C:\Program Files\Java\jdk1.8.0_121\bin;%USERPROFILE%\AppData\Local\Microsoft\WindowsApps;;.]
08-Aug-2018 08:23:46.035 INFO [main] org.apache.coyote.AbstractProtocol.init Initializing ProtocolHandler ["http-nio-8080"]
08-Aug-2018 08:23:46.132 INFO [main] org.apache.tomcat.util.net.NioSelectorPool.getSharedSelector Using a shared selector for servlet write/read
08-Aug-2018 08:23:46.137 INFO [main] org.apache.coyote.AbstractProtocol.init Initializing ProtocolHandler ["ajp-nio-8009"]
08-Aug-2018 08:23:46.142 INFO [main] org.apache.tomcat.util.net.NioSelectorPool.getSharedSelector Using a shared selector for servlet write/read
08-Aug-2018 08:23:46.142 INFO [main] org.apache.catalina.startup.Catalina.load Initialization processed in 562 ms
08-Aug-2018 08:23:46.159 INFO [main] org.apache.catalina.core.StandardService.startInternal Starting service [Catalina]
08-Aug-2018 08:23:46.159 INFO [main] org.apache.catalina.core.StandardEngine.startInternal Starting Servlet Engine: Apache Tomcat/8.5.29
08-Aug-2018 08:23:46.190 INFO [localhost-startStop-1] org.apache.catalina.startup.HostConfig.deployWAR Deploying web application archive [D:\Program Files\apache-tomcat-8.5.29\webapps\DDDFlightPub-security.war]
08-Aug-2018 08:23:47.606 INFO [localhost-startStop-1] org.apache.jasper.servlet.TldScanner.scanJars At least one JAR was scanned for TLDs yet contained no TLDs. Enable debug logging for this logger for a complete list of JARs that were scanned but no TLDs were found in them. Skipping unneeded JARs during scanning can improve startup time and JSP compilation time.
08-Aug-2018 08:23:47.643 INFO [localhost-startStop-1] org.springframework.web.context.ContextLoader.initWebApplicationContext Root WebApplicationContext: initialization started
08-Aug-2018 08:23:47.696 INFO [localhost-startStop-1] org.springframework.context.support.AbstractApplicationContext.prepareRefresh Refreshing Root WebApplicationContext: startup date [Wed Aug 08 08:23:47 AEST 2018]; root of context hierarchy
08-Aug-2018 08:23:47.740 INFO [localhost-startStop-1] org.springframework.beans.factory.xml.XmlBeanDefinitionReader.loadBeanDefinitions Loading XML bean definitions from ServletContext resource [/WEB-INF/SpringDispatcher-servlet.xml]
08-Aug-2018 08:23:48.324 WARNING [localhost-startStop-1] org.springframework.context.support.AbstractApplicationContext.refresh Exception encountered during context initialization - cancelling refresh attempt: org.springframework.beans.factory.BeanCreationException: Error creating bean with name 'entityManagerFactory' defined in ServletContext resource [/WEB-INF/SpringDispatcher-servlet.xml]: Invocation of init method failed; nested exception is java.lang.IllegalArgumentException: No persistence unit with name 'userPU' found
08-Aug-2018 08:23:48.326 SEVERE [localhost-startStop-1] org.springframework.web.context.ContextLoader.initWebApplicationContext Context initialization failed
 org.springframework.beans.factory.BeanCreationException: Error creating bean with name 'entityManagerFactory' defined in ServletContext resource [/WEB-INF/SpringDispatcher-servlet.xml]: Invocation of init method failed; nested exception is java.lang.IllegalArgumentException: No persistence unit with name 'userPU' found
	at org.springframework.beans.factory.support.AbstractAutowireCapableBeanFactory.initializeBean(AbstractAutowireCapableBeanFactory.java:1706)
	at org.springframework.beans.factory.support.AbstractAutowireCapableBeanFactory.doCreateBean(AbstractAutowireCapableBeanFactory.java:579)
	at org.springframework.beans.factory.support.AbstractAutowireCapableBeanFactory.createBean(AbstractAutowireCapableBeanFactory.java:501)
	at org.springframework.beans.factory.support.AbstractBeanFactory.lambda$doGetBean$0(AbstractBeanFactory.java:317)
	at org.springframework.beans.factory.support.DefaultSingletonBeanRegistry.getSingleton(DefaultSingletonBeanRegistry.java:228)
	at org.springframework.beans.factory.support.AbstractBeanFactory.doGetBean(AbstractBeanFactory.java:315)
	at org.springframework.beans.factory.support.AbstractBeanFactory.getBean(AbstractBeanFactory.java:199)
	at org.springframework.context.support.AbstractApplicationContext.getBean(AbstractApplicationContext.java:1089)
	at org.springframework.context.support.AbstractApplicationContext.finishBeanFactoryInitialization(AbstractApplicationContext.java:859)
	at org.springframework.context.support.AbstractApplicationContext.refresh(AbstractApplicationContext.java:550)
	at org.springframework.web.context.ContextLoader.configureAndRefreshWebApplicationContext(ContextLoader.java:409)
	at org.springframework.web.context.ContextLoader.initWebApplicationContext(ContextLoader.java:291)
	at org.springframework.web.context.ContextLoaderListener.contextInitialized(ContextLoaderListener.java:103)
	at org.apache.catalina.core.StandardContext.listenerStart(StandardContext.java:4753)
	at org.apache.catalina.core.StandardContext.startInternal(StandardContext.java:5215)
	at org.apache.catalina.util.LifecycleBase.start(LifecycleBase.java:150)
	at org.apache.catalina.core.ContainerBase.addChildInternal(ContainerBase.java:754)
	at org.apache.catalina.core.ContainerBase.addChild(ContainerBase.java:730)
	at org.apache.catalina.core.StandardHost.addChild(StandardHost.java:734)
	at org.apache.catalina.startup.HostConfig.deployWAR(HostConfig.java:986)
	at org.apache.catalina.startup.HostConfig$DeployWar.run(HostConfig.java:1857)
	at java.util.concurrent.Executors$RunnableAdapter.call(Executors.java:511)
	at java.util.concurrent.FutureTask.run(FutureTask.java:266)
	at java.util.concurrent.ThreadPoolExecutor.runWorker(ThreadPoolExecutor.java:1142)
	at java.util.concurrent.ThreadPoolExecutor$Worker.run(ThreadPoolExecutor.java:617)
	at java.lang.Thread.run(Thread.java:745)
Caused by: java.lang.IllegalArgumentException: No persistence unit with name 'userPU' found
	at org.springframework.orm.jpa.persistenceunit.DefaultPersistenceUnitManager.obtainPersistenceUnitInfo(DefaultPersistenceUnitManager.java:733)
	at org.springframework.orm.jpa.LocalContainerEntityManagerFactoryBean.determinePersistenceUnitInfo(LocalContainerEntityManagerFactoryBean.java:384)
	at org.springframework.orm.jpa.LocalContainerEntityManagerFactoryBean.afterPropertiesSet(LocalContainerEntityManagerFactoryBean.java:332)
	at org.springframework.beans.factory.support.AbstractAutowireCapableBeanFactory.invokeInitMethods(AbstractAutowireCapableBeanFactory.java:1765)
	at org.springframework.beans.factory.support.AbstractAutowireCapableBeanFactory.initializeBean(AbstractAutowireCapableBeanFactory.java:1702)
	... 25 more

08-Aug-2018 08:23:48.328 SEVERE [localhost-startStop-1] org.apache.catalina.core.StandardContext.startInternal One or more listeners failed to start. Full details will be found in the appropriate container log file
08-Aug-2018 08:23:48.328 SEVERE [localhost-startStop-1] org.apache.catalina.core.StandardContext.startInternal Context [/DDDFlightPub-security] startup failed due to previous errors
08-Aug-2018 08:23:48.340 INFO [localhost-startStop-1] org.apache.catalina.startup.HostConfig.deployWAR Deployment of web application archive [D:\Program Files\apache-tomcat-8.5.29\webapps\DDDFlightPub-security.war] has finished in [2,150] ms
08-Aug-2018 08:23:48.368 INFO [localhost-startStop-1] org.apache.catalina.startup.HostConfig.deployWAR Deploying web application archive [D:\Program Files\apache-tomcat-8.5.29\webapps\FlightPub-test.war]
08-Aug-2018 08:23:49.347 INFO [localhost-startStop-1] org.springframework.web.context.ContextLoader.initWebApplicationContext Root WebApplicationContext: initialization started
08-Aug-2018 08:23:49.384 INFO [localhost-startStop-1] org.springframework.context.support.AbstractApplicationContext.prepareRefresh Refreshing Root WebApplicationContext: startup date [Wed Aug 08 08:23:49 AEST 2018]; root of context hierarchy
08-Aug-2018 08:23:49.424 INFO [localhost-startStop-1] org.springframework.beans.factory.xml.XmlBeanDefinitionReader.loadBeanDefinitions Loading XML bean definitions from ServletContext resource [/WEB-INF/spring-security.xml]
08-Aug-2018 08:23:49.467 INFO [localhost-startStop-1] org.springframework.security.core.SpringSecurityCoreVersion.performVersionChecks You are running with Spring Security Core 5.0.4.RELEASE
08-Aug-2018 08:23:49.470 INFO [localhost-startStop-1] org.springframework.security.config.SecurityNamespaceHandler.<init> Spring Security 'config' module version is 5.0.4.RELEASE
08-Aug-2018 08:23:49.509 INFO [localhost-startStop-1] org.springframework.security.config.http.FilterInvocationSecurityMetadataSourceParser.parseInterceptUrlsForFilterInvocationRequestMap Creating access control expression attribute 'hasRole('ROLE_USER')' for /create-review
08-Aug-2018 08:23:49.510 INFO [localhost-startStop-1] org.springframework.security.config.http.FilterInvocationSecurityMetadataSourceParser.parseInterceptUrlsForFilterInvocationRequestMap Creating access control expression attribute 'hasRole('ROLE_USER')' for /payment
08-Aug-2018 08:23:49.510 INFO [localhost-startStop-1] org.springframework.security.config.http.FilterInvocationSecurityMetadataSourceParser.parseInterceptUrlsForFilterInvocationRequestMap Creating access control expression attribute 'hasRole('ROLE_USER')' for /purchase-history
08-Aug-2018 08:23:49.511 INFO [localhost-startStop-1] org.springframework.security.config.http.FilterInvocationSecurityMetadataSourceParser.parseInterceptUrlsForFilterInvocationRequestMap Creating access control expression attribute 'hasRole('ROLE_USER')' for /purchase-summary
08-Aug-2018 08:23:49.525 INFO [localhost-startStop-1] org.springframework.security.config.http.AuthenticationConfigBuilder.createLoginPageFilterIfNeeded No login page configured. The default internal one will be used. Use the 'login-page' attribute to set the URL of the login page.
08-Aug-2018 08:23:49.530 INFO [localhost-startStop-1] org.springframework.security.config.http.HttpSecurityBeanDefinitionParser.checkFilterChainOrder Checking sorted filter chain: [Root bean: class [org.springframework.security.web.context.SecurityContextPersistenceFilter]; scope=; abstract=false; lazyInit=false; autowireMode=0; dependencyCheck=0; autowireCandidate=true; primary=false; factoryBeanName=null; factoryMethodName=null; initMethodName=null; destroyMethodName=null, order = 200, Root bean: class [org.springframework.security.web.context.request.async.WebAsyncManagerIntegrationFilter]; scope=; abstract=false; lazyInit=false; autowireMode=0; dependencyCheck=0; autowireCandidate=true; primary=false; factoryBeanName=null; factoryMethodName=null; initMethodName=null; destroyMethodName=null, order = 400, Root bean: class [org.springframework.security.web.header.HeaderWriterFilter]; scope=; abstract=false; lazyInit=false; autowireMode=0; dependencyCheck=0; autowireCandidate=true; primary=false; factoryBeanName=null; factoryMethodName=null; initMethodName=null; destroyMethodName=null, order = 500, Root bean: class [org.springframework.security.web.csrf.CsrfFilter]; scope=; abstract=false; lazyInit=false; autowireMode=0; dependencyCheck=0; autowireCandidate=true; primary=false; factoryBeanName=null; factoryMethodName=null; initMethodName=null; destroyMethodName=null, order = 700, <org.springframework.security.web.authentication.UsernamePasswordAuthenticationFilter#0>, order = 1200, Root bean: class [org.springframework.security.web.authentication.ui.DefaultLoginPageGeneratingFilter]; scope=; abstract=false; lazyInit=false; autowireMode=0; dependencyCheck=0; autowireCandidate=true; primary=false; factoryBeanName=null; factoryMethodName=null; initMethodName=null; destroyMethodName=null, order = 1400, Root bean: class [org.springframework.security.web.savedrequest.RequestCacheAwareFilter]; scope=; abstract=false; lazyInit=false; autowireMode=0; dependencyCheck=0; autowireCandidate=true; primary=false; factoryBeanName=null; factoryMethodName=null; initMethodName=null; destroyMethodName=null, order = 1700, Root bean: class [null]; scope=; abstract=false; lazyInit=false; autowireMode=0; dependencyCheck=0; autowireCandidate=true; primary=false; factoryBeanName=org.springframework.security.config.http.HttpConfigurationBuilder$SecurityContextHolderAwareRequestFilterBeanFactory#0; factoryMethodName=getBean; initMethodName=null; destroyMethodName=null, order = 1800, Root bean: class [org.springframework.security.web.authentication.AnonymousAuthenticationFilter]; scope=; abstract=false; lazyInit=false; autowireMode=0; dependencyCheck=0; autowireCandidate=true; primary=false; factoryBeanName=null; factoryMethodName=null; initMethodName=null; destroyMethodName=null, order = 2100, Root bean: class [org.springframework.security.web.session.SessionManagementFilter]; scope=; abstract=false; lazyInit=false; autowireMode=0; dependencyCheck=0; autowireCandidate=true; primary=false; factoryBeanName=null; factoryMethodName=null; initMethodName=null; destroyMethodName=null, order = 2200, Root bean: class [org.springframework.security.web.access.ExceptionTranslationFilter]; scope=; abstract=false; lazyInit=false; autowireMode=0; dependencyCheck=0; autowireCandidate=true; primary=false; factoryBeanName=null; factoryMethodName=null; initMethodName=null; destroyMethodName=null, order = 2300, <org.springframework.security.web.access.intercept.FilterSecurityInterceptor#0>, order = 2400]
08-Aug-2018 08:23:49.786 INFO [localhost-startStop-1] org.springframework.security.web.DefaultSecurityFilterChain.<init> Creating filter chain: org.springframework.security.web.util.matcher.AnyRequestMatcher@1, [org.springframework.security.web.context.SecurityContextPersistenceFilter@681a8dda, org.springframework.security.web.context.request.async.WebAsyncManagerIntegrationFilter@f63c9be, org.springframework.security.web.header.HeaderWriterFilter@4177ce36, org.springframework.security.web.csrf.CsrfFilter@3ad2d8e5, org.springframework.security.web.authentication.UsernamePasswordAuthenticationFilter@69af638, org.springframework.security.web.authentication.ui.DefaultLoginPageGeneratingFilter@17a5e16c, org.springframework.security.web.savedrequest.RequestCacheAwareFilter@685c9bd0, org.springframework.security.web.servletapi.SecurityContextHolderAwareRequestFilter@44e563ce, org.springframework.security.web.authentication.AnonymousAuthenticationFilter@151f765c, org.springframework.security.web.session.SessionManagementFilter@2d894b12, org.springframework.security.web.access.ExceptionTranslationFilter@2107c768, org.springframework.security.web.access.intercept.FilterSecurityInterceptor@4e933b95]
08-Aug-2018 08:23:49.796 INFO [localhost-startStop-1] org.springframework.security.config.http.DefaultFilterChainValidator.checkLoginPageIsntProtected Checking whether login URL '/login' is accessible with your configuration
08-Aug-2018 08:23:49.813 INFO [localhost-startStop-1] org.springframework.web.context.ContextLoader.initWebApplicationContext Root WebApplicationContext: initialization completed in 465 ms
08-Aug-2018 08:23:49.823 INFO [localhost-startStop-1] org.springframework.web.servlet.FrameworkServlet.initServletBean FrameworkServlet 'SpringDispatcher': initialization started
08-Aug-2018 08:23:49.826 INFO [localhost-startStop-1] org.springframework.context.support.AbstractApplicationContext.prepareRefresh Refreshing WebApplicationContext for namespace 'SpringDispatcher-servlet': startup date [Wed Aug 08 08:23:49 AEST 2018]; parent: Root WebApplicationContext
08-Aug-2018 08:23:49.826 INFO [localhost-startStop-1] org.springframework.beans.factory.xml.XmlBeanDefinitionReader.loadBeanDefinitions Loading XML bean definitions from ServletContext resource [/WEB-INF/SpringDispatcher-servlet.xml]
08-Aug-2018 08:23:50.236 INFO [localhost-startStop-1] org.springframework.web.servlet.handler.AbstractHandlerMethodMapping$MappingRegistry.register Mapped "{[/bookings],methods=[GET]}" onto public org.springframework.web.servlet.ModelAndView seng3150.group3.controllers.BookingsController.bookings()
08-Aug-2018 08:23:50.237 INFO [localhost-startStop-1] org.springframework.web.servlet.handler.AbstractHandlerMethodMapping$MappingRegistry.register Mapped "{[/book-ticket],methods=[GET]}" onto public org.springframework.web.servlet.ModelAndView seng3150.group3.controllers.BookTicketController.bookTicket()
08-Aug-2018 08:23:50.238 INFO [localhost-startStop-1] org.springframework.web.servlet.handler.AbstractHandlerMethodMapping$MappingRegistry.register Mapped "{[/create-review],methods=[GET]}" onto public org.springframework.web.servlet.ModelAndView seng3150.group3.controllers.CreateReviewController.createReview()
08-Aug-2018 08:23:50.238 INFO [localhost-startStop-1] org.springframework.web.servlet.handler.AbstractHandlerMethodMapping$MappingRegistry.register Mapped "{[/flight-details],methods=[GET]}" onto public org.springframework.web.servlet.ModelAndView seng3150.group3.controllers.FlightDetailsController.flightDetails()
08-Aug-2018 08:23:50.239 INFO [localhost-startStop-1] org.springframework.web.servlet.handler.AbstractHandlerMethodMapping$MappingRegistry.register Mapped "{[/],methods=[GET]}" onto public java.lang.String seng3150.group3.controllers.IndexController.index()
08-Aug-2018 08:23:50.241 INFO [localhost-startStop-1] org.springframework.web.servlet.handler.AbstractHandlerMethodMapping$MappingRegistry.register Mapped "{[/login],methods=[GET]}" onto public org.springframework.web.servlet.ModelAndView seng3150.group3.controllers.LoginController.login()
08-Aug-2018 08:23:50.241 INFO [localhost-startStop-1] org.springframework.web.servlet.handler.AbstractHandlerMethodMapping$MappingRegistry.register Mapped "{[/login],methods=[POST]}" onto public org.springframework.web.servlet.ModelAndView seng3150.group3.controllers.LoginController.loginPost(java.lang.String,java.lang.String)
08-Aug-2018 08:23:50.242 INFO [localhost-startStop-1] org.springframework.web.servlet.handler.AbstractHandlerMethodMapping$MappingRegistry.register Mapped "{[/normal-results],methods=[GET]}" onto public org.springframework.web.servlet.ModelAndView seng3150.group3.controllers.NormalResultsController.normalResults()
08-Aug-2018 08:23:50.242 INFO [localhost-startStop-1] org.springframework.web.servlet.handler.AbstractHandlerMethodMapping$MappingRegistry.register Mapped "{[/payment],methods=[GET]}" onto public org.springframework.web.servlet.ModelAndView seng3150.group3.controllers.PaymentController.payment()
08-Aug-2018 08:23:50.243 INFO [localhost-startStop-1] org.springframework.web.servlet.handler.AbstractHandlerMethodMapping$MappingRegistry.register Mapped "{[/purchase-history],methods=[GET]}" onto public org.springframework.web.servlet.ModelAndView seng3150.group3.controllers.PurchaseHistoryController.purchaseHistory()
08-Aug-2018 08:23:50.244 INFO [localhost-startStop-1] org.springframework.web.servlet.handler.AbstractHandlerMethodMapping$MappingRegistry.register Mapped "{[/purchase-summary],methods=[GET]}" onto public org.springframework.web.servlet.ModelAndView seng3150.group3.controllers.PurchaseSummaryController.purchaseSummary()
08-Aug-2018 08:23:50.244 INFO [localhost-startStop-1] org.springframework.web.servlet.handler.AbstractHandlerMethodMapping$MappingRegistry.register Mapped "{[/recommendations],methods=[GET]}" onto public org.springframework.web.servlet.ModelAndView seng3150.group3.controllers.RecommendationsController.recommendations()
08-Aug-2018 08:23:50.245 INFO [localhost-startStop-1] org.springframework.web.servlet.handler.AbstractHandlerMethodMapping$MappingRegistry.register Mapped "{[/register],methods=[GET]}" onto public org.springframework.web.servlet.ModelAndView seng3150.group3.controllers.RegisterController.register()
08-Aug-2018 08:23:50.247 INFO [localhost-startStop-1] org.springframework.web.servlet.handler.AbstractHandlerMethodMapping$MappingRegistry.register Mapped "{[/results],methods=[GET]}" onto public org.springframework.web.servlet.ModelAndView seng3150.group3.controllers.ResultsController.results()
08-Aug-2018 08:23:50.248 INFO [localhost-startStop-1] org.springframework.web.servlet.handler.AbstractHandlerMethodMapping$MappingRegistry.register Mapped "{[/search],methods=[GET]}" onto public org.springframework.web.servlet.ModelAndView seng3150.group3.controllers.SearchController.search()
08-Aug-2018 08:23:50.249 INFO [localhost-startStop-1] org.springframework.web.servlet.handler.AbstractHandlerMethodMapping$MappingRegistry.register Mapped "{[/view-reviews-admin],methods=[GET]}" onto public org.springframework.web.servlet.ModelAndView seng3150.group3.controllers.ViewReviewsAdminController.viewReviewsAdmin()
08-Aug-2018 08:23:50.251 INFO [localhost-startStop-1] org.springframework.web.servlet.handler.AbstractHandlerMethodMapping$MappingRegistry.register Mapped "{[/view-reviews],methods=[GET]}" onto public org.springframework.web.servlet.ModelAndView seng3150.group3.controllers.ViewReviewsController.viewReviews()
08-Aug-2018 08:23:50.296 INFO [localhost-startStop-1] org.springframework.web.servlet.mvc.method.annotation.RequestMappingHandlerAdapter.initControllerAdviceCache Looking for @ControllerAdvice: WebApplicationContext for namespace 'SpringDispatcher-servlet': startup date [Wed Aug 08 08:23:49 AEST 2018]; parent: Root WebApplicationContext
08-Aug-2018 08:23:50.326 INFO [localhost-startStop-1] org.springframework.web.servlet.mvc.method.annotation.RequestMappingHandlerAdapter.initControllerAdviceCache Looking for @ControllerAdvice: WebApplicationContext for namespace 'SpringDispatcher-servlet': startup date [Wed Aug 08 08:23:49 AEST 2018]; parent: Root WebApplicationContext
08-Aug-2018 08:23:50.388 INFO [localhost-startStop-1] org.springframework.web.servlet.handler.AbstractUrlHandlerMapping.registerHandler Mapped URL path [/js/**] onto handler 'org.springframework.web.servlet.resource.ResourceHttpRequestHandler#0'
08-Aug-2018 08:23:50.389 INFO [localhost-startStop-1] org.springframework.web.servlet.handler.AbstractUrlHandlerMapping.registerHandler Mapped URL path [/css/**] onto handler 'org.springframework.web.servlet.resource.ResourceHttpRequestHandler#1'
08-Aug-2018 08:23:50.390 INFO [localhost-startStop-1] org.springframework.web.servlet.handler.AbstractUrlHandlerMapping.registerHandler Mapped URL path [/img/**] onto handler 'org.springframework.web.servlet.resource.ResourceHttpRequestHandler#2'
08-Aug-2018 08:23:50.450 INFO [localhost-startStop-1] org.springframework.web.servlet.FrameworkServlet.initServletBean FrameworkServlet 'SpringDispatcher': initialization completed in 627 ms
08-Aug-2018 08:23:50.459 INFO [localhost-startStop-1] org.apache.catalina.startup.HostConfig.deployWAR Deployment of web application archive [D:\Program Files\apache-tomcat-8.5.29\webapps\FlightPub-test.war] has finished in [2,090] ms
08-Aug-2018 08:23:50.459 INFO [localhost-startStop-1] org.apache.catalina.startup.HostConfig.deployDirectory Deploying web application directory [D:\Program Files\apache-tomcat-8.5.29\webapps\a3]
08-Aug-2018 08:23:50.697 WARNING [localhost-startStop-1] org.apache.tomcat.dbcp.dbcp2.BasicDataSourceFactory.getObjectInstance Name = it_services Property maxActive is not used in DBCP2, use maxTotal instead. maxTotal default value is 8. You have set value of "100" for "maxActive" property, which is being ignored.
08-Aug-2018 08:23:50.697 WARNING [localhost-startStop-1] org.apache.tomcat.dbcp.dbcp2.BasicDataSourceFactory.getObjectInstance Name = it_services Property maxWait is not used in DBCP2 , use maxWaitMillis instead. maxWaitMillis default value is -1. You have set value of "10000" for "maxWait" property, which is being ignored.
08-Aug-2018 08:23:50.720 INFO [localhost-startStop-1] org.apache.catalina.startup.HostConfig.deployDirectory Deployment of web application directory [D:\Program Files\apache-tomcat-8.5.29\webapps\a3] has finished in [261] ms
08-Aug-2018 08:23:50.720 INFO [localhost-startStop-1] org.apache.catalina.startup.HostConfig.deployDirectory Deploying web application directory [D:\Program Files\apache-tomcat-8.5.29\webapps\Asn1]
08-Aug-2018 08:23:50.742 INFO [localhost-startStop-1] org.apache.catalina.startup.HostConfig.deployDirectory Deployment of web application directory [D:\Program Files\apache-tomcat-8.5.29\webapps\Asn1] has finished in [22] ms
08-Aug-2018 08:23:50.742 INFO [localhost-startStop-1] org.apache.catalina.startup.HostConfig.deployDirectory Deploying web application directory [D:\Program Files\apache-tomcat-8.5.29\webapps\c3256747_assignment1]
08-Aug-2018 08:23:50.786 INFO [localhost-startStop-1] org.apache.catalina.startup.HostConfig.deployDirectory Deployment of web application directory [D:\Program Files\apache-tomcat-8.5.29\webapps\c3256747_assignment1] has finished in [44] ms
08-Aug-2018 08:23:50.787 INFO [localhost-startStop-1] org.apache.catalina.startup.HostConfig.deployDirectory Deploying web application directory [D:\Program Files\apache-tomcat-8.5.29\webapps\c3256747_assignment2]
08-Aug-2018 08:23:50.820 INFO [localhost-startStop-1] org.apache.catalina.startup.HostConfig.deployDirectory Deployment of web application directory [D:\Program Files\apache-tomcat-8.5.29\webapps\c3256747_assignment2] has finished in [33] ms
08-Aug-2018 08:23:50.820 INFO [localhost-startStop-1] org.apache.catalina.startup.HostConfig.deployDirectory Deploying web application directory [D:\Program Files\apache-tomcat-8.5.29\webapps\DDDFlightPub-test]
08-Aug-2018 08:23:51.294 INFO [localhost-startStop-1] org.springframework.web.context.ContextLoader.initWebApplicationContext Root WebApplicationContext: initialization started
08-Aug-2018 08:23:51.391 INFO [localhost-startStop-1] org.springframework.context.support.AbstractApplicationContext.prepareRefresh Refreshing Root WebApplicationContext: startup date [Wed Aug 08 08:23:51 AEST 2018]; root of context hierarchy
08-Aug-2018 08:23:51.421 INFO [localhost-startStop-1] org.springframework.beans.factory.xml.XmlBeanDefinitionReader.loadBeanDefinitions Loading XML bean definitions from ServletContext resource [/WEB-INF/SpringDispatcher-servlet.xml]
08-Aug-2018 08:23:51.767 INFO [localhost-startStop-1] org.springframework.web.servlet.handler.AbstractHandlerMethodMapping$MappingRegistry.register Mapped "{[/],methods=[GET]}" onto public org.springframework.web.servlet.ModelAndView seng3150.group3.IndexController.index(java.lang.String)
08-Aug-2018 08:23:51.821 INFO [localhost-startStop-1] org.springframework.web.servlet.mvc.method.annotation.RequestMappingHandlerAdapter.initControllerAdviceCache Looking for @ControllerAdvice: Root WebApplicationContext: startup date [Wed Aug 08 08:23:51 AEST 2018]; root of context hierarchy
08-Aug-2018 08:23:51.852 INFO [localhost-startStop-1] org.springframework.web.servlet.mvc.method.annotation.RequestMappingHandlerAdapter.initControllerAdviceCache Looking for @ControllerAdvice: Root WebApplicationContext: startup date [Wed Aug 08 08:23:51 AEST 2018]; root of context hierarchy
08-Aug-2018 08:23:51.904 INFO [localhost-startStop-1] org.springframework.web.servlet.handler.AbstractUrlHandlerMapping.registerHandler Default mapping to handler 'org.springframework.web.servlet.resource.ResourceHttpRequestHandler#0'
08-Aug-2018 08:23:51.906 INFO [localhost-startStop-1] org.springframework.web.servlet.handler.AbstractUrlHandlerMapping.registerHandler Mapped URL path [/js/**] onto handler 'org.springframework.web.servlet.resource.ResourceHttpRequestHandler#1'
08-Aug-2018 08:23:51.907 INFO [localhost-startStop-1] org.springframework.web.servlet.handler.AbstractUrlHandlerMapping.registerHandler Mapped URL path [/css/**] onto handler 'org.springframework.web.servlet.resource.ResourceHttpRequestHandler#2'
08-Aug-2018 08:23:51.909 INFO [localhost-startStop-1] org.springframework.web.servlet.handler.AbstractUrlHandlerMapping.registerHandler Mapped URL path [/img/**] onto handler 'org.springframework.web.servlet.resource.ResourceHttpRequestHandler#3'
08-Aug-2018 08:23:51.944 INFO [localhost-startStop-1] org.springframework.web.context.ContextLoader.initWebApplicationContext Root WebApplicationContext: initialization completed in 650 ms
08-Aug-2018 08:23:51.946 INFO [localhost-startStop-1] org.springframework.web.servlet.FrameworkServlet.initServletBean FrameworkServlet 'SpringDispatcher': initialization started
08-Aug-2018 08:23:51.948 INFO [localhost-startStop-1] org.springframework.context.support.AbstractApplicationContext.prepareRefresh Refreshing WebApplicationContext for namespace 'SpringDispatcher-servlet': startup date [Wed Aug 08 08:23:51 AEST 2018]; parent: Root WebApplicationContext
08-Aug-2018 08:23:51.949 INFO [localhost-startStop-1] org.springframework.beans.factory.xml.XmlBeanDefinitionReader.loadBeanDefinitions Loading XML bean definitions from ServletContext resource [/WEB-INF/SpringDispatcher-servlet.xml]
08-Aug-2018 08:23:51.986 INFO [localhost-startStop-1] org.springframework.web.servlet.handler.AbstractHandlerMethodMapping$MappingRegistry.register Mapped "{[/],methods=[GET]}" onto public org.springframework.web.servlet.ModelAndView seng3150.group3.IndexController.index(java.lang.String)
08-Aug-2018 08:23:51.997 INFO [localhost-startStop-1] org.springframework.web.servlet.mvc.method.annotation.RequestMappingHandlerAdapter.initControllerAdviceCache Looking for @ControllerAdvice: WebApplicationContext for namespace 'SpringDispatcher-servlet': startup date [Wed Aug 08 08:23:51 AEST 2018]; parent: Root WebApplicationContext
08-Aug-2018 08:23:52.002 INFO [localhost-startStop-1] org.springframework.web.servlet.mvc.method.annotation.RequestMappingHandlerAdapter.initControllerAdviceCache Looking for @ControllerAdvice: WebApplicationContext for namespace 'SpringDispatcher-servlet': startup date [Wed Aug 08 08:23:51 AEST 2018]; parent: Root WebApplicationContext
08-Aug-2018 08:23:52.024 INFO [localhost-startStop-1] org.springframework.web.servlet.handler.AbstractUrlHandlerMapping.registerHandler Default mapping to handler 'org.springframework.web.servlet.resource.ResourceHttpRequestHandler#0'
08-Aug-2018 08:23:52.026 INFO [localhost-startStop-1] org.springframework.web.servlet.handler.AbstractUrlHandlerMapping.registerHandler Mapped URL path [/js/**] onto handler 'org.springframework.web.servlet.resource.ResourceHttpRequestHandler#1'
08-Aug-2018 08:23:52.028 INFO [localhost-startStop-1] org.springframework.web.servlet.handler.AbstractUrlHandlerMapping.registerHandler Mapped URL path [/css/**] onto handler 'org.springframework.web.servlet.resource.ResourceHttpRequestHandler#2'
08-Aug-2018 08:23:52.030 INFO [localhost-startStop-1] org.springframework.web.servlet.handler.AbstractUrlHandlerMapping.registerHandler Mapped URL path [/img/**] onto handler 'org.springframework.web.servlet.resource.ResourceHttpRequestHandler#3'
08-Aug-2018 08:23:52.066 INFO [localhost-startStop-1] org.springframework.web.servlet.FrameworkServlet.initServletBean FrameworkServlet 'SpringDispatcher': initialization completed in 119 ms
08-Aug-2018 08:23:52.067 INFO [localhost-startStop-1] org.apache.catalina.startup.HostConfig.deployDirectory Deployment of web application directory [D:\Program Files\apache-tomcat-8.5.29\webapps\DDDFlightPub-test] has finished in [1,247] ms
08-Aug-2018 08:23:52.067 INFO [localhost-startStop-1] org.apache.catalina.startup.HostConfig.deployDirectory Deploying web application directory [D:\Program Files\apache-tomcat-8.5.29\webapps\docs]
08-Aug-2018 08:23:52.081 INFO [localhost-startStop-1] org.apache.catalina.startup.HostConfig.deployDirectory Deployment of web application directory [D:\Program Files\apache-tomcat-8.5.29\webapps\docs] has finished in [14] ms
08-Aug-2018 08:23:52.081 INFO [localhost-startStop-1] org.apache.catalina.startup.HostConfig.deployDirectory Deploying web application directory [D:\Program Files\apache-tomcat-8.5.29\webapps\examples]
08-Aug-2018 08:23:52.820 INFO [localhost-startStop-1] org.apache.catalina.startup.HostConfig.deployDirectory Deployment of web application directory [D:\Program Files\apache-tomcat-8.5.29\webapps\examples] has finished in [739] ms
08-Aug-2018 08:23:52.821 INFO [localhost-startStop-1] org.apache.catalina.startup.HostConfig.deployDirectory Deploying web application directory [D:\Program Files\apache-tomcat-8.5.29\webapps\host-manager]
08-Aug-2018 08:23:52.852 INFO [localhost-startStop-1] org.apache.catalina.startup.HostConfig.deployDirectory Deployment of web application directory [D:\Program Files\apache-tomcat-8.5.29\webapps\host-manager] has finished in [31] ms
08-Aug-2018 08:23:52.852 INFO [localhost-startStop-1] org.apache.catalina.startup.HostConfig.deployDirectory Deploying web application directory [D:\Program Files\apache-tomcat-8.5.29\webapps\Lab0405]
08-Aug-2018 08:23:52.875 INFO [localhost-startStop-1] org.apache.catalina.startup.HostConfig.deployDirectory Deployment of web application directory [D:\Program Files\apache-tomcat-8.5.29\webapps\Lab0405] has finished in [23] ms
08-Aug-2018 08:23:52.875 INFO [localhost-startStop-1] org.apache.catalina.startup.HostConfig.deployDirectory Deploying web application directory [D:\Program Files\apache-tomcat-8.5.29\webapps\manager]
08-Aug-2018 08:23:52.893 INFO [localhost-startStop-1] org.apache.catalina.startup.HostConfig.deployDirectory Deployment of web application directory [D:\Program Files\apache-tomcat-8.5.29\webapps\manager] has finished in [18] ms
08-Aug-2018 08:23:52.894 INFO [localhost-startStop-1] org.apache.catalina.startup.HostConfig.deployDirectory Deploying web application directory [D:\Program Files\apache-tomcat-8.5.29\webapps\ROOT]
08-Aug-2018 08:23:52.908 INFO [localhost-startStop-1] org.apache.catalina.startup.HostConfig.deployDirectory Deployment of web application directory [D:\Program Files\apache-tomcat-8.5.29\webapps\ROOT] has finished in [15] ms
08-Aug-2018 08:23:52.908 INFO [localhost-startStop-1] org.apache.catalina.startup.HostConfig.deployDirectory Deploying web application directory [D:\Program Files\apache-tomcat-8.5.29\webapps\seng3150-group-3]
08-Aug-2018 08:23:52.918 INFO [localhost-startStop-1] org.apache.catalina.startup.HostConfig.deployDirectory Deployment of web application directory [D:\Program Files\apache-tomcat-8.5.29\webapps\seng3150-group-3] has finished in [10] ms
08-Aug-2018 08:23:52.921 INFO [main] org.apache.coyote.AbstractProtocol.start Starting ProtocolHandler ["http-nio-8080"]
08-Aug-2018 08:23:52.933 INFO [main] org.apache.coyote.AbstractProtocol.start Starting ProtocolHandler ["ajp-nio-8009"]
08-Aug-2018 08:23:52.943 INFO [main] org.apache.catalina.startup.Catalina.start Server startup in 6800 ms
