10-Nov-2018 00:06:27.390 INFO [ContainerBackgroundProcessor[StandardEngine[Catalina]]] org.apache.catalina.startup.HostConfig.undeploy Undeploying context [/FlightPub-0.2]
10-Nov-2018 00:06:27.392 INFO [ContainerBackgroundProcessor[StandardEngine[Catalina]]] org.springframework.context.support.AbstractApplicationContext.doClose Closing WebApplicationContext for namespace 'SpringDispatcher-servlet': startup date [Fri Nov 09 23:33:34 AEDT 2018]; parent: Root WebApplicationContext
10-Nov-2018 00:06:27.394 INFO [ContainerBackgroundProcessor[StandardEngine[Catalina]]] org.springframework.orm.jpa.AbstractEntityManagerFactoryBean.destroy Closing JPA EntityManagerFactory for persistence unit 'spring_example_PU'
10-Nov-2018 00:06:27.416 INFO [ContainerBackgroundProcessor[StandardEngine[Catalina]]] org.springframework.context.support.AbstractApplicationContext.doClose Closing Root WebApplicationContext: startup date [Fri Nov 09 23:33:33 AEDT 2018]; root of context hierarchy
10-Nov-2018 00:06:27.423 WARNING [ContainerBackgroundProcessor[StandardEngine[Catalina]]] org.apache.catalina.loader.WebappClassLoaderBase.clearReferencesJdbc The web application [FlightPub-0.2] registered the JDBC driver [com.mysql.cj.jdbc.Driver] but failed to unregister it when the web application was stopped. To prevent a memory leak, the JDBC Driver has been forcibly unregistered.
10-Nov-2018 00:06:27.423 WARNING [ContainerBackgroundProcessor[StandardEngine[Catalina]]] org.apache.catalina.loader.WebappClassLoaderBase.clearReferencesThreads The web application [FlightPub-0.2] appears to have started a thread named [Abandoned connection cleanup thread] but has failed to stop it. This is very likely to create a memory leak. Stack trace of thread:
 java.lang.Object.wait(Native Method)
 java.lang.ref.ReferenceQueue.remove(ReferenceQueue.java:143)
 com.mysql.cj.jdbc.AbandonedConnectionCleanupThread.run(AbandonedConnectionCleanupThread.java:70)
 java.util.concurrent.ThreadPoolExecutor.runWorker(ThreadPoolExecutor.java:1142)
 java.util.concurrent.ThreadPoolExecutor$Worker.run(ThreadPoolExecutor.java:617)
 java.lang.Thread.run(Thread.java:745)
10-Nov-2018 00:06:27.468 INFO [localhost-startStop-2] org.apache.catalina.startup.HostConfig.deployWAR Deploying web application archive [D:\Program Files\apache-tomcat-8.5.29\webapps\FlightPub-0.2.war]
10-Nov-2018 00:06:28.559 INFO [Abandoned connection cleanup thread] org.apache.catalina.loader.WebappClassLoaderBase.checkStateForResourceLoading Illegal access: this web application instance has been stopped already. Could not load []. The following stack trace is thrown for debugging purposes as well as to attempt to terminate the thread which caused the illegal access.
 java.lang.IllegalStateException: Illegal access: this web application instance has been stopped already. Could not load []. The following stack trace is thrown for debugging purposes as well as to attempt to terminate the thread which caused the illegal access.
	at org.apache.catalina.loader.WebappClassLoaderBase.checkStateForResourceLoading(WebappClassLoaderBase.java:1311)
	at org.apache.catalina.loader.WebappClassLoaderBase.getResource(WebappClassLoaderBase.java:986)
	at com.mysql.cj.jdbc.AbandonedConnectionCleanupThread.checkContextClassLoaders(AbandonedConnectionCleanupThread.java:96)
	at com.mysql.cj.jdbc.AbandonedConnectionCleanupThread.run(AbandonedConnectionCleanupThread.java:69)
	at java.util.concurrent.ThreadPoolExecutor.runWorker(ThreadPoolExecutor.java:1142)
	at java.util.concurrent.ThreadPoolExecutor$Worker.run(ThreadPoolExecutor.java:617)
	at java.lang.Thread.run(Thread.java:745)

10-Nov-2018 00:06:29.402 INFO [localhost-startStop-2] org.springframework.web.context.ContextLoader.initWebApplicationContext Root WebApplicationContext: initialization started
10-Nov-2018 00:06:29.453 INFO [localhost-startStop-2] org.springframework.context.support.AbstractApplicationContext.prepareRefresh Refreshing Root WebApplicationContext: startup date [Sat Nov 10 00:06:29 AEDT 2018]; root of context hierarchy
10-Nov-2018 00:06:29.512 INFO [localhost-startStop-2] org.springframework.web.context.support.AnnotationConfigWebApplicationContext.loadBeanDefinitions No annotated classes found for specified class/package [/WEB-INF/SpringDispatcher-servlet.xml]
10-Nov-2018 00:06:29.552 INFO [localhost-startStop-2] org.springframework.web.context.support.AnnotationConfigWebApplicationContext.loadBeanDefinitions Found 1 annotated classes in package [seng3150.group3.config]
10-Nov-2018 00:06:30.272 INFO [localhost-startStop-2] org.springframework.security.web.DefaultSecurityFilterChain.<init> Creating filter chain: org.springframework.security.web.util.matcher.AnyRequestMatcher@1, [org.springframework.security.web.context.request.async.WebAsyncManagerIntegrationFilter@12f75970, org.springframework.security.web.context.SecurityContextPersistenceFilter@5cc0793f, org.springframework.security.web.header.HeaderWriterFilter@d25a79b, org.springframework.security.web.authentication.logout.LogoutFilter@4aea5d1d, org.springframework.security.web.authentication.UsernamePasswordAuthenticationFilter@39960574, org.springframework.security.web.savedrequest.RequestCacheAwareFilter@37f9c863, org.springframework.security.web.servletapi.SecurityContextHolderAwareRequestFilter@4f044313, org.springframework.security.web.authentication.AnonymousAuthenticationFilter@53018672, org.springframework.security.web.session.SessionManagementFilter@5c25db0f, org.springframework.security.web.access.ExceptionTranslationFilter@5b63dea7, org.springframework.security.web.access.intercept.FilterSecurityInterceptor@295e4919]
10-Nov-2018 00:06:30.310 INFO [localhost-startStop-2] org.springframework.web.context.ContextLoader.initWebApplicationContext Root WebApplicationContext: initialization completed in 908 ms
10-Nov-2018 00:06:30.315 INFO [localhost-startStop-2] org.springframework.web.servlet.FrameworkServlet.initServletBean FrameworkServlet 'SpringDispatcher': initialization started
10-Nov-2018 00:06:30.318 INFO [localhost-startStop-2] org.springframework.context.support.AbstractApplicationContext.prepareRefresh Refreshing WebApplicationContext for namespace 'SpringDispatcher-servlet': startup date [Sat Nov 10 00:06:30 AEDT 2018]; parent: Root WebApplicationContext
10-Nov-2018 00:06:30.329 INFO [localhost-startStop-2] org.springframework.beans.factory.xml.XmlBeanDefinitionReader.loadBeanDefinitions Loading XML bean definitions from ServletContext resource [/WEB-INF/SpringDispatcher-servlet.xml]
10-Nov-2018 00:06:30.651 INFO [localhost-startStop-2] org.springframework.orm.jpa.LocalContainerEntityManagerFactoryBean.createNativeEntityManagerFactory Building JPA container EntityManagerFactory for persistence unit 'spring_example_PU'
10-Nov-2018 00:06:30.669 INFO [localhost-startStop-2] org.hibernate.jpa.internal.util.LogHelper.logPersistenceUnitInformation HHH000204: Processing PersistenceUnitInfo [
	name: spring_example_PU
	...]
10-Nov-2018 00:06:30.745 INFO [localhost-startStop-2] org.hibernate.Version.logVersion HHH000412: Hibernate Core {5.2.17.Final}
10-Nov-2018 00:06:30.747 INFO [localhost-startStop-2] org.hibernate.cfg.Environment.<clinit> HHH000206: hibernate.properties not found
10-Nov-2018 00:06:30.785 INFO [localhost-startStop-2] org.hibernate.annotations.common.reflection.java.JavaReflectionManager.<clinit> HCANN000001: Hibernate Commons Annotations {5.0.1.Final}
10-Nov-2018 00:06:31.035 INFO [localhost-startStop-2] org.hibernate.dialect.Dialect.<init> HHH000400: Using dialect: org.hibernate.dialect.MySQL57Dialect
10-Nov-2018 00:06:31.322 WARN [localhost-startStop-2] org.hibernate.mapping.RootClass.checkCompositeIdentifier HHH000038: Composite-id class does not override equals(): seng3150.group3.beans.FlightPathPK
10-Nov-2018 00:06:31.322 WARN [localhost-startStop-2] org.hibernate.mapping.RootClass.checkCompositeIdentifier HHH000039: Composite-id class does not override hashCode(): seng3150.group3.beans.FlightPathPK
10-Nov-2018 00:06:31.851 INFO [localhost-startStop-2] org.springframework.orm.jpa.AbstractEntityManagerFactoryBean.buildNativeEntityManagerFactory Initialized JPA EntityManagerFactory for persistence unit 'spring_example_PU'
10-Nov-2018 00:06:32.000 INFO [localhost-startStop-2] org.springframework.web.servlet.handler.AbstractHandlerMethodMapping$MappingRegistry.register Mapped "{[/add-tags],methods=[POST]}" onto public java.lang.String seng3150.group3.controllers.AddTagController.submitTag(seng3150.group3.beans.Tag,org.springframework.validation.BindingResult,org.springframework.ui.ModelMap,org.springframework.web.servlet.mvc.support.RedirectAttributes)
10-Nov-2018 00:06:32.001 INFO [localhost-startStop-2] org.springframework.web.servlet.handler.AbstractHandlerMethodMapping$MappingRegistry.register Mapped "{[/add-tags],methods=[GET]}" onto public org.springframework.web.servlet.ModelAndView seng3150.group3.controllers.AddTagController.addTag(int)
10-Nov-2018 00:06:32.002 INFO [localhost-startStop-2] org.springframework.web.servlet.handler.AbstractHandlerMethodMapping$MappingRegistry.register Mapped "{[/bookings],methods=[POST]}" onto public org.springframework.web.servlet.ModelAndView seng3150.group3.controllers.BookingsController.bookings()
10-Nov-2018 00:06:32.003 INFO [localhost-startStop-2] org.springframework.web.servlet.handler.AbstractHandlerMethodMapping$MappingRegistry.register Mapped "{[/bookings],methods=[GET]}" onto public org.springframework.web.servlet.ModelAndView seng3150.group3.controllers.BookingsController.bookings(java.lang.String,java.lang.String,java.lang.String,java.lang.String,java.lang.String)
10-Nov-2018 00:06:32.003 INFO [localhost-startStop-2] org.springframework.web.servlet.handler.AbstractHandlerMethodMapping$MappingRegistry.register Mapped "{[/book-ticket],methods=[GET]}" onto public org.springframework.web.servlet.ModelAndView seng3150.group3.controllers.BookTicketController.bookTicket(java.lang.String)
10-Nov-2018 00:06:32.004 INFO [localhost-startStop-2] org.springframework.web.servlet.handler.AbstractHandlerMethodMapping$MappingRegistry.register Mapped "{[/create-review],methods=[POST]}" onto public java.lang.String seng3150.group3.controllers.CreateReviewController.submit(seng3150.group3.beans.Review,org.springframework.validation.BindingResult,org.springframework.ui.ModelMap,org.springframework.web.servlet.mvc.support.RedirectAttributes)
10-Nov-2018 00:06:32.004 INFO [localhost-startStop-2] org.springframework.web.servlet.handler.AbstractHandlerMethodMapping$MappingRegistry.register Mapped "{[/create-review],methods=[GET]}" onto public org.springframework.web.servlet.ModelAndView seng3150.group3.controllers.CreateReviewController.createReview(int)
10-Nov-2018 00:06:32.005 INFO [localhost-startStop-2] org.springframework.web.servlet.handler.AbstractHandlerMethodMapping$MappingRegistry.register Mapped "{[/flight-details],methods=[GET]}" onto public org.springframework.web.servlet.ModelAndView seng3150.group3.controllers.FlightDetailsController.flightDetails(java.lang.String)
10-Nov-2018 00:06:32.005 INFO [localhost-startStop-2] org.springframework.web.servlet.handler.AbstractHandlerMethodMapping$MappingRegistry.register Mapped "{[/],methods=[GET]}" onto public java.lang.String seng3150.group3.controllers.IndexController.index()
10-Nov-2018 00:06:32.006 INFO [localhost-startStop-2] org.springframework.web.servlet.handler.AbstractHandlerMethodMapping$MappingRegistry.register Mapped "{[/login],methods=[GET]}" onto public org.springframework.web.servlet.ModelAndView seng3150.group3.controllers.LoginController.login()
10-Nov-2018 00:06:32.006 INFO [localhost-startStop-2] org.springframework.web.servlet.handler.AbstractHandlerMethodMapping$MappingRegistry.register Mapped "{[/login],methods=[POST]}" onto public org.springframework.web.servlet.ModelAndView seng3150.group3.controllers.LoginController.loginPost()
10-Nov-2018 00:06:32.007 INFO [localhost-startStop-2] org.springframework.web.servlet.handler.AbstractHandlerMethodMapping$MappingRegistry.register Mapped "{[/logout],methods=[GET]}" onto public java.lang.String seng3150.group3.controllers.LogoutController.logoutPage(javax.servlet.http.HttpServletRequest,javax.servlet.http.HttpServletResponse)
10-Nov-2018 00:06:32.008 INFO [localhost-startStop-2] org.springframework.web.servlet.handler.AbstractHandlerMethodMapping$MappingRegistry.register Mapped "{[/normal-results],methods=[GET],params=[departureAirport && arrivalAirport && departureDate && returnDate && passengers && flightClass]}" onto public org.springframework.web.servlet.ModelAndView seng3150.group3.controllers.NormalResultsController.normalResults(seng3150.group3.beans.SearchInfo,org.springframework.validation.BindingResult,org.springframework.ui.ModelMap)
10-Nov-2018 00:06:32.009 INFO [localhost-startStop-2] org.springframework.web.servlet.handler.AbstractHandlerMethodMapping$MappingRegistry.register Mapped "{[/payment],methods=[GET]}" onto public org.springframework.web.servlet.ModelAndView seng3150.group3.controllers.PaymentController.payment(java.lang.String)
10-Nov-2018 00:06:32.009 INFO [localhost-startStop-2] org.springframework.web.servlet.handler.AbstractHandlerMethodMapping$MappingRegistry.register Mapped "{[/purchase-history],methods=[GET]}" onto public org.springframework.web.servlet.ModelAndView seng3150.group3.controllers.PurchaseHistoryController.purchaseHistory(java.lang.String)
10-Nov-2018 00:06:32.010 INFO [localhost-startStop-2] org.springframework.web.servlet.handler.AbstractHandlerMethodMapping$MappingRegistry.register Mapped "{[/purchase-summary],methods=[GET]}" onto public org.springframework.web.servlet.ModelAndView seng3150.group3.controllers.PurchaseSummaryController.purchaseSummary(java.lang.String,java.lang.String,java.lang.String)
10-Nov-2018 00:06:32.012 INFO [localhost-startStop-2] org.springframework.web.servlet.handler.AbstractHandlerMethodMapping$MappingRegistry.register Mapped "{[/recommendations],methods=[GET],params=[departureAirport && arrivalAirport && departureDate && returnDate && passengers && flightClass]}" onto public org.springframework.web.servlet.ModelAndView seng3150.group3.controllers.RecommendationsController.recommendations(seng3150.group3.beans.SearchInfo,org.springframework.validation.BindingResult,org.springframework.ui.ModelMap)
10-Nov-2018 00:06:32.012 INFO [localhost-startStop-2] org.springframework.web.servlet.handler.AbstractHandlerMethodMapping$MappingRegistry.register Mapped "{[/register],methods=[GET]}" onto public org.springframework.web.servlet.ModelAndView seng3150.group3.controllers.RegisterController.register()
10-Nov-2018 00:06:32.013 INFO [localhost-startStop-2] org.springframework.web.servlet.handler.AbstractHandlerMethodMapping$MappingRegistry.register Mapped "{[/register],methods=[POST]}" onto public org.springframework.web.servlet.ModelAndView seng3150.group3.controllers.RegisterController.registerSubmit(seng3150.group3.beans.User,java.util.Map<java.lang.String, java.lang.Object>)
10-Nov-2018 00:06:32.013 INFO [localhost-startStop-2] org.springframework.web.servlet.handler.AbstractHandlerMethodMapping$MappingRegistry.register Mapped "{[/results],methods=[GET]}" onto public org.springframework.web.servlet.ModelAndView seng3150.group3.controllers.ResultsController.searchResults()
10-Nov-2018 00:06:32.015 INFO [localhost-startStop-2] org.springframework.web.servlet.handler.AbstractHandlerMethodMapping$MappingRegistry.register Mapped "{[/search],methods=[GET]}" onto public org.springframework.web.servlet.ModelAndView seng3150.group3.controllers.SearchController.search()
10-Nov-2018 00:06:32.015 INFO [localhost-startStop-2] org.springframework.web.servlet.handler.AbstractHandlerMethodMapping$MappingRegistry.register Mapped "{[/deleteTag],methods=[GET]}" onto public java.lang.String seng3150.group3.controllers.TagController.deleteTag(java.lang.String)
10-Nov-2018 00:06:32.016 INFO [localhost-startStop-2] org.springframework.web.servlet.handler.AbstractHandlerMethodMapping$MappingRegistry.register Mapped "{[/view-reviews-admin],methods=[GET]}" onto public org.springframework.web.servlet.ModelAndView seng3150.group3.controllers.ViewReviewsAdminController.viewReviewsAdmin(int)
10-Nov-2018 00:06:32.017 INFO [localhost-startStop-2] org.springframework.web.servlet.handler.AbstractHandlerMethodMapping$MappingRegistry.register Mapped "{[/view-reviews-admin/deleteReview],methods=[GET],params=[targetReview]}" onto public java.lang.String seng3150.group3.controllers.ViewReviewsAdminController.deleteReview(int)
10-Nov-2018 00:06:32.017 INFO [localhost-startStop-2] org.springframework.web.servlet.handler.AbstractHandlerMethodMapping$MappingRegistry.register Mapped "{[/view-reviews-admin],methods=[POST],params=[addTag]}" onto public java.lang.String seng3150.group3.controllers.ViewReviewsAdminController.addTag(seng3150.group3.beans.TagName,org.springframework.validation.BindingResult,org.springframework.ui.ModelMap)
10-Nov-2018 00:06:32.017 INFO [localhost-startStop-2] org.springframework.web.servlet.handler.AbstractHandlerMethodMapping$MappingRegistry.register Mapped "{[/view-reviews],methods=[GET]}" onto public org.springframework.web.servlet.ModelAndView seng3150.group3.controllers.ViewReviewsController.viewReviews(int)
10-Nov-2018 00:06:32.078 INFO [localhost-startStop-2] org.springframework.web.servlet.mvc.method.annotation.RequestMappingHandlerAdapter.initControllerAdviceCache Looking for @ControllerAdvice: WebApplicationContext for namespace 'SpringDispatcher-servlet': startup date [Sat Nov 10 00:06:30 AEDT 2018]; parent: Root WebApplicationContext
10-Nov-2018 00:06:32.118 INFO [localhost-startStop-2] org.springframework.web.servlet.mvc.method.annotation.RequestMappingHandlerAdapter.initControllerAdviceCache Looking for @ControllerAdvice: WebApplicationContext for namespace 'SpringDispatcher-servlet': startup date [Sat Nov 10 00:06:30 AEDT 2018]; parent: Root WebApplicationContext
10-Nov-2018 00:06:32.175 INFO [localhost-startStop-2] org.springframework.web.servlet.handler.AbstractUrlHandlerMapping.registerHandler Mapped URL path [/login] onto handler of type [class org.springframework.web.servlet.mvc.ParameterizableViewController]
10-Nov-2018 00:06:32.186 INFO [localhost-startStop-2] org.springframework.web.servlet.handler.AbstractUrlHandlerMapping.registerHandler Mapped URL path [/js/**] onto handler 'org.springframework.web.servlet.resource.ResourceHttpRequestHandler#0'
10-Nov-2018 00:06:32.188 INFO [localhost-startStop-2] org.springframework.web.servlet.handler.AbstractUrlHandlerMapping.registerHandler Mapped URL path [/css/**] onto handler 'org.springframework.web.servlet.resource.ResourceHttpRequestHandler#1'
10-Nov-2018 00:06:32.190 INFO [localhost-startStop-2] org.springframework.web.servlet.handler.AbstractUrlHandlerMapping.registerHandler Mapped URL path [/img/**] onto handler 'org.springframework.web.servlet.resource.ResourceHttpRequestHandler#2'
10-Nov-2018 00:06:32.389 INFO [localhost-startStop-2] org.springframework.security.web.DefaultSecurityFilterChain.<init> Creating filter chain: org.springframework.security.web.util.matcher.AnyRequestMatcher@1, [org.springframework.security.web.context.request.async.WebAsyncManagerIntegrationFilter@ac47e18, org.springframework.security.web.context.SecurityContextPersistenceFilter@ee8fc2a, org.springframework.security.web.header.HeaderWriterFilter@15da1640, org.springframework.security.web.authentication.logout.LogoutFilter@7eb995bd, org.springframework.security.web.authentication.UsernamePasswordAuthenticationFilter@7f3290b1, org.springframework.security.web.savedrequest.RequestCacheAwareFilter@4f9d9662, org.springframework.security.web.servletapi.SecurityContextHolderAwareRequestFilter@a30e1c7, org.springframework.security.web.authentication.AnonymousAuthenticationFilter@6847c0a2, org.springframework.security.web.session.SessionManagementFilter@3138b8a4, org.springframework.security.web.access.ExceptionTranslationFilter@114a0fca, org.springframework.security.web.access.intercept.FilterSecurityInterceptor@64a255b7]
10-Nov-2018 00:06:32.488 INFO [localhost-startStop-2] org.springframework.web.servlet.FrameworkServlet.initServletBean FrameworkServlet 'SpringDispatcher': initialization completed in 2173 ms
10-Nov-2018 00:06:32.490 INFO [localhost-startStop-2] org.apache.catalina.startup.HostConfig.deployWAR Deployment of web application archive [D:\Program Files\apache-tomcat-8.5.29\webapps\FlightPub-0.2.war] has finished in [5,022] ms
