16-Oct-2018 22:08:22.769 INFO [main] org.apache.catalina.startup.VersionLoggerListener.log Server version:        Apache Tomcat/8.5.29
16-Oct-2018 22:08:22.777 INFO [main] org.apache.catalina.startup.VersionLoggerListener.log Server built:          Mar 5 2018 13:11:12 UTC
16-Oct-2018 22:08:22.777 INFO [main] org.apache.catalina.startup.VersionLoggerListener.log Server number:         8.5.29.0
16-Oct-2018 22:08:22.777 INFO [main] org.apache.catalina.startup.VersionLoggerListener.log OS Name:               Windows 10
16-Oct-2018 22:08:22.777 INFO [main] org.apache.catalina.startup.VersionLoggerListener.log OS Version:            10.0
16-Oct-2018 22:08:22.777 INFO [main] org.apache.catalina.startup.VersionLoggerListener.log Architecture:          amd64
16-Oct-2018 22:08:22.778 INFO [main] org.apache.catalina.startup.VersionLoggerListener.log Java Home:             C:\Program Files\Java\jdk1.8.0_121\jre
16-Oct-2018 22:08:22.778 INFO [main] org.apache.catalina.startup.VersionLoggerListener.log JVM Version:           1.8.0_121-b13
16-Oct-2018 22:08:22.778 INFO [main] org.apache.catalina.startup.VersionLoggerListener.log JVM Vendor:            Oracle Corporation
16-Oct-2018 22:08:22.778 INFO [main] org.apache.catalina.startup.VersionLoggerListener.log CATALINA_BASE:         D:\Program Files\apache-tomcat-8.5.29
16-Oct-2018 22:08:22.778 INFO [main] org.apache.catalina.startup.VersionLoggerListener.log CATALINA_HOME:         D:\Program Files\apache-tomcat-8.5.29
16-Oct-2018 22:08:22.778 INFO [main] org.apache.catalina.startup.VersionLoggerListener.log Command line argument: -Djava.util.logging.config.file=D:\Program Files\apache-tomcat-8.5.29\conf\logging.properties
16-Oct-2018 22:08:22.779 INFO [main] org.apache.catalina.startup.VersionLoggerListener.log Command line argument: -Djava.util.logging.manager=org.apache.juli.ClassLoaderLogManager
16-Oct-2018 22:08:22.780 INFO [main] org.apache.catalina.startup.VersionLoggerListener.log Command line argument: -Djdk.tls.ephemeralDHKeySize=2048
16-Oct-2018 22:08:22.780 INFO [main] org.apache.catalina.startup.VersionLoggerListener.log Command line argument: -Djava.protocol.handler.pkgs=org.apache.catalina.webresources
16-Oct-2018 22:08:22.780 INFO [main] org.apache.catalina.startup.VersionLoggerListener.log Command line argument: -Dignore.endorsed.dirs=
16-Oct-2018 22:08:22.780 INFO [main] org.apache.catalina.startup.VersionLoggerListener.log Command line argument: -Dcatalina.base=D:\Program Files\apache-tomcat-8.5.29
16-Oct-2018 22:08:22.780 INFO [main] org.apache.catalina.startup.VersionLoggerListener.log Command line argument: -Dcatalina.home=D:\Program Files\apache-tomcat-8.5.29
16-Oct-2018 22:08:22.780 INFO [main] org.apache.catalina.startup.VersionLoggerListener.log Command line argument: -Djava.io.tmpdir=D:\Program Files\apache-tomcat-8.5.29\temp
16-Oct-2018 22:08:22.781 INFO [main] org.apache.catalina.core.AprLifecycleListener.lifecycleEvent The APR based Apache Tomcat Native library which allows optimal performance in production environments was not found on the java.library.path: [C:\Program Files\Java\jdk1.8.0_121\bin;C:\WINDOWS\Sun\Java\bin;C:\WINDOWS\system32;C:\WINDOWS;C:\ProgramData\Oracle\Java\javapath;C:\WINDOWS\system32;C:\WINDOWS;C:\WINDOWS\System32\Wbem;C:\WINDOWS\System32\WindowsPowerShell\v1.0\;C:\Program Files\Java\jdk1.8.0_121\bin;C:\Program Files (x86)\GtkSharp\2.12\bin;C:\Program Files (x86)\NVIDIA Corporation\PhysX\Common;D:\Program Files\Microsoft SQL Server\Client SDK\ODBC\110\Tools\Binn\;D:\Program Files (x86)\Microsoft SQL Server\120\Tools\Binn\;D:\Program Files\Microsoft SQL Server\120\Tools\Binn\;D:\Program Files\Microsoft SQL Server\120\DTS\Binn\;D:\Program Files (x86)\Microsoft SQL Server\120\Tools\Binn\ManagementStudio\;D:\Program Files (x86)\Microsoft SQL Server\120\DTS\Binn\;C:\WINDOWS\system32;C:\WINDOWS;C:\WINDOWS\System32\Wbem;C:\WINDOWS\System32\WindowsPowerShell\v1.0\;C:\WINDOWS\System32\OpenSSH\;D:\Program Files\Git\cmd;C:\Program Files (x86)\Windows Kits\10\Windows Performance Toolkit\;C:\Program Files\Java\jdk1.8.0_121\bin;%USERPROFILE%\AppData\Local\Microsoft\WindowsApps;;.]
16-Oct-2018 22:08:23.062 INFO [main] org.apache.coyote.AbstractProtocol.init Initializing ProtocolHandler ["http-nio-8080"]
16-Oct-2018 22:08:23.168 INFO [main] org.apache.tomcat.util.net.NioSelectorPool.getSharedSelector Using a shared selector for servlet write/read
16-Oct-2018 22:08:23.173 INFO [main] org.apache.coyote.AbstractProtocol.init Initializing ProtocolHandler ["ajp-nio-8009"]
16-Oct-2018 22:08:23.175 INFO [main] org.apache.tomcat.util.net.NioSelectorPool.getSharedSelector Using a shared selector for servlet write/read
16-Oct-2018 22:08:23.175 INFO [main] org.apache.catalina.startup.Catalina.load Initialization processed in 740 ms
16-Oct-2018 22:08:23.215 INFO [main] org.apache.catalina.core.StandardService.startInternal Starting service [Catalina]
16-Oct-2018 22:08:23.215 INFO [main] org.apache.catalina.core.StandardEngine.startInternal Starting Servlet Engine: Apache Tomcat/8.5.29
16-Oct-2018 22:08:23.399 INFO [localhost-startStop-1] org.apache.catalina.startup.HostConfig.deployWAR Deploying web application archive [D:\Program Files\apache-tomcat-8.5.29\webapps\FlightPub-0.2.war]
16-Oct-2018 22:08:26.967 INFO [localhost-startStop-1] org.apache.jasper.servlet.TldScanner.scanJars At least one JAR was scanned for TLDs yet contained no TLDs. Enable debug logging for this logger for a complete list of JARs that were scanned but no TLDs were found in them. Skipping unneeded JARs during scanning can improve startup time and JSP compilation time.
16-Oct-2018 22:08:27.033 INFO [localhost-startStop-1] org.springframework.web.context.ContextLoader.initWebApplicationContext Root WebApplicationContext: initialization started
16-Oct-2018 22:08:27.072 INFO [localhost-startStop-1] org.springframework.context.support.AbstractApplicationContext.prepareRefresh Refreshing Root WebApplicationContext: startup date [Tue Oct 16 22:08:27 AEDT 2018]; root of context hierarchy
16-Oct-2018 22:08:27.127 INFO [localhost-startStop-1] org.springframework.web.context.support.AnnotationConfigWebApplicationContext.loadBeanDefinitions No annotated classes found for specified class/package [/WEB-INF/SpringDispatcher-servlet.xml]
16-Oct-2018 22:08:27.175 INFO [localhost-startStop-1] org.springframework.web.context.support.AnnotationConfigWebApplicationContext.loadBeanDefinitions Found 1 annotated classes in package [seng3150.group3.config]
16-Oct-2018 22:08:27.976 INFO [localhost-startStop-1] org.springframework.security.web.DefaultSecurityFilterChain.<init> Creating filter chain: org.springframework.security.web.util.matcher.AnyRequestMatcher@1, [org.springframework.security.web.context.request.async.WebAsyncManagerIntegrationFilter@5f1a1d88, org.springframework.security.web.context.SecurityContextPersistenceFilter@16583fa0, org.springframework.security.web.header.HeaderWriterFilter@7b92426b, org.springframework.security.web.authentication.logout.LogoutFilter@75f2516f, org.springframework.security.web.authentication.UsernamePasswordAuthenticationFilter@3fff88d3, org.springframework.security.web.savedrequest.RequestCacheAwareFilter@3bcfd352, org.springframework.security.web.servletapi.SecurityContextHolderAwareRequestFilter@5476b22b, org.springframework.security.web.authentication.AnonymousAuthenticationFilter@32bd64e, org.springframework.security.web.session.SessionManagementFilter@9dd556b, org.springframework.security.web.access.ExceptionTranslationFilter@72b06546, org.springframework.security.web.access.intercept.FilterSecurityInterceptor@3b63c64]
16-Oct-2018 22:08:28.016 INFO [localhost-startStop-1] org.springframework.web.context.ContextLoader.initWebApplicationContext Root WebApplicationContext: initialization completed in 983 ms
16-Oct-2018 22:08:28.025 INFO [localhost-startStop-1] org.springframework.web.servlet.FrameworkServlet.initServletBean FrameworkServlet 'SpringDispatcher': initialization started
16-Oct-2018 22:08:28.027 INFO [localhost-startStop-1] org.springframework.context.support.AbstractApplicationContext.prepareRefresh Refreshing WebApplicationContext for namespace 'SpringDispatcher-servlet': startup date [Tue Oct 16 22:08:28 AEDT 2018]; parent: Root WebApplicationContext
16-Oct-2018 22:08:28.038 INFO [localhost-startStop-1] org.springframework.beans.factory.xml.XmlBeanDefinitionReader.loadBeanDefinitions Loading XML bean definitions from ServletContext resource [/WEB-INF/SpringDispatcher-servlet.xml]
16-Oct-2018 22:08:28.424 INFO [localhost-startStop-1] org.springframework.orm.jpa.LocalContainerEntityManagerFactoryBean.createNativeEntityManagerFactory Building JPA container EntityManagerFactory for persistence unit 'spring_example_PU'
16-Oct-2018 22:08:28.444 INFO [localhost-startStop-1] org.hibernate.jpa.internal.util.LogHelper.logPersistenceUnitInformation HHH000204: Processing PersistenceUnitInfo [
	name: spring_example_PU
	...]
16-Oct-2018 22:08:28.533 INFO [localhost-startStop-1] org.hibernate.Version.logVersion HHH000412: Hibernate Core {5.2.17.Final}
16-Oct-2018 22:08:28.535 INFO [localhost-startStop-1] org.hibernate.cfg.Environment.<clinit> HHH000206: hibernate.properties not found
16-Oct-2018 22:08:28.581 INFO [localhost-startStop-1] org.hibernate.annotations.common.reflection.java.JavaReflectionManager.<clinit> HCANN000001: Hibernate Commons Annotations {5.0.1.Final}
16-Oct-2018 22:08:29.143 INFO [localhost-startStop-1] org.hibernate.dialect.Dialect.<init> HHH000400: Using dialect: org.hibernate.dialect.MySQL57Dialect
16-Oct-2018 22:08:29.437 WARN [localhost-startStop-1] org.hibernate.mapping.RootClass.checkCompositeIdentifier HHH000038: Composite-id class does not override equals(): seng3150.group3.beans.FlightPathPK
16-Oct-2018 22:08:29.437 WARN [localhost-startStop-1] org.hibernate.mapping.RootClass.checkCompositeIdentifier HHH000039: Composite-id class does not override hashCode(): seng3150.group3.beans.FlightPathPK
16-Oct-2018 22:08:29.954 INFO [localhost-startStop-1] org.springframework.orm.jpa.AbstractEntityManagerFactoryBean.buildNativeEntityManagerFactory Initialized JPA EntityManagerFactory for persistence unit 'spring_example_PU'
16-Oct-2018 22:08:30.096 INFO [localhost-startStop-1] org.springframework.web.servlet.handler.AbstractHandlerMethodMapping$MappingRegistry.register Mapped "{[/add-tags],methods=[GET]}" onto public org.springframework.web.servlet.ModelAndView seng3150.group3.controllers.AddTagController.addTag(int)
16-Oct-2018 22:08:30.098 INFO [localhost-startStop-1] org.springframework.web.servlet.handler.AbstractHandlerMethodMapping$MappingRegistry.register Mapped "{[/add-tags],methods=[POST]}" onto public java.lang.String seng3150.group3.controllers.AddTagController.submitTag(seng3150.group3.beans.Tag,org.springframework.validation.BindingResult,org.springframework.ui.ModelMap,org.springframework.web.servlet.mvc.support.RedirectAttributes)
16-Oct-2018 22:08:30.099 INFO [localhost-startStop-1] org.springframework.web.servlet.handler.AbstractHandlerMethodMapping$MappingRegistry.register Mapped "{[/bookings],methods=[GET]}" onto public org.springframework.web.servlet.ModelAndView seng3150.group3.controllers.BookingsController.bookings(java.lang.String,java.lang.String,java.lang.String,java.lang.String,java.lang.String)
16-Oct-2018 22:08:30.099 INFO [localhost-startStop-1] org.springframework.web.servlet.handler.AbstractHandlerMethodMapping$MappingRegistry.register Mapped "{[/bookings],methods=[POST]}" onto public org.springframework.web.servlet.ModelAndView seng3150.group3.controllers.BookingsController.bookings()
16-Oct-2018 22:08:30.100 INFO [localhost-startStop-1] org.springframework.web.servlet.handler.AbstractHandlerMethodMapping$MappingRegistry.register Mapped "{[/book-ticket],methods=[GET]}" onto public org.springframework.web.servlet.ModelAndView seng3150.group3.controllers.BookTicketController.bookTicket(java.lang.String)
16-Oct-2018 22:08:30.100 INFO [localhost-startStop-1] org.springframework.web.servlet.handler.AbstractHandlerMethodMapping$MappingRegistry.register Mapped "{[/create-review],methods=[POST]}" onto public java.lang.String seng3150.group3.controllers.CreateReviewController.submit(seng3150.group3.beans.Review,org.springframework.validation.BindingResult,org.springframework.ui.ModelMap,org.springframework.web.servlet.mvc.support.RedirectAttributes)
16-Oct-2018 22:08:30.101 INFO [localhost-startStop-1] org.springframework.web.servlet.handler.AbstractHandlerMethodMapping$MappingRegistry.register Mapped "{[/create-review],methods=[GET]}" onto public org.springframework.web.servlet.ModelAndView seng3150.group3.controllers.CreateReviewController.createReview(int)
16-Oct-2018 22:08:30.101 INFO [localhost-startStop-1] org.springframework.web.servlet.handler.AbstractHandlerMethodMapping$MappingRegistry.register Mapped "{[/flight-details],methods=[GET]}" onto public org.springframework.web.servlet.ModelAndView seng3150.group3.controllers.FlightDetailsController.flightDetails(java.lang.String)
16-Oct-2018 22:08:30.101 INFO [localhost-startStop-1] org.springframework.web.servlet.handler.AbstractHandlerMethodMapping$MappingRegistry.register Mapped "{[/],methods=[GET]}" onto public java.lang.String seng3150.group3.controllers.IndexController.index()
16-Oct-2018 22:08:30.102 INFO [localhost-startStop-1] org.springframework.web.servlet.handler.AbstractHandlerMethodMapping$MappingRegistry.register Mapped "{[/login],methods=[GET]}" onto public org.springframework.web.servlet.ModelAndView seng3150.group3.controllers.LoginController.login()
16-Oct-2018 22:08:30.102 INFO [localhost-startStop-1] org.springframework.web.servlet.handler.AbstractHandlerMethodMapping$MappingRegistry.register Mapped "{[/login],methods=[POST]}" onto public org.springframework.web.servlet.ModelAndView seng3150.group3.controllers.LoginController.loginPost()
16-Oct-2018 22:08:30.103 INFO [localhost-startStop-1] org.springframework.web.servlet.handler.AbstractHandlerMethodMapping$MappingRegistry.register Mapped "{[/logout],methods=[GET]}" onto public java.lang.String seng3150.group3.controllers.LogoutController.logoutPage(javax.servlet.http.HttpServletRequest,javax.servlet.http.HttpServletResponse)
16-Oct-2018 22:08:30.104 INFO [localhost-startStop-1] org.springframework.web.servlet.handler.AbstractHandlerMethodMapping$MappingRegistry.register Mapped "{[/normal-results],methods=[GET],params=[departureAirport && arrivalAirport && departureDate && returnDate && passengers && flightClass]}" onto public org.springframework.web.servlet.ModelAndView seng3150.group3.controllers.NormalResultsController.normalResults(seng3150.group3.beans.SearchInfo,org.springframework.validation.BindingResult,org.springframework.ui.ModelMap)
16-Oct-2018 22:08:30.105 INFO [localhost-startStop-1] org.springframework.web.servlet.handler.AbstractHandlerMethodMapping$MappingRegistry.register Mapped "{[/payment],methods=[GET]}" onto public org.springframework.web.servlet.ModelAndView seng3150.group3.controllers.PaymentController.payment(java.lang.String)
16-Oct-2018 22:08:30.105 INFO [localhost-startStop-1] org.springframework.web.servlet.handler.AbstractHandlerMethodMapping$MappingRegistry.register Mapped "{[/purchase-history],methods=[GET]}" onto public org.springframework.web.servlet.ModelAndView seng3150.group3.controllers.PurchaseHistoryController.purchaseHistory(java.lang.String)
16-Oct-2018 22:08:30.106 INFO [localhost-startStop-1] org.springframework.web.servlet.handler.AbstractHandlerMethodMapping$MappingRegistry.register Mapped "{[/purchase-summary],methods=[GET]}" onto public org.springframework.web.servlet.ModelAndView seng3150.group3.controllers.PurchaseSummaryController.purchaseSummary(java.lang.String)
16-Oct-2018 22:08:30.108 INFO [localhost-startStop-1] org.springframework.web.servlet.handler.AbstractHandlerMethodMapping$MappingRegistry.register Mapped "{[/recommendations],methods=[GET],params=[departureAirport && arrivalAirport && departureDate && returnDate && passengers && flightClass]}" onto public org.springframework.web.servlet.ModelAndView seng3150.group3.controllers.RecommendationsController.recommendations(seng3150.group3.beans.SearchInfo,org.springframework.validation.BindingResult,org.springframework.ui.ModelMap)
16-Oct-2018 22:08:30.108 INFO [localhost-startStop-1] org.springframework.web.servlet.handler.AbstractHandlerMethodMapping$MappingRegistry.register Mapped "{[/register],methods=[GET]}" onto public org.springframework.web.servlet.ModelAndView seng3150.group3.controllers.RegisterController.register()
16-Oct-2018 22:08:30.108 INFO [localhost-startStop-1] org.springframework.web.servlet.handler.AbstractHandlerMethodMapping$MappingRegistry.register Mapped "{[/register],methods=[POST]}" onto public org.springframework.web.servlet.ModelAndView seng3150.group3.controllers.RegisterController.registerSubmit(seng3150.group3.beans.User,java.util.Map<java.lang.String, java.lang.Object>)
16-Oct-2018 22:08:30.109 INFO [localhost-startStop-1] org.springframework.web.servlet.handler.AbstractHandlerMethodMapping$MappingRegistry.register Mapped "{[/results],methods=[GET]}" onto public org.springframework.web.servlet.ModelAndView seng3150.group3.controllers.ResultsController.searchResults()
16-Oct-2018 22:08:30.110 INFO [localhost-startStop-1] org.springframework.web.servlet.handler.AbstractHandlerMethodMapping$MappingRegistry.register Mapped "{[/search],methods=[GET]}" onto public org.springframework.web.servlet.ModelAndView seng3150.group3.controllers.SearchController.search()
16-Oct-2018 22:08:30.111 INFO [localhost-startStop-1] org.springframework.web.servlet.handler.AbstractHandlerMethodMapping$MappingRegistry.register Mapped "{[/deleteTag],methods=[GET]}" onto public java.lang.String seng3150.group3.controllers.TagController.deleteTag(java.lang.String)
16-Oct-2018 22:08:30.112 INFO [localhost-startStop-1] org.springframework.web.servlet.handler.AbstractHandlerMethodMapping$MappingRegistry.register Mapped "{[/view-reviews-admin],methods=[POST],params=[addTag]}" onto public java.lang.String seng3150.group3.controllers.ViewReviewsAdminController.addTag(seng3150.group3.beans.TagName,org.springframework.validation.BindingResult,org.springframework.ui.ModelMap)
16-Oct-2018 22:08:30.112 INFO [localhost-startStop-1] org.springframework.web.servlet.handler.AbstractHandlerMethodMapping$MappingRegistry.register Mapped "{[/view-reviews-admin],methods=[GET]}" onto public org.springframework.web.servlet.ModelAndView seng3150.group3.controllers.ViewReviewsAdminController.viewReviewsAdmin(int)
16-Oct-2018 22:08:30.112 INFO [localhost-startStop-1] org.springframework.web.servlet.handler.AbstractHandlerMethodMapping$MappingRegistry.register Mapped "{[/view-reviews-admin/deleteReview],methods=[GET],params=[targetReview]}" onto public java.lang.String seng3150.group3.controllers.ViewReviewsAdminController.deleteReview(int)
16-Oct-2018 22:08:30.113 INFO [localhost-startStop-1] org.springframework.web.servlet.handler.AbstractHandlerMethodMapping$MappingRegistry.register Mapped "{[/view-reviews],methods=[GET]}" onto public org.springframework.web.servlet.ModelAndView seng3150.group3.controllers.ViewReviewsController.viewReviews(int)
16-Oct-2018 22:08:30.171 INFO [localhost-startStop-1] org.springframework.web.servlet.mvc.method.annotation.RequestMappingHandlerAdapter.initControllerAdviceCache Looking for @ControllerAdvice: WebApplicationContext for namespace 'SpringDispatcher-servlet': startup date [Tue Oct 16 22:08:28 AEDT 2018]; parent: Root WebApplicationContext
16-Oct-2018 22:08:30.202 INFO [localhost-startStop-1] org.springframework.web.servlet.mvc.method.annotation.RequestMappingHandlerAdapter.initControllerAdviceCache Looking for @ControllerAdvice: WebApplicationContext for namespace 'SpringDispatcher-servlet': startup date [Tue Oct 16 22:08:28 AEDT 2018]; parent: Root WebApplicationContext
16-Oct-2018 22:08:30.256 INFO [localhost-startStop-1] org.springframework.web.servlet.handler.AbstractUrlHandlerMapping.registerHandler Mapped URL path [/login] onto handler of type [class org.springframework.web.servlet.mvc.ParameterizableViewController]
16-Oct-2018 22:08:30.266 INFO [localhost-startStop-1] org.springframework.web.servlet.handler.AbstractUrlHandlerMapping.registerHandler Mapped URL path [/js/**] onto handler 'org.springframework.web.servlet.resource.ResourceHttpRequestHandler#0'
16-Oct-2018 22:08:30.268 INFO [localhost-startStop-1] org.springframework.web.servlet.handler.AbstractUrlHandlerMapping.registerHandler Mapped URL path [/css/**] onto handler 'org.springframework.web.servlet.resource.ResourceHttpRequestHandler#1'
16-Oct-2018 22:08:30.269 INFO [localhost-startStop-1] org.springframework.web.servlet.handler.AbstractUrlHandlerMapping.registerHandler Mapped URL path [/img/**] onto handler 'org.springframework.web.servlet.resource.ResourceHttpRequestHandler#2'
16-Oct-2018 22:08:30.465 INFO [localhost-startStop-1] org.springframework.security.web.DefaultSecurityFilterChain.<init> Creating filter chain: org.springframework.security.web.util.matcher.AnyRequestMatcher@1, [org.springframework.security.web.context.request.async.WebAsyncManagerIntegrationFilter@438e6930, org.springframework.security.web.context.SecurityContextPersistenceFilter@1f7ac8bb, org.springframework.security.web.header.HeaderWriterFilter@49ed7d55, org.springframework.security.web.authentication.logout.LogoutFilter@4c19b717, org.springframework.security.web.authentication.UsernamePasswordAuthenticationFilter@7da12999, org.springframework.security.web.savedrequest.RequestCacheAwareFilter@c57a42e, org.springframework.security.web.servletapi.SecurityContextHolderAwareRequestFilter@2e726724, org.springframework.security.web.authentication.AnonymousAuthenticationFilter@573b4dcc, org.springframework.security.web.session.SessionManagementFilter@20284431, org.springframework.security.web.access.ExceptionTranslationFilter@2ff7993b, org.springframework.security.web.access.intercept.FilterSecurityInterceptor@7a27ca]
16-Oct-2018 22:08:30.498 INFO [localhost-startStop-1] org.springframework.web.servlet.FrameworkServlet.initServletBean FrameworkServlet 'SpringDispatcher': initialization completed in 2473 ms
16-Oct-2018 22:08:30.510 INFO [localhost-startStop-1] org.apache.catalina.startup.HostConfig.deployWAR Deployment of web application archive [D:\Program Files\apache-tomcat-8.5.29\webapps\FlightPub-0.2.war] has finished in [7,109] ms
16-Oct-2018 22:08:30.534 INFO [localhost-startStop-1] org.apache.catalina.startup.HostConfig.deployDirectory Deploying web application directory [D:\Program Files\apache-tomcat-8.5.29\webapps\a3]
16-Oct-2018 22:08:31.003 WARNING [localhost-startStop-1] org.apache.tomcat.dbcp.dbcp2.BasicDataSourceFactory.getObjectInstance Name = it_services Property maxActive is not used in DBCP2, use maxTotal instead. maxTotal default value is 8. You have set value of "100" for "maxActive" property, which is being ignored.
16-Oct-2018 22:08:31.003 WARNING [localhost-startStop-1] org.apache.tomcat.dbcp.dbcp2.BasicDataSourceFactory.getObjectInstance Name = it_services Property maxWait is not used in DBCP2 , use maxWaitMillis instead. maxWaitMillis default value is -1. You have set value of "10000" for "maxWait" property, which is being ignored.
16-Oct-2018 22:08:31.022 INFO [localhost-startStop-1] org.apache.jasper.servlet.TldScanner.scanJars At least one JAR was scanned for TLDs yet contained no TLDs. Enable debug logging for this logger for a complete list of JARs that were scanned but no TLDs were found in them. Skipping unneeded JARs during scanning can improve startup time and JSP compilation time.
16-Oct-2018 22:08:31.026 INFO [localhost-startStop-1] org.apache.catalina.startup.HostConfig.deployDirectory Deployment of web application directory [D:\Program Files\apache-tomcat-8.5.29\webapps\a3] has finished in [492] ms
16-Oct-2018 22:08:31.026 INFO [localhost-startStop-1] org.apache.catalina.startup.HostConfig.deployDirectory Deploying web application directory [D:\Program Files\apache-tomcat-8.5.29\webapps\Asn1]
16-Oct-2018 22:08:31.068 INFO [localhost-startStop-1] org.apache.catalina.startup.HostConfig.deployDirectory Deployment of web application directory [D:\Program Files\apache-tomcat-8.5.29\webapps\Asn1] has finished in [42] ms
16-Oct-2018 22:08:31.068 INFO [localhost-startStop-1] org.apache.catalina.startup.HostConfig.deployDirectory Deploying web application directory [D:\Program Files\apache-tomcat-8.5.29\webapps\c3256747_assignment1]
16-Oct-2018 22:08:31.169 INFO [localhost-startStop-1] org.apache.catalina.startup.HostConfig.deployDirectory Deployment of web application directory [D:\Program Files\apache-tomcat-8.5.29\webapps\c3256747_assignment1] has finished in [101] ms
16-Oct-2018 22:08:31.169 INFO [localhost-startStop-1] org.apache.catalina.startup.HostConfig.deployDirectory Deploying web application directory [D:\Program Files\apache-tomcat-8.5.29\webapps\c3256747_assignment2]
16-Oct-2018 22:08:31.298 INFO [localhost-startStop-1] org.apache.catalina.startup.HostConfig.deployDirectory Deployment of web application directory [D:\Program Files\apache-tomcat-8.5.29\webapps\c3256747_assignment2] has finished in [129] ms
16-Oct-2018 22:08:31.298 INFO [localhost-startStop-1] org.apache.catalina.startup.HostConfig.deployDirectory Deploying web application directory [D:\Program Files\apache-tomcat-8.5.29\webapps\DDDFlightPub-test]
16-Oct-2018 22:08:32.084 INFO [localhost-startStop-1] org.apache.jasper.servlet.TldScanner.scanJars At least one JAR was scanned for TLDs yet contained no TLDs. Enable debug logging for this logger for a complete list of JARs that were scanned but no TLDs were found in them. Skipping unneeded JARs during scanning can improve startup time and JSP compilation time.
16-Oct-2018 22:08:32.099 INFO [localhost-startStop-1] org.springframework.web.context.ContextLoader.initWebApplicationContext Root WebApplicationContext: initialization started
16-Oct-2018 22:08:32.139 INFO [localhost-startStop-1] org.springframework.context.support.AbstractApplicationContext.prepareRefresh Refreshing Root WebApplicationContext: startup date [Tue Oct 16 22:08:32 AEDT 2018]; root of context hierarchy
16-Oct-2018 22:08:32.183 INFO [localhost-startStop-1] org.springframework.beans.factory.xml.XmlBeanDefinitionReader.loadBeanDefinitions Loading XML bean definitions from ServletContext resource [/WEB-INF/SpringDispatcher-servlet.xml]
16-Oct-2018 22:08:32.591 INFO [localhost-startStop-1] org.springframework.web.servlet.handler.AbstractHandlerMethodMapping$MappingRegistry.register Mapped "{[/],methods=[GET]}" onto public org.springframework.web.servlet.ModelAndView seng3150.group3.IndexController.index(java.lang.String)
16-Oct-2018 22:08:32.643 INFO [localhost-startStop-1] org.springframework.web.servlet.mvc.method.annotation.RequestMappingHandlerAdapter.initControllerAdviceCache Looking for @ControllerAdvice: Root WebApplicationContext: startup date [Tue Oct 16 22:08:32 AEDT 2018]; root of context hierarchy
16-Oct-2018 22:08:32.684 INFO [localhost-startStop-1] org.springframework.web.servlet.mvc.method.annotation.RequestMappingHandlerAdapter.initControllerAdviceCache Looking for @ControllerAdvice: Root WebApplicationContext: startup date [Tue Oct 16 22:08:32 AEDT 2018]; root of context hierarchy
16-Oct-2018 22:08:32.739 INFO [localhost-startStop-1] org.springframework.web.servlet.handler.AbstractUrlHandlerMapping.registerHandler Default mapping to handler 'org.springframework.web.servlet.resource.ResourceHttpRequestHandler#0'
16-Oct-2018 22:08:32.740 INFO [localhost-startStop-1] org.springframework.web.servlet.handler.AbstractUrlHandlerMapping.registerHandler Mapped URL path [/js/**] onto handler 'org.springframework.web.servlet.resource.ResourceHttpRequestHandler#1'
16-Oct-2018 22:08:32.742 INFO [localhost-startStop-1] org.springframework.web.servlet.handler.AbstractUrlHandlerMapping.registerHandler Mapped URL path [/css/**] onto handler 'org.springframework.web.servlet.resource.ResourceHttpRequestHandler#2'
16-Oct-2018 22:08:32.744 INFO [localhost-startStop-1] org.springframework.web.servlet.handler.AbstractUrlHandlerMapping.registerHandler Mapped URL path [/img/**] onto handler 'org.springframework.web.servlet.resource.ResourceHttpRequestHandler#3'
16-Oct-2018 22:08:32.773 INFO [localhost-startStop-1] org.springframework.web.context.ContextLoader.initWebApplicationContext Root WebApplicationContext: initialization completed in 673 ms
16-Oct-2018 22:08:32.776 INFO [localhost-startStop-1] org.springframework.web.servlet.FrameworkServlet.initServletBean FrameworkServlet 'SpringDispatcher': initialization started
16-Oct-2018 22:08:32.778 INFO [localhost-startStop-1] org.springframework.context.support.AbstractApplicationContext.prepareRefresh Refreshing WebApplicationContext for namespace 'SpringDispatcher-servlet': startup date [Tue Oct 16 22:08:32 AEDT 2018]; parent: Root WebApplicationContext
16-Oct-2018 22:08:32.778 INFO [localhost-startStop-1] org.springframework.beans.factory.xml.XmlBeanDefinitionReader.loadBeanDefinitions Loading XML bean definitions from ServletContext resource [/WEB-INF/SpringDispatcher-servlet.xml]
16-Oct-2018 22:08:32.824 INFO [localhost-startStop-1] org.springframework.web.servlet.handler.AbstractHandlerMethodMapping$MappingRegistry.register Mapped "{[/],methods=[GET]}" onto public org.springframework.web.servlet.ModelAndView seng3150.group3.IndexController.index(java.lang.String)
16-Oct-2018 22:08:32.839 INFO [localhost-startStop-1] org.springframework.web.servlet.mvc.method.annotation.RequestMappingHandlerAdapter.initControllerAdviceCache Looking for @ControllerAdvice: WebApplicationContext for namespace 'SpringDispatcher-servlet': startup date [Tue Oct 16 22:08:32 AEDT 2018]; parent: Root WebApplicationContext
16-Oct-2018 22:08:32.845 INFO [localhost-startStop-1] org.springframework.web.servlet.mvc.method.annotation.RequestMappingHandlerAdapter.initControllerAdviceCache Looking for @ControllerAdvice: WebApplicationContext for namespace 'SpringDispatcher-servlet': startup date [Tue Oct 16 22:08:32 AEDT 2018]; parent: Root WebApplicationContext
16-Oct-2018 22:08:32.868 INFO [localhost-startStop-1] org.springframework.web.servlet.handler.AbstractUrlHandlerMapping.registerHandler Default mapping to handler 'org.springframework.web.servlet.resource.ResourceHttpRequestHandler#0'
16-Oct-2018 22:08:32.870 INFO [localhost-startStop-1] org.springframework.web.servlet.handler.AbstractUrlHandlerMapping.registerHandler Mapped URL path [/js/**] onto handler 'org.springframework.web.servlet.resource.ResourceHttpRequestHandler#1'
16-Oct-2018 22:08:32.872 INFO [localhost-startStop-1] org.springframework.web.servlet.handler.AbstractUrlHandlerMapping.registerHandler Mapped URL path [/css/**] onto handler 'org.springframework.web.servlet.resource.ResourceHttpRequestHandler#2'
16-Oct-2018 22:08:32.874 INFO [localhost-startStop-1] org.springframework.web.servlet.handler.AbstractUrlHandlerMapping.registerHandler Mapped URL path [/img/**] onto handler 'org.springframework.web.servlet.resource.ResourceHttpRequestHandler#3'
16-Oct-2018 22:08:32.901 INFO [localhost-startStop-1] org.springframework.web.servlet.FrameworkServlet.initServletBean FrameworkServlet 'SpringDispatcher': initialization completed in 125 ms
16-Oct-2018 22:08:32.902 INFO [localhost-startStop-1] org.apache.catalina.startup.HostConfig.deployDirectory Deployment of web application directory [D:\Program Files\apache-tomcat-8.5.29\webapps\DDDFlightPub-test] has finished in [1,604] ms
16-Oct-2018 22:08:32.902 INFO [localhost-startStop-1] org.apache.catalina.startup.HostConfig.deployDirectory Deploying web application directory [D:\Program Files\apache-tomcat-8.5.29\webapps\docs]
16-Oct-2018 22:08:32.970 INFO [localhost-startStop-1] org.apache.catalina.startup.HostConfig.deployDirectory Deployment of web application directory [D:\Program Files\apache-tomcat-8.5.29\webapps\docs] has finished in [67] ms
16-Oct-2018 22:08:32.970 INFO [localhost-startStop-1] org.apache.catalina.startup.HostConfig.deployDirectory Deploying web application directory [D:\Program Files\apache-tomcat-8.5.29\webapps\examples]
16-Oct-2018 22:08:34.216 INFO [localhost-startStop-1] org.apache.catalina.startup.HostConfig.deployDirectory Deployment of web application directory [D:\Program Files\apache-tomcat-8.5.29\webapps\examples] has finished in [1,246] ms
16-Oct-2018 22:08:34.216 INFO [localhost-startStop-1] org.apache.catalina.startup.HostConfig.deployDirectory Deploying web application directory [D:\Program Files\apache-tomcat-8.5.29\webapps\FlightPub-test]
16-Oct-2018 22:08:35.565 INFO [localhost-startStop-1] org.apache.jasper.servlet.TldScanner.scanJars At least one JAR was scanned for TLDs yet contained no TLDs. Enable debug logging for this logger for a complete list of JARs that were scanned but no TLDs were found in them. Skipping unneeded JARs during scanning can improve startup time and JSP compilation time.
16-Oct-2018 22:08:35.584 INFO [localhost-startStop-1] org.springframework.web.context.ContextLoader.initWebApplicationContext Root WebApplicationContext: initialization started
16-Oct-2018 22:08:35.619 INFO [localhost-startStop-1] org.springframework.context.support.AbstractApplicationContext.prepareRefresh Refreshing Root WebApplicationContext: startup date [Tue Oct 16 22:08:35 AEDT 2018]; root of context hierarchy
16-Oct-2018 22:08:35.655 INFO [localhost-startStop-1] org.springframework.beans.factory.xml.XmlBeanDefinitionReader.loadBeanDefinitions Loading XML bean definitions from ServletContext resource [/WEB-INF/spring-security.xml]
16-Oct-2018 22:08:35.703 INFO [localhost-startStop-1] org.springframework.security.core.SpringSecurityCoreVersion.performVersionChecks You are running with Spring Security Core 5.0.4.RELEASE
16-Oct-2018 22:08:35.706 INFO [localhost-startStop-1] org.springframework.security.config.SecurityNamespaceHandler.<init> Spring Security 'config' module version is 5.0.4.RELEASE
16-Oct-2018 22:08:35.743 INFO [localhost-startStop-1] org.springframework.security.config.http.FilterInvocationSecurityMetadataSourceParser.parseInterceptUrlsForFilterInvocationRequestMap Creating access control expression attribute 'hasRole('ROLE_USER')' for /create-review
16-Oct-2018 22:08:35.743 INFO [localhost-startStop-1] org.springframework.security.config.http.FilterInvocationSecurityMetadataSourceParser.parseInterceptUrlsForFilterInvocationRequestMap Creating access control expression attribute 'hasRole('ROLE_USER')' for /payment
16-Oct-2018 22:08:35.744 INFO [localhost-startStop-1] org.springframework.security.config.http.FilterInvocationSecurityMetadataSourceParser.parseInterceptUrlsForFilterInvocationRequestMap Creating access control expression attribute 'hasRole('ROLE_USER')' for /purchase-history
16-Oct-2018 22:08:35.744 INFO [localhost-startStop-1] org.springframework.security.config.http.FilterInvocationSecurityMetadataSourceParser.parseInterceptUrlsForFilterInvocationRequestMap Creating access control expression attribute 'hasRole('ROLE_USER')' for /purchase-summary
16-Oct-2018 22:08:35.757 INFO [localhost-startStop-1] org.springframework.security.config.http.AuthenticationConfigBuilder.createLoginPageFilterIfNeeded No login page configured. The default internal one will be used. Use the 'login-page' attribute to set the URL of the login page.
16-Oct-2018 22:08:35.761 INFO [localhost-startStop-1] org.springframework.security.config.http.HttpSecurityBeanDefinitionParser.checkFilterChainOrder Checking sorted filter chain: [Root bean: class [org.springframework.security.web.context.SecurityContextPersistenceFilter]; scope=; abstract=false; lazyInit=false; autowireMode=0; dependencyCheck=0; autowireCandidate=true; primary=false; factoryBeanName=null; factoryMethodName=null; initMethodName=null; destroyMethodName=null, order = 200, Root bean: class [org.springframework.security.web.context.request.async.WebAsyncManagerIntegrationFilter]; scope=; abstract=false; lazyInit=false; autowireMode=0; dependencyCheck=0; autowireCandidate=true; primary=false; factoryBeanName=null; factoryMethodName=null; initMethodName=null; destroyMethodName=null, order = 400, Root bean: class [org.springframework.security.web.header.HeaderWriterFilter]; scope=; abstract=false; lazyInit=false; autowireMode=0; dependencyCheck=0; autowireCandidate=true; primary=false; factoryBeanName=null; factoryMethodName=null; initMethodName=null; destroyMethodName=null, order = 500, Root bean: class [org.springframework.security.web.csrf.CsrfFilter]; scope=; abstract=false; lazyInit=false; autowireMode=0; dependencyCheck=0; autowireCandidate=true; primary=false; factoryBeanName=null; factoryMethodName=null; initMethodName=null; destroyMethodName=null, order = 700, <org.springframework.security.web.authentication.UsernamePasswordAuthenticationFilter#0>, order = 1200, Root bean: class [org.springframework.security.web.authentication.ui.DefaultLoginPageGeneratingFilter]; scope=; abstract=false; lazyInit=false; autowireMode=0; dependencyCheck=0; autowireCandidate=true; primary=false; factoryBeanName=null; factoryMethodName=null; initMethodName=null; destroyMethodName=null, order = 1400, Root bean: class [org.springframework.security.web.savedrequest.RequestCacheAwareFilter]; scope=; abstract=false; lazyInit=false; autowireMode=0; dependencyCheck=0; autowireCandidate=true; primary=false; factoryBeanName=null; factoryMethodName=null; initMethodName=null; destroyMethodName=null, order = 1700, Root bean: class [null]; scope=; abstract=false; lazyInit=false; autowireMode=0; dependencyCheck=0; autowireCandidate=true; primary=false; factoryBeanName=org.springframework.security.config.http.HttpConfigurationBuilder$SecurityContextHolderAwareRequestFilterBeanFactory#0; factoryMethodName=getBean; initMethodName=null; destroyMethodName=null, order = 1800, Root bean: class [org.springframework.security.web.authentication.AnonymousAuthenticationFilter]; scope=; abstract=false; lazyInit=false; autowireMode=0; dependencyCheck=0; autowireCandidate=true; primary=false; factoryBeanName=null; factoryMethodName=null; initMethodName=null; destroyMethodName=null, order = 2100, Root bean: class [org.springframework.security.web.session.SessionManagementFilter]; scope=; abstract=false; lazyInit=false; autowireMode=0; dependencyCheck=0; autowireCandidate=true; primary=false; factoryBeanName=null; factoryMethodName=null; initMethodName=null; destroyMethodName=null, order = 2200, Root bean: class [org.springframework.security.web.access.ExceptionTranslationFilter]; scope=; abstract=false; lazyInit=false; autowireMode=0; dependencyCheck=0; autowireCandidate=true; primary=false; factoryBeanName=null; factoryMethodName=null; initMethodName=null; destroyMethodName=null, order = 2300, <org.springframework.security.web.access.intercept.FilterSecurityInterceptor#0>, order = 2400]
16-Oct-2018 22:08:35.959 INFO [localhost-startStop-1] org.springframework.security.web.DefaultSecurityFilterChain.<init> Creating filter chain: org.springframework.security.web.util.matcher.AnyRequestMatcher@1, [org.springframework.security.web.context.SecurityContextPersistenceFilter@4ce0deb8, org.springframework.security.web.context.request.async.WebAsyncManagerIntegrationFilter@54a17cb2, org.springframework.security.web.header.HeaderWriterFilter@3115d37f, org.springframework.security.web.csrf.CsrfFilter@15909687, org.springframework.security.web.authentication.UsernamePasswordAuthenticationFilter@5f4f9f93, org.springframework.security.web.authentication.ui.DefaultLoginPageGeneratingFilter@d42c24, org.springframework.security.web.savedrequest.RequestCacheAwareFilter@1fc5896a, org.springframework.security.web.servletapi.SecurityContextHolderAwareRequestFilter@e7010bb, org.springframework.security.web.authentication.AnonymousAuthenticationFilter@2d60a5e1, org.springframework.security.web.session.SessionManagementFilter@c740965, org.springframework.security.web.access.ExceptionTranslationFilter@3f495f58, org.springframework.security.web.access.intercept.FilterSecurityInterceptor@313275c2]
16-Oct-2018 22:08:35.966 INFO [localhost-startStop-1] org.springframework.security.config.http.DefaultFilterChainValidator.checkLoginPageIsntProtected Checking whether login URL '/login' is accessible with your configuration
16-Oct-2018 22:08:35.980 INFO [localhost-startStop-1] org.springframework.web.context.ContextLoader.initWebApplicationContext Root WebApplicationContext: initialization completed in 396 ms
16-Oct-2018 22:08:35.984 INFO [localhost-startStop-1] org.springframework.web.servlet.FrameworkServlet.initServletBean FrameworkServlet 'SpringDispatcher': initialization started
16-Oct-2018 22:08:35.987 INFO [localhost-startStop-1] org.springframework.context.support.AbstractApplicationContext.prepareRefresh Refreshing WebApplicationContext for namespace 'SpringDispatcher-servlet': startup date [Tue Oct 16 22:08:35 AEDT 2018]; parent: Root WebApplicationContext
16-Oct-2018 22:08:35.987 INFO [localhost-startStop-1] org.springframework.beans.factory.xml.XmlBeanDefinitionReader.loadBeanDefinitions Loading XML bean definitions from ServletContext resource [/WEB-INF/SpringDispatcher-servlet.xml]
16-Oct-2018 22:08:36.533 INFO [localhost-startStop-1] org.springframework.web.servlet.handler.AbstractHandlerMethodMapping$MappingRegistry.register Mapped "{[/bookings],methods=[GET]}" onto public org.springframework.web.servlet.ModelAndView seng3150.group3.controllers.BookingsController.bookings()
16-Oct-2018 22:08:36.534 INFO [localhost-startStop-1] org.springframework.web.servlet.handler.AbstractHandlerMethodMapping$MappingRegistry.register Mapped "{[/book-ticket],methods=[GET]}" onto public org.springframework.web.servlet.ModelAndView seng3150.group3.controllers.BookTicketController.bookTicket()
16-Oct-2018 22:08:36.535 INFO [localhost-startStop-1] org.springframework.web.servlet.handler.AbstractHandlerMethodMapping$MappingRegistry.register Mapped "{[/create-review],methods=[GET]}" onto public org.springframework.web.servlet.ModelAndView seng3150.group3.controllers.CreateReviewController.createReview()
16-Oct-2018 22:08:36.535 INFO [localhost-startStop-1] org.springframework.web.servlet.handler.AbstractHandlerMethodMapping$MappingRegistry.register Mapped "{[/flight-details],methods=[GET]}" onto public org.springframework.web.servlet.ModelAndView seng3150.group3.controllers.FlightDetailsController.flightDetails()
16-Oct-2018 22:08:36.536 INFO [localhost-startStop-1] org.springframework.web.servlet.handler.AbstractHandlerMethodMapping$MappingRegistry.register Mapped "{[/],methods=[GET]}" onto public java.lang.String seng3150.group3.controllers.IndexController.index()
16-Oct-2018 22:08:36.538 INFO [localhost-startStop-1] org.springframework.web.servlet.handler.AbstractHandlerMethodMapping$MappingRegistry.register Mapped "{[/login],methods=[GET]}" onto public org.springframework.web.servlet.ModelAndView seng3150.group3.controllers.LoginController.login()
16-Oct-2018 22:08:36.538 INFO [localhost-startStop-1] org.springframework.web.servlet.handler.AbstractHandlerMethodMapping$MappingRegistry.register Mapped "{[/login],methods=[POST]}" onto public org.springframework.web.servlet.ModelAndView seng3150.group3.controllers.LoginController.loginPost(java.lang.String,java.lang.String)
16-Oct-2018 22:08:36.539 INFO [localhost-startStop-1] org.springframework.web.servlet.handler.AbstractHandlerMethodMapping$MappingRegistry.register Mapped "{[/normal-results],methods=[GET]}" onto public org.springframework.web.servlet.ModelAndView seng3150.group3.controllers.NormalResultsController.normalResults()
16-Oct-2018 22:08:36.539 INFO [localhost-startStop-1] org.springframework.web.servlet.handler.AbstractHandlerMethodMapping$MappingRegistry.register Mapped "{[/payment],methods=[GET]}" onto public org.springframework.web.servlet.ModelAndView seng3150.group3.controllers.PaymentController.payment()
16-Oct-2018 22:08:36.540 INFO [localhost-startStop-1] org.springframework.web.servlet.handler.AbstractHandlerMethodMapping$MappingRegistry.register Mapped "{[/purchase-history],methods=[GET]}" onto public org.springframework.web.servlet.ModelAndView seng3150.group3.controllers.PurchaseHistoryController.purchaseHistory()
16-Oct-2018 22:08:36.541 INFO [localhost-startStop-1] org.springframework.web.servlet.handler.AbstractHandlerMethodMapping$MappingRegistry.register Mapped "{[/purchase-summary],methods=[GET]}" onto public org.springframework.web.servlet.ModelAndView seng3150.group3.controllers.PurchaseSummaryController.purchaseSummary()
16-Oct-2018 22:08:36.541 INFO [localhost-startStop-1] org.springframework.web.servlet.handler.AbstractHandlerMethodMapping$MappingRegistry.register Mapped "{[/recommendations],methods=[GET]}" onto public org.springframework.web.servlet.ModelAndView seng3150.group3.controllers.RecommendationsController.recommendations()
16-Oct-2018 22:08:36.542 INFO [localhost-startStop-1] org.springframework.web.servlet.handler.AbstractHandlerMethodMapping$MappingRegistry.register Mapped "{[/register],methods=[GET]}" onto public org.springframework.web.servlet.ModelAndView seng3150.group3.controllers.RegisterController.register()
16-Oct-2018 22:08:36.544 INFO [localhost-startStop-1] org.springframework.web.servlet.handler.AbstractHandlerMethodMapping$MappingRegistry.register Mapped "{[/results],methods=[GET]}" onto public org.springframework.web.servlet.ModelAndView seng3150.group3.controllers.ResultsController.results()
16-Oct-2018 22:08:36.544 INFO [localhost-startStop-1] org.springframework.web.servlet.handler.AbstractHandlerMethodMapping$MappingRegistry.register Mapped "{[/search],methods=[GET]}" onto public org.springframework.web.servlet.ModelAndView seng3150.group3.controllers.SearchController.search()
16-Oct-2018 22:08:36.545 INFO [localhost-startStop-1] org.springframework.web.servlet.handler.AbstractHandlerMethodMapping$MappingRegistry.register Mapped "{[/view-reviews-admin],methods=[GET]}" onto public org.springframework.web.servlet.ModelAndView seng3150.group3.controllers.ViewReviewsAdminController.viewReviewsAdmin()
16-Oct-2018 22:08:36.547 INFO [localhost-startStop-1] org.springframework.web.servlet.handler.AbstractHandlerMethodMapping$MappingRegistry.register Mapped "{[/view-reviews],methods=[GET]}" onto public org.springframework.web.servlet.ModelAndView seng3150.group3.controllers.ViewReviewsController.viewReviews()
16-Oct-2018 22:08:36.587 INFO [localhost-startStop-1] org.springframework.web.servlet.mvc.method.annotation.RequestMappingHandlerAdapter.initControllerAdviceCache Looking for @ControllerAdvice: WebApplicationContext for namespace 'SpringDispatcher-servlet': startup date [Tue Oct 16 22:08:35 AEDT 2018]; parent: Root WebApplicationContext
16-Oct-2018 22:08:36.620 INFO [localhost-startStop-1] org.springframework.web.servlet.mvc.method.annotation.RequestMappingHandlerAdapter.initControllerAdviceCache Looking for @ControllerAdvice: WebApplicationContext for namespace 'SpringDispatcher-servlet': startup date [Tue Oct 16 22:08:35 AEDT 2018]; parent: Root WebApplicationContext
16-Oct-2018 22:08:36.667 INFO [localhost-startStop-1] org.springframework.web.servlet.handler.AbstractUrlHandlerMapping.registerHandler Mapped URL path [/js/**] onto handler 'org.springframework.web.servlet.resource.ResourceHttpRequestHandler#0'
16-Oct-2018 22:08:36.669 INFO [localhost-startStop-1] org.springframework.web.servlet.handler.AbstractUrlHandlerMapping.registerHandler Mapped URL path [/css/**] onto handler 'org.springframework.web.servlet.resource.ResourceHttpRequestHandler#1'
16-Oct-2018 22:08:36.671 INFO [localhost-startStop-1] org.springframework.web.servlet.handler.AbstractUrlHandlerMapping.registerHandler Mapped URL path [/img/**] onto handler 'org.springframework.web.servlet.resource.ResourceHttpRequestHandler#2'
16-Oct-2018 22:08:36.730 INFO [localhost-startStop-1] org.springframework.web.servlet.FrameworkServlet.initServletBean FrameworkServlet 'SpringDispatcher': initialization completed in 746 ms
16-Oct-2018 22:08:36.732 INFO [localhost-startStop-1] org.apache.catalina.startup.HostConfig.deployDirectory Deployment of web application directory [D:\Program Files\apache-tomcat-8.5.29\webapps\FlightPub-test] has finished in [2,515] ms
16-Oct-2018 22:08:36.732 INFO [localhost-startStop-1] org.apache.catalina.startup.HostConfig.deployDirectory Deploying web application directory [D:\Program Files\apache-tomcat-8.5.29\webapps\host-manager]
16-Oct-2018 22:08:36.779 INFO [localhost-startStop-1] org.apache.catalina.startup.HostConfig.deployDirectory Deployment of web application directory [D:\Program Files\apache-tomcat-8.5.29\webapps\host-manager] has finished in [47] ms
16-Oct-2018 22:08:36.779 INFO [localhost-startStop-1] org.apache.catalina.startup.HostConfig.deployDirectory Deploying web application directory [D:\Program Files\apache-tomcat-8.5.29\webapps\Lab0405]
16-Oct-2018 22:08:36.906 INFO [localhost-startStop-1] org.apache.catalina.startup.HostConfig.deployDirectory Deployment of web application directory [D:\Program Files\apache-tomcat-8.5.29\webapps\Lab0405] has finished in [127] ms
16-Oct-2018 22:08:36.906 INFO [localhost-startStop-1] org.apache.catalina.startup.HostConfig.deployDirectory Deploying web application directory [D:\Program Files\apache-tomcat-8.5.29\webapps\manager]
16-Oct-2018 22:08:36.946 INFO [localhost-startStop-1] org.apache.catalina.startup.HostConfig.deployDirectory Deployment of web application directory [D:\Program Files\apache-tomcat-8.5.29\webapps\manager] has finished in [40] ms
16-Oct-2018 22:08:36.946 INFO [localhost-startStop-1] org.apache.catalina.startup.HostConfig.deployDirectory Deploying web application directory [D:\Program Files\apache-tomcat-8.5.29\webapps\ROOT]
16-Oct-2018 22:08:36.975 INFO [localhost-startStop-1] org.apache.catalina.startup.HostConfig.deployDirectory Deployment of web application directory [D:\Program Files\apache-tomcat-8.5.29\webapps\ROOT] has finished in [29] ms
16-Oct-2018 22:08:36.975 INFO [localhost-startStop-1] org.apache.catalina.startup.HostConfig.deployDirectory Deploying web application directory [D:\Program Files\apache-tomcat-8.5.29\webapps\seng3150-group-3]
16-Oct-2018 22:08:36.994 INFO [localhost-startStop-1] org.apache.catalina.startup.HostConfig.deployDirectory Deployment of web application directory [D:\Program Files\apache-tomcat-8.5.29\webapps\seng3150-group-3] has finished in [19] ms
16-Oct-2018 22:08:36.998 INFO [main] org.apache.coyote.AbstractProtocol.start Starting ProtocolHandler ["http-nio-8080"]
16-Oct-2018 22:08:37.017 INFO [main] org.apache.coyote.AbstractProtocol.start Starting ProtocolHandler ["ajp-nio-8009"]
16-Oct-2018 22:08:37.019 INFO [main] org.apache.catalina.startup.Catalina.start Server startup in 13844 ms
16-Oct-2018 22:08:59.438 INFO [http-nio-8080-exec-3] org.hibernate.hql.internal.QueryTranslatorFactoryInitiator.initiateService HHH000397: Using ASTQueryTranslatorFactory
