19-Sep-2018 10:15:40.922 INFO [localhost-startStop-1] org.apache.catalina.core.ApplicationContext.log No Spring WebApplicationInitializer types detected on classpath
19-Sep-2018 10:15:40.935 INFO [localhost-startStop-1] org.apache.catalina.core.ApplicationContext.log Initializing Spring root WebApplicationContext
19-Sep-2018 10:15:42.073 INFO [localhost-startStop-1] org.apache.catalina.core.ApplicationContext.log Initializing Spring FrameworkServlet 'SpringDispatcher'
19-Sep-2018 10:16:03.839 SEVERE [localhost-startStop-1] org.apache.catalina.core.ApplicationContext.log StandardWrapper.Throwable
 org.springframework.beans.factory.BeanCreationException: Error creating bean with name 'entityManagerFactory' defined in ServletContext resource [/WEB-INF/SpringDispatcher-servlet.xml]: Invocation of init method failed; nested exception is javax.persistence.PersistenceException: [PersistenceUnit: spring_example_PU] Unable to build Hibernate SessionFactory; nested exception is org.hibernate.exception.GenericJDBCException: Unable to open JDBC Connection for DDL execution
	at org.springframework.beans.factory.support.AbstractAutowireCapableBeanFactory.initializeBean(AbstractAutowireCapableBeanFactory.java:1699)
	at org.springframework.beans.factory.support.AbstractAutowireCapableBeanFactory.doCreateBean(AbstractAutowireCapableBeanFactory.java:573)
	at org.springframework.beans.factory.support.AbstractAutowireCapableBeanFactory.createBean(AbstractAutowireCapableBeanFactory.java:495)
	at org.springframework.beans.factory.support.AbstractBeanFactory.lambda$doGetBean$0(AbstractBeanFactory.java:317)
	at org.springframework.beans.factory.support.DefaultSingletonBeanRegistry.getSingleton(DefaultSingletonBeanRegistry.java:222)
	at org.springframework.beans.factory.support.AbstractBeanFactory.doGetBean(AbstractBeanFactory.java:315)
	at org.springframework.beans.factory.support.AbstractBeanFactory.getBean(AbstractBeanFactory.java:199)
	at org.springframework.context.support.AbstractApplicationContext.getBean(AbstractApplicationContext.java:1089)
	at org.springframework.context.support.AbstractApplicationContext.finishBeanFactoryInitialization(AbstractApplicationContext.java:859)
	at org.springframework.context.support.AbstractApplicationContext.refresh(AbstractApplicationContext.java:550)
	at org.springframework.web.servlet.FrameworkServlet.configureAndRefreshWebApplicationContext(FrameworkServlet.java:676)
	at org.springframework.web.servlet.FrameworkServlet.createWebApplicationContext(FrameworkServlet.java:642)
	at org.springframework.web.servlet.FrameworkServlet.createWebApplicationContext(FrameworkServlet.java:690)
	at org.springframework.web.servlet.FrameworkServlet.initWebApplicationContext(FrameworkServlet.java:558)
	at org.springframework.web.servlet.FrameworkServlet.initServletBean(FrameworkServlet.java:499)
	at org.springframework.web.servlet.HttpServletBean.init(HttpServletBean.java:172)
	at javax.servlet.GenericServlet.init(GenericServlet.java:158)
	at org.apache.catalina.core.StandardWrapper.initServlet(StandardWrapper.java:1144)
	at org.apache.catalina.core.StandardWrapper.loadServlet(StandardWrapper.java:1091)
	at org.apache.catalina.core.StandardWrapper.load(StandardWrapper.java:983)
	at org.apache.catalina.core.StandardContext.loadOnStartup(StandardContext.java:4939)
	at org.apache.catalina.core.StandardContext.startInternal(StandardContext.java:5249)
	at org.apache.catalina.util.LifecycleBase.start(LifecycleBase.java:150)
	at org.apache.catalina.core.ContainerBase.addChildInternal(ContainerBase.java:754)
	at org.apache.catalina.core.ContainerBase.addChild(ContainerBase.java:730)
	at org.apache.catalina.core.StandardHost.addChild(StandardHost.java:734)
	at org.apache.catalina.startup.HostConfig.deployWAR(HostConfig.java:986)
	at org.apache.catalina.startup.HostConfig$DeployWar.run(HostConfig.java:1857)
	at java.util.concurrent.Executors$RunnableAdapter.call(Executors.java:511)
	at java.util.concurrent.FutureTask.run(FutureTask.java:266)
	at java.util.concurrent.ThreadPoolExecutor.runWorker(ThreadPoolExecutor.java:1142)
	at java.util.concurrent.ThreadPoolExecutor$Worker.run(ThreadPoolExecutor.java:617)
	at java.lang.Thread.run(Thread.java:745)
Caused by: javax.persistence.PersistenceException: [PersistenceUnit: spring_example_PU] Unable to build Hibernate SessionFactory; nested exception is org.hibernate.exception.GenericJDBCException: Unable to open JDBC Connection for DDL execution
	at org.springframework.orm.jpa.AbstractEntityManagerFactoryBean.buildNativeEntityManagerFactory(AbstractEntityManagerFactoryBean.java:402)
	at org.springframework.orm.jpa.AbstractEntityManagerFactoryBean.afterPropertiesSet(AbstractEntityManagerFactoryBean.java:377)
	at org.springframework.orm.jpa.LocalContainerEntityManagerFactoryBean.afterPropertiesSet(LocalContainerEntityManagerFactoryBean.java:341)
	at org.springframework.beans.factory.support.AbstractAutowireCapableBeanFactory.invokeInitMethods(AbstractAutowireCapableBeanFactory.java:1758)
	at org.springframework.beans.factory.support.AbstractAutowireCapableBeanFactory.initializeBean(AbstractAutowireCapableBeanFactory.java:1695)
	... 32 more
Caused by: org.hibernate.exception.GenericJDBCException: Unable to open JDBC Connection for DDL execution
	at org.hibernate.exception.internal.StandardSQLExceptionConverter.convert(StandardSQLExceptionConverter.java:47)
	at org.hibernate.engine.jdbc.spi.SqlExceptionHelper.convert(SqlExceptionHelper.java:111)
	at org.hibernate.engine.jdbc.spi.SqlExceptionHelper.convert(SqlExceptionHelper.java:97)
	at org.hibernate.resource.transaction.backend.jdbc.internal.DdlTransactionIsolatorNonJtaImpl.getIsolatedConnection(DdlTransactionIsolatorNonJtaImpl.java:69)
	at org.hibernate.tool.schema.internal.exec.ImprovedExtractionContextImpl.getJdbcConnection(ImprovedExtractionContextImpl.java:60)
	at org.hibernate.tool.schema.internal.exec.ImprovedExtractionContextImpl.getJdbcDatabaseMetaData(ImprovedExtractionContextImpl.java:67)
	at org.hibernate.tool.schema.extract.internal.InformationExtractorJdbcDatabaseMetaDataImpl.getTables(InformationExtractorJdbcDatabaseMetaDataImpl.java:329)
	at org.hibernate.tool.schema.extract.internal.DatabaseInformationImpl.getTablesInformation(DatabaseInformationImpl.java:120)
	at org.hibernate.tool.schema.internal.GroupedSchemaMigratorImpl.performTablesMigration(GroupedSchemaMigratorImpl.java:65)
	at org.hibernate.tool.schema.internal.AbstractSchemaMigrator.performMigration(AbstractSchemaMigrator.java:207)
	at org.hibernate.tool.schema.internal.AbstractSchemaMigrator.doMigration(AbstractSchemaMigrator.java:114)
	at org.hibernate.tool.schema.spi.SchemaManagementToolCoordinator.performDatabaseAction(SchemaManagementToolCoordinator.java:183)
	at org.hibernate.tool.schema.spi.SchemaManagementToolCoordinator.process(SchemaManagementToolCoordinator.java:72)
	at org.hibernate.internal.SessionFactoryImpl.<init>(SessionFactoryImpl.java:312)
	at org.hibernate.boot.internal.SessionFactoryBuilderImpl.build(SessionFactoryBuilderImpl.java:462)
	at org.hibernate.jpa.boot.internal.EntityManagerFactoryBuilderImpl.build(EntityManagerFactoryBuilderImpl.java:892)
	at org.springframework.orm.jpa.vendor.SpringHibernateJpaPersistenceProvider.createContainerEntityManagerFactory(SpringHibernateJpaPersistenceProvider.java:57)
	at org.springframework.orm.jpa.LocalContainerEntityManagerFactoryBean.createNativeEntityManagerFactory(LocalContainerEntityManagerFactoryBean.java:365)
	at org.springframework.orm.jpa.AbstractEntityManagerFactoryBean.buildNativeEntityManagerFactory(AbstractEntityManagerFactoryBean.java:390)
	... 36 more
Caused by: java.sql.SQLException: Cannot create PoolableConnectionFactory (Could not create connection to database server. Attempted reconnect 3 times. Giving up.)
	at org.apache.tomcat.dbcp.dbcp2.BasicDataSource.createPoolableConnectionFactory(BasicDataSource.java:2342)
	at org.apache.tomcat.dbcp.dbcp2.BasicDataSource.createDataSource(BasicDataSource.java:2067)
	at org.apache.tomcat.dbcp.dbcp2.BasicDataSource.getConnection(BasicDataSource.java:1543)
	at org.hibernate.engine.jdbc.connections.internal.DatasourceConnectionProviderImpl.getConnection(DatasourceConnectionProviderImpl.java:122)
	at org.hibernate.engine.jdbc.env.internal.JdbcEnvironmentInitiator$ConnectionProviderJdbcConnectionAccess.obtainConnection(JdbcEnvironmentInitiator.java:180)
	at org.hibernate.resource.transaction.backend.jdbc.internal.DdlTransactionIsolatorNonJtaImpl.getIsolatedConnection(DdlTransactionIsolatorNonJtaImpl.java:43)
	... 51 more
Caused by: java.sql.SQLNonTransientConnectionException: Could not create connection to database server. Attempted reconnect 3 times. Giving up.
	at com.mysql.cj.jdbc.exceptions.SQLError.createSQLException(SQLError.java:110)
	at com.mysql.cj.jdbc.exceptions.SQLError.createSQLException(SQLError.java:97)
	at com.mysql.cj.jdbc.exceptions.SQLError.createSQLException(SQLError.java:89)
	at com.mysql.cj.jdbc.exceptions.SQLError.createSQLException(SQLError.java:63)
	at com.mysql.cj.jdbc.exceptions.SQLError.createSQLException(SQLError.java:73)
	at com.mysql.cj.jdbc.ConnectionImpl.connectWithRetries(ConnectionImpl.java:902)
	at com.mysql.cj.jdbc.ConnectionImpl.createNewIO(ConnectionImpl.java:827)
	at com.mysql.cj.jdbc.ConnectionImpl.<init>(ConnectionImpl.java:456)
	at com.mysql.cj.jdbc.ConnectionImpl.getInstance(ConnectionImpl.java:240)
	at com.mysql.cj.jdbc.NonRegisteringDriver.connect(NonRegisteringDriver.java:207)
	at org.apache.tomcat.dbcp.dbcp2.DriverConnectionFactory.createConnection(DriverConnectionFactory.java:38)
	at org.apache.tomcat.dbcp.dbcp2.PoolableConnectionFactory.makeObject(PoolableConnectionFactory.java:262)
	at org.apache.tomcat.dbcp.dbcp2.BasicDataSource.validateConnectionFactory(BasicDataSource.java:2352)
	at org.apache.tomcat.dbcp.dbcp2.BasicDataSource.createPoolableConnectionFactory(BasicDataSource.java:2338)
	... 56 more
Caused by: com.mysql.cj.exceptions.CJCommunicationsException: Communications link failure

The last packet sent successfully to the server was 0 milliseconds ago. The driver has not received any packets from the server.
	at sun.reflect.NativeConstructorAccessorImpl.newInstance0(Native Method)
	at sun.reflect.NativeConstructorAccessorImpl.newInstance(NativeConstructorAccessorImpl.java:62)
	at sun.reflect.DelegatingConstructorAccessorImpl.newInstance(DelegatingConstructorAccessorImpl.java:45)
	at java.lang.reflect.Constructor.newInstance(Constructor.java:423)
	at com.mysql.cj.exceptions.ExceptionFactory.createException(ExceptionFactory.java:61)
	at com.mysql.cj.exceptions.ExceptionFactory.createException(ExceptionFactory.java:105)
	at com.mysql.cj.exceptions.ExceptionFactory.createException(ExceptionFactory.java:151)
	at com.mysql.cj.exceptions.ExceptionFactory.createCommunicationsException(ExceptionFactory.java:167)
	at com.mysql.cj.protocol.a.NativeSocketConnection.connect(NativeSocketConnection.java:91)
	at com.mysql.cj.NativeSession.connect(NativeSession.java:152)
	at com.mysql.cj.jdbc.ConnectionImpl.connectWithRetries(ConnectionImpl.java:846)
	... 64 more
Caused by: java.net.ConnectException: Connection refused: connect
	at java.net.DualStackPlainSocketImpl.connect0(Native Method)
	at java.net.DualStackPlainSocketImpl.socketConnect(DualStackPlainSocketImpl.java:79)
	at java.net.AbstractPlainSocketImpl.doConnect(AbstractPlainSocketImpl.java:350)
	at java.net.AbstractPlainSocketImpl.connectToAddress(AbstractPlainSocketImpl.java:206)
	at java.net.AbstractPlainSocketImpl.connect(AbstractPlainSocketImpl.java:188)
	at java.net.PlainSocketImpl.connect(PlainSocketImpl.java:172)
	at java.net.SocksSocketImpl.connect(SocksSocketImpl.java:392)
	at java.net.Socket.connect(Socket.java:589)
	at com.mysql.cj.protocol.StandardSocketFactory.connect(StandardSocketFactory.java:173)
	at com.mysql.cj.protocol.a.NativeSocketConnection.connect(NativeSocketConnection.java:65)
	... 66 more

19-Sep-2018 10:16:03.839 SEVERE [localhost-startStop-1] org.apache.catalina.core.StandardContext.loadOnStartup Servlet [SpringDispatcher] in web application [/FlightPub-0.2] threw load() exception
 java.net.ConnectException: Connection refused: connect
	at java.net.DualStackPlainSocketImpl.connect0(Native Method)
	at java.net.DualStackPlainSocketImpl.socketConnect(DualStackPlainSocketImpl.java:79)
	at java.net.AbstractPlainSocketImpl.doConnect(AbstractPlainSocketImpl.java:350)
	at java.net.AbstractPlainSocketImpl.connectToAddress(AbstractPlainSocketImpl.java:206)
	at java.net.AbstractPlainSocketImpl.connect(AbstractPlainSocketImpl.java:188)
	at java.net.PlainSocketImpl.connect(PlainSocketImpl.java:172)
	at java.net.SocksSocketImpl.connect(SocksSocketImpl.java:392)
	at java.net.Socket.connect(Socket.java:589)
	at com.mysql.cj.protocol.StandardSocketFactory.connect(StandardSocketFactory.java:173)
	at com.mysql.cj.protocol.a.NativeSocketConnection.connect(NativeSocketConnection.java:65)
	at com.mysql.cj.NativeSession.connect(NativeSession.java:152)
	at com.mysql.cj.jdbc.ConnectionImpl.connectWithRetries(ConnectionImpl.java:846)
	at com.mysql.cj.jdbc.ConnectionImpl.createNewIO(ConnectionImpl.java:827)
	at com.mysql.cj.jdbc.ConnectionImpl.<init>(ConnectionImpl.java:456)
	at com.mysql.cj.jdbc.ConnectionImpl.getInstance(ConnectionImpl.java:240)
	at com.mysql.cj.jdbc.NonRegisteringDriver.connect(NonRegisteringDriver.java:207)
	at org.apache.tomcat.dbcp.dbcp2.DriverConnectionFactory.createConnection(DriverConnectionFactory.java:38)
	at org.apache.tomcat.dbcp.dbcp2.PoolableConnectionFactory.makeObject(PoolableConnectionFactory.java:262)
	at org.apache.tomcat.dbcp.dbcp2.BasicDataSource.validateConnectionFactory(BasicDataSource.java:2352)
	at org.apache.tomcat.dbcp.dbcp2.BasicDataSource.createPoolableConnectionFactory(BasicDataSource.java:2338)
	at org.apache.tomcat.dbcp.dbcp2.BasicDataSource.createDataSource(BasicDataSource.java:2067)
	at org.apache.tomcat.dbcp.dbcp2.BasicDataSource.getConnection(BasicDataSource.java:1543)
	at org.hibernate.engine.jdbc.connections.internal.DatasourceConnectionProviderImpl.getConnection(DatasourceConnectionProviderImpl.java:122)
	at org.hibernate.engine.jdbc.env.internal.JdbcEnvironmentInitiator$ConnectionProviderJdbcConnectionAccess.obtainConnection(JdbcEnvironmentInitiator.java:180)
	at org.hibernate.resource.transaction.backend.jdbc.internal.DdlTransactionIsolatorNonJtaImpl.getIsolatedConnection(DdlTransactionIsolatorNonJtaImpl.java:43)
	at org.hibernate.tool.schema.internal.exec.ImprovedExtractionContextImpl.getJdbcConnection(ImprovedExtractionContextImpl.java:60)
	at org.hibernate.tool.schema.internal.exec.ImprovedExtractionContextImpl.getJdbcDatabaseMetaData(ImprovedExtractionContextImpl.java:67)
	at org.hibernate.tool.schema.extract.internal.InformationExtractorJdbcDatabaseMetaDataImpl.getTables(InformationExtractorJdbcDatabaseMetaDataImpl.java:329)
	at org.hibernate.tool.schema.extract.internal.DatabaseInformationImpl.getTablesInformation(DatabaseInformationImpl.java:120)
	at org.hibernate.tool.schema.internal.GroupedSchemaMigratorImpl.performTablesMigration(GroupedSchemaMigratorImpl.java:65)
	at org.hibernate.tool.schema.internal.AbstractSchemaMigrator.performMigration(AbstractSchemaMigrator.java:207)
	at org.hibernate.tool.schema.internal.AbstractSchemaMigrator.doMigration(AbstractSchemaMigrator.java:114)
	at org.hibernate.tool.schema.spi.SchemaManagementToolCoordinator.performDatabaseAction(SchemaManagementToolCoordinator.java:183)
	at org.hibernate.tool.schema.spi.SchemaManagementToolCoordinator.process(SchemaManagementToolCoordinator.java:72)
	at org.hibernate.internal.SessionFactoryImpl.<init>(SessionFactoryImpl.java:312)
	at org.hibernate.boot.internal.SessionFactoryBuilderImpl.build(SessionFactoryBuilderImpl.java:462)
	at org.hibernate.jpa.boot.internal.EntityManagerFactoryBuilderImpl.build(EntityManagerFactoryBuilderImpl.java:892)
	at org.springframework.orm.jpa.vendor.SpringHibernateJpaPersistenceProvider.createContainerEntityManagerFactory(SpringHibernateJpaPersistenceProvider.java:57)
	at org.springframework.orm.jpa.LocalContainerEntityManagerFactoryBean.createNativeEntityManagerFactory(LocalContainerEntityManagerFactoryBean.java:365)
	at org.springframework.orm.jpa.AbstractEntityManagerFactoryBean.buildNativeEntityManagerFactory(AbstractEntityManagerFactoryBean.java:390)
	at org.springframework.orm.jpa.AbstractEntityManagerFactoryBean.afterPropertiesSet(AbstractEntityManagerFactoryBean.java:377)
	at org.springframework.orm.jpa.LocalContainerEntityManagerFactoryBean.afterPropertiesSet(LocalContainerEntityManagerFactoryBean.java:341)
	at org.springframework.beans.factory.support.AbstractAutowireCapableBeanFactory.invokeInitMethods(AbstractAutowireCapableBeanFactory.java:1758)
	at org.springframework.beans.factory.support.AbstractAutowireCapableBeanFactory.initializeBean(AbstractAutowireCapableBeanFactory.java:1695)
	at org.springframework.beans.factory.support.AbstractAutowireCapableBeanFactory.doCreateBean(AbstractAutowireCapableBeanFactory.java:573)
	at org.springframework.beans.factory.support.AbstractAutowireCapableBeanFactory.createBean(AbstractAutowireCapableBeanFactory.java:495)
	at org.springframework.beans.factory.support.AbstractBeanFactory.lambda$doGetBean$0(AbstractBeanFactory.java:317)
	at org.springframework.beans.factory.support.DefaultSingletonBeanRegistry.getSingleton(DefaultSingletonBeanRegistry.java:222)
	at org.springframework.beans.factory.support.AbstractBeanFactory.doGetBean(AbstractBeanFactory.java:315)
	at org.springframework.beans.factory.support.AbstractBeanFactory.getBean(AbstractBeanFactory.java:199)
	at org.springframework.context.support.AbstractApplicationContext.getBean(AbstractApplicationContext.java:1089)
	at org.springframework.context.support.AbstractApplicationContext.finishBeanFactoryInitialization(AbstractApplicationContext.java:859)
	at org.springframework.context.support.AbstractApplicationContext.refresh(AbstractApplicationContext.java:550)
	at org.springframework.web.servlet.FrameworkServlet.configureAndRefreshWebApplicationContext(FrameworkServlet.java:676)
	at org.springframework.web.servlet.FrameworkServlet.createWebApplicationContext(FrameworkServlet.java:642)
	at org.springframework.web.servlet.FrameworkServlet.createWebApplicationContext(FrameworkServlet.java:690)
	at org.springframework.web.servlet.FrameworkServlet.initWebApplicationContext(FrameworkServlet.java:558)
	at org.springframework.web.servlet.FrameworkServlet.initServletBean(FrameworkServlet.java:499)
	at org.springframework.web.servlet.HttpServletBean.init(HttpServletBean.java:172)
	at javax.servlet.GenericServlet.init(GenericServlet.java:158)
	at org.apache.catalina.core.StandardWrapper.initServlet(StandardWrapper.java:1144)
	at org.apache.catalina.core.StandardWrapper.loadServlet(StandardWrapper.java:1091)
	at org.apache.catalina.core.StandardWrapper.load(StandardWrapper.java:983)
	at org.apache.catalina.core.StandardContext.loadOnStartup(StandardContext.java:4939)
	at org.apache.catalina.core.StandardContext.startInternal(StandardContext.java:5249)
	at org.apache.catalina.util.LifecycleBase.start(LifecycleBase.java:150)
	at org.apache.catalina.core.ContainerBase.addChildInternal(ContainerBase.java:754)
	at org.apache.catalina.core.ContainerBase.addChild(ContainerBase.java:730)
	at org.apache.catalina.core.StandardHost.addChild(StandardHost.java:734)
	at org.apache.catalina.startup.HostConfig.deployWAR(HostConfig.java:986)
	at org.apache.catalina.startup.HostConfig$DeployWar.run(HostConfig.java:1857)
	at java.util.concurrent.Executors$RunnableAdapter.call(Executors.java:511)
	at java.util.concurrent.FutureTask.run(FutureTask.java:266)
	at java.util.concurrent.ThreadPoolExecutor.runWorker(ThreadPoolExecutor.java:1142)
	at java.util.concurrent.ThreadPoolExecutor$Worker.run(ThreadPoolExecutor.java:617)
	at java.lang.Thread.run(Thread.java:745)

19-Sep-2018 10:16:05.150 INFO [localhost-startStop-1] org.apache.catalina.core.ApplicationContext.log No Spring WebApplicationInitializer types detected on classpath
19-Sep-2018 10:16:05.159 INFO [localhost-startStop-1] org.apache.catalina.core.ApplicationContext.log Initializing Spring root WebApplicationContext
19-Sep-2018 10:16:05.864 INFO [localhost-startStop-1] org.apache.catalina.core.ApplicationContext.log Initializing Spring FrameworkServlet 'SpringDispatcher'
19-Sep-2018 10:16:07.246 INFO [localhost-startStop-1] org.apache.catalina.core.ApplicationContext.log ContextListener: contextInitialized()
19-Sep-2018 10:16:07.246 INFO [localhost-startStop-1] org.apache.catalina.core.ApplicationContext.log SessionListener: contextInitialized()
19-Sep-2018 10:16:07.246 INFO [localhost-startStop-1] org.apache.catalina.core.ApplicationContext.log ContextListener: attributeAdded('StockTicker', 'async.Stockticker@3f1d1b14')
19-Sep-2018 10:16:08.407 INFO [localhost-startStop-1] org.apache.catalina.core.ApplicationContext.log No Spring WebApplicationInitializer types detected on classpath
19-Sep-2018 10:16:08.420 INFO [localhost-startStop-1] org.apache.catalina.core.ApplicationContext.log Initializing Spring root WebApplicationContext
19-Sep-2018 10:16:08.831 INFO [localhost-startStop-1] org.apache.catalina.core.ApplicationContext.log Initializing Spring FrameworkServlet 'SpringDispatcher'
19-Sep-2018 10:20:35.213 INFO [http-nio-8080-exec-2] org.apache.catalina.core.ApplicationContext.log Initializing Spring FrameworkServlet 'SpringDispatcher'
19-Sep-2018 10:24:29.840 INFO [ContainerBackgroundProcessor[StandardEngine[Catalina]]] org.apache.catalina.core.ApplicationContext.log Destroying Spring FrameworkServlet 'SpringDispatcher'
19-Sep-2018 10:24:29.851 INFO [ContainerBackgroundProcessor[StandardEngine[Catalina]]] org.apache.catalina.core.ApplicationContext.log Closing Spring root WebApplicationContext
19-Sep-2018 10:24:31.835 INFO [localhost-startStop-2] org.apache.catalina.core.ApplicationContext.log No Spring WebApplicationInitializer types detected on classpath
19-Sep-2018 10:24:31.844 INFO [localhost-startStop-2] org.apache.catalina.core.ApplicationContext.log Initializing Spring root WebApplicationContext
19-Sep-2018 10:24:32.739 INFO [localhost-startStop-2] org.apache.catalina.core.ApplicationContext.log Initializing Spring FrameworkServlet 'SpringDispatcher'
19-Sep-2018 10:25:30.396 INFO [http-nio-8080-exec-11] org.apache.catalina.core.ApplicationContext.log Add vertex: ADL
19-Sep-2018 10:25:30.397 INFO [http-nio-8080-exec-11] org.apache.catalina.core.ApplicationContext.log Add vertex: AMS
19-Sep-2018 10:25:30.398 INFO [http-nio-8080-exec-11] org.apache.catalina.core.ApplicationContext.log Add vertex: ATL
19-Sep-2018 10:25:30.398 INFO [http-nio-8080-exec-11] org.apache.catalina.core.ApplicationContext.log Add vertex: BKK
19-Sep-2018 10:25:30.398 INFO [http-nio-8080-exec-11] org.apache.catalina.core.ApplicationContext.log Add vertex: BNE
19-Sep-2018 10:25:30.398 INFO [http-nio-8080-exec-11] org.apache.catalina.core.ApplicationContext.log Add vertex: CBR
19-Sep-2018 10:25:30.398 INFO [http-nio-8080-exec-11] org.apache.catalina.core.ApplicationContext.log Add vertex: CDG
19-Sep-2018 10:25:30.398 INFO [http-nio-8080-exec-11] org.apache.catalina.core.ApplicationContext.log Add vertex: CNS
19-Sep-2018 10:25:30.398 INFO [http-nio-8080-exec-11] org.apache.catalina.core.ApplicationContext.log Add vertex: DOH
19-Sep-2018 10:25:30.398 INFO [http-nio-8080-exec-11] org.apache.catalina.core.ApplicationContext.log Add vertex: DRW
19-Sep-2018 10:25:30.399 INFO [http-nio-8080-exec-11] org.apache.catalina.core.ApplicationContext.log Add vertex: DXB
19-Sep-2018 10:25:30.399 INFO [http-nio-8080-exec-11] org.apache.catalina.core.ApplicationContext.log Add vertex: FCO
19-Sep-2018 10:25:30.399 INFO [http-nio-8080-exec-11] org.apache.catalina.core.ApplicationContext.log Add vertex: GIG
19-Sep-2018 10:25:30.399 INFO [http-nio-8080-exec-11] org.apache.catalina.core.ApplicationContext.log Add vertex: HBA
19-Sep-2018 10:25:30.399 INFO [http-nio-8080-exec-11] org.apache.catalina.core.ApplicationContext.log Add vertex: HEL
19-Sep-2018 10:25:30.399 INFO [http-nio-8080-exec-11] org.apache.catalina.core.ApplicationContext.log Add vertex: HKG
19-Sep-2018 10:25:30.399 INFO [http-nio-8080-exec-11] org.apache.catalina.core.ApplicationContext.log Add vertex: HNL
19-Sep-2018 10:25:30.399 INFO [http-nio-8080-exec-11] org.apache.catalina.core.ApplicationContext.log Add vertex: JFK
19-Sep-2018 10:25:30.399 INFO [http-nio-8080-exec-11] org.apache.catalina.core.ApplicationContext.log Add vertex: JNB
19-Sep-2018 10:25:30.399 INFO [http-nio-8080-exec-11] org.apache.catalina.core.ApplicationContext.log Add vertex: KUL
19-Sep-2018 10:25:30.400 INFO [http-nio-8080-exec-11] org.apache.catalina.core.ApplicationContext.log Add vertex: LAX
19-Sep-2018 10:25:30.400 INFO [http-nio-8080-exec-11] org.apache.catalina.core.ApplicationContext.log Add vertex: LGA
19-Sep-2018 10:25:30.400 INFO [http-nio-8080-exec-11] org.apache.catalina.core.ApplicationContext.log Add vertex: LGW
19-Sep-2018 10:25:30.400 INFO [http-nio-8080-exec-11] org.apache.catalina.core.ApplicationContext.log Add vertex: LHR
19-Sep-2018 10:25:30.400 INFO [http-nio-8080-exec-11] org.apache.catalina.core.ApplicationContext.log Add vertex: MAD
19-Sep-2018 10:25:30.400 INFO [http-nio-8080-exec-11] org.apache.catalina.core.ApplicationContext.log Add vertex: MEL
19-Sep-2018 10:25:30.400 INFO [http-nio-8080-exec-11] org.apache.catalina.core.ApplicationContext.log Add vertex: MIA
19-Sep-2018 10:25:30.400 INFO [http-nio-8080-exec-11] org.apache.catalina.core.ApplicationContext.log Add vertex: MUC
19-Sep-2018 10:25:30.400 INFO [http-nio-8080-exec-11] org.apache.catalina.core.ApplicationContext.log Add vertex: NRT
19-Sep-2018 10:25:30.400 INFO [http-nio-8080-exec-11] org.apache.catalina.core.ApplicationContext.log Add vertex: OOL
19-Sep-2018 10:25:30.400 INFO [http-nio-8080-exec-11] org.apache.catalina.core.ApplicationContext.log Add vertex: ORD
19-Sep-2018 10:25:30.401 INFO [http-nio-8080-exec-11] org.apache.catalina.core.ApplicationContext.log Add vertex: ORY
19-Sep-2018 10:25:30.401 INFO [http-nio-8080-exec-11] org.apache.catalina.core.ApplicationContext.log Add vertex: PER
19-Sep-2018 10:25:30.401 INFO [http-nio-8080-exec-11] org.apache.catalina.core.ApplicationContext.log Add vertex: SFO
19-Sep-2018 10:25:30.401 INFO [http-nio-8080-exec-11] org.apache.catalina.core.ApplicationContext.log Add vertex: SIN
19-Sep-2018 10:25:30.401 INFO [http-nio-8080-exec-11] org.apache.catalina.core.ApplicationContext.log Add vertex: SYD
19-Sep-2018 10:25:30.401 INFO [http-nio-8080-exec-11] org.apache.catalina.core.ApplicationContext.log Add vertex: VIE
19-Sep-2018 10:25:30.401 INFO [http-nio-8080-exec-11] org.apache.catalina.core.ApplicationContext.log Add vertex: YYZ
19-Sep-2018 10:25:30.471 INFO [http-nio-8080-exec-11] org.apache.catalina.core.ApplicationContext.log Flight path: ATL -> MIA : 120
19-Sep-2018 10:25:30.471 INFO [http-nio-8080-exec-11] org.apache.catalina.core.ApplicationContext.log Flight path: MIA -> GIG : 520
19-Sep-2018 10:25:30.471 INFO [http-nio-8080-exec-11] org.apache.catalina.core.ApplicationContext.log Flight path: GIG -> JFK : 630
19-Sep-2018 10:25:30.471 INFO [http-nio-8080-exec-11] org.apache.catalina.core.ApplicationContext.log Flight path: JFK -> ATL : 150
19-Sep-2018 10:25:30.471 INFO [http-nio-8080-exec-11] org.apache.catalina.core.ApplicationContext.log Flight path: LGA -> ORD : 150
19-Sep-2018 10:25:30.471 INFO [http-nio-8080-exec-11] org.apache.catalina.core.ApplicationContext.log Flight path: ORD -> LAX : 250
19-Sep-2018 10:25:30.471 INFO [http-nio-8080-exec-11] org.apache.catalina.core.ApplicationContext.log Flight path: LAX -> JFK : 335
19-Sep-2018 10:25:30.471 INFO [http-nio-8080-exec-11] org.apache.catalina.core.ApplicationContext.log Flight path: LAX -> YYZ : 280
19-Sep-2018 10:25:30.472 INFO [http-nio-8080-exec-11] org.apache.catalina.core.ApplicationContext.log Flight path: VIE -> CDG : 125
19-Sep-2018 10:25:30.472 INFO [http-nio-8080-exec-11] org.apache.catalina.core.ApplicationContext.log Flight path: CDG -> MAD : 125
19-Sep-2018 10:25:30.472 INFO [http-nio-8080-exec-11] org.apache.catalina.core.ApplicationContext.log Flight path: ORY -> LHR : 85
19-Sep-2018 10:25:30.472 INFO [http-nio-8080-exec-11] org.apache.catalina.core.ApplicationContext.log Flight path: LHR -> DOH : 400
19-Sep-2018 10:25:30.472 INFO [http-nio-8080-exec-11] org.apache.catalina.core.ApplicationContext.log Flight path: FCO -> HEL : 205
19-Sep-2018 10:25:30.472 INFO [http-nio-8080-exec-11] org.apache.catalina.core.ApplicationContext.log Flight path: HEL -> FCO : 205
19-Sep-2018 10:25:30.472 INFO [http-nio-8080-exec-11] org.apache.catalina.core.ApplicationContext.log Flight path: HEL -> SIN : 690
19-Sep-2018 10:25:30.472 INFO [http-nio-8080-exec-11] org.apache.catalina.core.ApplicationContext.log Flight path: SIN -> PER : 310
19-Sep-2018 10:25:30.472 INFO [http-nio-8080-exec-11] org.apache.catalina.core.ApplicationContext.log Flight path: BKK -> LHR : 735
19-Sep-2018 10:25:30.472 INFO [http-nio-8080-exec-11] org.apache.catalina.core.ApplicationContext.log Flight path: LHR -> ORY : 75
19-Sep-2018 10:25:30.472 INFO [http-nio-8080-exec-11] org.apache.catalina.core.ApplicationContext.log Flight path: ORY -> LHR : 85
19-Sep-2018 10:25:30.472 INFO [http-nio-8080-exec-11] org.apache.catalina.core.ApplicationContext.log Flight path: LHR -> BKK : 685
19-Sep-2018 10:25:30.472 INFO [http-nio-8080-exec-11] org.apache.catalina.core.ApplicationContext.log Flight path: LGW -> AMS : 75
19-Sep-2018 10:25:30.472 INFO [http-nio-8080-exec-11] org.apache.catalina.core.ApplicationContext.log Flight path: AMS -> MUC : 85
19-Sep-2018 10:25:30.473 INFO [http-nio-8080-exec-11] org.apache.catalina.core.ApplicationContext.log Flight path: YYZ -> HKG : 820
19-Sep-2018 10:25:30.473 INFO [http-nio-8080-exec-11] org.apache.catalina.core.ApplicationContext.log Flight path: HKG -> ADL : 520
19-Sep-2018 10:25:30.473 INFO [http-nio-8080-exec-11] org.apache.catalina.core.ApplicationContext.log Flight path: CNS -> MEL : 205
19-Sep-2018 10:25:30.473 INFO [http-nio-8080-exec-11] org.apache.catalina.core.ApplicationContext.log Flight path: MEL -> HBA : 75
19-Sep-2018 10:25:30.473 INFO [http-nio-8080-exec-11] org.apache.catalina.core.ApplicationContext.log Flight path: OOL -> CBR : 95
19-Sep-2018 10:25:30.473 INFO [http-nio-8080-exec-11] org.apache.catalina.core.ApplicationContext.log Flight path: CBR -> OOL : 90
19-Sep-2018 10:25:30.473 INFO [http-nio-8080-exec-11] org.apache.catalina.core.ApplicationContext.log Flight path: DXB -> ATL : 915
19-Sep-2018 10:25:30.473 INFO [http-nio-8080-exec-11] org.apache.catalina.core.ApplicationContext.log Flight path: ATL -> SFO : 320
19-Sep-2018 10:25:30.473 INFO [http-nio-8080-exec-11] org.apache.catalina.core.ApplicationContext.log Flight path: BNE -> SYD : 95
19-Sep-2018 10:25:30.473 INFO [http-nio-8080-exec-11] org.apache.catalina.core.ApplicationContext.log Flight path: SYD -> ATL : 1200
19-Sep-2018 10:25:30.473 INFO [http-nio-8080-exec-11] org.apache.catalina.core.ApplicationContext.log Flight path: JFK -> LAX : 386
19-Sep-2018 10:25:30.473 INFO [http-nio-8080-exec-11] org.apache.catalina.core.ApplicationContext.log Flight path: ATL -> LGA : 144
19-Sep-2018 10:25:30.474 INFO [http-nio-8080-exec-11] org.apache.catalina.core.ApplicationContext.log Flight path: LAX -> SYD : 900
19-Sep-2018 10:25:30.474 INFO [http-nio-8080-exec-11] org.apache.catalina.core.ApplicationContext.log Flight path: SYD -> BNE : 90
19-Sep-2018 10:25:30.474 INFO [http-nio-8080-exec-11] org.apache.catalina.core.ApplicationContext.log Flight path: SFO -> ATL : 282
19-Sep-2018 10:25:30.474 INFO [http-nio-8080-exec-11] org.apache.catalina.core.ApplicationContext.log Flight path: ATL -> DXB : 845
19-Sep-2018 10:25:30.474 INFO [http-nio-8080-exec-11] org.apache.catalina.core.ApplicationContext.log Flight path: LHR -> DXB : 410
19-Sep-2018 10:25:30.474 INFO [http-nio-8080-exec-11] org.apache.catalina.core.ApplicationContext.log Flight path: DXB -> SIN : 570
19-Sep-2018 10:25:30.474 INFO [http-nio-8080-exec-11] org.apache.catalina.core.ApplicationContext.log Flight path: SIN -> MEL : 430
19-Sep-2018 10:25:30.474 INFO [http-nio-8080-exec-11] org.apache.catalina.core.ApplicationContext.log Flight path: MEL -> DXB : 1105
19-Sep-2018 10:25:30.474 INFO [http-nio-8080-exec-11] org.apache.catalina.core.ApplicationContext.log Flight path: DXB -> LHR : 445
19-Sep-2018 10:25:30.474 INFO [http-nio-8080-exec-11] org.apache.catalina.core.ApplicationContext.log Flight path: MAD -> ORY : 115
19-Sep-2018 10:25:30.474 INFO [http-nio-8080-exec-11] org.apache.catalina.core.ApplicationContext.log Flight path: HKG -> NRT : 370
19-Sep-2018 10:25:30.474 INFO [http-nio-8080-exec-11] org.apache.catalina.core.ApplicationContext.log Flight path: NRT -> HNL : 465
19-Sep-2018 10:25:30.475 INFO [http-nio-8080-exec-11] org.apache.catalina.core.ApplicationContext.log Flight path: HNL -> NRT : 370
19-Sep-2018 10:25:30.475 INFO [http-nio-8080-exec-11] org.apache.catalina.core.ApplicationContext.log Flight path: NRT -> HKG : 465
19-Sep-2018 10:25:30.475 INFO [http-nio-8080-exec-11] org.apache.catalina.core.ApplicationContext.log Flight path: MEL -> SIN : 470
19-Sep-2018 10:25:30.475 INFO [http-nio-8080-exec-11] org.apache.catalina.core.ApplicationContext.log Flight path: SIN -> HKG : 235
19-Sep-2018 10:25:30.475 INFO [http-nio-8080-exec-11] org.apache.catalina.core.ApplicationContext.log Flight path: HKG -> SIN : 465
19-Sep-2018 10:25:30.475 INFO [http-nio-8080-exec-11] org.apache.catalina.core.ApplicationContext.log Flight path: SIN -> MEL : 430
19-Sep-2018 10:25:30.475 INFO [http-nio-8080-exec-11] org.apache.catalina.core.ApplicationContext.log Flight path: DRW -> BNE : 220
19-Sep-2018 10:25:30.475 INFO [http-nio-8080-exec-11] org.apache.catalina.core.ApplicationContext.log Flight path: PER -> OOL : 270
19-Sep-2018 10:25:30.475 INFO [http-nio-8080-exec-11] org.apache.catalina.core.ApplicationContext.log Flight path: OOL -> PER : 345
19-Sep-2018 10:25:30.475 INFO [http-nio-8080-exec-11] org.apache.catalina.core.ApplicationContext.log Flight path: FCO -> AMS : 150
19-Sep-2018 10:25:30.476 INFO [http-nio-8080-exec-11] org.apache.catalina.core.ApplicationContext.log Flight path: AMS -> FCO : 135
19-Sep-2018 10:25:30.476 INFO [http-nio-8080-exec-11] org.apache.catalina.core.ApplicationContext.log Flight path: MAD -> AMS : 155
19-Sep-2018 10:25:30.476 INFO [http-nio-8080-exec-11] org.apache.catalina.core.ApplicationContext.log Flight path: AMS -> VIE : 110
19-Sep-2018 10:25:30.476 INFO [http-nio-8080-exec-11] org.apache.catalina.core.ApplicationContext.log Flight path: MUC -> AMS : 95
19-Sep-2018 10:25:30.476 INFO [http-nio-8080-exec-11] org.apache.catalina.core.ApplicationContext.log Flight path: AMS -> LGW : 75
19-Sep-2018 10:25:30.476 INFO [http-nio-8080-exec-11] org.apache.catalina.core.ApplicationContext.log Flight path: AMS -> KUL : 725
19-Sep-2018 10:25:30.476 INFO [http-nio-8080-exec-11] org.apache.catalina.core.ApplicationContext.log Flight path: KUL -> PER : 320
19-Sep-2018 10:25:30.476 INFO [http-nio-8080-exec-11] org.apache.catalina.core.ApplicationContext.log Flight path: PER -> KUL : 340
19-Sep-2018 10:25:30.476 INFO [http-nio-8080-exec-11] org.apache.catalina.core.ApplicationContext.log Flight path: KUL -> AMS : 760
19-Sep-2018 10:25:30.476 INFO [http-nio-8080-exec-11] org.apache.catalina.core.ApplicationContext.log Flight path: MUC -> FCO : 95
19-Sep-2018 10:25:30.476 INFO [http-nio-8080-exec-11] org.apache.catalina.core.ApplicationContext.log Flight path: FCO -> MUC : 100
19-Sep-2018 10:25:30.477 INFO [http-nio-8080-exec-11] org.apache.catalina.core.ApplicationContext.log Flight path: SFO -> MUC : 645
19-Sep-2018 10:25:30.477 INFO [http-nio-8080-exec-11] org.apache.catalina.core.ApplicationContext.log Flight path: MUC -> DXB : 365
19-Sep-2018 10:25:30.477 INFO [http-nio-8080-exec-11] org.apache.catalina.core.ApplicationContext.log Flight path: DXB -> MUC : 385
19-Sep-2018 10:25:30.477 INFO [http-nio-8080-exec-11] org.apache.catalina.core.ApplicationContext.log Flight path: MUC -> SFO : 715
19-Sep-2018 10:25:30.477 INFO [http-nio-8080-exec-11] org.apache.catalina.core.ApplicationContext.log Flight path: JNB -> MUC : 660
19-Sep-2018 10:25:30.477 INFO [http-nio-8080-exec-11] org.apache.catalina.core.ApplicationContext.log Flight path: MUC -> ORD : 580
19-Sep-2018 10:25:30.477 INFO [http-nio-8080-exec-11] org.apache.catalina.core.ApplicationContext.log Flight path: ORD -> MUC : 660
19-Sep-2018 10:25:30.477 INFO [http-nio-8080-exec-11] org.apache.catalina.core.ApplicationContext.log Flight path: MUC -> JNB : 580
19-Sep-2018 10:25:30.477 INFO [http-nio-8080-exec-11] org.apache.catalina.core.ApplicationContext.log Flight path: MUC -> SIN : 735
19-Sep-2018 10:25:30.477 INFO [http-nio-8080-exec-11] org.apache.catalina.core.ApplicationContext.log Flight path: PER -> SIN : 325
19-Sep-2018 10:25:30.477 INFO [http-nio-8080-exec-11] org.apache.catalina.core.ApplicationContext.log Flight path: SIN -> MUC : 765
19-Sep-2018 10:25:30.477 INFO [http-nio-8080-exec-11] org.apache.catalina.core.ApplicationContext.log Flight path: MEL -> KUL : 490
19-Sep-2018 10:25:30.478 INFO [http-nio-8080-exec-11] org.apache.catalina.core.ApplicationContext.log Flight path: KUL -> SIN : 55
19-Sep-2018 10:25:30.478 INFO [http-nio-8080-exec-11] org.apache.catalina.core.ApplicationContext.log Flight path: SYD -> LHR : 1385
19-Sep-2018 10:25:30.478 INFO [http-nio-8080-exec-11] org.apache.catalina.core.ApplicationContext.log Flight path: LHR -> ORY : 75
19-Sep-2018 10:25:30.478 INFO [http-nio-8080-exec-11] org.apache.catalina.core.ApplicationContext.log Flight path: HBA -> SYD : 105
19-Sep-2018 10:25:30.478 INFO [http-nio-8080-exec-11] org.apache.catalina.core.ApplicationContext.log Flight path: SYD -> CNS : 190
19-Sep-2018 10:25:30.478 INFO [http-nio-8080-exec-11] org.apache.catalina.core.ApplicationContext.log Flight path: LAX -> SYD : 900
19-Sep-2018 10:25:30.478 INFO [http-nio-8080-exec-11] org.apache.catalina.core.ApplicationContext.log Flight path: SYD -> ADL : 130
19-Sep-2018 10:25:30.478 INFO [http-nio-8080-exec-11] org.apache.catalina.core.ApplicationContext.log Flight path: YYZ -> LAX : 315
19-Sep-2018 10:25:30.478 INFO [http-nio-8080-exec-11] org.apache.catalina.core.ApplicationContext.log Flight path: HNL -> ORD : 500
19-Sep-2018 10:25:30.478 INFO [http-nio-8080-exec-11] org.apache.catalina.core.ApplicationContext.log Flight path: ORD -> YYZ : 85
19-Sep-2018 10:25:30.478 INFO [http-nio-8080-exec-11] org.apache.catalina.core.ApplicationContext.log Flight path: LHR -> MEL : 1345
19-Sep-2018 10:25:30.479 INFO [http-nio-8080-exec-11] org.apache.catalina.core.ApplicationContext.log Flight path: MEL -> SYD : 75
19-Sep-2018 10:25:30.479 INFO [http-nio-8080-exec-11] org.apache.catalina.core.ApplicationContext.log Flight path: SYD -> LAX : 1050
19-Sep-2018 10:25:30.479 INFO [http-nio-8080-exec-11] org.apache.catalina.core.ApplicationContext.log Flight path: MEL -> SYD : 75
19-Sep-2018 10:25:30.479 INFO [http-nio-8080-exec-11] org.apache.catalina.core.ApplicationContext.log Flight path: PER -> HKG : 470
19-Sep-2018 10:25:30.479 INFO [http-nio-8080-exec-11] org.apache.catalina.core.ApplicationContext.log Flight path: HKG -> HEL : 640
19-Sep-2018 10:25:30.479 INFO [http-nio-8080-exec-11] org.apache.catalina.core.ApplicationContext.log Flight path: ADL -> MEL : 75
19-Sep-2018 10:25:30.479 INFO [http-nio-8080-exec-11] org.apache.catalina.core.ApplicationContext.log Flight path: MEL -> LAX : 1050
19-Sep-2018 10:25:30.479 INFO [http-nio-8080-exec-11] org.apache.catalina.core.ApplicationContext.log Flight path: ADL -> SYD : 115
19-Sep-2018 10:25:30.479 INFO [http-nio-8080-exec-11] org.apache.catalina.core.ApplicationContext.log Flight path: SYD -> HNL : 585
19-Sep-2018 10:25:30.479 INFO [http-nio-8080-exec-11] org.apache.catalina.core.ApplicationContext.log Flight path: BNE -> DRW : 250
19-Sep-2018 10:25:30.480 INFO [http-nio-8080-exec-11] org.apache.catalina.core.ApplicationContext.log Flight path: LAX -> MEL : 925
19-Sep-2018 10:25:30.480 INFO [http-nio-8080-exec-11] org.apache.catalina.core.ApplicationContext.log Flight path: MEL -> ADL : 80
19-Sep-2018 10:25:30.480 INFO [http-nio-8080-exec-11] org.apache.catalina.core.ApplicationContext.log Flight path: DOH -> MEL : 810
19-Sep-2018 10:25:30.480 INFO [http-nio-8080-exec-11] org.apache.catalina.core.ApplicationContext.log Flight path: MEL -> DOH : 855
19-Sep-2018 10:25:30.480 INFO [http-nio-8080-exec-11] org.apache.catalina.core.ApplicationContext.log Flight path: DOH -> MAD : 475
19-Sep-2018 10:25:30.480 INFO [http-nio-8080-exec-11] org.apache.catalina.core.ApplicationContext.log Flight path: SYD -> MEL : 90
19-Sep-2018 10:25:30.480 INFO [http-nio-8080-exec-11] org.apache.catalina.core.ApplicationContext.log Flight path: LHR -> SYD : 1385
19-Sep-2018 10:25:30.480 INFO [http-nio-8080-exec-11] org.apache.catalina.core.ApplicationContext.log Flight path: JNB -> LHR : 680
19-Sep-2018 10:25:30.480 INFO [http-nio-8080-exec-11] org.apache.catalina.core.ApplicationContext.log Flight path: LHR -> ORD : 535
19-Sep-2018 10:25:30.480 INFO [http-nio-8080-exec-11] org.apache.catalina.core.ApplicationContext.log Flight path: ORD -> LHR : 680
19-Sep-2018 10:25:30.480 INFO [http-nio-8080-exec-11] org.apache.catalina.core.ApplicationContext.log Flight path: LHR -> JNB : 535
19-Sep-2018 10:25:30.480 INFO [http-nio-8080-exec-11] org.apache.catalina.core.ApplicationContext.log Flight path: SIN -> LHR : 805
19-Sep-2018 10:25:30.481 INFO [http-nio-8080-exec-11] org.apache.catalina.core.ApplicationContext.log Graph build complete
19-Sep-2018 10:25:30.537 INFO [http-nio-8080-exec-11] org.apache.catalina.core.ApplicationContext.log destination airport: ATL
19-Sep-2018 10:25:30.537 INFO [http-nio-8080-exec-11] org.apache.catalina.core.ApplicationContext.log destination airport: MIA
19-Sep-2018 10:25:30.537 INFO [http-nio-8080-exec-11] org.apache.catalina.core.ApplicationContext.log destination airport: GIG
19-Sep-2018 10:25:30.557 INFO [http-nio-8080-exec-11] org.apache.catalina.core.ApplicationContext.log shortest path size: 3
19-Sep-2018 10:25:35.619 INFO [http-nio-8080-exec-13] org.apache.catalina.core.ApplicationContext.log destination airport: ATL
19-Sep-2018 10:25:35.619 INFO [http-nio-8080-exec-13] org.apache.catalina.core.ApplicationContext.log destination airport: MIA
19-Sep-2018 10:25:35.619 INFO [http-nio-8080-exec-13] org.apache.catalina.core.ApplicationContext.log destination airport: GIG
19-Sep-2018 10:25:35.632 INFO [http-nio-8080-exec-13] org.apache.catalina.core.ApplicationContext.log shortest path size: 3
19-Sep-2018 10:25:52.105 INFO [http-nio-8080-exec-17] org.apache.catalina.core.ApplicationContext.log destination airport: ATL
19-Sep-2018 10:25:52.105 INFO [http-nio-8080-exec-17] org.apache.catalina.core.ApplicationContext.log destination airport: MIA
19-Sep-2018 10:25:52.105 INFO [http-nio-8080-exec-17] org.apache.catalina.core.ApplicationContext.log destination airport: GIG
19-Sep-2018 10:25:52.119 INFO [http-nio-8080-exec-17] org.apache.catalina.core.ApplicationContext.log shortest path size: 3
19-Sep-2018 10:26:11.036 INFO [http-nio-8080-exec-16] org.apache.catalina.core.ApplicationContext.log destination airport: ATL
19-Sep-2018 10:26:11.036 INFO [http-nio-8080-exec-16] org.apache.catalina.core.ApplicationContext.log destination airport: MIA
19-Sep-2018 10:26:11.036 INFO [http-nio-8080-exec-16] org.apache.catalina.core.ApplicationContext.log destination airport: GIG
19-Sep-2018 10:26:11.077 INFO [http-nio-8080-exec-16] org.apache.catalina.core.ApplicationContext.log shortest path size: 3
19-Sep-2018 10:27:41.179 INFO [http-nio-8080-exec-20] org.apache.catalina.core.ApplicationContext.log destination airport: ATL
19-Sep-2018 10:27:41.180 INFO [http-nio-8080-exec-20] org.apache.catalina.core.ApplicationContext.log destination airport: MIA
19-Sep-2018 10:27:41.180 INFO [http-nio-8080-exec-20] org.apache.catalina.core.ApplicationContext.log destination airport: GIG
19-Sep-2018 10:27:41.193 INFO [http-nio-8080-exec-20] org.apache.catalina.core.ApplicationContext.log shortest path size: 3
19-Sep-2018 10:27:44.934 INFO [http-nio-8080-exec-18] org.apache.catalina.core.ApplicationContext.log destination airport: ATL
19-Sep-2018 10:27:44.934 INFO [http-nio-8080-exec-18] org.apache.catalina.core.ApplicationContext.log destination airport: MIA
19-Sep-2018 10:27:44.934 INFO [http-nio-8080-exec-18] org.apache.catalina.core.ApplicationContext.log destination airport: GIG
19-Sep-2018 10:27:44.945 INFO [http-nio-8080-exec-18] org.apache.catalina.core.ApplicationContext.log shortest path size: 3
19-Sep-2018 10:27:49.834 INFO [http-nio-8080-exec-11] org.apache.catalina.core.ApplicationContext.log destination airport: ATL
19-Sep-2018 10:27:49.834 INFO [http-nio-8080-exec-11] org.apache.catalina.core.ApplicationContext.log destination airport: MIA
19-Sep-2018 10:27:49.835 INFO [http-nio-8080-exec-11] org.apache.catalina.core.ApplicationContext.log destination airport: GIG
19-Sep-2018 10:27:49.851 INFO [http-nio-8080-exec-11] org.apache.catalina.core.ApplicationContext.log shortest path size: 3
19-Sep-2018 10:37:34.921 INFO [ContainerBackgroundProcessor[StandardEngine[Catalina]]] org.apache.catalina.core.ApplicationContext.log Destroying Spring FrameworkServlet 'SpringDispatcher'
19-Sep-2018 10:37:34.932 INFO [ContainerBackgroundProcessor[StandardEngine[Catalina]]] org.apache.catalina.core.ApplicationContext.log Closing Spring root WebApplicationContext
19-Sep-2018 10:37:37.292 INFO [localhost-startStop-3] org.apache.catalina.core.ApplicationContext.log No Spring WebApplicationInitializer types detected on classpath
19-Sep-2018 10:37:37.307 INFO [localhost-startStop-3] org.apache.catalina.core.ApplicationContext.log Initializing Spring root WebApplicationContext
19-Sep-2018 10:37:38.410 INFO [localhost-startStop-3] org.apache.catalina.core.ApplicationContext.log Initializing Spring FrameworkServlet 'SpringDispatcher'
19-Sep-2018 10:37:40.904 SEVERE [localhost-startStop-3] org.apache.catalina.core.ApplicationContext.log StandardWrapper.Throwable
 org.springframework.beans.factory.UnsatisfiedDependencyException: Error creating bean with name 'registerController': Unsatisfied dependency expressed through field 'userService'; nested exception is org.springframework.beans.factory.NoSuchBeanDefinitionException: No qualifying bean of type 'seng3150.group3.service.UserService' available: expected at least 1 bean which qualifies as autowire candidate. Dependency annotations: {@org.springframework.beans.factory.annotation.Autowired(required=true)}
	at org.springframework.beans.factory.annotation.AutowiredAnnotationBeanPostProcessor$AutowiredFieldElement.inject(AutowiredAnnotationBeanPostProcessor.java:586)
	at org.springframework.beans.factory.annotation.InjectionMetadata.inject(InjectionMetadata.java:91)
	at org.springframework.beans.factory.annotation.AutowiredAnnotationBeanPostProcessor.postProcessPropertyValues(AutowiredAnnotationBeanPostProcessor.java:372)
	at org.springframework.beans.factory.support.AbstractAutowireCapableBeanFactory.populateBean(AbstractAutowireCapableBeanFactory.java:1341)
	at org.springframework.beans.factory.support.AbstractAutowireCapableBeanFactory.doCreateBean(AbstractAutowireCapableBeanFactory.java:572)
	at org.springframework.beans.factory.support.AbstractAutowireCapableBeanFactory.createBean(AbstractAutowireCapableBeanFactory.java:495)
	at org.springframework.beans.factory.support.AbstractBeanFactory.lambda$doGetBean$0(AbstractBeanFactory.java:317)
	at org.springframework.beans.factory.support.DefaultSingletonBeanRegistry.getSingleton(DefaultSingletonBeanRegistry.java:222)
	at org.springframework.beans.factory.support.AbstractBeanFactory.doGetBean(AbstractBeanFactory.java:315)
	at org.springframework.beans.factory.support.AbstractBeanFactory.getBean(AbstractBeanFactory.java:199)
	at org.springframework.beans.factory.support.DefaultListableBeanFactory.preInstantiateSingletons(DefaultListableBeanFactory.java:759)
	at org.springframework.context.support.AbstractApplicationContext.finishBeanFactoryInitialization(AbstractApplicationContext.java:869)
	at org.springframework.context.support.AbstractApplicationContext.refresh(AbstractApplicationContext.java:550)
	at org.springframework.web.servlet.FrameworkServlet.configureAndRefreshWebApplicationContext(FrameworkServlet.java:676)
	at org.springframework.web.servlet.FrameworkServlet.createWebApplicationContext(FrameworkServlet.java:642)
	at org.springframework.web.servlet.FrameworkServlet.createWebApplicationContext(FrameworkServlet.java:690)
	at org.springframework.web.servlet.FrameworkServlet.initWebApplicationContext(FrameworkServlet.java:558)
	at org.springframework.web.servlet.FrameworkServlet.initServletBean(FrameworkServlet.java:499)
	at org.springframework.web.servlet.HttpServletBean.init(HttpServletBean.java:172)
	at javax.servlet.GenericServlet.init(GenericServlet.java:158)
	at org.apache.catalina.core.StandardWrapper.initServlet(StandardWrapper.java:1144)
	at org.apache.catalina.core.StandardWrapper.loadServlet(StandardWrapper.java:1091)
	at org.apache.catalina.core.StandardWrapper.load(StandardWrapper.java:983)
	at org.apache.catalina.core.StandardContext.loadOnStartup(StandardContext.java:4939)
	at org.apache.catalina.core.StandardContext.startInternal(StandardContext.java:5249)
	at org.apache.catalina.util.LifecycleBase.start(LifecycleBase.java:150)
	at org.apache.catalina.core.ContainerBase.addChildInternal(ContainerBase.java:754)
	at org.apache.catalina.core.ContainerBase.addChild(ContainerBase.java:730)
	at org.apache.catalina.core.StandardHost.addChild(StandardHost.java:734)
	at org.apache.catalina.startup.HostConfig.deployWAR(HostConfig.java:986)
	at org.apache.catalina.startup.HostConfig$DeployWar.run(HostConfig.java:1857)
	at java.util.concurrent.Executors$RunnableAdapter.call(Executors.java:511)
	at java.util.concurrent.FutureTask.run(FutureTask.java:266)
	at java.util.concurrent.ThreadPoolExecutor.runWorker(ThreadPoolExecutor.java:1142)
	at java.util.concurrent.ThreadPoolExecutor$Worker.run(ThreadPoolExecutor.java:617)
	at java.lang.Thread.run(Thread.java:745)
Caused by: org.springframework.beans.factory.NoSuchBeanDefinitionException: No qualifying bean of type 'seng3150.group3.service.UserService' available: expected at least 1 bean which qualifies as autowire candidate. Dependency annotations: {@org.springframework.beans.factory.annotation.Autowired(required=true)}
	at org.springframework.beans.factory.support.DefaultListableBeanFactory.raiseNoMatchingBeanFound(DefaultListableBeanFactory.java:1506)
	at org.springframework.beans.factory.support.DefaultListableBeanFactory.doResolveDependency(DefaultListableBeanFactory.java:1101)
	at org.springframework.beans.factory.support.DefaultListableBeanFactory.resolveDependency(DefaultListableBeanFactory.java:1062)
	at org.springframework.beans.factory.annotation.AutowiredAnnotationBeanPostProcessor$AutowiredFieldElement.inject(AutowiredAnnotationBeanPostProcessor.java:583)
	... 35 more

19-Sep-2018 10:37:40.905 SEVERE [localhost-startStop-3] org.apache.catalina.core.StandardContext.loadOnStartup Servlet [SpringDispatcher] in web application [/FlightPub-0.2] threw load() exception
 org.springframework.beans.factory.NoSuchBeanDefinitionException: No qualifying bean of type 'seng3150.group3.service.UserService' available: expected at least 1 bean which qualifies as autowire candidate. Dependency annotations: {@org.springframework.beans.factory.annotation.Autowired(required=true)}
	at org.springframework.beans.factory.support.DefaultListableBeanFactory.raiseNoMatchingBeanFound(DefaultListableBeanFactory.java:1506)
	at org.springframework.beans.factory.support.DefaultListableBeanFactory.doResolveDependency(DefaultListableBeanFactory.java:1101)
	at org.springframework.beans.factory.support.DefaultListableBeanFactory.resolveDependency(DefaultListableBeanFactory.java:1062)
	at org.springframework.beans.factory.annotation.AutowiredAnnotationBeanPostProcessor$AutowiredFieldElement.inject(AutowiredAnnotationBeanPostProcessor.java:583)
	at org.springframework.beans.factory.annotation.InjectionMetadata.inject(InjectionMetadata.java:91)
	at org.springframework.beans.factory.annotation.AutowiredAnnotationBeanPostProcessor.postProcessPropertyValues(AutowiredAnnotationBeanPostProcessor.java:372)
	at org.springframework.beans.factory.support.AbstractAutowireCapableBeanFactory.populateBean(AbstractAutowireCapableBeanFactory.java:1341)
	at org.springframework.beans.factory.support.AbstractAutowireCapableBeanFactory.doCreateBean(AbstractAutowireCapableBeanFactory.java:572)
	at org.springframework.beans.factory.support.AbstractAutowireCapableBeanFactory.createBean(AbstractAutowireCapableBeanFactory.java:495)
	at org.springframework.beans.factory.support.AbstractBeanFactory.lambda$doGetBean$0(AbstractBeanFactory.java:317)
	at org.springframework.beans.factory.support.DefaultSingletonBeanRegistry.getSingleton(DefaultSingletonBeanRegistry.java:222)
	at org.springframework.beans.factory.support.AbstractBeanFactory.doGetBean(AbstractBeanFactory.java:315)
	at org.springframework.beans.factory.support.AbstractBeanFactory.getBean(AbstractBeanFactory.java:199)
	at org.springframework.beans.factory.support.DefaultListableBeanFactory.preInstantiateSingletons(DefaultListableBeanFactory.java:759)
	at org.springframework.context.support.AbstractApplicationContext.finishBeanFactoryInitialization(AbstractApplicationContext.java:869)
	at org.springframework.context.support.AbstractApplicationContext.refresh(AbstractApplicationContext.java:550)
	at org.springframework.web.servlet.FrameworkServlet.configureAndRefreshWebApplicationContext(FrameworkServlet.java:676)
	at org.springframework.web.servlet.FrameworkServlet.createWebApplicationContext(FrameworkServlet.java:642)
	at org.springframework.web.servlet.FrameworkServlet.createWebApplicationContext(FrameworkServlet.java:690)
	at org.springframework.web.servlet.FrameworkServlet.initWebApplicationContext(FrameworkServlet.java:558)
	at org.springframework.web.servlet.FrameworkServlet.initServletBean(FrameworkServlet.java:499)
	at org.springframework.web.servlet.HttpServletBean.init(HttpServletBean.java:172)
	at javax.servlet.GenericServlet.init(GenericServlet.java:158)
	at org.apache.catalina.core.StandardWrapper.initServlet(StandardWrapper.java:1144)
	at org.apache.catalina.core.StandardWrapper.loadServlet(StandardWrapper.java:1091)
	at org.apache.catalina.core.StandardWrapper.load(StandardWrapper.java:983)
	at org.apache.catalina.core.StandardContext.loadOnStartup(StandardContext.java:4939)
	at org.apache.catalina.core.StandardContext.startInternal(StandardContext.java:5249)
	at org.apache.catalina.util.LifecycleBase.start(LifecycleBase.java:150)
	at org.apache.catalina.core.ContainerBase.addChildInternal(ContainerBase.java:754)
	at org.apache.catalina.core.ContainerBase.addChild(ContainerBase.java:730)
	at org.apache.catalina.core.StandardHost.addChild(StandardHost.java:734)
	at org.apache.catalina.startup.HostConfig.deployWAR(HostConfig.java:986)
	at org.apache.catalina.startup.HostConfig$DeployWar.run(HostConfig.java:1857)
	at java.util.concurrent.Executors$RunnableAdapter.call(Executors.java:511)
	at java.util.concurrent.FutureTask.run(FutureTask.java:266)
	at java.util.concurrent.ThreadPoolExecutor.runWorker(ThreadPoolExecutor.java:1142)
	at java.util.concurrent.ThreadPoolExecutor$Worker.run(ThreadPoolExecutor.java:617)
	at java.lang.Thread.run(Thread.java:745)

19-Sep-2018 10:37:42.255 INFO [http-nio-8080-exec-17] org.apache.catalina.core.ApplicationContext.log Initializing Spring FrameworkServlet 'SpringDispatcher'
19-Sep-2018 10:37:42.677 SEVERE [http-nio-8080-exec-17] org.apache.catalina.core.ApplicationContext.log StandardWrapper.Throwable
 org.springframework.beans.factory.UnsatisfiedDependencyException: Error creating bean with name 'registerController': Unsatisfied dependency expressed through field 'userService'; nested exception is org.springframework.beans.factory.NoSuchBeanDefinitionException: No qualifying bean of type 'seng3150.group3.service.UserService' available: expected at least 1 bean which qualifies as autowire candidate. Dependency annotations: {@org.springframework.beans.factory.annotation.Autowired(required=true)}
	at org.springframework.beans.factory.annotation.AutowiredAnnotationBeanPostProcessor$AutowiredFieldElement.inject(AutowiredAnnotationBeanPostProcessor.java:586)
	at org.springframework.beans.factory.annotation.InjectionMetadata.inject(InjectionMetadata.java:91)
	at org.springframework.beans.factory.annotation.AutowiredAnnotationBeanPostProcessor.postProcessPropertyValues(AutowiredAnnotationBeanPostProcessor.java:372)
	at org.springframework.beans.factory.support.AbstractAutowireCapableBeanFactory.populateBean(AbstractAutowireCapableBeanFactory.java:1341)
	at org.springframework.beans.factory.support.AbstractAutowireCapableBeanFactory.doCreateBean(AbstractAutowireCapableBeanFactory.java:572)
	at org.springframework.beans.factory.support.AbstractAutowireCapableBeanFactory.createBean(AbstractAutowireCapableBeanFactory.java:495)
	at org.springframework.beans.factory.support.AbstractBeanFactory.lambda$doGetBean$0(AbstractBeanFactory.java:317)
	at org.springframework.beans.factory.support.DefaultSingletonBeanRegistry.getSingleton(DefaultSingletonBeanRegistry.java:222)
	at org.springframework.beans.factory.support.AbstractBeanFactory.doGetBean(AbstractBeanFactory.java:315)
	at org.springframework.beans.factory.support.AbstractBeanFactory.getBean(AbstractBeanFactory.java:199)
	at org.springframework.beans.factory.support.DefaultListableBeanFactory.preInstantiateSingletons(DefaultListableBeanFactory.java:759)
	at org.springframework.context.support.AbstractApplicationContext.finishBeanFactoryInitialization(AbstractApplicationContext.java:869)
	at org.springframework.context.support.AbstractApplicationContext.refresh(AbstractApplicationContext.java:550)
	at org.springframework.web.servlet.FrameworkServlet.configureAndRefreshWebApplicationContext(FrameworkServlet.java:676)
	at org.springframework.web.servlet.FrameworkServlet.createWebApplicationContext(FrameworkServlet.java:642)
	at org.springframework.web.servlet.FrameworkServlet.createWebApplicationContext(FrameworkServlet.java:690)
	at org.springframework.web.servlet.FrameworkServlet.initWebApplicationContext(FrameworkServlet.java:558)
	at org.springframework.web.servlet.FrameworkServlet.initServletBean(FrameworkServlet.java:499)
	at org.springframework.web.servlet.HttpServletBean.init(HttpServletBean.java:172)
	at javax.servlet.GenericServlet.init(GenericServlet.java:158)
	at org.apache.catalina.core.StandardWrapper.initServlet(StandardWrapper.java:1144)
	at org.apache.catalina.core.StandardWrapper.loadServlet(StandardWrapper.java:1091)
	at org.apache.catalina.core.StandardWrapper.allocate(StandardWrapper.java:773)
	at org.apache.catalina.core.StandardWrapperValve.invoke(StandardWrapperValve.java:133)
	at org.apache.catalina.core.StandardContextValve.invoke(StandardContextValve.java:96)
	at org.apache.catalina.authenticator.AuthenticatorBase.invoke(AuthenticatorBase.java:496)
	at org.apache.catalina.core.StandardHostValve.invoke(StandardHostValve.java:140)
	at org.apache.catalina.valves.ErrorReportValve.invoke(ErrorReportValve.java:81)
	at org.apache.catalina.valves.AbstractAccessLogValve.invoke(AbstractAccessLogValve.java:650)
	at org.apache.catalina.core.StandardEngineValve.invoke(StandardEngineValve.java:87)
	at org.apache.catalina.connector.CoyoteAdapter.service(CoyoteAdapter.java:342)
	at org.apache.coyote.http11.Http11Processor.service(Http11Processor.java:803)
	at org.apache.coyote.AbstractProcessorLight.process(AbstractProcessorLight.java:66)
	at org.apache.coyote.AbstractProtocol$ConnectionHandler.process(AbstractProtocol.java:790)
	at org.apache.tomcat.util.net.NioEndpoint$SocketProcessor.doRun(NioEndpoint.java:1459)
	at org.apache.tomcat.util.net.SocketProcessorBase.run(SocketProcessorBase.java:49)
	at java.util.concurrent.ThreadPoolExecutor.runWorker(ThreadPoolExecutor.java:1142)
	at java.util.concurrent.ThreadPoolExecutor$Worker.run(ThreadPoolExecutor.java:617)
	at org.apache.tomcat.util.threads.TaskThread$WrappingRunnable.run(TaskThread.java:61)
	at java.lang.Thread.run(Thread.java:745)
Caused by: org.springframework.beans.factory.NoSuchBeanDefinitionException: No qualifying bean of type 'seng3150.group3.service.UserService' available: expected at least 1 bean which qualifies as autowire candidate. Dependency annotations: {@org.springframework.beans.factory.annotation.Autowired(required=true)}
	at org.springframework.beans.factory.support.DefaultListableBeanFactory.raiseNoMatchingBeanFound(DefaultListableBeanFactory.java:1506)
	at org.springframework.beans.factory.support.DefaultListableBeanFactory.doResolveDependency(DefaultListableBeanFactory.java:1101)
	at org.springframework.beans.factory.support.DefaultListableBeanFactory.resolveDependency(DefaultListableBeanFactory.java:1062)
	at org.springframework.beans.factory.annotation.AutowiredAnnotationBeanPostProcessor$AutowiredFieldElement.inject(AutowiredAnnotationBeanPostProcessor.java:583)
	... 39 more

19-Sep-2018 10:37:42.678 SEVERE [http-nio-8080-exec-17] org.apache.catalina.core.StandardWrapperValve.invoke Allocate exception for servlet [SpringDispatcher]
 org.springframework.beans.factory.NoSuchBeanDefinitionException: No qualifying bean of type 'seng3150.group3.service.UserService' available: expected at least 1 bean which qualifies as autowire candidate. Dependency annotations: {@org.springframework.beans.factory.annotation.Autowired(required=true)}
	at org.springframework.beans.factory.support.DefaultListableBeanFactory.raiseNoMatchingBeanFound(DefaultListableBeanFactory.java:1506)
	at org.springframework.beans.factory.support.DefaultListableBeanFactory.doResolveDependency(DefaultListableBeanFactory.java:1101)
	at org.springframework.beans.factory.support.DefaultListableBeanFactory.resolveDependency(DefaultListableBeanFactory.java:1062)
	at org.springframework.beans.factory.annotation.AutowiredAnnotationBeanPostProcessor$AutowiredFieldElement.inject(AutowiredAnnotationBeanPostProcessor.java:583)
	at org.springframework.beans.factory.annotation.InjectionMetadata.inject(InjectionMetadata.java:91)
	at org.springframework.beans.factory.annotation.AutowiredAnnotationBeanPostProcessor.postProcessPropertyValues(AutowiredAnnotationBeanPostProcessor.java:372)
	at org.springframework.beans.factory.support.AbstractAutowireCapableBeanFactory.populateBean(AbstractAutowireCapableBeanFactory.java:1341)
	at org.springframework.beans.factory.support.AbstractAutowireCapableBeanFactory.doCreateBean(AbstractAutowireCapableBeanFactory.java:572)
	at org.springframework.beans.factory.support.AbstractAutowireCapableBeanFactory.createBean(AbstractAutowireCapableBeanFactory.java:495)
	at org.springframework.beans.factory.support.AbstractBeanFactory.lambda$doGetBean$0(AbstractBeanFactory.java:317)
	at org.springframework.beans.factory.support.DefaultSingletonBeanRegistry.getSingleton(DefaultSingletonBeanRegistry.java:222)
	at org.springframework.beans.factory.support.AbstractBeanFactory.doGetBean(AbstractBeanFactory.java:315)
	at org.springframework.beans.factory.support.AbstractBeanFactory.getBean(AbstractBeanFactory.java:199)
	at org.springframework.beans.factory.support.DefaultListableBeanFactory.preInstantiateSingletons(DefaultListableBeanFactory.java:759)
	at org.springframework.context.support.AbstractApplicationContext.finishBeanFactoryInitialization(AbstractApplicationContext.java:869)
	at org.springframework.context.support.AbstractApplicationContext.refresh(AbstractApplicationContext.java:550)
	at org.springframework.web.servlet.FrameworkServlet.configureAndRefreshWebApplicationContext(FrameworkServlet.java:676)
	at org.springframework.web.servlet.FrameworkServlet.createWebApplicationContext(FrameworkServlet.java:642)
	at org.springframework.web.servlet.FrameworkServlet.createWebApplicationContext(FrameworkServlet.java:690)
	at org.springframework.web.servlet.FrameworkServlet.initWebApplicationContext(FrameworkServlet.java:558)
	at org.springframework.web.servlet.FrameworkServlet.initServletBean(FrameworkServlet.java:499)
	at org.springframework.web.servlet.HttpServletBean.init(HttpServletBean.java:172)
	at javax.servlet.GenericServlet.init(GenericServlet.java:158)
	at org.apache.catalina.core.StandardWrapper.initServlet(StandardWrapper.java:1144)
	at org.apache.catalina.core.StandardWrapper.loadServlet(StandardWrapper.java:1091)
	at org.apache.catalina.core.StandardWrapper.allocate(StandardWrapper.java:773)
	at org.apache.catalina.core.StandardWrapperValve.invoke(StandardWrapperValve.java:133)
	at org.apache.catalina.core.StandardContextValve.invoke(StandardContextValve.java:96)
	at org.apache.catalina.authenticator.AuthenticatorBase.invoke(AuthenticatorBase.java:496)
	at org.apache.catalina.core.StandardHostValve.invoke(StandardHostValve.java:140)
	at org.apache.catalina.valves.ErrorReportValve.invoke(ErrorReportValve.java:81)
	at org.apache.catalina.valves.AbstractAccessLogValve.invoke(AbstractAccessLogValve.java:650)
	at org.apache.catalina.core.StandardEngineValve.invoke(StandardEngineValve.java:87)
	at org.apache.catalina.connector.CoyoteAdapter.service(CoyoteAdapter.java:342)
	at org.apache.coyote.http11.Http11Processor.service(Http11Processor.java:803)
	at org.apache.coyote.AbstractProcessorLight.process(AbstractProcessorLight.java:66)
	at org.apache.coyote.AbstractProtocol$ConnectionHandler.process(AbstractProtocol.java:790)
	at org.apache.tomcat.util.net.NioEndpoint$SocketProcessor.doRun(NioEndpoint.java:1459)
	at org.apache.tomcat.util.net.SocketProcessorBase.run(SocketProcessorBase.java:49)
	at java.util.concurrent.ThreadPoolExecutor.runWorker(ThreadPoolExecutor.java:1142)
	at java.util.concurrent.ThreadPoolExecutor$Worker.run(ThreadPoolExecutor.java:617)
	at org.apache.tomcat.util.threads.TaskThread$WrappingRunnable.run(TaskThread.java:61)
	at java.lang.Thread.run(Thread.java:745)

