01-Nov-2018 15:48:36.432 INFO [http-nio-8080-exec-3] org.apache.catalina.core.ApplicationContext.log Add vertex: ADL
01-Nov-2018 15:48:36.432 INFO [http-nio-8080-exec-10] org.apache.catalina.core.ApplicationContext.log Add vertex: ADL
01-Nov-2018 15:48:36.440 INFO [http-nio-8080-exec-10] org.apache.catalina.core.ApplicationContext.log Add vertex: AMS
01-Nov-2018 15:48:36.440 INFO [http-nio-8080-exec-3] org.apache.catalina.core.ApplicationContext.log Add vertex: AMS
01-Nov-2018 15:48:36.440 INFO [http-nio-8080-exec-10] org.apache.catalina.core.ApplicationContext.log Add vertex: ATL
01-Nov-2018 15:48:36.441 INFO [http-nio-8080-exec-3] org.apache.catalina.core.ApplicationContext.log Add vertex: ATL
01-Nov-2018 15:48:36.441 INFO [http-nio-8080-exec-10] org.apache.catalina.core.ApplicationContext.log Add vertex: BKK
01-Nov-2018 15:48:36.441 INFO [http-nio-8080-exec-10] org.apache.catalina.core.ApplicationContext.log Add vertex: BNE
01-Nov-2018 15:48:36.441 INFO [http-nio-8080-exec-3] org.apache.catalina.core.ApplicationContext.log Add vertex: BKK
01-Nov-2018 15:48:36.441 INFO [http-nio-8080-exec-10] org.apache.catalina.core.ApplicationContext.log Add vertex: CBR
01-Nov-2018 15:48:36.441 INFO [http-nio-8080-exec-3] org.apache.catalina.core.ApplicationContext.log Add vertex: BNE
01-Nov-2018 15:48:36.441 INFO [http-nio-8080-exec-10] org.apache.catalina.core.ApplicationContext.log Add vertex: CDG
01-Nov-2018 15:48:36.441 INFO [http-nio-8080-exec-3] org.apache.catalina.core.ApplicationContext.log Add vertex: CBR
01-Nov-2018 15:48:36.441 INFO [http-nio-8080-exec-10] org.apache.catalina.core.ApplicationContext.log Add vertex: CNS
01-Nov-2018 15:48:36.441 INFO [http-nio-8080-exec-3] org.apache.catalina.core.ApplicationContext.log Add vertex: CDG
01-Nov-2018 15:48:36.441 INFO [http-nio-8080-exec-10] org.apache.catalina.core.ApplicationContext.log Add vertex: DOH
01-Nov-2018 15:48:36.441 INFO [http-nio-8080-exec-3] org.apache.catalina.core.ApplicationContext.log Add vertex: CNS
01-Nov-2018 15:48:36.441 INFO [http-nio-8080-exec-10] org.apache.catalina.core.ApplicationContext.log Add vertex: DRW
01-Nov-2018 15:48:36.441 INFO [http-nio-8080-exec-3] org.apache.catalina.core.ApplicationContext.log Add vertex: DOH
01-Nov-2018 15:48:36.441 INFO [http-nio-8080-exec-3] org.apache.catalina.core.ApplicationContext.log Add vertex: DRW
01-Nov-2018 15:48:36.441 INFO [http-nio-8080-exec-10] org.apache.catalina.core.ApplicationContext.log Add vertex: DXB
01-Nov-2018 15:48:36.441 INFO [http-nio-8080-exec-10] org.apache.catalina.core.ApplicationContext.log Add vertex: FCO
01-Nov-2018 15:48:36.441 INFO [http-nio-8080-exec-3] org.apache.catalina.core.ApplicationContext.log Add vertex: DXB
01-Nov-2018 15:48:36.441 INFO [http-nio-8080-exec-10] org.apache.catalina.core.ApplicationContext.log Add vertex: GIG
01-Nov-2018 15:48:36.442 INFO [http-nio-8080-exec-3] org.apache.catalina.core.ApplicationContext.log Add vertex: FCO
01-Nov-2018 15:48:36.442 INFO [http-nio-8080-exec-10] org.apache.catalina.core.ApplicationContext.log Add vertex: HBA
01-Nov-2018 15:48:36.442 INFO [http-nio-8080-exec-3] org.apache.catalina.core.ApplicationContext.log Add vertex: GIG
01-Nov-2018 15:48:36.442 INFO [http-nio-8080-exec-10] org.apache.catalina.core.ApplicationContext.log Add vertex: HEL
01-Nov-2018 15:48:36.442 INFO [http-nio-8080-exec-10] org.apache.catalina.core.ApplicationContext.log Add vertex: HKG
01-Nov-2018 15:48:36.442 INFO [http-nio-8080-exec-3] org.apache.catalina.core.ApplicationContext.log Add vertex: HBA
01-Nov-2018 15:48:36.442 INFO [http-nio-8080-exec-3] org.apache.catalina.core.ApplicationContext.log Add vertex: HEL
01-Nov-2018 15:48:36.442 INFO [http-nio-8080-exec-10] org.apache.catalina.core.ApplicationContext.log Add vertex: HNL
01-Nov-2018 15:48:36.442 INFO [http-nio-8080-exec-3] org.apache.catalina.core.ApplicationContext.log Add vertex: HKG
01-Nov-2018 15:48:36.442 INFO [http-nio-8080-exec-10] org.apache.catalina.core.ApplicationContext.log Add vertex: JFK
01-Nov-2018 15:48:36.442 INFO [http-nio-8080-exec-3] org.apache.catalina.core.ApplicationContext.log Add vertex: HNL
01-Nov-2018 15:48:36.442 INFO [http-nio-8080-exec-10] org.apache.catalina.core.ApplicationContext.log Add vertex: JNB
01-Nov-2018 15:48:36.442 INFO [http-nio-8080-exec-10] org.apache.catalina.core.ApplicationContext.log Add vertex: KUL
01-Nov-2018 15:48:36.442 INFO [http-nio-8080-exec-3] org.apache.catalina.core.ApplicationContext.log Add vertex: JFK
01-Nov-2018 15:48:36.442 INFO [http-nio-8080-exec-3] org.apache.catalina.core.ApplicationContext.log Add vertex: JNB
01-Nov-2018 15:48:36.442 INFO [http-nio-8080-exec-10] org.apache.catalina.core.ApplicationContext.log Add vertex: LAX
01-Nov-2018 15:48:36.442 INFO [http-nio-8080-exec-10] org.apache.catalina.core.ApplicationContext.log Add vertex: LGA
01-Nov-2018 15:48:36.442 INFO [http-nio-8080-exec-3] org.apache.catalina.core.ApplicationContext.log Add vertex: KUL
01-Nov-2018 15:48:36.442 INFO [http-nio-8080-exec-3] org.apache.catalina.core.ApplicationContext.log Add vertex: LAX
01-Nov-2018 15:48:36.442 INFO [http-nio-8080-exec-10] org.apache.catalina.core.ApplicationContext.log Add vertex: LGW
01-Nov-2018 15:48:36.443 INFO [http-nio-8080-exec-10] org.apache.catalina.core.ApplicationContext.log Add vertex: LHR
01-Nov-2018 15:48:36.443 INFO [http-nio-8080-exec-3] org.apache.catalina.core.ApplicationContext.log Add vertex: LGA
01-Nov-2018 15:48:36.443 INFO [http-nio-8080-exec-3] org.apache.catalina.core.ApplicationContext.log Add vertex: LGW
01-Nov-2018 15:48:36.443 INFO [http-nio-8080-exec-10] org.apache.catalina.core.ApplicationContext.log Add vertex: MAD
01-Nov-2018 15:48:36.443 INFO [http-nio-8080-exec-10] org.apache.catalina.core.ApplicationContext.log Add vertex: MEL
01-Nov-2018 15:48:36.443 INFO [http-nio-8080-exec-3] org.apache.catalina.core.ApplicationContext.log Add vertex: LHR
01-Nov-2018 15:48:36.443 INFO [http-nio-8080-exec-10] org.apache.catalina.core.ApplicationContext.log Add vertex: MIA
01-Nov-2018 15:48:36.443 INFO [http-nio-8080-exec-3] org.apache.catalina.core.ApplicationContext.log Add vertex: MAD
01-Nov-2018 15:48:36.443 INFO [http-nio-8080-exec-3] org.apache.catalina.core.ApplicationContext.log Add vertex: MEL
01-Nov-2018 15:48:36.443 INFO [http-nio-8080-exec-10] org.apache.catalina.core.ApplicationContext.log Add vertex: MUC
01-Nov-2018 15:48:36.443 INFO [http-nio-8080-exec-10] org.apache.catalina.core.ApplicationContext.log Add vertex: NRT
01-Nov-2018 15:48:36.443 INFO [http-nio-8080-exec-3] org.apache.catalina.core.ApplicationContext.log Add vertex: MIA
01-Nov-2018 15:48:36.443 INFO [http-nio-8080-exec-3] org.apache.catalina.core.ApplicationContext.log Add vertex: MUC
01-Nov-2018 15:48:36.443 INFO [http-nio-8080-exec-10] org.apache.catalina.core.ApplicationContext.log Add vertex: OOL
01-Nov-2018 15:48:36.443 INFO [http-nio-8080-exec-10] org.apache.catalina.core.ApplicationContext.log Add vertex: ORD
01-Nov-2018 15:48:36.443 INFO [http-nio-8080-exec-3] org.apache.catalina.core.ApplicationContext.log Add vertex: NRT
01-Nov-2018 15:48:36.443 INFO [http-nio-8080-exec-10] org.apache.catalina.core.ApplicationContext.log Add vertex: ORY
01-Nov-2018 15:48:36.443 INFO [http-nio-8080-exec-3] org.apache.catalina.core.ApplicationContext.log Add vertex: OOL
01-Nov-2018 15:48:36.443 INFO [http-nio-8080-exec-10] org.apache.catalina.core.ApplicationContext.log Add vertex: PER
01-Nov-2018 15:48:36.443 INFO [http-nio-8080-exec-3] org.apache.catalina.core.ApplicationContext.log Add vertex: ORD
01-Nov-2018 15:48:36.444 INFO [http-nio-8080-exec-3] org.apache.catalina.core.ApplicationContext.log Add vertex: ORY
01-Nov-2018 15:48:36.444 INFO [http-nio-8080-exec-10] org.apache.catalina.core.ApplicationContext.log Add vertex: SFO
01-Nov-2018 15:48:36.444 INFO [http-nio-8080-exec-3] org.apache.catalina.core.ApplicationContext.log Add vertex: PER
01-Nov-2018 15:48:36.444 INFO [http-nio-8080-exec-10] org.apache.catalina.core.ApplicationContext.log Add vertex: SIN
01-Nov-2018 15:48:36.444 INFO [http-nio-8080-exec-3] org.apache.catalina.core.ApplicationContext.log Add vertex: SFO
01-Nov-2018 15:48:36.444 INFO [http-nio-8080-exec-3] org.apache.catalina.core.ApplicationContext.log Add vertex: SIN
01-Nov-2018 15:48:36.444 INFO [http-nio-8080-exec-3] org.apache.catalina.core.ApplicationContext.log Add vertex: SYD
01-Nov-2018 15:48:36.444 INFO [http-nio-8080-exec-3] org.apache.catalina.core.ApplicationContext.log Add vertex: VIE
01-Nov-2018 15:48:36.444 INFO [http-nio-8080-exec-3] org.apache.catalina.core.ApplicationContext.log Add vertex: YYZ
01-Nov-2018 15:48:36.444 INFO [http-nio-8080-exec-10] org.apache.catalina.core.ApplicationContext.log Add vertex: SYD
01-Nov-2018 15:48:36.445 INFO [http-nio-8080-exec-10] org.apache.catalina.core.ApplicationContext.log Add vertex: VIE
01-Nov-2018 15:48:36.445 INFO [http-nio-8080-exec-10] org.apache.catalina.core.ApplicationContext.log Add vertex: YYZ
01-Nov-2018 15:48:36.540 INFO [http-nio-8080-exec-10] org.apache.catalina.core.ApplicationContext.log Flight path: ATL -> MIA : 120
01-Nov-2018 15:48:36.540 INFO [http-nio-8080-exec-3] org.apache.catalina.core.ApplicationContext.log Flight path: ATL -> MIA : 120
01-Nov-2018 15:48:36.540 INFO [http-nio-8080-exec-3] org.apache.catalina.core.ApplicationContext.log Flight path: MIA -> GIG : 520
01-Nov-2018 15:48:36.540 INFO [http-nio-8080-exec-10] org.apache.catalina.core.ApplicationContext.log Flight path: MIA -> GIG : 520
01-Nov-2018 15:48:36.540 INFO [http-nio-8080-exec-10] org.apache.catalina.core.ApplicationContext.log Flight path: GIG -> JFK : 630
01-Nov-2018 15:48:36.540 INFO [http-nio-8080-exec-3] org.apache.catalina.core.ApplicationContext.log Flight path: GIG -> JFK : 630
01-Nov-2018 15:48:36.540 INFO [http-nio-8080-exec-10] org.apache.catalina.core.ApplicationContext.log Flight path: JFK -> ATL : 150
01-Nov-2018 15:48:36.540 INFO [http-nio-8080-exec-3] org.apache.catalina.core.ApplicationContext.log Flight path: JFK -> ATL : 150
01-Nov-2018 15:48:36.540 INFO [http-nio-8080-exec-10] org.apache.catalina.core.ApplicationContext.log Flight path: LGA -> ORD : 150
01-Nov-2018 15:48:36.540 INFO [http-nio-8080-exec-3] org.apache.catalina.core.ApplicationContext.log Flight path: LGA -> ORD : 150
01-Nov-2018 15:48:36.540 INFO [http-nio-8080-exec-3] org.apache.catalina.core.ApplicationContext.log Flight path: ORD -> LAX : 250
01-Nov-2018 15:48:36.540 INFO [http-nio-8080-exec-10] org.apache.catalina.core.ApplicationContext.log Flight path: ORD -> LAX : 250
01-Nov-2018 15:48:36.540 INFO [http-nio-8080-exec-3] org.apache.catalina.core.ApplicationContext.log Flight path: LAX -> JFK : 335
01-Nov-2018 15:48:36.540 INFO [http-nio-8080-exec-10] org.apache.catalina.core.ApplicationContext.log Flight path: LAX -> JFK : 335
01-Nov-2018 15:48:36.541 INFO [http-nio-8080-exec-10] org.apache.catalina.core.ApplicationContext.log Flight path: LAX -> YYZ : 280
01-Nov-2018 15:48:36.541 INFO [http-nio-8080-exec-3] org.apache.catalina.core.ApplicationContext.log Flight path: LAX -> YYZ : 280
01-Nov-2018 15:48:36.541 INFO [http-nio-8080-exec-3] org.apache.catalina.core.ApplicationContext.log Flight path: VIE -> CDG : 125
01-Nov-2018 15:48:36.541 INFO [http-nio-8080-exec-10] org.apache.catalina.core.ApplicationContext.log Flight path: VIE -> CDG : 125
01-Nov-2018 15:48:36.541 INFO [http-nio-8080-exec-3] org.apache.catalina.core.ApplicationContext.log Flight path: CDG -> MAD : 125
01-Nov-2018 15:48:36.541 INFO [http-nio-8080-exec-10] org.apache.catalina.core.ApplicationContext.log Flight path: CDG -> MAD : 125
01-Nov-2018 15:48:36.541 INFO [http-nio-8080-exec-3] org.apache.catalina.core.ApplicationContext.log Flight path: ORY -> LHR : 85
01-Nov-2018 15:48:36.541 INFO [http-nio-8080-exec-3] org.apache.catalina.core.ApplicationContext.log Flight path: LHR -> DOH : 400
01-Nov-2018 15:48:36.541 INFO [http-nio-8080-exec-10] org.apache.catalina.core.ApplicationContext.log Flight path: ORY -> LHR : 85
01-Nov-2018 15:48:36.541 INFO [http-nio-8080-exec-10] org.apache.catalina.core.ApplicationContext.log Flight path: LHR -> DOH : 400
01-Nov-2018 15:48:36.541 INFO [http-nio-8080-exec-3] org.apache.catalina.core.ApplicationContext.log Flight path: FCO -> HEL : 205
01-Nov-2018 15:48:36.541 INFO [http-nio-8080-exec-10] org.apache.catalina.core.ApplicationContext.log Flight path: FCO -> HEL : 205
01-Nov-2018 15:48:36.541 INFO [http-nio-8080-exec-3] org.apache.catalina.core.ApplicationContext.log Flight path: HEL -> FCO : 205
01-Nov-2018 15:48:36.541 INFO [http-nio-8080-exec-10] org.apache.catalina.core.ApplicationContext.log Flight path: HEL -> FCO : 205
01-Nov-2018 15:48:36.541 INFO [http-nio-8080-exec-3] org.apache.catalina.core.ApplicationContext.log Flight path: HEL -> SIN : 690
01-Nov-2018 15:48:36.542 INFO [http-nio-8080-exec-10] org.apache.catalina.core.ApplicationContext.log Flight path: HEL -> SIN : 690
01-Nov-2018 15:48:36.542 INFO [http-nio-8080-exec-3] org.apache.catalina.core.ApplicationContext.log Flight path: SIN -> PER : 310
01-Nov-2018 15:48:36.542 INFO [http-nio-8080-exec-10] org.apache.catalina.core.ApplicationContext.log Flight path: SIN -> PER : 310
01-Nov-2018 15:48:36.542 INFO [http-nio-8080-exec-3] org.apache.catalina.core.ApplicationContext.log Flight path: BKK -> LHR : 735
01-Nov-2018 15:48:36.542 INFO [http-nio-8080-exec-10] org.apache.catalina.core.ApplicationContext.log Flight path: BKK -> LHR : 735
01-Nov-2018 15:48:36.542 INFO [http-nio-8080-exec-3] org.apache.catalina.core.ApplicationContext.log Flight path: LHR -> ORY : 75
01-Nov-2018 15:48:36.542 INFO [http-nio-8080-exec-10] org.apache.catalina.core.ApplicationContext.log Flight path: LHR -> ORY : 75
01-Nov-2018 15:48:36.542 INFO [http-nio-8080-exec-3] org.apache.catalina.core.ApplicationContext.log Flight path: ORY -> LHR : 85
01-Nov-2018 15:48:36.542 INFO [http-nio-8080-exec-10] org.apache.catalina.core.ApplicationContext.log Flight path: ORY -> LHR : 85
01-Nov-2018 15:48:36.542 INFO [http-nio-8080-exec-3] org.apache.catalina.core.ApplicationContext.log Flight path: LHR -> BKK : 685
01-Nov-2018 15:48:36.542 INFO [http-nio-8080-exec-10] org.apache.catalina.core.ApplicationContext.log Flight path: LHR -> BKK : 685
01-Nov-2018 15:48:36.542 INFO [http-nio-8080-exec-3] org.apache.catalina.core.ApplicationContext.log Flight path: LGW -> AMS : 75
01-Nov-2018 15:48:36.542 INFO [http-nio-8080-exec-10] org.apache.catalina.core.ApplicationContext.log Flight path: LGW -> AMS : 75
01-Nov-2018 15:48:36.542 INFO [http-nio-8080-exec-3] org.apache.catalina.core.ApplicationContext.log Flight path: AMS -> MUC : 85
01-Nov-2018 15:48:36.542 INFO [http-nio-8080-exec-10] org.apache.catalina.core.ApplicationContext.log Flight path: AMS -> MUC : 85
01-Nov-2018 15:48:36.542 INFO [http-nio-8080-exec-3] org.apache.catalina.core.ApplicationContext.log Flight path: YYZ -> HKG : 820
01-Nov-2018 15:48:36.543 INFO [http-nio-8080-exec-3] org.apache.catalina.core.ApplicationContext.log Flight path: HKG -> ADL : 520
01-Nov-2018 15:48:36.543 INFO [http-nio-8080-exec-10] org.apache.catalina.core.ApplicationContext.log Flight path: YYZ -> HKG : 820
01-Nov-2018 15:48:36.543 INFO [http-nio-8080-exec-3] org.apache.catalina.core.ApplicationContext.log Flight path: CNS -> MEL : 205
01-Nov-2018 15:48:36.543 INFO [http-nio-8080-exec-10] org.apache.catalina.core.ApplicationContext.log Flight path: HKG -> ADL : 520
01-Nov-2018 15:48:36.543 INFO [http-nio-8080-exec-10] org.apache.catalina.core.ApplicationContext.log Flight path: CNS -> MEL : 205
01-Nov-2018 15:48:36.543 INFO [http-nio-8080-exec-3] org.apache.catalina.core.ApplicationContext.log Flight path: MEL -> HBA : 75
01-Nov-2018 15:48:36.543 INFO [http-nio-8080-exec-10] org.apache.catalina.core.ApplicationContext.log Flight path: MEL -> HBA : 75
01-Nov-2018 15:48:36.543 INFO [http-nio-8080-exec-3] org.apache.catalina.core.ApplicationContext.log Flight path: OOL -> CBR : 95
01-Nov-2018 15:48:36.543 INFO [http-nio-8080-exec-10] org.apache.catalina.core.ApplicationContext.log Flight path: OOL -> CBR : 95
01-Nov-2018 15:48:36.543 INFO [http-nio-8080-exec-3] org.apache.catalina.core.ApplicationContext.log Flight path: CBR -> OOL : 90
01-Nov-2018 15:48:36.543 INFO [http-nio-8080-exec-10] org.apache.catalina.core.ApplicationContext.log Flight path: CBR -> OOL : 90
01-Nov-2018 15:48:36.543 INFO [http-nio-8080-exec-3] org.apache.catalina.core.ApplicationContext.log Flight path: DXB -> ATL : 915
01-Nov-2018 15:48:36.543 INFO [http-nio-8080-exec-10] org.apache.catalina.core.ApplicationContext.log Flight path: DXB -> ATL : 915
01-Nov-2018 15:48:36.543 INFO [http-nio-8080-exec-3] org.apache.catalina.core.ApplicationContext.log Flight path: ATL -> SFO : 320
01-Nov-2018 15:48:36.544 INFO [http-nio-8080-exec-10] org.apache.catalina.core.ApplicationContext.log Flight path: ATL -> SFO : 320
01-Nov-2018 15:48:36.544 INFO [http-nio-8080-exec-3] org.apache.catalina.core.ApplicationContext.log Flight path: BNE -> SYD : 95
01-Nov-2018 15:48:36.544 INFO [http-nio-8080-exec-10] org.apache.catalina.core.ApplicationContext.log Flight path: BNE -> SYD : 95
01-Nov-2018 15:48:36.544 INFO [http-nio-8080-exec-3] org.apache.catalina.core.ApplicationContext.log Flight path: SYD -> ATL : 1200
01-Nov-2018 15:48:36.544 INFO [http-nio-8080-exec-10] org.apache.catalina.core.ApplicationContext.log Flight path: SYD -> ATL : 1200
01-Nov-2018 15:48:36.544 INFO [http-nio-8080-exec-3] org.apache.catalina.core.ApplicationContext.log Flight path: JFK -> LAX : 386
01-Nov-2018 15:48:36.544 INFO [http-nio-8080-exec-10] org.apache.catalina.core.ApplicationContext.log Flight path: JFK -> LAX : 386
01-Nov-2018 15:48:36.544 INFO [http-nio-8080-exec-3] org.apache.catalina.core.ApplicationContext.log Flight path: ATL -> LGA : 144
01-Nov-2018 15:48:36.544 INFO [http-nio-8080-exec-10] org.apache.catalina.core.ApplicationContext.log Flight path: ATL -> LGA : 144
01-Nov-2018 15:48:36.544 INFO [http-nio-8080-exec-3] org.apache.catalina.core.ApplicationContext.log Flight path: LAX -> SYD : 900
01-Nov-2018 15:48:36.544 INFO [http-nio-8080-exec-10] org.apache.catalina.core.ApplicationContext.log Flight path: LAX -> SYD : 900
01-Nov-2018 15:48:36.544 INFO [http-nio-8080-exec-3] org.apache.catalina.core.ApplicationContext.log Flight path: SYD -> BNE : 90
01-Nov-2018 15:48:36.544 INFO [http-nio-8080-exec-3] org.apache.catalina.core.ApplicationContext.log Flight path: SFO -> ATL : 282
01-Nov-2018 15:48:36.544 INFO [http-nio-8080-exec-10] org.apache.catalina.core.ApplicationContext.log Flight path: SYD -> BNE : 90
01-Nov-2018 15:48:36.544 INFO [http-nio-8080-exec-3] org.apache.catalina.core.ApplicationContext.log Flight path: ATL -> DXB : 845
01-Nov-2018 15:48:36.544 INFO [http-nio-8080-exec-10] org.apache.catalina.core.ApplicationContext.log Flight path: SFO -> ATL : 282
01-Nov-2018 15:48:36.545 INFO [http-nio-8080-exec-10] org.apache.catalina.core.ApplicationContext.log Flight path: ATL -> DXB : 845
01-Nov-2018 15:48:36.545 INFO [http-nio-8080-exec-3] org.apache.catalina.core.ApplicationContext.log Flight path: LHR -> DXB : 410
01-Nov-2018 15:48:36.545 INFO [http-nio-8080-exec-10] org.apache.catalina.core.ApplicationContext.log Flight path: LHR -> DXB : 410
01-Nov-2018 15:48:36.545 INFO [http-nio-8080-exec-3] org.apache.catalina.core.ApplicationContext.log Flight path: DXB -> SIN : 570
01-Nov-2018 15:48:36.545 INFO [http-nio-8080-exec-10] org.apache.catalina.core.ApplicationContext.log Flight path: DXB -> SIN : 570
01-Nov-2018 15:48:36.545 INFO [http-nio-8080-exec-3] org.apache.catalina.core.ApplicationContext.log Flight path: SIN -> MEL : 430
01-Nov-2018 15:48:36.545 INFO [http-nio-8080-exec-10] org.apache.catalina.core.ApplicationContext.log Flight path: SIN -> MEL : 430
01-Nov-2018 15:48:36.545 INFO [http-nio-8080-exec-3] org.apache.catalina.core.ApplicationContext.log Flight path: MEL -> DXB : 1105
01-Nov-2018 15:48:36.545 INFO [http-nio-8080-exec-10] org.apache.catalina.core.ApplicationContext.log Flight path: MEL -> DXB : 1105
01-Nov-2018 15:48:36.545 INFO [http-nio-8080-exec-3] org.apache.catalina.core.ApplicationContext.log Flight path: DXB -> LHR : 445
01-Nov-2018 15:48:36.545 INFO [http-nio-8080-exec-10] org.apache.catalina.core.ApplicationContext.log Flight path: DXB -> LHR : 445
01-Nov-2018 15:48:36.545 INFO [http-nio-8080-exec-3] org.apache.catalina.core.ApplicationContext.log Flight path: MAD -> ORY : 115
01-Nov-2018 15:48:36.545 INFO [http-nio-8080-exec-10] org.apache.catalina.core.ApplicationContext.log Flight path: MAD -> ORY : 115
01-Nov-2018 15:48:36.545 INFO [http-nio-8080-exec-10] org.apache.catalina.core.ApplicationContext.log Flight path: HKG -> NRT : 370
01-Nov-2018 15:48:36.545 INFO [http-nio-8080-exec-3] org.apache.catalina.core.ApplicationContext.log Flight path: HKG -> NRT : 370
01-Nov-2018 15:48:36.545 INFO [http-nio-8080-exec-10] org.apache.catalina.core.ApplicationContext.log Flight path: NRT -> HNL : 465
01-Nov-2018 15:48:36.545 INFO [http-nio-8080-exec-3] org.apache.catalina.core.ApplicationContext.log Flight path: NRT -> HNL : 465
01-Nov-2018 15:48:36.546 INFO [http-nio-8080-exec-10] org.apache.catalina.core.ApplicationContext.log Flight path: HNL -> NRT : 370
01-Nov-2018 15:48:36.546 INFO [http-nio-8080-exec-3] org.apache.catalina.core.ApplicationContext.log Flight path: HNL -> NRT : 370
01-Nov-2018 15:48:36.546 INFO [http-nio-8080-exec-10] org.apache.catalina.core.ApplicationContext.log Flight path: NRT -> HKG : 465
01-Nov-2018 15:48:36.546 INFO [http-nio-8080-exec-3] org.apache.catalina.core.ApplicationContext.log Flight path: NRT -> HKG : 465
01-Nov-2018 15:48:36.546 INFO [http-nio-8080-exec-3] org.apache.catalina.core.ApplicationContext.log Flight path: MEL -> SIN : 470
01-Nov-2018 15:48:36.546 INFO [http-nio-8080-exec-10] org.apache.catalina.core.ApplicationContext.log Flight path: MEL -> SIN : 470
01-Nov-2018 15:48:36.546 INFO [http-nio-8080-exec-3] org.apache.catalina.core.ApplicationContext.log Flight path: SIN -> HKG : 235
01-Nov-2018 15:48:36.546 INFO [http-nio-8080-exec-10] org.apache.catalina.core.ApplicationContext.log Flight path: SIN -> HKG : 235
01-Nov-2018 15:48:36.546 INFO [http-nio-8080-exec-3] org.apache.catalina.core.ApplicationContext.log Flight path: HKG -> SIN : 465
01-Nov-2018 15:48:36.546 INFO [http-nio-8080-exec-10] org.apache.catalina.core.ApplicationContext.log Flight path: HKG -> SIN : 465
01-Nov-2018 15:48:36.546 INFO [http-nio-8080-exec-3] org.apache.catalina.core.ApplicationContext.log Flight path: SIN -> MEL : 430
01-Nov-2018 15:48:36.546 INFO [http-nio-8080-exec-10] org.apache.catalina.core.ApplicationContext.log Flight path: SIN -> MEL : 430
01-Nov-2018 15:48:36.546 INFO [http-nio-8080-exec-3] org.apache.catalina.core.ApplicationContext.log Flight path: DRW -> BNE : 220
01-Nov-2018 15:48:36.546 INFO [http-nio-8080-exec-10] org.apache.catalina.core.ApplicationContext.log Flight path: DRW -> BNE : 220
01-Nov-2018 15:48:36.547 INFO [http-nio-8080-exec-3] org.apache.catalina.core.ApplicationContext.log Flight path: PER -> OOL : 270
01-Nov-2018 15:48:36.547 INFO [http-nio-8080-exec-10] org.apache.catalina.core.ApplicationContext.log Flight path: PER -> OOL : 270
01-Nov-2018 15:48:36.547 INFO [http-nio-8080-exec-3] org.apache.catalina.core.ApplicationContext.log Flight path: OOL -> PER : 345
01-Nov-2018 15:48:36.547 INFO [http-nio-8080-exec-10] org.apache.catalina.core.ApplicationContext.log Flight path: OOL -> PER : 345
01-Nov-2018 15:48:36.547 INFO [http-nio-8080-exec-3] org.apache.catalina.core.ApplicationContext.log Flight path: FCO -> AMS : 150
01-Nov-2018 15:48:36.547 INFO [http-nio-8080-exec-10] org.apache.catalina.core.ApplicationContext.log Flight path: FCO -> AMS : 150
01-Nov-2018 15:48:36.547 INFO [http-nio-8080-exec-3] org.apache.catalina.core.ApplicationContext.log Flight path: AMS -> FCO : 135
01-Nov-2018 15:48:36.547 INFO [http-nio-8080-exec-10] org.apache.catalina.core.ApplicationContext.log Flight path: AMS -> FCO : 135
01-Nov-2018 15:48:36.547 INFO [http-nio-8080-exec-3] org.apache.catalina.core.ApplicationContext.log Flight path: MAD -> AMS : 155
01-Nov-2018 15:48:36.547 INFO [http-nio-8080-exec-10] org.apache.catalina.core.ApplicationContext.log Flight path: MAD -> AMS : 155
01-Nov-2018 15:48:36.547 INFO [http-nio-8080-exec-3] org.apache.catalina.core.ApplicationContext.log Flight path: AMS -> VIE : 110
01-Nov-2018 15:48:36.547 INFO [http-nio-8080-exec-10] org.apache.catalina.core.ApplicationContext.log Flight path: AMS -> VIE : 110
01-Nov-2018 15:48:36.547 INFO [http-nio-8080-exec-3] org.apache.catalina.core.ApplicationContext.log Flight path: MUC -> AMS : 95
01-Nov-2018 15:48:36.547 INFO [http-nio-8080-exec-10] org.apache.catalina.core.ApplicationContext.log Flight path: MUC -> AMS : 95
01-Nov-2018 15:48:36.547 INFO [http-nio-8080-exec-3] org.apache.catalina.core.ApplicationContext.log Flight path: AMS -> LGW : 75
01-Nov-2018 15:48:36.547 INFO [http-nio-8080-exec-10] org.apache.catalina.core.ApplicationContext.log Flight path: AMS -> LGW : 75
01-Nov-2018 15:48:36.548 INFO [http-nio-8080-exec-3] org.apache.catalina.core.ApplicationContext.log Flight path: AMS -> KUL : 725
01-Nov-2018 15:48:36.548 INFO [http-nio-8080-exec-10] org.apache.catalina.core.ApplicationContext.log Flight path: AMS -> KUL : 725
01-Nov-2018 15:48:36.548 INFO [http-nio-8080-exec-3] org.apache.catalina.core.ApplicationContext.log Flight path: KUL -> PER : 320
01-Nov-2018 15:48:36.548 INFO [http-nio-8080-exec-10] org.apache.catalina.core.ApplicationContext.log Flight path: KUL -> PER : 320
01-Nov-2018 15:48:36.548 INFO [http-nio-8080-exec-3] org.apache.catalina.core.ApplicationContext.log Flight path: PER -> KUL : 340
01-Nov-2018 15:48:36.548 INFO [http-nio-8080-exec-10] org.apache.catalina.core.ApplicationContext.log Flight path: PER -> KUL : 340
01-Nov-2018 15:48:36.548 INFO [http-nio-8080-exec-3] org.apache.catalina.core.ApplicationContext.log Flight path: KUL -> AMS : 760
01-Nov-2018 15:48:36.548 INFO [http-nio-8080-exec-10] org.apache.catalina.core.ApplicationContext.log Flight path: KUL -> AMS : 760
01-Nov-2018 15:48:36.548 INFO [http-nio-8080-exec-3] org.apache.catalina.core.ApplicationContext.log Flight path: MUC -> FCO : 95
01-Nov-2018 15:48:36.548 INFO [http-nio-8080-exec-10] org.apache.catalina.core.ApplicationContext.log Flight path: MUC -> FCO : 95
01-Nov-2018 15:48:36.548 INFO [http-nio-8080-exec-10] org.apache.catalina.core.ApplicationContext.log Flight path: FCO -> MUC : 100
01-Nov-2018 15:48:36.548 INFO [http-nio-8080-exec-3] org.apache.catalina.core.ApplicationContext.log Flight path: FCO -> MUC : 100
01-Nov-2018 15:48:36.548 INFO [http-nio-8080-exec-10] org.apache.catalina.core.ApplicationContext.log Flight path: SFO -> MUC : 645
01-Nov-2018 15:48:36.548 INFO [http-nio-8080-exec-3] org.apache.catalina.core.ApplicationContext.log Flight path: SFO -> MUC : 645
01-Nov-2018 15:48:36.548 INFO [http-nio-8080-exec-10] org.apache.catalina.core.ApplicationContext.log Flight path: MUC -> DXB : 365
01-Nov-2018 15:48:36.549 INFO [http-nio-8080-exec-3] org.apache.catalina.core.ApplicationContext.log Flight path: MUC -> DXB : 365
01-Nov-2018 15:48:36.549 INFO [http-nio-8080-exec-10] org.apache.catalina.core.ApplicationContext.log Flight path: DXB -> MUC : 385
01-Nov-2018 15:48:36.549 INFO [http-nio-8080-exec-3] org.apache.catalina.core.ApplicationContext.log Flight path: DXB -> MUC : 385
01-Nov-2018 15:48:36.549 INFO [http-nio-8080-exec-10] org.apache.catalina.core.ApplicationContext.log Flight path: MUC -> SFO : 715
01-Nov-2018 15:48:36.549 INFO [http-nio-8080-exec-10] org.apache.catalina.core.ApplicationContext.log Flight path: JNB -> MUC : 660
01-Nov-2018 15:48:36.549 INFO [http-nio-8080-exec-3] org.apache.catalina.core.ApplicationContext.log Flight path: MUC -> SFO : 715
01-Nov-2018 15:48:36.549 INFO [http-nio-8080-exec-10] org.apache.catalina.core.ApplicationContext.log Flight path: MUC -> ORD : 580
01-Nov-2018 15:48:36.549 INFO [http-nio-8080-exec-3] org.apache.catalina.core.ApplicationContext.log Flight path: JNB -> MUC : 660
01-Nov-2018 15:48:36.549 INFO [http-nio-8080-exec-10] org.apache.catalina.core.ApplicationContext.log Flight path: ORD -> MUC : 660
01-Nov-2018 15:48:36.549 INFO [http-nio-8080-exec-3] org.apache.catalina.core.ApplicationContext.log Flight path: MUC -> ORD : 580
01-Nov-2018 15:48:36.549 INFO [http-nio-8080-exec-10] org.apache.catalina.core.ApplicationContext.log Flight path: MUC -> JNB : 580
01-Nov-2018 15:48:36.549 INFO [http-nio-8080-exec-10] org.apache.catalina.core.ApplicationContext.log Flight path: MUC -> SIN : 735
01-Nov-2018 15:48:36.549 INFO [http-nio-8080-exec-3] org.apache.catalina.core.ApplicationContext.log Flight path: ORD -> MUC : 660
01-Nov-2018 15:48:36.549 INFO [http-nio-8080-exec-10] org.apache.catalina.core.ApplicationContext.log Flight path: PER -> SIN : 325
01-Nov-2018 15:48:36.549 INFO [http-nio-8080-exec-3] org.apache.catalina.core.ApplicationContext.log Flight path: MUC -> JNB : 580
01-Nov-2018 15:48:36.549 INFO [http-nio-8080-exec-10] org.apache.catalina.core.ApplicationContext.log Flight path: SIN -> MUC : 765
01-Nov-2018 15:48:36.549 INFO [http-nio-8080-exec-3] org.apache.catalina.core.ApplicationContext.log Flight path: MUC -> SIN : 735
01-Nov-2018 15:48:36.549 INFO [http-nio-8080-exec-10] org.apache.catalina.core.ApplicationContext.log Flight path: MEL -> KUL : 490
01-Nov-2018 15:48:36.550 INFO [http-nio-8080-exec-3] org.apache.catalina.core.ApplicationContext.log Flight path: PER -> SIN : 325
01-Nov-2018 15:48:36.550 INFO [http-nio-8080-exec-10] org.apache.catalina.core.ApplicationContext.log Flight path: KUL -> SIN : 55
01-Nov-2018 15:48:36.550 INFO [http-nio-8080-exec-10] org.apache.catalina.core.ApplicationContext.log Flight path: SYD -> LHR : 1385
01-Nov-2018 15:48:36.550 INFO [http-nio-8080-exec-3] org.apache.catalina.core.ApplicationContext.log Flight path: SIN -> MUC : 765
01-Nov-2018 15:48:36.550 INFO [http-nio-8080-exec-10] org.apache.catalina.core.ApplicationContext.log Flight path: LHR -> ORY : 75
01-Nov-2018 15:48:36.550 INFO [http-nio-8080-exec-3] org.apache.catalina.core.ApplicationContext.log Flight path: MEL -> KUL : 490
01-Nov-2018 15:48:36.550 INFO [http-nio-8080-exec-10] org.apache.catalina.core.ApplicationContext.log Flight path: HBA -> SYD : 105
01-Nov-2018 15:48:36.550 INFO [http-nio-8080-exec-3] org.apache.catalina.core.ApplicationContext.log Flight path: KUL -> SIN : 55
01-Nov-2018 15:48:36.550 INFO [http-nio-8080-exec-10] org.apache.catalina.core.ApplicationContext.log Flight path: SYD -> CNS : 190
01-Nov-2018 15:48:36.550 INFO [http-nio-8080-exec-3] org.apache.catalina.core.ApplicationContext.log Flight path: SYD -> LHR : 1385
01-Nov-2018 15:48:36.550 INFO [http-nio-8080-exec-10] org.apache.catalina.core.ApplicationContext.log Flight path: LAX -> SYD : 900
01-Nov-2018 15:48:36.550 INFO [http-nio-8080-exec-10] org.apache.catalina.core.ApplicationContext.log Flight path: SYD -> ADL : 130
01-Nov-2018 15:48:36.550 INFO [http-nio-8080-exec-3] org.apache.catalina.core.ApplicationContext.log Flight path: LHR -> ORY : 75
01-Nov-2018 15:48:36.550 INFO [http-nio-8080-exec-10] org.apache.catalina.core.ApplicationContext.log Flight path: YYZ -> LAX : 315
01-Nov-2018 15:48:36.550 INFO [http-nio-8080-exec-3] org.apache.catalina.core.ApplicationContext.log Flight path: HBA -> SYD : 105
01-Nov-2018 15:48:36.550 INFO [http-nio-8080-exec-10] org.apache.catalina.core.ApplicationContext.log Flight path: HNL -> ORD : 500
01-Nov-2018 15:48:36.550 INFO [http-nio-8080-exec-3] org.apache.catalina.core.ApplicationContext.log Flight path: SYD -> CNS : 190
01-Nov-2018 15:48:36.551 INFO [http-nio-8080-exec-10] org.apache.catalina.core.ApplicationContext.log Flight path: ORD -> YYZ : 85
01-Nov-2018 15:48:36.551 INFO [http-nio-8080-exec-3] org.apache.catalina.core.ApplicationContext.log Flight path: LAX -> SYD : 900
01-Nov-2018 15:48:36.551 INFO [http-nio-8080-exec-10] org.apache.catalina.core.ApplicationContext.log Flight path: LHR -> MEL : 1345
01-Nov-2018 15:48:36.551 INFO [http-nio-8080-exec-3] org.apache.catalina.core.ApplicationContext.log Flight path: SYD -> ADL : 130
01-Nov-2018 15:48:36.551 INFO [http-nio-8080-exec-10] org.apache.catalina.core.ApplicationContext.log Flight path: MEL -> SYD : 75
01-Nov-2018 15:48:36.551 INFO [http-nio-8080-exec-3] org.apache.catalina.core.ApplicationContext.log Flight path: YYZ -> LAX : 315
01-Nov-2018 15:48:36.551 INFO [http-nio-8080-exec-10] org.apache.catalina.core.ApplicationContext.log Flight path: SYD -> LAX : 1050
01-Nov-2018 15:48:36.551 INFO [http-nio-8080-exec-10] org.apache.catalina.core.ApplicationContext.log Flight path: MEL -> SYD : 75
01-Nov-2018 15:48:36.551 INFO [http-nio-8080-exec-3] org.apache.catalina.core.ApplicationContext.log Flight path: HNL -> ORD : 500
01-Nov-2018 15:48:36.551 INFO [http-nio-8080-exec-10] org.apache.catalina.core.ApplicationContext.log Flight path: PER -> HKG : 470
01-Nov-2018 15:48:36.551 INFO [http-nio-8080-exec-3] org.apache.catalina.core.ApplicationContext.log Flight path: ORD -> YYZ : 85
01-Nov-2018 15:48:36.551 INFO [http-nio-8080-exec-10] org.apache.catalina.core.ApplicationContext.log Flight path: HKG -> HEL : 640
01-Nov-2018 15:48:36.551 INFO [http-nio-8080-exec-3] org.apache.catalina.core.ApplicationContext.log Flight path: LHR -> MEL : 1345
01-Nov-2018 15:48:36.551 INFO [http-nio-8080-exec-10] org.apache.catalina.core.ApplicationContext.log Flight path: ADL -> MEL : 75
01-Nov-2018 15:48:36.551 INFO [http-nio-8080-exec-3] org.apache.catalina.core.ApplicationContext.log Flight path: MEL -> SYD : 75
01-Nov-2018 15:48:36.551 INFO [http-nio-8080-exec-10] org.apache.catalina.core.ApplicationContext.log Flight path: MEL -> LAX : 1050
01-Nov-2018 15:48:36.552 INFO [http-nio-8080-exec-3] org.apache.catalina.core.ApplicationContext.log Flight path: SYD -> LAX : 1050
01-Nov-2018 15:48:36.552 INFO [http-nio-8080-exec-10] org.apache.catalina.core.ApplicationContext.log Flight path: ADL -> SYD : 115
01-Nov-2018 15:48:36.552 INFO [http-nio-8080-exec-3] org.apache.catalina.core.ApplicationContext.log Flight path: MEL -> SYD : 75
01-Nov-2018 15:48:36.552 INFO [http-nio-8080-exec-10] org.apache.catalina.core.ApplicationContext.log Flight path: SYD -> HNL : 585
01-Nov-2018 15:48:36.552 INFO [http-nio-8080-exec-10] org.apache.catalina.core.ApplicationContext.log Flight path: BNE -> DRW : 250
01-Nov-2018 15:48:36.552 INFO [http-nio-8080-exec-3] org.apache.catalina.core.ApplicationContext.log Flight path: PER -> HKG : 470
01-Nov-2018 15:48:36.552 INFO [http-nio-8080-exec-10] org.apache.catalina.core.ApplicationContext.log Flight path: LAX -> MEL : 925
01-Nov-2018 15:48:36.552 INFO [http-nio-8080-exec-3] org.apache.catalina.core.ApplicationContext.log Flight path: HKG -> HEL : 640
01-Nov-2018 15:48:36.552 INFO [http-nio-8080-exec-10] org.apache.catalina.core.ApplicationContext.log Flight path: MEL -> ADL : 80
01-Nov-2018 15:48:36.552 INFO [http-nio-8080-exec-3] org.apache.catalina.core.ApplicationContext.log Flight path: ADL -> MEL : 75
01-Nov-2018 15:48:36.552 INFO [http-nio-8080-exec-10] org.apache.catalina.core.ApplicationContext.log Flight path: DOH -> MEL : 810
01-Nov-2018 15:48:36.552 INFO [http-nio-8080-exec-3] org.apache.catalina.core.ApplicationContext.log Flight path: MEL -> LAX : 1050
01-Nov-2018 15:48:36.552 INFO [http-nio-8080-exec-10] org.apache.catalina.core.ApplicationContext.log Flight path: MEL -> DOH : 855
01-Nov-2018 15:48:36.552 INFO [http-nio-8080-exec-3] org.apache.catalina.core.ApplicationContext.log Flight path: ADL -> SYD : 115
01-Nov-2018 15:48:36.552 INFO [http-nio-8080-exec-10] org.apache.catalina.core.ApplicationContext.log Flight path: DOH -> MAD : 475
01-Nov-2018 15:48:36.552 INFO [http-nio-8080-exec-3] org.apache.catalina.core.ApplicationContext.log Flight path: SYD -> HNL : 585
01-Nov-2018 15:48:36.553 INFO [http-nio-8080-exec-10] org.apache.catalina.core.ApplicationContext.log Flight path: SYD -> MEL : 90
01-Nov-2018 15:48:36.553 INFO [http-nio-8080-exec-3] org.apache.catalina.core.ApplicationContext.log Flight path: BNE -> DRW : 250
01-Nov-2018 15:48:36.553 INFO [http-nio-8080-exec-10] org.apache.catalina.core.ApplicationContext.log Flight path: LHR -> SYD : 1385
01-Nov-2018 15:48:36.553 INFO [http-nio-8080-exec-3] org.apache.catalina.core.ApplicationContext.log Flight path: LAX -> MEL : 925
01-Nov-2018 15:48:36.553 INFO [http-nio-8080-exec-10] org.apache.catalina.core.ApplicationContext.log Flight path: JNB -> LHR : 680
01-Nov-2018 15:48:36.553 INFO [http-nio-8080-exec-3] org.apache.catalina.core.ApplicationContext.log Flight path: MEL -> ADL : 80
01-Nov-2018 15:48:36.553 INFO [http-nio-8080-exec-10] org.apache.catalina.core.ApplicationContext.log Flight path: LHR -> ORD : 535
01-Nov-2018 15:48:36.553 INFO [http-nio-8080-exec-3] org.apache.catalina.core.ApplicationContext.log Flight path: DOH -> MEL : 810
01-Nov-2018 15:48:36.553 INFO [http-nio-8080-exec-10] org.apache.catalina.core.ApplicationContext.log Flight path: ORD -> LHR : 680
01-Nov-2018 15:48:36.553 INFO [http-nio-8080-exec-3] org.apache.catalina.core.ApplicationContext.log Flight path: MEL -> DOH : 855
01-Nov-2018 15:48:36.553 INFO [http-nio-8080-exec-10] org.apache.catalina.core.ApplicationContext.log Flight path: LHR -> JNB : 535
01-Nov-2018 15:48:36.553 INFO [http-nio-8080-exec-10] org.apache.catalina.core.ApplicationContext.log Flight path: SIN -> LHR : 805
01-Nov-2018 15:48:36.553 INFO [http-nio-8080-exec-3] org.apache.catalina.core.ApplicationContext.log Flight path: DOH -> MAD : 475
01-Nov-2018 15:48:36.553 INFO [http-nio-8080-exec-10] org.apache.catalina.core.ApplicationContext.log Graph build complete
01-Nov-2018 15:48:36.553 INFO [http-nio-8080-exec-3] org.apache.catalina.core.ApplicationContext.log Flight path: SYD -> MEL : 90
01-Nov-2018 15:48:36.553 INFO [http-nio-8080-exec-3] org.apache.catalina.core.ApplicationContext.log Flight path: LHR -> SYD : 1385
01-Nov-2018 15:48:36.554 INFO [http-nio-8080-exec-3] org.apache.catalina.core.ApplicationContext.log Flight path: JNB -> LHR : 680
01-Nov-2018 15:48:36.554 INFO [http-nio-8080-exec-3] org.apache.catalina.core.ApplicationContext.log Flight path: LHR -> ORD : 535
01-Nov-2018 15:48:36.554 INFO [http-nio-8080-exec-3] org.apache.catalina.core.ApplicationContext.log Flight path: ORD -> LHR : 680
01-Nov-2018 15:48:36.554 INFO [http-nio-8080-exec-3] org.apache.catalina.core.ApplicationContext.log Flight path: LHR -> JNB : 535
01-Nov-2018 15:48:36.554 INFO [http-nio-8080-exec-3] org.apache.catalina.core.ApplicationContext.log Flight path: SIN -> LHR : 805
01-Nov-2018 15:48:36.554 INFO [http-nio-8080-exec-3] org.apache.catalina.core.ApplicationContext.log Graph build complete
01-Nov-2018 15:48:36.638 INFO [http-nio-8080-exec-10] org.apache.catalina.core.ApplicationContext.log destination airport: ATL
01-Nov-2018 15:48:36.638 INFO [http-nio-8080-exec-10] org.apache.catalina.core.ApplicationContext.log destination airport: MIA
01-Nov-2018 15:48:36.638 INFO [http-nio-8080-exec-10] org.apache.catalina.core.ApplicationContext.log destination airport: GIG
01-Nov-2018 15:48:36.638 INFO [http-nio-8080-exec-3] org.apache.catalina.core.ApplicationContext.log destination airport: ATL
01-Nov-2018 15:48:36.638 INFO [http-nio-8080-exec-3] org.apache.catalina.core.ApplicationContext.log destination airport: MIA
01-Nov-2018 15:48:36.638 INFO [http-nio-8080-exec-3] org.apache.catalina.core.ApplicationContext.log destination airport: GIG
01-Nov-2018 15:48:36.716 INFO [http-nio-8080-exec-3] org.apache.catalina.core.ApplicationContext.log shortest path size: 3
01-Nov-2018 15:48:36.716 INFO [http-nio-8080-exec-10] org.apache.catalina.core.ApplicationContext.log shortest path size: 3
01-Nov-2018 15:48:36.716 INFO [http-nio-8080-exec-3] org.apache.catalina.core.ApplicationContext.log path list size: 3
01-Nov-2018 15:48:36.716 INFO [http-nio-8080-exec-10] org.apache.catalina.core.ApplicationContext.log path list size: 3
01-Nov-2018 15:48:36.716 INFO [http-nio-8080-exec-10] org.apache.catalina.core.ApplicationContext.log throw away: ATL
01-Nov-2018 15:48:36.716 INFO [http-nio-8080-exec-3] org.apache.catalina.core.ApplicationContext.log throw away: ATL
01-Nov-2018 15:48:36.716 INFO [http-nio-8080-exec-10] org.apache.catalina.core.ApplicationContext.log throw away: MIA
01-Nov-2018 15:48:36.716 INFO [http-nio-8080-exec-3] org.apache.catalina.core.ApplicationContext.log throw away: MIA
01-Nov-2018 15:48:36.736 INFO [http-nio-8080-exec-3] org.apache.catalina.core.ApplicationContext.log AA: MIA->GIG @Sun Dec 24 22:50:00 AEDT 2017 to Sat Dec 23 23:20:00 AEDT 2017 good
01-Nov-2018 15:48:36.736 INFO [http-nio-8080-exec-3] org.apache.catalina.core.ApplicationContext.log path list size: 3
01-Nov-2018 15:48:36.736 INFO [http-nio-8080-exec-3] org.apache.catalina.core.ApplicationContext.log throw away: ATL
01-Nov-2018 15:48:36.736 INFO [http-nio-8080-exec-10] org.apache.catalina.core.ApplicationContext.log AA: MIA->GIG @Sun Dec 24 22:50:00 AEDT 2017 to Sat Dec 23 23:20:00 AEDT 2017 good
01-Nov-2018 15:48:36.736 INFO [http-nio-8080-exec-3] org.apache.catalina.core.ApplicationContext.log throw away: MIA
01-Nov-2018 15:48:36.736 INFO [http-nio-8080-exec-10] org.apache.catalina.core.ApplicationContext.log path list size: 3
01-Nov-2018 15:48:36.736 INFO [http-nio-8080-exec-10] org.apache.catalina.core.ApplicationContext.log throw away: ATL
01-Nov-2018 15:48:36.736 INFO [http-nio-8080-exec-10] org.apache.catalina.core.ApplicationContext.log throw away: MIA
01-Nov-2018 15:48:36.752 INFO [http-nio-8080-exec-10] org.apache.catalina.core.ApplicationContext.log AA: MIA->GIG @Mon Dec 25 22:50:00 AEDT 2017 to Sun Dec 24 23:20:00 AEDT 2017 good
01-Nov-2018 15:48:36.752 INFO [http-nio-8080-exec-10] org.apache.catalina.core.ApplicationContext.log path list size: 3
01-Nov-2018 15:48:36.752 INFO [http-nio-8080-exec-10] org.apache.catalina.core.ApplicationContext.log throw away: ATL
01-Nov-2018 15:48:36.752 INFO [http-nio-8080-exec-3] org.apache.catalina.core.ApplicationContext.log AA: MIA->GIG @Mon Dec 25 22:50:00 AEDT 2017 to Sun Dec 24 23:20:00 AEDT 2017 good
01-Nov-2018 15:48:36.752 INFO [http-nio-8080-exec-10] org.apache.catalina.core.ApplicationContext.log throw away: MIA
01-Nov-2018 15:48:36.752 INFO [http-nio-8080-exec-3] org.apache.catalina.core.ApplicationContext.log path list size: 3
01-Nov-2018 15:48:36.752 INFO [http-nio-8080-exec-3] org.apache.catalina.core.ApplicationContext.log throw away: ATL
01-Nov-2018 15:48:36.752 INFO [http-nio-8080-exec-3] org.apache.catalina.core.ApplicationContext.log throw away: MIA
01-Nov-2018 15:48:36.786 INFO [http-nio-8080-exec-10] org.apache.catalina.core.ApplicationContext.log AA: MIA->GIG @Tue Dec 26 22:50:00 AEDT 2017 to Mon Dec 25 23:20:00 AEDT 2017 good
01-Nov-2018 15:48:36.787 INFO [http-nio-8080-exec-3] org.apache.catalina.core.ApplicationContext.log AA: MIA->GIG @Tue Dec 26 22:50:00 AEDT 2017 to Mon Dec 25 23:20:00 AEDT 2017 good
01-Nov-2018 15:48:42.358 INFO [http-nio-8080-exec-7] org.apache.catalina.core.ApplicationContext.log destination airport: ATL
01-Nov-2018 15:48:42.358 INFO [http-nio-8080-exec-7] org.apache.catalina.core.ApplicationContext.log destination airport: MIA
01-Nov-2018 15:48:42.358 INFO [http-nio-8080-exec-6] org.apache.catalina.core.ApplicationContext.log destination airport: ATL
01-Nov-2018 15:48:42.359 INFO [http-nio-8080-exec-7] org.apache.catalina.core.ApplicationContext.log destination airport: GIG
01-Nov-2018 15:48:42.359 INFO [http-nio-8080-exec-6] org.apache.catalina.core.ApplicationContext.log destination airport: MIA
01-Nov-2018 15:48:42.359 INFO [http-nio-8080-exec-6] org.apache.catalina.core.ApplicationContext.log destination airport: GIG
01-Nov-2018 15:48:42.368 INFO [http-nio-8080-exec-6] org.apache.catalina.core.ApplicationContext.log shortest path size: 3
01-Nov-2018 15:48:42.368 INFO [http-nio-8080-exec-6] org.apache.catalina.core.ApplicationContext.log path list size: 3
01-Nov-2018 15:48:42.368 INFO [http-nio-8080-exec-6] org.apache.catalina.core.ApplicationContext.log throw away: ATL
01-Nov-2018 15:48:42.368 INFO [http-nio-8080-exec-6] org.apache.catalina.core.ApplicationContext.log throw away: MIA
01-Nov-2018 15:48:42.369 INFO [http-nio-8080-exec-7] org.apache.catalina.core.ApplicationContext.log shortest path size: 3
01-Nov-2018 15:48:42.369 INFO [http-nio-8080-exec-7] org.apache.catalina.core.ApplicationContext.log path list size: 3
01-Nov-2018 15:48:42.369 INFO [http-nio-8080-exec-7] org.apache.catalina.core.ApplicationContext.log throw away: ATL
01-Nov-2018 15:48:42.369 INFO [http-nio-8080-exec-7] org.apache.catalina.core.ApplicationContext.log throw away: MIA
01-Nov-2018 15:48:42.388 INFO [http-nio-8080-exec-6] org.apache.catalina.core.ApplicationContext.log AA: MIA->GIG @Sun Dec 24 22:50:00 AEDT 2017 to Sat Dec 23 23:20:00 AEDT 2017 good
01-Nov-2018 15:48:42.388 INFO [http-nio-8080-exec-6] org.apache.catalina.core.ApplicationContext.log path list size: 3
01-Nov-2018 15:48:42.388 INFO [http-nio-8080-exec-6] org.apache.catalina.core.ApplicationContext.log throw away: ATL
01-Nov-2018 15:48:42.388 INFO [http-nio-8080-exec-6] org.apache.catalina.core.ApplicationContext.log throw away: MIA
01-Nov-2018 15:48:42.388 INFO [http-nio-8080-exec-7] org.apache.catalina.core.ApplicationContext.log AA: MIA->GIG @Sun Dec 24 22:50:00 AEDT 2017 to Sat Dec 23 23:20:00 AEDT 2017 good
01-Nov-2018 15:48:42.388 INFO [http-nio-8080-exec-7] org.apache.catalina.core.ApplicationContext.log path list size: 3
01-Nov-2018 15:48:42.389 INFO [http-nio-8080-exec-7] org.apache.catalina.core.ApplicationContext.log throw away: ATL
01-Nov-2018 15:48:42.389 INFO [http-nio-8080-exec-7] org.apache.catalina.core.ApplicationContext.log throw away: MIA
01-Nov-2018 15:48:42.409 INFO [http-nio-8080-exec-7] org.apache.catalina.core.ApplicationContext.log AA: MIA->GIG @Mon Dec 25 22:50:00 AEDT 2017 to Sun Dec 24 23:20:00 AEDT 2017 good
01-Nov-2018 15:48:42.409 INFO [http-nio-8080-exec-7] org.apache.catalina.core.ApplicationContext.log path list size: 3
01-Nov-2018 15:48:42.409 INFO [http-nio-8080-exec-6] org.apache.catalina.core.ApplicationContext.log AA: MIA->GIG @Mon Dec 25 22:50:00 AEDT 2017 to Sun Dec 24 23:20:00 AEDT 2017 good
01-Nov-2018 15:48:42.409 INFO [http-nio-8080-exec-7] org.apache.catalina.core.ApplicationContext.log throw away: ATL
01-Nov-2018 15:48:42.409 INFO [http-nio-8080-exec-7] org.apache.catalina.core.ApplicationContext.log throw away: MIA
01-Nov-2018 15:48:42.409 INFO [http-nio-8080-exec-6] org.apache.catalina.core.ApplicationContext.log path list size: 3
01-Nov-2018 15:48:42.409 INFO [http-nio-8080-exec-6] org.apache.catalina.core.ApplicationContext.log throw away: ATL
01-Nov-2018 15:48:42.409 INFO [http-nio-8080-exec-6] org.apache.catalina.core.ApplicationContext.log throw away: MIA
01-Nov-2018 15:48:42.424 INFO [http-nio-8080-exec-7] org.apache.catalina.core.ApplicationContext.log AA: MIA->GIG @Tue Dec 26 22:50:00 AEDT 2017 to Mon Dec 25 23:20:00 AEDT 2017 good
01-Nov-2018 15:48:42.425 INFO [http-nio-8080-exec-6] org.apache.catalina.core.ApplicationContext.log AA: MIA->GIG @Tue Dec 26 22:50:00 AEDT 2017 to Mon Dec 25 23:20:00 AEDT 2017 good
01-Nov-2018 15:48:46.338 INFO [http-nio-8080-exec-3] org.apache.catalina.core.ApplicationContext.log destination airport: LGA
01-Nov-2018 15:48:46.338 INFO [http-nio-8080-exec-2] org.apache.catalina.core.ApplicationContext.log destination airport: LGA
01-Nov-2018 15:48:46.338 INFO [http-nio-8080-exec-3] org.apache.catalina.core.ApplicationContext.log destination airport: ORD
01-Nov-2018 15:48:46.338 INFO [http-nio-8080-exec-2] org.apache.catalina.core.ApplicationContext.log destination airport: ORD
01-Nov-2018 15:48:46.354 INFO [http-nio-8080-exec-3] org.apache.catalina.core.ApplicationContext.log shortest path size: 2
01-Nov-2018 15:48:46.354 INFO [http-nio-8080-exec-2] org.apache.catalina.core.ApplicationContext.log shortest path size: 2
01-Nov-2018 15:48:49.584 INFO [http-nio-8080-exec-4] org.apache.catalina.core.ApplicationContext.log destination airport: MIA
01-Nov-2018 15:48:49.584 INFO [http-nio-8080-exec-4] org.apache.catalina.core.ApplicationContext.log destination airport: GIG
01-Nov-2018 15:48:49.585 INFO [http-nio-8080-exec-4] org.apache.catalina.core.ApplicationContext.log destination airport: JFK
01-Nov-2018 15:48:49.585 INFO [http-nio-8080-exec-4] org.apache.catalina.core.ApplicationContext.log destination airport: ATL
01-Nov-2018 15:48:49.585 INFO [http-nio-8080-exec-8] org.apache.catalina.core.ApplicationContext.log destination airport: MIA
01-Nov-2018 15:48:49.585 INFO [http-nio-8080-exec-4] org.apache.catalina.core.ApplicationContext.log destination airport: LGA
01-Nov-2018 15:48:49.585 INFO [http-nio-8080-exec-8] org.apache.catalina.core.ApplicationContext.log destination airport: GIG
01-Nov-2018 15:48:49.585 INFO [http-nio-8080-exec-8] org.apache.catalina.core.ApplicationContext.log destination airport: JFK
01-Nov-2018 15:48:49.585 INFO [http-nio-8080-exec-8] org.apache.catalina.core.ApplicationContext.log destination airport: ATL
01-Nov-2018 15:48:49.585 INFO [http-nio-8080-exec-8] org.apache.catalina.core.ApplicationContext.log destination airport: LGA
01-Nov-2018 15:48:49.604 INFO [http-nio-8080-exec-8] org.apache.catalina.core.ApplicationContext.log shortest path size: 5
01-Nov-2018 15:48:49.604 INFO [http-nio-8080-exec-8] org.apache.catalina.core.ApplicationContext.log path list size: 5
01-Nov-2018 15:48:49.604 INFO [http-nio-8080-exec-4] org.apache.catalina.core.ApplicationContext.log shortest path size: 5
01-Nov-2018 15:48:49.604 INFO [http-nio-8080-exec-8] org.apache.catalina.core.ApplicationContext.log throw away: MIA
01-Nov-2018 15:48:49.604 INFO [http-nio-8080-exec-8] org.apache.catalina.core.ApplicationContext.log throw away: GIG
01-Nov-2018 15:48:49.604 INFO [http-nio-8080-exec-4] org.apache.catalina.core.ApplicationContext.log path list size: 5
01-Nov-2018 15:48:49.604 INFO [http-nio-8080-exec-4] org.apache.catalina.core.ApplicationContext.log throw away: MIA
01-Nov-2018 15:48:49.604 INFO [http-nio-8080-exec-4] org.apache.catalina.core.ApplicationContext.log throw away: GIG
01-Nov-2018 15:48:49.624 INFO [http-nio-8080-exec-8] org.apache.catalina.core.ApplicationContext.log AA: GIG->JFK @Mon Dec 25 20:00:00 AEDT 2017 to Sun Dec 24 20:30:00 AEDT 2017 good
01-Nov-2018 15:48:49.626 INFO [http-nio-8080-exec-4] org.apache.catalina.core.ApplicationContext.log AA: GIG->JFK @Mon Dec 25 20:00:00 AEDT 2017 to Sun Dec 24 20:30:00 AEDT 2017 good
01-Nov-2018 15:48:49.645 INFO [http-nio-8080-exec-8] org.apache.catalina.core.ApplicationContext.log AA: JFK->ATL @Tue Dec 26 17:15:00 AEDT 2017 to Mon Dec 25 17:45:00 AEDT 2017 good
01-Nov-2018 15:48:49.646 INFO [http-nio-8080-exec-4] org.apache.catalina.core.ApplicationContext.log AA: JFK->ATL @Tue Dec 26 17:15:00 AEDT 2017 to Mon Dec 25 17:45:00 AEDT 2017 good
01-Nov-2018 15:48:49.665 INFO [http-nio-8080-exec-4] org.apache.catalina.core.ApplicationContext.log AA: ATL->LGA @Wed Dec 27 04:59:00 AEDT 2017 to Tue Dec 26 05:29:00 AEDT 2017 good
01-Nov-2018 15:48:49.665 INFO [http-nio-8080-exec-8] org.apache.catalina.core.ApplicationContext.log AA: ATL->LGA @Wed Dec 27 04:59:00 AEDT 2017 to Tue Dec 26 05:29:00 AEDT 2017 good
01-Nov-2018 15:48:49.665 INFO [http-nio-8080-exec-4] org.apache.catalina.core.ApplicationContext.log path list size: 5
01-Nov-2018 15:48:49.665 INFO [http-nio-8080-exec-8] org.apache.catalina.core.ApplicationContext.log path list size: 5
01-Nov-2018 15:48:49.666 INFO [http-nio-8080-exec-4] org.apache.catalina.core.ApplicationContext.log throw away: MIA
01-Nov-2018 15:48:49.666 INFO [http-nio-8080-exec-8] org.apache.catalina.core.ApplicationContext.log throw away: MIA
01-Nov-2018 15:48:49.666 INFO [http-nio-8080-exec-4] org.apache.catalina.core.ApplicationContext.log throw away: GIG
01-Nov-2018 15:48:49.666 INFO [http-nio-8080-exec-8] org.apache.catalina.core.ApplicationContext.log throw away: GIG
01-Nov-2018 15:48:49.680 INFO [http-nio-8080-exec-4] org.apache.catalina.core.ApplicationContext.log AA: GIG->JFK @Tue Dec 26 20:00:00 AEDT 2017 to Mon Dec 25 20:30:00 AEDT 2017 good
01-Nov-2018 15:48:49.685 INFO [http-nio-8080-exec-8] org.apache.catalina.core.ApplicationContext.log AA: GIG->JFK @Tue Dec 26 20:00:00 AEDT 2017 to Mon Dec 25 20:30:00 AEDT 2017 good
01-Nov-2018 15:48:49.686 INFO [http-nio-8080-exec-4] org.apache.catalina.core.ApplicationContext.log AA: JFK->ATL @Wed Dec 27 17:15:00 AEDT 2017 to Tue Dec 26 17:45:00 AEDT 2017 good
01-Nov-2018 15:48:49.686 INFO [http-nio-8080-exec-8] org.apache.catalina.core.ApplicationContext.log AA: JFK->ATL @Wed Dec 27 17:15:00 AEDT 2017 to Tue Dec 26 17:45:00 AEDT 2017 good
01-Nov-2018 15:48:49.702 INFO [http-nio-8080-exec-4] org.apache.catalina.core.ApplicationContext.log AA: ATL->LGA @Thu Dec 28 04:59:00 AEDT 2017 to Wed Dec 27 05:29:00 AEDT 2017 good
01-Nov-2018 15:48:49.702 INFO [http-nio-8080-exec-4] org.apache.catalina.core.ApplicationContext.log path list size: 5
01-Nov-2018 15:48:49.702 INFO [http-nio-8080-exec-4] org.apache.catalina.core.ApplicationContext.log throw away: MIA
01-Nov-2018 15:48:49.702 INFO [http-nio-8080-exec-4] org.apache.catalina.core.ApplicationContext.log throw away: GIG
01-Nov-2018 15:48:49.702 INFO [http-nio-8080-exec-8] org.apache.catalina.core.ApplicationContext.log AA: ATL->LGA @Thu Dec 28 04:59:00 AEDT 2017 to Wed Dec 27 05:29:00 AEDT 2017 good
01-Nov-2018 15:48:49.702 INFO [http-nio-8080-exec-8] org.apache.catalina.core.ApplicationContext.log path list size: 5
01-Nov-2018 15:48:49.702 INFO [http-nio-8080-exec-8] org.apache.catalina.core.ApplicationContext.log throw away: MIA
01-Nov-2018 15:48:49.702 INFO [http-nio-8080-exec-8] org.apache.catalina.core.ApplicationContext.log throw away: GIG
01-Nov-2018 15:48:49.718 INFO [http-nio-8080-exec-4] org.apache.catalina.core.ApplicationContext.log AA: GIG->JFK @Wed Dec 27 20:00:00 AEDT 2017 to Tue Dec 26 20:30:00 AEDT 2017 good
01-Nov-2018 15:48:49.718 INFO [http-nio-8080-exec-8] org.apache.catalina.core.ApplicationContext.log AA: GIG->JFK @Wed Dec 27 20:00:00 AEDT 2017 to Tue Dec 26 20:30:00 AEDT 2017 good
01-Nov-2018 15:48:49.733 INFO [http-nio-8080-exec-4] org.apache.catalina.core.ApplicationContext.log AA: JFK->ATL @Thu Dec 28 17:15:00 AEDT 2017 to Wed Dec 27 17:45:00 AEDT 2017 good
01-Nov-2018 15:48:49.733 INFO [http-nio-8080-exec-8] org.apache.catalina.core.ApplicationContext.log AA: JFK->ATL @Thu Dec 28 17:15:00 AEDT 2017 to Wed Dec 27 17:45:00 AEDT 2017 good
01-Nov-2018 15:48:49.756 INFO [http-nio-8080-exec-4] org.apache.catalina.core.ApplicationContext.log AA: ATL->LGA @Fri Dec 29 04:59:00 AEDT 2017 to Thu Dec 28 05:29:00 AEDT 2017 good
01-Nov-2018 15:48:49.762 INFO [http-nio-8080-exec-8] org.apache.catalina.core.ApplicationContext.log AA: ATL->LGA @Fri Dec 29 04:59:00 AEDT 2017 to Thu Dec 28 05:29:00 AEDT 2017 good
01-Nov-2018 15:49:05.777 INFO [http-nio-8080-exec-3] org.apache.catalina.core.ApplicationContext.log destination airport: ATL
01-Nov-2018 15:49:05.777 INFO [http-nio-8080-exec-3] org.apache.catalina.core.ApplicationContext.log destination airport: MIA
01-Nov-2018 15:49:05.778 INFO [http-nio-8080-exec-3] org.apache.catalina.core.ApplicationContext.log destination airport: GIG
01-Nov-2018 15:49:05.779 INFO [http-nio-8080-exec-2] org.apache.catalina.core.ApplicationContext.log destination airport: ATL
01-Nov-2018 15:49:05.779 INFO [http-nio-8080-exec-2] org.apache.catalina.core.ApplicationContext.log destination airport: MIA
01-Nov-2018 15:49:05.779 INFO [http-nio-8080-exec-2] org.apache.catalina.core.ApplicationContext.log destination airport: GIG
01-Nov-2018 15:49:05.795 INFO [http-nio-8080-exec-2] org.apache.catalina.core.ApplicationContext.log shortest path size: 3
01-Nov-2018 15:49:05.795 INFO [http-nio-8080-exec-2] org.apache.catalina.core.ApplicationContext.log path list size: 3
01-Nov-2018 15:49:05.795 INFO [http-nio-8080-exec-2] org.apache.catalina.core.ApplicationContext.log throw away: ATL
01-Nov-2018 15:49:05.795 INFO [http-nio-8080-exec-3] org.apache.catalina.core.ApplicationContext.log shortest path size: 3
01-Nov-2018 15:49:05.795 INFO [http-nio-8080-exec-2] org.apache.catalina.core.ApplicationContext.log throw away: MIA
01-Nov-2018 15:49:05.795 INFO [http-nio-8080-exec-3] org.apache.catalina.core.ApplicationContext.log path list size: 3
01-Nov-2018 15:49:05.795 INFO [http-nio-8080-exec-3] org.apache.catalina.core.ApplicationContext.log throw away: ATL
01-Nov-2018 15:49:05.795 INFO [http-nio-8080-exec-3] org.apache.catalina.core.ApplicationContext.log throw away: MIA
01-Nov-2018 15:49:05.809 INFO [http-nio-8080-exec-2] org.apache.catalina.core.ApplicationContext.log AA: MIA->GIG @Sun Dec 24 22:50:00 AEDT 2017 to Sat Dec 23 23:20:00 AEDT 2017 good
01-Nov-2018 15:49:05.809 INFO [http-nio-8080-exec-2] org.apache.catalina.core.ApplicationContext.log path list size: 3
01-Nov-2018 15:49:05.810 INFO [http-nio-8080-exec-2] org.apache.catalina.core.ApplicationContext.log throw away: ATL
01-Nov-2018 15:49:05.810 INFO [http-nio-8080-exec-2] org.apache.catalina.core.ApplicationContext.log throw away: MIA
01-Nov-2018 15:49:05.811 INFO [http-nio-8080-exec-3] org.apache.catalina.core.ApplicationContext.log AA: MIA->GIG @Sun Dec 24 22:50:00 AEDT 2017 to Sat Dec 23 23:20:00 AEDT 2017 good
01-Nov-2018 15:49:05.811 INFO [http-nio-8080-exec-3] org.apache.catalina.core.ApplicationContext.log path list size: 3
01-Nov-2018 15:49:05.811 INFO [http-nio-8080-exec-3] org.apache.catalina.core.ApplicationContext.log throw away: ATL
01-Nov-2018 15:49:05.811 INFO [http-nio-8080-exec-3] org.apache.catalina.core.ApplicationContext.log throw away: MIA
01-Nov-2018 15:49:05.823 INFO [http-nio-8080-exec-2] org.apache.catalina.core.ApplicationContext.log AA: MIA->GIG @Mon Dec 25 22:50:00 AEDT 2017 to Sun Dec 24 23:20:00 AEDT 2017 good
01-Nov-2018 15:49:05.823 INFO [http-nio-8080-exec-2] org.apache.catalina.core.ApplicationContext.log path list size: 3
01-Nov-2018 15:49:05.823 INFO [http-nio-8080-exec-2] org.apache.catalina.core.ApplicationContext.log throw away: ATL
01-Nov-2018 15:49:05.824 INFO [http-nio-8080-exec-2] org.apache.catalina.core.ApplicationContext.log throw away: MIA
01-Nov-2018 15:49:05.824 INFO [http-nio-8080-exec-3] org.apache.catalina.core.ApplicationContext.log AA: MIA->GIG @Mon Dec 25 22:50:00 AEDT 2017 to Sun Dec 24 23:20:00 AEDT 2017 good
01-Nov-2018 15:49:05.824 INFO [http-nio-8080-exec-3] org.apache.catalina.core.ApplicationContext.log path list size: 3
01-Nov-2018 15:49:05.824 INFO [http-nio-8080-exec-3] org.apache.catalina.core.ApplicationContext.log throw away: ATL
01-Nov-2018 15:49:05.824 INFO [http-nio-8080-exec-3] org.apache.catalina.core.ApplicationContext.log throw away: MIA
01-Nov-2018 15:49:05.866 INFO [http-nio-8080-exec-3] org.apache.catalina.core.ApplicationContext.log AA: MIA->GIG @Tue Dec 26 22:50:00 AEDT 2017 to Mon Dec 25 23:20:00 AEDT 2017 good
01-Nov-2018 15:49:05.866 INFO [http-nio-8080-exec-2] org.apache.catalina.core.ApplicationContext.log AA: MIA->GIG @Tue Dec 26 22:50:00 AEDT 2017 to Mon Dec 25 23:20:00 AEDT 2017 good
01-Nov-2018 15:49:11.177 SEVERE [http-nio-8080-exec-4] org.apache.catalina.core.StandardWrapperValve.invoke Servlet.service() for servlet [SpringDispatcher] in context with path [/FlightPub-0.2] threw exception [Request processing failed; nested exception is javax.persistence.PersistenceException: org.hibernate.exception.JDBCConnectionException: Unable to acquire JDBC Connection] with root cause
 com.mysql.cj.exceptions.CJException: Data source rejected establishment of connection,  message from server: "Too many connections"
	at sun.reflect.NativeConstructorAccessorImpl.newInstance0(Native Method)
	at sun.reflect.NativeConstructorAccessorImpl.newInstance(NativeConstructorAccessorImpl.java:62)
	at sun.reflect.DelegatingConstructorAccessorImpl.newInstance(DelegatingConstructorAccessorImpl.java:45)
	at java.lang.reflect.Constructor.newInstance(Constructor.java:423)
	at com.mysql.cj.exceptions.ExceptionFactory.createException(ExceptionFactory.java:61)
	at com.mysql.cj.exceptions.ExceptionFactory.createException(ExceptionFactory.java:105)
	at com.mysql.cj.exceptions.ExceptionFactory.createException(ExceptionFactory.java:151)
	at com.mysql.cj.exceptions.ExceptionFactory.createException(ExceptionFactory.java:129)
	at com.mysql.cj.protocol.a.NativeProtocol.rejectProtocol(NativeProtocol.java:385)
	at com.mysql.cj.protocol.a.NativeProtocol.readServerCapabilities(NativeProtocol.java:512)
	at com.mysql.cj.protocol.a.NativeProtocol.beforeHandshake(NativeProtocol.java:397)
	at com.mysql.cj.protocol.a.NativeProtocol.connect(NativeProtocol.java:1441)
	at com.mysql.cj.NativeSession.connect(NativeSession.java:165)
	at com.mysql.cj.jdbc.ConnectionImpl.connectWithRetries(ConnectionImpl.java:846)
	at com.mysql.cj.jdbc.ConnectionImpl.createNewIO(ConnectionImpl.java:827)
	at com.mysql.cj.jdbc.ConnectionImpl.<init>(ConnectionImpl.java:456)
	at com.mysql.cj.jdbc.ConnectionImpl.getInstance(ConnectionImpl.java:240)
	at com.mysql.cj.jdbc.NonRegisteringDriver.connect(NonRegisteringDriver.java:207)
	at org.apache.tomcat.dbcp.dbcp2.DriverConnectionFactory.createConnection(DriverConnectionFactory.java:38)
	at org.apache.tomcat.dbcp.dbcp2.PoolableConnectionFactory.makeObject(PoolableConnectionFactory.java:262)
	at org.apache.tomcat.dbcp.pool2.impl.GenericObjectPool.create(GenericObjectPool.java:890)
	at org.apache.tomcat.dbcp.pool2.impl.GenericObjectPool.borrowObject(GenericObjectPool.java:432)
	at org.apache.tomcat.dbcp.pool2.impl.GenericObjectPool.borrowObject(GenericObjectPool.java:361)
	at org.apache.tomcat.dbcp.dbcp2.PoolingDataSource.getConnection(PoolingDataSource.java:134)
	at org.apache.tomcat.dbcp.dbcp2.BasicDataSource.getConnection(BasicDataSource.java:1543)
	at org.hibernate.engine.jdbc.connections.internal.DatasourceConnectionProviderImpl.getConnection(DatasourceConnectionProviderImpl.java:122)
	at org.hibernate.internal.NonContextualJdbcConnectionAccess.obtainConnection(NonContextualJdbcConnectionAccess.java:35)
	at org.hibernate.resource.jdbc.internal.LogicalConnectionManagedImpl.acquireConnectionIfNeeded(LogicalConnectionManagedImpl.java:106)
	at org.hibernate.resource.jdbc.internal.LogicalConnectionManagedImpl.getPhysicalConnection(LogicalConnectionManagedImpl.java:136)
	at org.hibernate.engine.jdbc.internal.StatementPreparerImpl.connection(StatementPreparerImpl.java:47)
	at org.hibernate.engine.jdbc.internal.StatementPreparerImpl$5.doPrepare(StatementPreparerImpl.java:145)
	at org.hibernate.engine.jdbc.internal.StatementPreparerImpl$StatementPreparationTemplate.prepareStatement(StatementPreparerImpl.java:171)
	at org.hibernate.engine.jdbc.internal.StatementPreparerImpl.prepareQueryStatement(StatementPreparerImpl.java:147)
	at org.hibernate.loader.Loader.prepareQueryStatement(Loader.java:1985)
	at org.hibernate.loader.Loader.executeQueryStatement(Loader.java:1915)
	at org.hibernate.loader.Loader.executeQueryStatement(Loader.java:1893)
	at org.hibernate.loader.Loader.doQuery(Loader.java:938)
	at org.hibernate.loader.Loader.doQueryAndInitializeNonLazyCollections(Loader.java:341)
	at org.hibernate.loader.Loader.doList(Loader.java:2692)
	at org.hibernate.loader.Loader.doList(Loader.java:2675)
	at org.hibernate.loader.Loader.listIgnoreQueryCache(Loader.java:2507)
	at org.hibernate.loader.Loader.list(Loader.java:2502)
	at org.hibernate.loader.hql.QueryLoader.list(QueryLoader.java:502)
	at org.hibernate.hql.internal.ast.QueryTranslatorImpl.list(QueryTranslatorImpl.java:392)
	at org.hibernate.engine.query.spi.HQLQueryPlan.performList(HQLQueryPlan.java:216)
	at org.hibernate.internal.SessionImpl.list(SessionImpl.java:1490)
	at org.hibernate.query.internal.AbstractProducedQuery.doList(AbstractProducedQuery.java:1445)
	at org.hibernate.query.internal.AbstractProducedQuery.list(AbstractProducedQuery.java:1414)
	at org.hibernate.query.internal.AbstractProducedQuery.getSingleResult(AbstractProducedQuery.java:1463)
	at seng3150.group3.service.FlightDAO.getFlight(FlightDAO.java:36)
	at seng3150.group3.controllers.PaymentController.payment(PaymentController.java:67)
	at sun.reflect.NativeMethodAccessorImpl.invoke0(Native Method)
	at sun.reflect.NativeMethodAccessorImpl.invoke(NativeMethodAccessorImpl.java:62)
	at sun.reflect.DelegatingMethodAccessorImpl.invoke(DelegatingMethodAccessorImpl.java:43)
	at java.lang.reflect.Method.invoke(Method.java:498)
	at org.springframework.web.method.support.InvocableHandlerMethod.doInvoke(InvocableHandlerMethod.java:209)
	at org.springframework.web.method.support.InvocableHandlerMethod.invokeForRequest(InvocableHandlerMethod.java:136)
	at org.springframework.web.servlet.mvc.method.annotation.ServletInvocableHandlerMethod.invokeAndHandle(ServletInvocableHandlerMethod.java:102)
	at org.springframework.web.servlet.mvc.method.annotation.RequestMappingHandlerAdapter.invokeHandlerMethod(RequestMappingHandlerAdapter.java:870)
	at org.springframework.web.servlet.mvc.method.annotation.RequestMappingHandlerAdapter.handleInternal(RequestMappingHandlerAdapter.java:776)
	at org.springframework.web.servlet.mvc.method.AbstractHandlerMethodAdapter.handle(AbstractHandlerMethodAdapter.java:87)
	at org.springframework.web.servlet.DispatcherServlet.doDispatch(DispatcherServlet.java:991)
	at org.springframework.web.servlet.DispatcherServlet.doService(DispatcherServlet.java:925)
	at org.springframework.web.servlet.FrameworkServlet.processRequest(FrameworkServlet.java:978)
	at org.springframework.web.servlet.FrameworkServlet.doGet(FrameworkServlet.java:870)
	at javax.servlet.http.HttpServlet.service(HttpServlet.java:635)
	at org.springframework.web.servlet.FrameworkServlet.service(FrameworkServlet.java:855)
	at javax.servlet.http.HttpServlet.service(HttpServlet.java:742)
	at org.apache.catalina.core.ApplicationFilterChain.internalDoFilter(ApplicationFilterChain.java:231)
	at org.apache.catalina.core.ApplicationFilterChain.doFilter(ApplicationFilterChain.java:166)
	at org.apache.tomcat.websocket.server.WsFilter.doFilter(WsFilter.java:52)
	at org.apache.catalina.core.ApplicationFilterChain.internalDoFilter(ApplicationFilterChain.java:193)
	at org.apache.catalina.core.ApplicationFilterChain.doFilter(ApplicationFilterChain.java:166)
	at org.springframework.security.web.FilterChainProxy$VirtualFilterChain.doFilter(FilterChainProxy.java:320)
	at org.springframework.security.web.access.intercept.FilterSecurityInterceptor.invoke(FilterSecurityInterceptor.java:127)
	at org.springframework.security.web.access.intercept.FilterSecurityInterceptor.doFilter(FilterSecurityInterceptor.java:91)
	at org.springframework.security.web.FilterChainProxy$VirtualFilterChain.doFilter(FilterChainProxy.java:334)
	at org.springframework.security.web.access.ExceptionTranslationFilter.doFilter(ExceptionTranslationFilter.java:119)
	at org.springframework.security.web.FilterChainProxy$VirtualFilterChain.doFilter(FilterChainProxy.java:334)
	at org.springframework.security.web.session.SessionManagementFilter.doFilter(SessionManagementFilter.java:137)
	at org.springframework.security.web.FilterChainProxy$VirtualFilterChain.doFilter(FilterChainProxy.java:334)
	at org.springframework.security.web.authentication.AnonymousAuthenticationFilter.doFilter(AnonymousAuthenticationFilter.java:111)
	at org.springframework.security.web.FilterChainProxy$VirtualFilterChain.doFilter(FilterChainProxy.java:334)
	at org.springframework.security.web.servletapi.SecurityContextHolderAwareRequestFilter.doFilter(SecurityContextHolderAwareRequestFilter.java:170)
	at org.springframework.security.web.FilterChainProxy$VirtualFilterChain.doFilter(FilterChainProxy.java:334)
	at org.springframework.security.web.savedrequest.RequestCacheAwareFilter.doFilter(RequestCacheAwareFilter.java:63)
	at org.springframework.security.web.FilterChainProxy$VirtualFilterChain.doFilter(FilterChainProxy.java:334)
	at org.springframework.security.web.authentication.AbstractAuthenticationProcessingFilter.doFilter(AbstractAuthenticationProcessingFilter.java:200)
	at org.springframework.security.web.FilterChainProxy$VirtualFilterChain.doFilter(FilterChainProxy.java:334)
	at org.springframework.security.web.authentication.logout.LogoutFilter.doFilter(LogoutFilter.java:116)
	at org.springframework.security.web.FilterChainProxy$VirtualFilterChain.doFilter(FilterChainProxy.java:334)
	at org.springframework.security.web.header.HeaderWriterFilter.doFilterInternal(HeaderWriterFilter.java:66)
	at org.springframework.web.filter.OncePerRequestFilter.doFilter(OncePerRequestFilter.java:107)
	at org.springframework.security.web.FilterChainProxy$VirtualFilterChain.doFilter(FilterChainProxy.java:334)
	at org.springframework.security.web.context.SecurityContextPersistenceFilter.doFilter(SecurityContextPersistenceFilter.java:105)
	at org.springframework.security.web.FilterChainProxy$VirtualFilterChain.doFilter(FilterChainProxy.java:334)
	at org.springframework.security.web.context.request.async.WebAsyncManagerIntegrationFilter.doFilterInternal(WebAsyncManagerIntegrationFilter.java:56)
	at org.springframework.web.filter.OncePerRequestFilter.doFilter(OncePerRequestFilter.java:107)
	at org.springframework.security.web.FilterChainProxy$VirtualFilterChain.doFilter(FilterChainProxy.java:334)
	at org.springframework.security.web.FilterChainProxy.doFilterInternal(FilterChainProxy.java:215)
	at org.springframework.security.web.FilterChainProxy.doFilter(FilterChainProxy.java:178)
	at org.springframework.web.filter.DelegatingFilterProxy.invokeDelegate(DelegatingFilterProxy.java:357)
	at org.springframework.web.filter.DelegatingFilterProxy.doFilter(DelegatingFilterProxy.java:270)
	at org.apache.catalina.core.ApplicationFilterChain.internalDoFilter(ApplicationFilterChain.java:193)
	at org.apache.catalina.core.ApplicationFilterChain.doFilter(ApplicationFilterChain.java:166)
	at org.apache.catalina.core.StandardWrapperValve.invoke(StandardWrapperValve.java:198)
	at org.apache.catalina.core.StandardContextValve.invoke(StandardContextValve.java:96)
	at org.apache.catalina.authenticator.AuthenticatorBase.invoke(AuthenticatorBase.java:496)
	at org.apache.catalina.core.StandardHostValve.invoke(StandardHostValve.java:140)
	at org.apache.catalina.valves.ErrorReportValve.invoke(ErrorReportValve.java:81)
	at org.apache.catalina.valves.AbstractAccessLogValve.invoke(AbstractAccessLogValve.java:650)
	at org.apache.catalina.core.StandardEngineValve.invoke(StandardEngineValve.java:87)
	at org.apache.catalina.connector.CoyoteAdapter.service(CoyoteAdapter.java:342)
	at org.apache.coyote.http11.Http11Processor.service(Http11Processor.java:803)
	at org.apache.coyote.AbstractProcessorLight.process(AbstractProcessorLight.java:66)
	at org.apache.coyote.AbstractProtocol$ConnectionHandler.process(AbstractProtocol.java:790)
	at org.apache.tomcat.util.net.NioEndpoint$SocketProcessor.doRun(NioEndpoint.java:1459)
	at org.apache.tomcat.util.net.SocketProcessorBase.run(SocketProcessorBase.java:49)
	at java.util.concurrent.ThreadPoolExecutor.runWorker(ThreadPoolExecutor.java:1142)
	at java.util.concurrent.ThreadPoolExecutor$Worker.run(ThreadPoolExecutor.java:617)
	at org.apache.tomcat.util.threads.TaskThread$WrappingRunnable.run(TaskThread.java:61)
	at java.lang.Thread.run(Thread.java:745)

01-Nov-2018 15:49:28.454 SEVERE [http-nio-8080-exec-2] org.apache.catalina.core.StandardWrapperValve.invoke Servlet.service() for servlet [SpringDispatcher] in context with path [/FlightPub-0.2] threw exception [Request processing failed; nested exception is javax.persistence.PersistenceException: org.hibernate.exception.JDBCConnectionException: Unable to acquire JDBC Connection] with root cause
 com.mysql.cj.exceptions.CJException: Data source rejected establishment of connection,  message from server: "Too many connections"
	at sun.reflect.NativeConstructorAccessorImpl.newInstance0(Native Method)
	at sun.reflect.NativeConstructorAccessorImpl.newInstance(NativeConstructorAccessorImpl.java:62)
	at sun.reflect.DelegatingConstructorAccessorImpl.newInstance(DelegatingConstructorAccessorImpl.java:45)
	at java.lang.reflect.Constructor.newInstance(Constructor.java:423)
	at com.mysql.cj.exceptions.ExceptionFactory.createException(ExceptionFactory.java:61)
	at com.mysql.cj.exceptions.ExceptionFactory.createException(ExceptionFactory.java:105)
	at com.mysql.cj.exceptions.ExceptionFactory.createException(ExceptionFactory.java:151)
	at com.mysql.cj.exceptions.ExceptionFactory.createException(ExceptionFactory.java:129)
	at com.mysql.cj.protocol.a.NativeProtocol.rejectProtocol(NativeProtocol.java:385)
	at com.mysql.cj.protocol.a.NativeProtocol.readServerCapabilities(NativeProtocol.java:512)
	at com.mysql.cj.protocol.a.NativeProtocol.beforeHandshake(NativeProtocol.java:397)
	at com.mysql.cj.protocol.a.NativeProtocol.connect(NativeProtocol.java:1441)
	at com.mysql.cj.NativeSession.connect(NativeSession.java:165)
	at com.mysql.cj.jdbc.ConnectionImpl.connectWithRetries(ConnectionImpl.java:846)
	at com.mysql.cj.jdbc.ConnectionImpl.createNewIO(ConnectionImpl.java:827)
	at com.mysql.cj.jdbc.ConnectionImpl.<init>(ConnectionImpl.java:456)
	at com.mysql.cj.jdbc.ConnectionImpl.getInstance(ConnectionImpl.java:240)
	at com.mysql.cj.jdbc.NonRegisteringDriver.connect(NonRegisteringDriver.java:207)
	at org.apache.tomcat.dbcp.dbcp2.DriverConnectionFactory.createConnection(DriverConnectionFactory.java:38)
	at org.apache.tomcat.dbcp.dbcp2.PoolableConnectionFactory.makeObject(PoolableConnectionFactory.java:262)
	at org.apache.tomcat.dbcp.pool2.impl.GenericObjectPool.create(GenericObjectPool.java:890)
	at org.apache.tomcat.dbcp.pool2.impl.GenericObjectPool.borrowObject(GenericObjectPool.java:432)
	at org.apache.tomcat.dbcp.pool2.impl.GenericObjectPool.borrowObject(GenericObjectPool.java:361)
	at org.apache.tomcat.dbcp.dbcp2.PoolingDataSource.getConnection(PoolingDataSource.java:134)
	at org.apache.tomcat.dbcp.dbcp2.BasicDataSource.getConnection(BasicDataSource.java:1543)
	at org.hibernate.engine.jdbc.connections.internal.DatasourceConnectionProviderImpl.getConnection(DatasourceConnectionProviderImpl.java:122)
	at org.hibernate.internal.NonContextualJdbcConnectionAccess.obtainConnection(NonContextualJdbcConnectionAccess.java:35)
	at org.hibernate.resource.jdbc.internal.LogicalConnectionManagedImpl.acquireConnectionIfNeeded(LogicalConnectionManagedImpl.java:106)
	at org.hibernate.resource.jdbc.internal.LogicalConnectionManagedImpl.getPhysicalConnection(LogicalConnectionManagedImpl.java:136)
	at org.hibernate.engine.jdbc.internal.StatementPreparerImpl.connection(StatementPreparerImpl.java:47)
	at org.hibernate.engine.jdbc.internal.StatementPreparerImpl$5.doPrepare(StatementPreparerImpl.java:145)
	at org.hibernate.engine.jdbc.internal.StatementPreparerImpl$StatementPreparationTemplate.prepareStatement(StatementPreparerImpl.java:171)
	at org.hibernate.engine.jdbc.internal.StatementPreparerImpl.prepareQueryStatement(StatementPreparerImpl.java:147)
	at org.hibernate.loader.Loader.prepareQueryStatement(Loader.java:1985)
	at org.hibernate.loader.Loader.executeQueryStatement(Loader.java:1915)
	at org.hibernate.loader.Loader.executeQueryStatement(Loader.java:1893)
	at org.hibernate.loader.Loader.doQuery(Loader.java:938)
	at org.hibernate.loader.Loader.doQueryAndInitializeNonLazyCollections(Loader.java:341)
	at org.hibernate.loader.Loader.doList(Loader.java:2692)
	at org.hibernate.loader.Loader.doList(Loader.java:2675)
	at org.hibernate.loader.Loader.listIgnoreQueryCache(Loader.java:2507)
	at org.hibernate.loader.Loader.list(Loader.java:2502)
	at org.hibernate.loader.hql.QueryLoader.list(QueryLoader.java:502)
	at org.hibernate.hql.internal.ast.QueryTranslatorImpl.list(QueryTranslatorImpl.java:392)
	at org.hibernate.engine.query.spi.HQLQueryPlan.performList(HQLQueryPlan.java:216)
	at org.hibernate.internal.SessionImpl.list(SessionImpl.java:1490)
	at org.hibernate.query.internal.AbstractProducedQuery.doList(AbstractProducedQuery.java:1445)
	at org.hibernate.query.internal.AbstractProducedQuery.list(AbstractProducedQuery.java:1414)
	at org.hibernate.query.internal.AbstractProducedQuery.getSingleResult(AbstractProducedQuery.java:1463)
	at seng3150.group3.service.UserDAO.getUser(UserDAO.java:37)
	at seng3150.group3.controllers.SearchController.search(SearchController.java:47)
	at sun.reflect.NativeMethodAccessorImpl.invoke0(Native Method)
	at sun.reflect.NativeMethodAccessorImpl.invoke(NativeMethodAccessorImpl.java:62)
	at sun.reflect.DelegatingMethodAccessorImpl.invoke(DelegatingMethodAccessorImpl.java:43)
	at java.lang.reflect.Method.invoke(Method.java:498)
	at org.springframework.web.method.support.InvocableHandlerMethod.doInvoke(InvocableHandlerMethod.java:209)
	at org.springframework.web.method.support.InvocableHandlerMethod.invokeForRequest(InvocableHandlerMethod.java:136)
	at org.springframework.web.servlet.mvc.method.annotation.ServletInvocableHandlerMethod.invokeAndHandle(ServletInvocableHandlerMethod.java:102)
	at org.springframework.web.servlet.mvc.method.annotation.RequestMappingHandlerAdapter.invokeHandlerMethod(RequestMappingHandlerAdapter.java:870)
	at org.springframework.web.servlet.mvc.method.annotation.RequestMappingHandlerAdapter.handleInternal(RequestMappingHandlerAdapter.java:776)
	at org.springframework.web.servlet.mvc.method.AbstractHandlerMethodAdapter.handle(AbstractHandlerMethodAdapter.java:87)
	at org.springframework.web.servlet.DispatcherServlet.doDispatch(DispatcherServlet.java:991)
	at org.springframework.web.servlet.DispatcherServlet.doService(DispatcherServlet.java:925)
	at org.springframework.web.servlet.FrameworkServlet.processRequest(FrameworkServlet.java:978)
	at org.springframework.web.servlet.FrameworkServlet.doGet(FrameworkServlet.java:870)
	at javax.servlet.http.HttpServlet.service(HttpServlet.java:635)
	at org.springframework.web.servlet.FrameworkServlet.service(FrameworkServlet.java:855)
	at javax.servlet.http.HttpServlet.service(HttpServlet.java:742)
	at org.apache.catalina.core.ApplicationFilterChain.internalDoFilter(ApplicationFilterChain.java:231)
	at org.apache.catalina.core.ApplicationFilterChain.doFilter(ApplicationFilterChain.java:166)
	at org.apache.tomcat.websocket.server.WsFilter.doFilter(WsFilter.java:52)
	at org.apache.catalina.core.ApplicationFilterChain.internalDoFilter(ApplicationFilterChain.java:193)
	at org.apache.catalina.core.ApplicationFilterChain.doFilter(ApplicationFilterChain.java:166)
	at org.springframework.security.web.FilterChainProxy$VirtualFilterChain.doFilter(FilterChainProxy.java:320)
	at org.springframework.security.web.access.intercept.FilterSecurityInterceptor.invoke(FilterSecurityInterceptor.java:127)
	at org.springframework.security.web.access.intercept.FilterSecurityInterceptor.doFilter(FilterSecurityInterceptor.java:91)
	at org.springframework.security.web.FilterChainProxy$VirtualFilterChain.doFilter(FilterChainProxy.java:334)
	at org.springframework.security.web.access.ExceptionTranslationFilter.doFilter(ExceptionTranslationFilter.java:119)
	at org.springframework.security.web.FilterChainProxy$VirtualFilterChain.doFilter(FilterChainProxy.java:334)
	at org.springframework.security.web.session.SessionManagementFilter.doFilter(SessionManagementFilter.java:137)
	at org.springframework.security.web.FilterChainProxy$VirtualFilterChain.doFilter(FilterChainProxy.java:334)
	at org.springframework.security.web.authentication.AnonymousAuthenticationFilter.doFilter(AnonymousAuthenticationFilter.java:111)
	at org.springframework.security.web.FilterChainProxy$VirtualFilterChain.doFilter(FilterChainProxy.java:334)
	at org.springframework.security.web.servletapi.SecurityContextHolderAwareRequestFilter.doFilter(SecurityContextHolderAwareRequestFilter.java:170)
	at org.springframework.security.web.FilterChainProxy$VirtualFilterChain.doFilter(FilterChainProxy.java:334)
	at org.springframework.security.web.savedrequest.RequestCacheAwareFilter.doFilter(RequestCacheAwareFilter.java:63)
	at org.springframework.security.web.FilterChainProxy$VirtualFilterChain.doFilter(FilterChainProxy.java:334)
	at org.springframework.security.web.authentication.AbstractAuthenticationProcessingFilter.doFilter(AbstractAuthenticationProcessingFilter.java:200)
	at org.springframework.security.web.FilterChainProxy$VirtualFilterChain.doFilter(FilterChainProxy.java:334)
	at org.springframework.security.web.authentication.logout.LogoutFilter.doFilter(LogoutFilter.java:116)
	at org.springframework.security.web.FilterChainProxy$VirtualFilterChain.doFilter(FilterChainProxy.java:334)
	at org.springframework.security.web.header.HeaderWriterFilter.doFilterInternal(HeaderWriterFilter.java:66)
	at org.springframework.web.filter.OncePerRequestFilter.doFilter(OncePerRequestFilter.java:107)
	at org.springframework.security.web.FilterChainProxy$VirtualFilterChain.doFilter(FilterChainProxy.java:334)
	at org.springframework.security.web.context.SecurityContextPersistenceFilter.doFilter(SecurityContextPersistenceFilter.java:105)
	at org.springframework.security.web.FilterChainProxy$VirtualFilterChain.doFilter(FilterChainProxy.java:334)
	at org.springframework.security.web.context.request.async.WebAsyncManagerIntegrationFilter.doFilterInternal(WebAsyncManagerIntegrationFilter.java:56)
	at org.springframework.web.filter.OncePerRequestFilter.doFilter(OncePerRequestFilter.java:107)
	at org.springframework.security.web.FilterChainProxy$VirtualFilterChain.doFilter(FilterChainProxy.java:334)
	at org.springframework.security.web.FilterChainProxy.doFilterInternal(FilterChainProxy.java:215)
	at org.springframework.security.web.FilterChainProxy.doFilter(FilterChainProxy.java:178)
	at org.springframework.web.filter.DelegatingFilterProxy.invokeDelegate(DelegatingFilterProxy.java:357)
	at org.springframework.web.filter.DelegatingFilterProxy.doFilter(DelegatingFilterProxy.java:270)
	at org.apache.catalina.core.ApplicationFilterChain.internalDoFilter(ApplicationFilterChain.java:193)
	at org.apache.catalina.core.ApplicationFilterChain.doFilter(ApplicationFilterChain.java:166)
	at org.apache.catalina.core.StandardWrapperValve.invoke(StandardWrapperValve.java:198)
	at org.apache.catalina.core.StandardContextValve.invoke(StandardContextValve.java:96)
	at org.apache.catalina.authenticator.AuthenticatorBase.invoke(AuthenticatorBase.java:496)
	at org.apache.catalina.core.StandardHostValve.invoke(StandardHostValve.java:140)
	at org.apache.catalina.valves.ErrorReportValve.invoke(ErrorReportValve.java:81)
	at org.apache.catalina.valves.AbstractAccessLogValve.invoke(AbstractAccessLogValve.java:650)
	at org.apache.catalina.core.StandardEngineValve.invoke(StandardEngineValve.java:87)
	at org.apache.catalina.connector.CoyoteAdapter.service(CoyoteAdapter.java:342)
	at org.apache.coyote.http11.Http11Processor.service(Http11Processor.java:803)
	at org.apache.coyote.AbstractProcessorLight.process(AbstractProcessorLight.java:66)
	at org.apache.coyote.AbstractProtocol$ConnectionHandler.process(AbstractProtocol.java:790)
	at org.apache.tomcat.util.net.NioEndpoint$SocketProcessor.doRun(NioEndpoint.java:1459)
	at org.apache.tomcat.util.net.SocketProcessorBase.run(SocketProcessorBase.java:49)
	at java.util.concurrent.ThreadPoolExecutor.runWorker(ThreadPoolExecutor.java:1142)
	at java.util.concurrent.ThreadPoolExecutor$Worker.run(ThreadPoolExecutor.java:617)
	at org.apache.tomcat.util.threads.TaskThread$WrappingRunnable.run(TaskThread.java:61)
	at java.lang.Thread.run(Thread.java:745)

